<?xml version="1.0" encoding="UTF-8"?>
<testsuite name="test.boot.MockTest" time="0.289" tests="1" errors="0" skipped="0" failures="1">
  <properties>
    <property name="java.runtime.name" value="Java(TM) SE Runtime Environment"/>
    <property name="sun.boot.library.path" value="C:\Program Files\Java\jdk1.8.0_101\jre\bin"/>
    <property name="java.vm.version" value="25.101-b13"/>
    <property name="java.vm.vendor" value="Oracle Corporation"/>
    <property name="java.vendor.url" value="http://java.oracle.com/"/>
    <property name="path.separator" value=";"/>
    <property name="guice.disable.misplaced.annotation.check" value="true"/>
    <property name="java.vm.name" value="Java HotSpot(TM) 64-Bit Server VM"/>
    <property name="file.encoding.pkg" value="sun.io"/>
    <property name="user.script" value=""/>
    <property name="user.country" value="CN"/>
    <property name="sun.java.launcher" value="SUN_STANDARD"/>
    <property name="sun.os.patch.level" value=""/>
    <property name="java.vm.specification.name" value="Java Virtual Machine Specification"/>
    <property name="user.dir" value="G:\MyEclipseWorkspace\code"/>
    <property name="java.runtime.version" value="1.8.0_101-b13"/>
    <property name="java.awt.graphicsenv" value="sun.awt.Win32GraphicsEnvironment"/>
    <property name="java.endorsed.dirs" value="C:\Program Files\Java\jdk1.8.0_101\jre\lib\endorsed"/>
    <property name="os.arch" value="amd64"/>
    <property name="java.io.tmpdir" value="C:\Users\hasee\AppData\Local\Temp\"/>
    <property name="line.separator" value="&#10;"/>
    <property name="java.vm.specification.vendor" value="Oracle Corporation"/>
    <property name="user.variant" value=""/>
    <property name="os.name" value="Windows 10"/>
    <property name="classworlds.conf" value="G:\apache-maven-3.2.3\bin\..\bin\m2.conf"/>
    <property name="sun.jnu.encoding" value="GBK"/>
    <property name="java.library.path" value="C:\Program Files\Java\jdk1.8.0_101\bin;C:\WINDOWS\Sun\Java\bin;C:\WINDOWS\system32;C:\WINDOWS;C:\Oracle\ora90\bin;C:\ProgramData\Oracle\Java\javapath;C:\Windows\system32;C:\Windows;C:\Windows\System32\Wbem;C:\Windows\System32\WindowsPowerShell\v1.0\;C:\Program Files (x86)\NVIDIA Corporation\PhysX\Common;C:\Program Files\Intel\WiFi\bin\;C:\Program Files\Common Files\Intel\WirelessCommon\;C:\Program Files\nodejs\;G:\apache-maven-3.2.3\bin;C:\Program Files\Java\jdk1.8.0_101\bin;C:\Program Files\TortoiseSVN\bin;C:\Users\hasee\AppData\Local\Android\sdk\tools;C:\Users\hasee\AppData\Local\Android\sdk\platform-tools;C:\WINDOWS\system32;C:\WINDOWS;C:\WINDOWS\System32\Wbem;C:\WINDOWS\System32\WindowsPowerShell\v1.0\;C:\Python27;C:\Program Files\SlikSvn\bin;G:\apache-cxf-2.5.0\bin;C:\Program Files\Redis\;C:\Program Files (x86)\Common Files\Thunder Network\KanKan\Codecs;C:\WINDOWS\system32;C:\WINDOWS;C:\WINDOWS\System32\Wbem;C:\WINDOWS\System32\WindowsPowerShell\v1.0\;C:\Ruby23-x64\bin;C:\Program Files\Intel\WiFi\bin\;C:\Program Files\Common Files\Intel\WirelessCommon\;C:\Users\hasee\AppData\Roaming\npm;C:\Program Files (x86)\IDM Computer Solutions\UltraEdit\;C:\Users\hasee\AppData\Local\Microsoft\WindowsApps;;."/>
    <property name="java.specification.name" value="Java Platform API Specification"/>
    <property name="java.class.version" value="52.0"/>
    <property name="sun.management.compiler" value="HotSpot 64-Bit Tiered Compilers"/>
    <property name="os.version" value="10.0"/>
    <property name="user.home" value="C:\Users\hasee"/>
    <property name="user.timezone" value="Asia/Shanghai"/>
    <property name="java.awt.printerjob" value="sun.awt.windows.WPrinterJob"/>
    <property name="java.specification.version" value="1.8"/>
    <property name="file.encoding" value="GBK"/>
    <property name="user.name" value="hasee"/>
    <property name="java.class.path" value="G:\apache-maven-3.2.3\bin\..\boot\plexus-classworlds-2.5.1.jar"/>
    <property name="java.vm.specification.version" value="1.8"/>
    <property name="sun.arch.data.model" value="64"/>
    <property name="java.home" value="C:\Program Files\Java\jdk1.8.0_101\jre"/>
    <property name="sun.java.command" value="org.codehaus.plexus.classworlds.launcher.Launcher clean install"/>
    <property name="java.specification.vendor" value="Oracle Corporation"/>
    <property name="user.language" value="zh"/>
    <property name="awt.toolkit" value="sun.awt.windows.WToolkit"/>
    <property name="java.vm.info" value="mixed mode"/>
    <property name="java.version" value="1.8.0_101"/>
    <property name="java.ext.dirs" value="C:\Program Files\Java\jdk1.8.0_101\jre\lib\ext;C:\WINDOWS\Sun\Java\lib\ext"/>
    <property name="sun.boot.class.path" value="C:\Program Files\Java\jdk1.8.0_101\jre\lib\resources.jar;C:\Program Files\Java\jdk1.8.0_101\jre\lib\rt.jar;C:\Program Files\Java\jdk1.8.0_101\jre\lib\sunrsasign.jar;C:\Program Files\Java\jdk1.8.0_101\jre\lib\jsse.jar;C:\Program Files\Java\jdk1.8.0_101\jre\lib\jce.jar;C:\Program Files\Java\jdk1.8.0_101\jre\lib\charsets.jar;C:\Program Files\Java\jdk1.8.0_101\jre\lib\jfr.jar;C:\Program Files\Java\jdk1.8.0_101\jre\classes"/>
    <property name="sun.stderr.encoding" value="ms936"/>
    <property name="java.vendor" value="Oracle Corporation"/>
    <property name="maven.home" value="G:\apache-maven-3.2.3\bin\.."/>
    <property name="file.separator" value="\"/>
    <property name="java.vendor.url.bug" value="http://bugreport.sun.com/bugreport/"/>
    <property name="sun.cpu.endian" value="little"/>
    <property name="sun.io.unicode.encoding" value="UnicodeLittle"/>
    <property name="sun.stdout.encoding" value="ms936"/>
    <property name="sun.desktop" value="windows"/>
    <property name="sun.cpu.isalist" value="amd64"/>
  </properties>
  <testcase name="f1Test" classname="test.boot.MockTest" time="0.289">
    <failure message="expected:&lt;&quot;f[2]&quot;&gt; but was:&lt;&quot;f[1]&quot;&gt;" type="org.junit.ComparisonFailure"><![CDATA[org.junit.ComparisonFailure: expected:<"f[2]"> but was:<"f[1]">
	at sun.reflect.NativeConstructorAccessorImpl.newInstance0(Native Method)
	at sun.reflect.NativeConstructorAccessorImpl.newInstance(NativeConstructorAccessorImpl.java:62)
	at sun.reflect.DelegatingConstructorAccessorImpl.newInstance(DelegatingConstructorAccessorImpl.java:45)
	at test.boot.MockTest.f1Test(MockTest.java:24)
]]></failure>
    <system-out><![CDATA[ 2017-11-16 20:33:09.599 DEBUG org.springframework.test.context.junit4.SpringJUnit4ClassRunner - SpringJUnit4ClassRunner constructor called with [class test.boot.MockTest]
 2017-11-16 20:33:09.620 DEBUG org.springframework.test.context.BootstrapUtils - Instantiating CacheAwareContextLoaderDelegate from class [org.springframework.test.context.cache.DefaultCacheAwareContextLoaderDelegate]
 2017-11-16 20:33:09.637 DEBUG org.springframework.test.context.BootstrapUtils - Instantiating BootstrapContext using constructor [public org.springframework.test.context.support.DefaultBootstrapContext(java.lang.Class,org.springframework.test.context.CacheAwareContextLoaderDelegate)]
 2017-11-16 20:33:09.679 DEBUG org.springframework.test.context.BootstrapUtils - Instantiating TestContextBootstrapper for test class [test.boot.MockTest] from class [org.springframework.boot.test.context.SpringBootTestContextBootstrapper]
 2017-11-16 20:33:09.707 INFO  org.springframework.boot.test.context.SpringBootTestContextBootstrapper - Neither @ContextConfiguration nor @ContextHierarchy found for test class [test.boot.MockTest], using SpringBootContextLoader
 2017-11-16 20:33:09.714 DEBUG org.springframework.test.context.support.AbstractContextLoader - Did not detect default resource location for test class [test.boot.MockTest]: class path resource [test/boot/MockTest-context.xml] does not exist
 2017-11-16 20:33:09.715 DEBUG org.springframework.test.context.support.AbstractContextLoader - Did not detect default resource location for test class [test.boot.MockTest]: class path resource [test/boot/MockTestContext.groovy] does not exist
 2017-11-16 20:33:09.716 INFO  org.springframework.test.context.support.AbstractContextLoader - Could not detect default resource locations for test class [test.boot.MockTest]: no resource found for suffixes {-context.xml, Context.groovy}.
 2017-11-16 20:33:09.719 INFO  org.springframework.test.context.support.AnnotationConfigContextLoaderUtils - Could not detect default configuration classes for test class [test.boot.MockTest]: MockTest does not declare any static, non-private, non-final, nested classes annotated with @Configuration.
 2017-11-16 20:33:09.786 DEBUG org.springframework.test.context.support.ActiveProfilesUtils - Could not find an 'annotation declaring class' for annotation type [org.springframework.test.context.ActiveProfiles] and class [test.boot.MockTest]
 2017-11-16 20:33:09.815 DEBUG org.springframework.core.env.StandardEnvironment - Adding [systemProperties] PropertySource with lowest search precedence
 2017-11-16 20:33:09.815 DEBUG org.springframework.core.env.StandardEnvironment - Adding [systemEnvironment] PropertySource with lowest search precedence
 2017-11-16 20:33:09.816 DEBUG org.springframework.core.env.StandardEnvironment - Initialized StandardEnvironment with PropertySources [systemProperties,systemEnvironment]
 2017-11-16 20:33:09.837 DEBUG org.springframework.core.io.support.PathMatchingResourcePatternResolver - Resolved classpath location [test/boot/] to resources [URL [file:/G:/MyEclipseWorkspace/code/target/test-classes/test/boot/], URL [file:/G:/MyEclipseWorkspace/code/target/classes/test/boot/]]
 2017-11-16 20:33:09.837 DEBUG org.springframework.core.io.support.PathMatchingResourcePatternResolver - Looking for matching resources in directory tree [G:\MyEclipseWorkspace\code\target\test-classes\test\boot]
 2017-11-16 20:33:09.837 DEBUG org.springframework.core.io.support.PathMatchingResourcePatternResolver - Searching directory [G:\MyEclipseWorkspace\code\target\test-classes\test\boot] for files matching pattern [G:/MyEclipseWorkspace/code/target/test-classes/test/boot/*.class]
 2017-11-16 20:33:09.847 DEBUG org.springframework.core.io.support.PathMatchingResourcePatternResolver - Looking for matching resources in directory tree [G:\MyEclipseWorkspace\code\target\classes\test\boot]
 2017-11-16 20:33:09.847 DEBUG org.springframework.core.io.support.PathMatchingResourcePatternResolver - Searching directory [G:\MyEclipseWorkspace\code\target\classes\test\boot] for files matching pattern [G:/MyEclipseWorkspace/code/target/classes/test/boot/*.class]
 2017-11-16 20:33:09.849 DEBUG org.springframework.core.io.support.PathMatchingResourcePatternResolver - Resolved location pattern [classpath*:test/boot/*.class] to resources [file [G:\MyEclipseWorkspace\code\target\test-classes\test\boot\MockTest.class], file [G:\MyEclipseWorkspace\code\target\test-classes\test\boot\RunTest.class], file [G:\MyEclipseWorkspace\code\target\classes\test\boot\Example.class], file [G:\MyEclipseWorkspace\code\target\classes\test\boot\StatisticsListener.class], file [G:\MyEclipseWorkspace\code\target\classes\test\boot\TB.class]]
 2017-11-16 20:33:09.920 DEBUG org.springframework.context.annotation.ClassPathScanningCandidateComponentProvider - Identified candidate component class: file [G:\MyEclipseWorkspace\code\target\classes\test\boot\Example.class]
 2017-11-16 20:33:09.922 INFO  org.springframework.boot.test.context.SpringBootTestContextBootstrapper - Found @SpringBootConfiguration test.boot.Example for test class test.boot.MockTest
 2017-11-16 20:33:09.928 DEBUG org.springframework.boot.test.context.SpringBootTestContextBootstrapper - @TestExecutionListeners is not present for class [test.boot.MockTest]: using defaults.
 2017-11-16 20:33:09.935 INFO  org.springframework.boot.test.context.SpringBootTestContextBootstrapper - Loaded default TestExecutionListener class names from location [META-INF/spring.factories]: [org.springframework.boot.test.mock.mockito.MockitoTestExecutionListener, org.springframework.boot.test.mock.mockito.ResetMocksTestExecutionListener, org.springframework.boot.test.autoconfigure.restdocs.RestDocsTestExecutionListener, org.springframework.boot.test.autoconfigure.web.client.MockRestServiceServerResetTestExecutionListener, org.springframework.boot.test.autoconfigure.web.servlet.MockMvcPrintOnlyOnFailureTestExecutionListener, org.springframework.boot.test.autoconfigure.web.servlet.WebDriverTestExecutionListener, org.springframework.test.context.web.ServletTestExecutionListener, org.springframework.test.context.support.DirtiesContextBeforeModesTestExecutionListener, org.springframework.test.context.support.DependencyInjectionTestExecutionListener, org.springframework.test.context.support.DirtiesContextTestExecutionListener, org.springframework.test.context.transaction.TransactionalTestExecutionListener, org.springframework.test.context.jdbc.SqlScriptsTestExecutionListener]
 2017-11-16 20:33:09.978 INFO  org.springframework.boot.test.context.SpringBootTestContextBootstrapper - Using TestExecutionListeners: [org.springframework.test.context.web.ServletTestExecutionListener@6379eb, org.springframework.test.context.support.DirtiesContextBeforeModesTestExecutionListener@294425a7, org.springframework.boot.test.autoconfigure.SpringBootDependencyInjectionTestExecutionListener@67d48005, org.springframework.test.context.support.DirtiesContextTestExecutionListener@9f116cc, org.springframework.test.context.transaction.TransactionalTestExecutionListener@12468a38, org.springframework.test.context.jdbc.SqlScriptsTestExecutionListener@1aa7ecca, org.springframework.boot.test.mock.mockito.MockitoTestExecutionListener@59309333, org.springframework.boot.test.autoconfigure.restdocs.RestDocsTestExecutionListener@5876a9af, org.springframework.boot.test.mock.mockito.ResetMocksTestExecutionListener@7ec7ffd3, org.springframework.boot.test.autoconfigure.web.servlet.WebDriverTestExecutionListener@5b239d7d, org.springframework.boot.test.autoconfigure.web.servlet.MockMvcPrintOnlyOnFailureTestExecutionListener@6572421, org.springframework.boot.test.autoconfigure.web.client.MockRestServiceServerResetTestExecutionListener@6b81ce95]
 2017-11-16 20:33:09.985 DEBUG org.springframework.test.context.junit4.SpringJUnit4ClassRunner - SpringJUnit4ClassRunner constructor called with [class test.boot.RunTest]
 2017-11-16 20:33:09.986 DEBUG org.springframework.test.context.BootstrapUtils - Instantiating CacheAwareContextLoaderDelegate from class [org.springframework.test.context.cache.DefaultCacheAwareContextLoaderDelegate]
 2017-11-16 20:33:09.986 DEBUG org.springframework.test.context.BootstrapUtils - Instantiating BootstrapContext using constructor [public org.springframework.test.context.support.DefaultBootstrapContext(java.lang.Class,org.springframework.test.context.CacheAwareContextLoaderDelegate)]
 2017-11-16 20:33:09.987 DEBUG org.springframework.test.context.BootstrapUtils - Instantiating TestContextBootstrapper for test class [test.boot.RunTest] from class [org.springframework.boot.test.context.SpringBootTestContextBootstrapper]
 2017-11-16 20:33:09.988 INFO  org.springframework.boot.test.context.SpringBootTestContextBootstrapper - Neither @ContextConfiguration nor @ContextHierarchy found for test class [test.boot.RunTest], using SpringBootContextLoader
 2017-11-16 20:33:09.989 DEBUG org.springframework.test.context.support.AbstractContextLoader - Did not detect default resource location for test class [test.boot.RunTest]: class path resource [test/boot/RunTest-context.xml] does not exist
 2017-11-16 20:33:09.990 DEBUG org.springframework.test.context.support.AbstractContextLoader - Did not detect default resource location for test class [test.boot.RunTest]: class path resource [test/boot/RunTestContext.groovy] does not exist
 2017-11-16 20:33:09.990 INFO  org.springframework.test.context.support.AbstractContextLoader - Could not detect default resource locations for test class [test.boot.RunTest]: no resource found for suffixes {-context.xml, Context.groovy}.
 2017-11-16 20:33:09.990 INFO  org.springframework.test.context.support.AnnotationConfigContextLoaderUtils - Could not detect default configuration classes for test class [test.boot.RunTest]: RunTest does not declare any static, non-private, non-final, nested classes annotated with @Configuration.
 2017-11-16 20:33:10.001 DEBUG org.springframework.test.context.support.ActiveProfilesUtils - Could not find an 'annotation declaring class' for annotation type [org.springframework.test.context.ActiveProfiles] and class [test.boot.RunTest]
 2017-11-16 20:33:10.001 DEBUG org.springframework.core.env.StandardEnvironment - Adding [systemProperties] PropertySource with lowest search precedence
 2017-11-16 20:33:10.001 DEBUG org.springframework.core.env.StandardEnvironment - Adding [systemEnvironment] PropertySource with lowest search precedence
 2017-11-16 20:33:10.001 DEBUG org.springframework.core.env.StandardEnvironment - Initialized StandardEnvironment with PropertySources [systemProperties,systemEnvironment]
 2017-11-16 20:33:10.001 INFO  org.springframework.boot.test.context.SpringBootTestContextBootstrapper - Found @SpringBootConfiguration test.boot.Example for test class test.boot.RunTest
 2017-11-16 20:33:10.008 DEBUG org.springframework.boot.test.context.SpringBootTestContextBootstrapper - @TestExecutionListeners is not present for class [test.boot.RunTest]: using defaults.
 2017-11-16 20:33:10.021 INFO  org.springframework.boot.test.context.SpringBootTestContextBootstrapper - Loaded default TestExecutionListener class names from location [META-INF/spring.factories]: [org.springframework.boot.test.mock.mockito.MockitoTestExecutionListener, org.springframework.boot.test.mock.mockito.ResetMocksTestExecutionListener, org.springframework.boot.test.autoconfigure.restdocs.RestDocsTestExecutionListener, org.springframework.boot.test.autoconfigure.web.client.MockRestServiceServerResetTestExecutionListener, org.springframework.boot.test.autoconfigure.web.servlet.MockMvcPrintOnlyOnFailureTestExecutionListener, org.springframework.boot.test.autoconfigure.web.servlet.WebDriverTestExecutionListener, org.springframework.test.context.web.ServletTestExecutionListener, org.springframework.test.context.support.DirtiesContextBeforeModesTestExecutionListener, org.springframework.test.context.support.DependencyInjectionTestExecutionListener, org.springframework.test.context.support.DirtiesContextTestExecutionListener, org.springframework.test.context.transaction.TransactionalTestExecutionListener, org.springframework.test.context.jdbc.SqlScriptsTestExecutionListener]
 2017-11-16 20:33:10.026 INFO  org.springframework.boot.test.context.SpringBootTestContextBootstrapper - Using TestExecutionListeners: [org.springframework.test.context.web.ServletTestExecutionListener@49e53c76, org.springframework.test.context.support.DirtiesContextBeforeModesTestExecutionListener@351d00c0, org.springframework.boot.test.autoconfigure.SpringBootDependencyInjectionTestExecutionListener@2a3b5b47, org.springframework.test.context.support.DirtiesContextTestExecutionListener@55b699ef, org.springframework.test.context.transaction.TransactionalTestExecutionListener@35d019a3, org.springframework.test.context.jdbc.SqlScriptsTestExecutionListener@689604d9, org.springframework.boot.test.mock.mockito.MockitoTestExecutionListener@18078bef, org.springframework.boot.test.autoconfigure.restdocs.RestDocsTestExecutionListener@799f10e1, org.springframework.boot.test.mock.mockito.ResetMocksTestExecutionListener@4c371370, org.springframework.boot.test.autoconfigure.web.servlet.WebDriverTestExecutionListener@145f66e3, org.springframework.boot.test.autoconfigure.web.servlet.MockMvcPrintOnlyOnFailureTestExecutionListener@3023df74, org.springframework.boot.test.autoconfigure.web.client.MockRestServiceServerResetTestExecutionListener@313ac989]
 2017-11-16 20:33:10.036 DEBUG org.springframework.test.annotation.ProfileValueUtils - Retrieved @ProfileValueSourceConfiguration [null] for test class [test.boot.MockTest]
 2017-11-16 20:33:10.036 DEBUG org.springframework.test.annotation.ProfileValueUtils - Retrieved ProfileValueSource type [class org.springframework.test.annotation.SystemProfileValueSource] for class [test.boot.MockTest]
 2017-11-16 20:33:10.037 DEBUG org.springframework.test.annotation.ProfileValueUtils - Retrieved @ProfileValueSourceConfiguration [null] for test class [test.boot.RunTest]
 2017-11-16 20:33:10.038 DEBUG org.springframework.test.annotation.ProfileValueUtils - Retrieved ProfileValueSource type [class org.springframework.test.annotation.SystemProfileValueSource] for class [test.boot.RunTest]
 2017-11-16 20:33:10.041 DEBUG org.springframework.test.context.junit4.SpringJUnit4ClassRunner - SpringJUnit4ClassRunner constructor called with [class test.boot.MockTest]
 2017-11-16 20:33:10.041 DEBUG org.springframework.test.context.BootstrapUtils - Instantiating CacheAwareContextLoaderDelegate from class [org.springframework.test.context.cache.DefaultCacheAwareContextLoaderDelegate]
 2017-11-16 20:33:10.042 DEBUG org.springframework.test.context.BootstrapUtils - Instantiating BootstrapContext using constructor [public org.springframework.test.context.support.DefaultBootstrapContext(java.lang.Class,org.springframework.test.context.CacheAwareContextLoaderDelegate)]
 2017-11-16 20:33:10.043 DEBUG org.springframework.test.context.BootstrapUtils - Instantiating TestContextBootstrapper for test class [test.boot.MockTest] from class [org.springframework.boot.test.context.SpringBootTestContextBootstrapper]
 2017-11-16 20:33:10.045 INFO  org.springframework.boot.test.context.SpringBootTestContextBootstrapper - Neither @ContextConfiguration nor @ContextHierarchy found for test class [test.boot.MockTest], using SpringBootContextLoader
 2017-11-16 20:33:10.046 DEBUG org.springframework.test.context.support.AbstractContextLoader - Did not detect default resource location for test class [test.boot.MockTest]: class path resource [test/boot/MockTest-context.xml] does not exist
 2017-11-16 20:33:10.047 DEBUG org.springframework.test.context.support.AbstractContextLoader - Did not detect default resource location for test class [test.boot.MockTest]: class path resource [test/boot/MockTestContext.groovy] does not exist
 2017-11-16 20:33:10.047 INFO  org.springframework.test.context.support.AbstractContextLoader - Could not detect default resource locations for test class [test.boot.MockTest]: no resource found for suffixes {-context.xml, Context.groovy}.
 2017-11-16 20:33:10.047 INFO  org.springframework.test.context.support.AnnotationConfigContextLoaderUtils - Could not detect default configuration classes for test class [test.boot.MockTest]: MockTest does not declare any static, non-private, non-final, nested classes annotated with @Configuration.
 2017-11-16 20:33:10.055 DEBUG org.springframework.test.context.support.ActiveProfilesUtils - Could not find an 'annotation declaring class' for annotation type [org.springframework.test.context.ActiveProfiles] and class [test.boot.MockTest]
 2017-11-16 20:33:10.055 DEBUG org.springframework.core.env.StandardEnvironment - Adding [systemProperties] PropertySource with lowest search precedence
 2017-11-16 20:33:10.056 DEBUG org.springframework.core.env.StandardEnvironment - Adding [systemEnvironment] PropertySource with lowest search precedence
 2017-11-16 20:33:10.056 DEBUG org.springframework.core.env.StandardEnvironment - Initialized StandardEnvironment with PropertySources [systemProperties,systemEnvironment]
 2017-11-16 20:33:10.056 INFO  org.springframework.boot.test.context.SpringBootTestContextBootstrapper - Found @SpringBootConfiguration test.boot.Example for test class test.boot.MockTest
 2017-11-16 20:33:10.065 DEBUG org.springframework.boot.test.context.SpringBootTestContextBootstrapper - @TestExecutionListeners is not present for class [test.boot.MockTest]: using defaults.
 2017-11-16 20:33:10.070 INFO  org.springframework.boot.test.context.SpringBootTestContextBootstrapper - Loaded default TestExecutionListener class names from location [META-INF/spring.factories]: [org.springframework.boot.test.mock.mockito.MockitoTestExecutionListener, org.springframework.boot.test.mock.mockito.ResetMocksTestExecutionListener, org.springframework.boot.test.autoconfigure.restdocs.RestDocsTestExecutionListener, org.springframework.boot.test.autoconfigure.web.client.MockRestServiceServerResetTestExecutionListener, org.springframework.boot.test.autoconfigure.web.servlet.MockMvcPrintOnlyOnFailureTestExecutionListener, org.springframework.boot.test.autoconfigure.web.servlet.WebDriverTestExecutionListener, org.springframework.test.context.web.ServletTestExecutionListener, org.springframework.test.context.support.DirtiesContextBeforeModesTestExecutionListener, org.springframework.test.context.support.DependencyInjectionTestExecutionListener, org.springframework.test.context.support.DirtiesContextTestExecutionListener, org.springframework.test.context.transaction.TransactionalTestExecutionListener, org.springframework.test.context.jdbc.SqlScriptsTestExecutionListener]
 2017-11-16 20:33:10.081 INFO  org.springframework.boot.test.context.SpringBootTestContextBootstrapper - Using TestExecutionListeners: [org.springframework.test.context.web.ServletTestExecutionListener@3c41ed1d, org.springframework.test.context.support.DirtiesContextBeforeModesTestExecutionListener@54d9d12d, org.springframework.boot.test.autoconfigure.SpringBootDependencyInjectionTestExecutionListener@38425407, org.springframework.test.context.support.DirtiesContextTestExecutionListener@43bc63a3, org.springframework.test.context.transaction.TransactionalTestExecutionListener@702657cc, org.springframework.test.context.jdbc.SqlScriptsTestExecutionListener@6a6cb05c, org.springframework.boot.test.mock.mockito.MockitoTestExecutionListener@40a4337a, org.springframework.boot.test.autoconfigure.restdocs.RestDocsTestExecutionListener@6025e1b6, org.springframework.boot.test.mock.mockito.ResetMocksTestExecutionListener@22ff4249, org.springframework.boot.test.autoconfigure.web.servlet.WebDriverTestExecutionListener@2d1ef81a, org.springframework.boot.test.autoconfigure.web.servlet.MockMvcPrintOnlyOnFailureTestExecutionListener@4c402120, org.springframework.boot.test.autoconfigure.web.client.MockRestServiceServerResetTestExecutionListener@327514f]
 2017-11-16 20:33:10.082 DEBUG org.springframework.test.annotation.ProfileValueUtils - Retrieved @ProfileValueSourceConfiguration [null] for test class [test.boot.MockTest]
 2017-11-16 20:33:10.082 DEBUG org.springframework.test.annotation.ProfileValueUtils - Retrieved ProfileValueSource type [class org.springframework.test.annotation.SystemProfileValueSource] for class [test.boot.MockTest]
 2017-11-16 20:33:10.083 DEBUG org.springframework.test.annotation.ProfileValueUtils - Retrieved @ProfileValueSourceConfiguration [null] for test class [test.boot.MockTest]
 2017-11-16 20:33:10.083 DEBUG org.springframework.test.annotation.ProfileValueUtils - Retrieved ProfileValueSource type [class org.springframework.test.annotation.SystemProfileValueSource] for class [test.boot.MockTest]
 2017-11-16 20:33:10.087 DEBUG org.springframework.test.context.support.AbstractDirtiesContextTestExecutionListener - Before test class: context [DefaultTestContext@6150c3ec testClass = MockTest, testInstance = [null], testMethod = [null], testException = [null], mergedContextConfiguration = [WebMergedContextConfiguration@44c03695 testClass = MockTest, locations = '{}', classes = '{class test.boot.Example}', contextInitializerClasses = '[]', activeProfiles = '{}', propertySourceLocations = '{}', propertySourceProperties = '{org.springframework.boot.test.context.SpringBootTestContextBootstrapper=true}', contextCustomizers = set[org.springframework.boot.test.context.SpringBootTestContextCustomizer@40e6dfe1, org.springframework.boot.test.context.filter.ExcludeFilterContextCustomizer@3ec300f1, org.springframework.boot.test.mock.mockito.MockitoContextCustomizer@4eef9f3e, org.springframework.boot.test.autoconfigure.properties.PropertyMappingContextCustomizer@0, org.springframework.boot.test.autoconfigure.web.servlet.WebDriverContextCustomizerFactory$Customizer@13acb0d1], resourceBasePath = 'src/main/webapp', contextLoader = 'org.springframework.boot.test.context.SpringBootContextLoader', parent = [null]]], class annotated with @DirtiesContext [false] with mode [null].
 2017-11-16 20:33:10.088 DEBUG org.springframework.test.annotation.ProfileValueUtils - Retrieved @ProfileValueSourceConfiguration [null] for test class [test.boot.MockTest]
 2017-11-16 20:33:10.088 DEBUG org.springframework.test.annotation.ProfileValueUtils - Retrieved ProfileValueSource type [class org.springframework.test.annotation.SystemProfileValueSource] for class [test.boot.MockTest]
 2017-11-16 20:33:10.162 DEBUG org.springframework.core.env.StandardEnvironment - Adding [systemProperties] PropertySource with lowest search precedence
 2017-11-16 20:33:10.163 DEBUG org.springframework.core.env.StandardEnvironment - Adding [systemEnvironment] PropertySource with lowest search precedence
 2017-11-16 20:33:10.163 DEBUG org.springframework.core.env.StandardEnvironment - Initialized StandardEnvironment with PropertySources [systemProperties,systemEnvironment]
 2017-11-16 20:33:10.165 DEBUG org.springframework.core.env.MutablePropertySources - Adding [inline] PropertySource with highest search precedence
 2017-11-16 20:33:10.181 DEBUG org.springframework.test.context.support.TestPropertySourceUtils - Adding inlined properties to environment: {spring.jmx.enabled=false, org.springframework.boot.test.context.SpringBootTestContextBootstrapper=true, server.port=-1}
 2017-11-16 20:33:10.182 DEBUG org.springframework.core.env.StandardEnvironment - Adding [Inlined Test Properties] PropertySource with highest search precedence
 2017-11-16 20:33:10.539 DEBUG org.springframework.boot.logging.ClasspathLoggingApplicationListener - Application started with classpath: [file:/G:/MyEclipseWorkspace/code/target/surefire/surefirebooter7987956643685625797.jar]
 2017-11-16 20:33:10.541 DEBUG org.springframework.core.env.PropertySourcesPropertyResolver - Could not find key 'context.listener.classes' in any property source
 2017-11-16 20:33:10.547 DEBUG org.springframework.core.env.PropertySourcesPropertyResolver - Could not find key 'banner.image.location' in any property source
 2017-11-16 20:33:10.550 DEBUG org.springframework.core.env.PropertySourcesPropertyResolver - Could not find key 'banner.location' in any property source

  .   ____          _            __ _ _
 /\\ / ___'_ __ _ _(_)_ __  __ _ \ \ \ \
( ( )\___ | '_ | '_| | '_ \/ _` | \ \ \ \
 \\/  ___)| |_)| | | | | || (_| |  ) ) ) )
  '  |____| .__|_| |_|_| |_\__, | / / / /
 =========|_|==============|___/=/_/_/_/
 :: Spring Boot ::        (v1.5.3.RELEASE)

 2017-11-16 20:33:10.636 DEBUG org.springframework.core.env.PropertySourcesPropertyResolver - Could not find key 'context.initializer.classes' in any property source
 2017-11-16 20:33:10.636 DEBUG org.springframework.core.env.PropertySourcesPropertyResolver - Could not find key 'spring.config.name:application' in any property source
 2017-11-16 20:33:10.637 DEBUG org.springframework.core.env.PropertySourcesPropertyResolver - Could not find key 'spring.config.name' in any property source
 2017-11-16 20:33:10.637 DEBUG org.springframework.core.env.PropertySourcesPropertyResolver - Could not find key 'vcap.application.name:application' in any property source
 2017-11-16 20:33:10.637 DEBUG org.springframework.core.env.PropertySourcesPropertyResolver - Could not find key 'vcap.application.name' in any property source
 2017-11-16 20:33:10.637 DEBUG org.springframework.core.env.PropertySourcesPropertyResolver - Could not find key 'spring.application.name:application' in any property source
 2017-11-16 20:33:10.638 DEBUG org.springframework.core.env.PropertySourcesPropertyResolver - Could not find key 'spring.application.name' in any property source
 2017-11-16 20:33:10.638 DEBUG org.springframework.core.env.PropertySourcesPropertyResolver - Could not find key 'PORT:null' in any property source
 2017-11-16 20:33:10.638 DEBUG org.springframework.core.env.PropertySourcesPropertyResolver - Could not find key 'PORT' in any property source
 2017-11-16 20:33:10.638 DEBUG org.springframework.core.env.PropertySourcesPropertyResolver - Could not find key 'server.port:null' in any property source
 2017-11-16 20:33:10.638 DEBUG org.springframework.core.env.PropertySourcesPropertyResolver - Found key 'server.port' in [Inlined Test Properties] with type [String]
 2017-11-16 20:33:10.638 DEBUG org.springframework.core.env.PropertySourcesPropertyResolver - Could not find key 'spring.application.index:-1' in any property source
 2017-11-16 20:33:10.639 DEBUG org.springframework.core.env.PropertySourcesPropertyResolver - Could not find key 'spring.application.index' in any property source
 2017-11-16 20:33:10.639 DEBUG org.springframework.core.env.PropertySourcesPropertyResolver - Could not find key 'vcap.application.instance_index:-1' in any property source
 2017-11-16 20:33:10.639 DEBUG org.springframework.core.env.PropertySourcesPropertyResolver - Could not find key 'vcap.application.instance_index' in any property source
 2017-11-16 20:33:10.674 DEBUG org.springframework.beans.factory.support.DefaultListableBeanFactory - Registering scope 'restart' with implementation [org.springframework.boot.devtools.restart.RestartScopeInitializer$RestartScope@3c01cfa1]
 2017-11-16 20:33:10.692 DEBUG org.springframework.beans.factory.support.DefaultListableBeanFactory - Returning cached instance of singleton bean 'autoConfigurationReport'
 2017-11-16 20:33:10.699 INFO  test.boot.MockTest - Starting MockTest on DESKTOP-L8V67RD with PID 19828 (started by hasee in G:\MyEclipseWorkspace\code)
 2017-11-16 20:33:10.700 DEBUG test.boot.MockTest - Running with Spring Boot v1.5.3.RELEASE, Spring v4.3.8.RELEASE
 2017-11-16 20:33:10.700 INFO  test.boot.MockTest - The following profiles are active: dev
 2017-11-16 20:33:10.701 DEBUG org.springframework.boot.SpringApplication - Loading source class test.boot.Example
 2017-11-16 20:33:10.749 DEBUG org.springframework.context.annotation.ClassPathBeanDefinitionScanner - JSR-250 'javax.annotation.ManagedBean' found and supported for component scanning
 2017-11-16 20:33:10.782 DEBUG org.springframework.boot.context.config.ConfigFileApplicationListener - Activated profiles dev
 2017-11-16 20:33:10.782 DEBUG org.springframework.boot.context.config.ConfigFileApplicationListener - Loaded config file 'file:/G:/MyEclipseWorkspace/code/target/classes/application.properties' (classpath:/application.properties)
 2017-11-16 20:33:10.783 DEBUG org.springframework.boot.context.config.ConfigFileApplicationListener - Skipped (empty) config file 'file:/G:/MyEclipseWorkspace/code/target/classes/application.properties' (classpath:/application.properties) for profile dev
 2017-11-16 20:33:10.783 DEBUG org.springframework.boot.context.config.ConfigFileApplicationListener - Loaded config file 'file:/G:/MyEclipseWorkspace/code/target/classes/application-dev.yml' (classpath:/application-dev.yml)
 2017-11-16 20:33:10.783 DEBUG org.springframework.boot.context.config.ConfigFileApplicationListener - Skipped (empty) config file 'file:/G:/MyEclipseWorkspace/code/target/classes/application-dev.yml' (classpath:/application-dev.yml) for profile dev
 2017-11-16 20:33:10.786 INFO  org.springframework.web.context.support.GenericWebApplicationContext - Refreshing org.springframework.web.context.support.GenericWebApplicationContext@4d518b32: startup date [Thu Nov 16 20:33:10 CST 2017]; root of context hierarchy
 2017-11-16 20:33:10.787 DEBUG org.springframework.web.context.support.GenericWebApplicationContext - Bean factory for org.springframework.web.context.support.GenericWebApplicationContext@4d518b32: org.springframework.beans.factory.support.DefaultListableBeanFactory@17d88132: defining beans [org.springframework.boot.test.mock.mockito.MockitoPostProcessor$SpyPostProcessor,org.springframework.boot.test.mock.mockito.MockitoPostProcessor,org.springframework.context.annotation.internalConfigurationAnnotationProcessor,org.springframework.context.annotation.internalAutowiredAnnotationProcessor,org.springframework.context.annotation.internalRequiredAnnotationProcessor,org.springframework.context.annotation.internalCommonAnnotationProcessor,org.springframework.context.event.internalEventListenerProcessor,org.springframework.context.event.internalEventListenerFactory,example]; root of factory hierarchy
 2017-11-16 20:33:10.816 DEBUG org.springframework.beans.factory.support.DefaultListableBeanFactory - Registering scope 'request' with implementation [org.springframework.web.context.request.RequestScope@78d6692f]
 2017-11-16 20:33:10.817 DEBUG org.springframework.beans.factory.support.DefaultListableBeanFactory - Registering scope 'session' with implementation [org.springframework.web.context.request.SessionScope@492691d7]
 2017-11-16 20:33:10.818 DEBUG org.springframework.beans.factory.support.DefaultListableBeanFactory - Registering scope 'globalSession' with implementation [org.springframework.web.context.request.SessionScope@27216cd]
 2017-11-16 20:33:10.819 DEBUG org.springframework.beans.factory.support.DefaultListableBeanFactory - Registering scope 'application' with implementation [org.springframework.web.context.support.ServletContextScope@7582ff54]
 2017-11-16 20:33:10.833 DEBUG org.springframework.beans.factory.support.DefaultListableBeanFactory - Creating shared instance of singleton bean 'org.springframework.context.annotation.internalConfigurationAnnotationProcessor'
 2017-11-16 20:33:10.833 DEBUG org.springframework.beans.factory.support.DefaultListableBeanFactory - Creating instance of bean 'org.springframework.context.annotation.internalConfigurationAnnotationProcessor'
 2017-11-16 20:33:10.846 DEBUG org.springframework.beans.factory.support.DefaultListableBeanFactory - Eagerly caching bean 'org.springframework.context.annotation.internalConfigurationAnnotationProcessor' to allow for resolving potential circular references
 2017-11-16 20:33:10.861 DEBUG org.springframework.beans.factory.support.DefaultListableBeanFactory - Creating shared instance of singleton bean 'org.springframework.boot.autoconfigure.internalCachingMetadataReaderFactory'
 2017-11-16 20:33:10.862 DEBUG org.springframework.beans.factory.support.DefaultListableBeanFactory - Creating instance of bean 'org.springframework.boot.autoconfigure.internalCachingMetadataReaderFactory'
 2017-11-16 20:33:10.863 DEBUG org.springframework.beans.factory.support.DefaultListableBeanFactory - Eagerly caching bean 'org.springframework.boot.autoconfigure.internalCachingMetadataReaderFactory' to allow for resolving potential circular references
 2017-11-16 20:33:10.866 DEBUG org.springframework.beans.factory.support.DefaultListableBeanFactory - Finished creating instance of bean 'org.springframework.boot.autoconfigure.internalCachingMetadataReaderFactory'
 2017-11-16 20:33:10.884 DEBUG org.springframework.beans.factory.support.DefaultListableBeanFactory - Finished creating instance of bean 'org.springframework.context.annotation.internalConfigurationAnnotationProcessor'
 2017-11-16 20:33:10.913 DEBUG org.springframework.context.annotation.ClassPathBeanDefinitionScanner - JSR-250 'javax.annotation.ManagedBean' found and supported for component scanning
 2017-11-16 20:33:10.920 DEBUG org.springframework.core.io.support.PathMatchingResourcePatternResolver - Resolved classpath location [test/boot/] to resources [URL [file:/G:/MyEclipseWorkspace/code/target/test-classes/test/boot/], URL [file:/G:/MyEclipseWorkspace/code/target/classes/test/boot/]]
 2017-11-16 20:33:10.925 DEBUG org.springframework.core.io.support.PathMatchingResourcePatternResolver - Looking for matching resources in directory tree [G:\MyEclipseWorkspace\code\target\test-classes\test\boot]
 2017-11-16 20:33:10.927 DEBUG org.springframework.core.io.support.PathMatchingResourcePatternResolver - Searching directory [G:\MyEclipseWorkspace\code\target\test-classes\test\boot] for files matching pattern [G:/MyEclipseWorkspace/code/target/test-classes/test/boot/**/*.class]
 2017-11-16 20:33:10.929 DEBUG org.springframework.core.io.support.PathMatchingResourcePatternResolver - Looking for matching resources in directory tree [G:\MyEclipseWorkspace\code\target\classes\test\boot]
 2017-11-16 20:33:10.930 DEBUG org.springframework.core.io.support.PathMatchingResourcePatternResolver - Searching directory [G:\MyEclipseWorkspace\code\target\classes\test\boot] for files matching pattern [G:/MyEclipseWorkspace/code/target/classes/test/boot/**/*.class]
 2017-11-16 20:33:10.932 DEBUG org.springframework.core.io.support.PathMatchingResourcePatternResolver - Searching directory [G:\MyEclipseWorkspace\code\target\classes\test\boot\controller] for files matching pattern [G:/MyEclipseWorkspace/code/target/classes/test/boot/**/*.class]
 2017-11-16 20:33:10.933 DEBUG org.springframework.core.io.support.PathMatchingResourcePatternResolver - Searching directory [G:\MyEclipseWorkspace\code\target\classes\test\boot\dao] for files matching pattern [G:/MyEclipseWorkspace/code/target/classes/test/boot/**/*.class]
 2017-11-16 20:33:10.934 DEBUG org.springframework.core.io.support.PathMatchingResourcePatternResolver - Searching directory [G:\MyEclipseWorkspace\code\target\classes\test\boot\entity] for files matching pattern [G:/MyEclipseWorkspace/code/target/classes/test/boot/**/*.class]
 2017-11-16 20:33:10.936 DEBUG org.springframework.core.io.support.PathMatchingResourcePatternResolver - Searching directory [G:\MyEclipseWorkspace\code\target\classes\test\boot\entity\tables] for files matching pattern [G:/MyEclipseWorkspace/code/target/classes/test/boot/**/*.class]
 2017-11-16 20:33:10.936 DEBUG org.springframework.core.io.support.PathMatchingResourcePatternResolver - Searching directory [G:\MyEclipseWorkspace\code\target\classes\test\boot\entity\tables\pojos] for files matching pattern [G:/MyEclipseWorkspace/code/target/classes/test/boot/**/*.class]
 2017-11-16 20:33:10.937 DEBUG org.springframework.core.io.support.PathMatchingResourcePatternResolver - Searching directory [G:\MyEclipseWorkspace\code\target\classes\test\boot\entity\tables\records] for files matching pattern [G:/MyEclipseWorkspace/code/target/classes/test/boot/**/*.class]
 2017-11-16 20:33:10.938 DEBUG org.springframework.core.io.support.PathMatchingResourcePatternResolver - Searching directory [G:\MyEclipseWorkspace\code\target\classes\test\boot\mapper] for files matching pattern [G:/MyEclipseWorkspace/code/target/classes/test/boot/**/*.class]
 2017-11-16 20:33:10.939 DEBUG org.springframework.core.io.support.PathMatchingResourcePatternResolver - Searching directory [G:\MyEclipseWorkspace\code\target\classes\test\boot\model] for files matching pattern [G:/MyEclipseWorkspace/code/target/classes/test/boot/**/*.class]
 2017-11-16 20:33:10.943 DEBUG org.springframework.core.io.support.PathMatchingResourcePatternResolver - Searching directory [G:\MyEclipseWorkspace\code\target\classes\test\boot\model\dto] for files matching pattern [G:/MyEclipseWorkspace/code/target/classes/test/boot/**/*.class]
 2017-11-16 20:33:10.944 DEBUG org.springframework.core.io.support.PathMatchingResourcePatternResolver - Searching directory [G:\MyEclipseWorkspace\code\target\classes\test\boot\service] for files matching pattern [G:/MyEclipseWorkspace/code/target/classes/test/boot/**/*.class]
 2017-11-16 20:33:10.945 DEBUG org.springframework.core.io.support.PathMatchingResourcePatternResolver - Searching directory [G:\MyEclipseWorkspace\code\target\classes\test\boot\service\impl] for files matching pattern [G:/MyEclipseWorkspace/code/target/classes/test/boot/**/*.class]
 2017-11-16 20:33:10.947 DEBUG org.springframework.core.io.support.PathMatchingResourcePatternResolver - Resolved location pattern [classpath*:test/boot/**/*.class] to resources [file [G:\MyEclipseWorkspace\code\target\test-classes\test\boot\MockTest.class], file [G:\MyEclipseWorkspace\code\target\test-classes\test\boot\RunTest.class], file [G:\MyEclipseWorkspace\code\target\classes\test\boot\controller\DatasourceController.class], file [G:\MyEclipseWorkspace\code\target\classes\test\boot\dao\DatasourceDao.class], file [G:\MyEclipseWorkspace\code\target\classes\test\boot\entity\DefaultCatalog.class], file [G:\MyEclipseWorkspace\code\target\classes\test\boot\entity\Keys$Identities0.class], file [G:\MyEclipseWorkspace\code\target\classes\test\boot\entity\Keys$UniqueKeys0.class], file [G:\MyEclipseWorkspace\code\target\classes\test\boot\entity\Keys.class], file [G:\MyEclipseWorkspace\code\target\classes\test\boot\entity\Public.class], file [G:\MyEclipseWorkspace\code\target\classes\test\boot\entity\Sequences.class], file [G:\MyEclipseWorkspace\code\target\classes\test\boot\entity\tables\pojos\TDatasource.class], file [G:\MyEclipseWorkspace\code\target\classes\test\boot\entity\tables\records\TDatasourceRecord.class], file [G:\MyEclipseWorkspace\code\target\classes\test\boot\entity\tables\TDatasource.class], file [G:\MyEclipseWorkspace\code\target\classes\test\boot\entity\Tables.class], file [G:\MyEclipseWorkspace\code\target\classes\test\boot\Example.class], file [G:\MyEclipseWorkspace\code\target\classes\test\boot\mapper\DatasourceMapper.class], file [G:\MyEclipseWorkspace\code\target\classes\test\boot\model\ColumnInfo.class], file [G:\MyEclipseWorkspace\code\target\classes\test\boot\model\dto\DatasourceDTO.class], file [G:\MyEclipseWorkspace\code\target\classes\test\boot\model\SchemaInfo.class], file [G:\MyEclipseWorkspace\code\target\classes\test\boot\model\TableInfo.class], file [G:\MyEclipseWorkspace\code\target\classes\test\boot\service\DatasourceService.class], file [G:\MyEclipseWorkspace\code\target\classes\test\boot\service\impl\DatasourceServiceImpl.class], file [G:\MyEclipseWorkspace\code\target\classes\test\boot\service\impl\ForTestServiceImpl.class], file [G:\MyEclipseWorkspace\code\target\classes\test\boot\StatisticsListener.class], file [G:\MyEclipseWorkspace\code\target\classes\test\boot\TB.class]]
 2017-11-16 20:33:10.950 DEBUG org.springframework.beans.factory.support.DefaultListableBeanFactory - Returning cached instance of singleton bean 'org.springframework.boot.test.context.filter.TestTypeExcludeFilter'
 2017-11-16 20:33:10.958 DEBUG org.springframework.beans.factory.support.DefaultListableBeanFactory - Returning cached instance of singleton bean 'org.springframework.boot.test.context.filter.TestTypeExcludeFilter'
 2017-11-16 20:33:10.977 DEBUG org.springframework.beans.factory.support.DefaultListableBeanFactory - Returning cached instance of singleton bean 'org.springframework.boot.test.context.filter.TestTypeExcludeFilter'
 2017-11-16 20:33:10.977 DEBUG org.springframework.context.annotation.ClassPathBeanDefinitionScanner - Identified candidate component class: file [G:\MyEclipseWorkspace\code\target\classes\test\boot\controller\DatasourceController.class]
 2017-11-16 20:33:10.978 DEBUG org.springframework.beans.factory.support.DefaultListableBeanFactory - Returning cached instance of singleton bean 'org.springframework.boot.test.context.filter.TestTypeExcludeFilter'
 2017-11-16 20:33:10.979 DEBUG org.springframework.context.annotation.ClassPathBeanDefinitionScanner - Identified candidate component class: file [G:\MyEclipseWorkspace\code\target\classes\test\boot\dao\DatasourceDao.class]
 2017-11-16 20:33:10.981 DEBUG org.springframework.beans.factory.support.DefaultListableBeanFactory - Returning cached instance of singleton bean 'org.springframework.boot.test.context.filter.TestTypeExcludeFilter'
 2017-11-16 20:33:10.982 DEBUG org.springframework.beans.factory.support.DefaultListableBeanFactory - Returning cached instance of singleton bean 'org.springframework.boot.test.context.filter.TestTypeExcludeFilter'
 2017-11-16 20:33:10.984 DEBUG org.springframework.beans.factory.support.DefaultListableBeanFactory - Returning cached instance of singleton bean 'org.springframework.boot.test.context.filter.TestTypeExcludeFilter'
 2017-11-16 20:33:10.986 DEBUG org.springframework.beans.factory.support.DefaultListableBeanFactory - Returning cached instance of singleton bean 'org.springframework.boot.test.context.filter.TestTypeExcludeFilter'
 2017-11-16 20:33:10.987 DEBUG org.springframework.beans.factory.support.DefaultListableBeanFactory - Returning cached instance of singleton bean 'org.springframework.boot.test.context.filter.TestTypeExcludeFilter'
 2017-11-16 20:33:10.989 DEBUG org.springframework.beans.factory.support.DefaultListableBeanFactory - Returning cached instance of singleton bean 'org.springframework.boot.test.context.filter.TestTypeExcludeFilter'
 2017-11-16 20:33:10.992 DEBUG org.springframework.beans.factory.support.DefaultListableBeanFactory - Returning cached instance of singleton bean 'org.springframework.boot.test.context.filter.TestTypeExcludeFilter'
 2017-11-16 20:33:10.997 DEBUG org.springframework.beans.factory.support.DefaultListableBeanFactory - Returning cached instance of singleton bean 'org.springframework.boot.test.context.filter.TestTypeExcludeFilter'
 2017-11-16 20:33:11.009 DEBUG org.springframework.beans.factory.support.DefaultListableBeanFactory - Returning cached instance of singleton bean 'org.springframework.boot.test.context.filter.TestTypeExcludeFilter'
 2017-11-16 20:33:11.011 DEBUG org.springframework.beans.factory.support.DefaultListableBeanFactory - Returning cached instance of singleton bean 'org.springframework.boot.test.context.filter.TestTypeExcludeFilter'
 2017-11-16 20:33:11.021 DEBUG org.springframework.beans.factory.support.DefaultListableBeanFactory - Returning cached instance of singleton bean 'org.springframework.boot.test.context.filter.TestTypeExcludeFilter'
 2017-11-16 20:33:11.023 DEBUG org.springframework.beans.factory.support.DefaultListableBeanFactory - Returning cached instance of singleton bean 'org.springframework.boot.test.context.filter.TestTypeExcludeFilter'
 2017-11-16 20:33:11.024 DEBUG org.springframework.beans.factory.support.DefaultListableBeanFactory - Returning cached instance of singleton bean 'org.springframework.boot.test.context.filter.TestTypeExcludeFilter'
 2017-11-16 20:33:11.026 DEBUG org.springframework.beans.factory.support.DefaultListableBeanFactory - Returning cached instance of singleton bean 'org.springframework.boot.test.context.filter.TestTypeExcludeFilter'
 2017-11-16 20:33:11.030 DEBUG org.springframework.beans.factory.support.DefaultListableBeanFactory - Returning cached instance of singleton bean 'org.springframework.boot.test.context.filter.TestTypeExcludeFilter'
 2017-11-16 20:33:11.033 DEBUG org.springframework.beans.factory.support.DefaultListableBeanFactory - Returning cached instance of singleton bean 'org.springframework.boot.test.context.filter.TestTypeExcludeFilter'
 2017-11-16 20:33:11.036 DEBUG org.springframework.beans.factory.support.DefaultListableBeanFactory - Returning cached instance of singleton bean 'org.springframework.boot.test.context.filter.TestTypeExcludeFilter'
 2017-11-16 20:33:11.037 DEBUG org.springframework.context.annotation.ClassPathBeanDefinitionScanner - Identified candidate component class: file [G:\MyEclipseWorkspace\code\target\classes\test\boot\service\impl\DatasourceServiceImpl.class]
 2017-11-16 20:33:11.039 DEBUG org.springframework.beans.factory.support.DefaultListableBeanFactory - Returning cached instance of singleton bean 'org.springframework.boot.test.context.filter.TestTypeExcludeFilter'
 2017-11-16 20:33:11.040 DEBUG org.springframework.context.annotation.ClassPathBeanDefinitionScanner - Identified candidate component class: file [G:\MyEclipseWorkspace\code\target\classes\test\boot\service\impl\ForTestServiceImpl.class]
 2017-11-16 20:33:11.044 DEBUG org.springframework.beans.factory.support.DefaultListableBeanFactory - Returning cached instance of singleton bean 'org.springframework.boot.test.context.filter.TestTypeExcludeFilter'
 2017-11-16 20:33:11.047 DEBUG org.springframework.beans.factory.support.DefaultListableBeanFactory - Returning cached instance of singleton bean 'org.springframework.boot.test.context.filter.TestTypeExcludeFilter'
 2017-11-16 20:33:11.093 DEBUG org.springframework.core.env.PropertySourcesPropertyResolver - Could not find key 'spring.boot.enableautoconfiguration' in any property source
 2017-11-16 20:33:11.104 DEBUG org.springframework.beans.factory.support.DefaultListableBeanFactory - Returning cached instance of singleton bean 'org.springframework.boot.autoconfigure.internalCachingMetadataReaderFactory'
 2017-11-16 20:33:11.139 DEBUG org.springframework.beans.factory.support.DefaultListableBeanFactory - Returning cached instance of singleton bean 'autoConfigurationReport'
 2017-11-16 20:33:11.223 DEBUG org.springframework.beans.factory.support.DefaultListableBeanFactory - Returning cached instance of singleton bean 'autoConfigurationReport'
 2017-11-16 20:33:11.373 DEBUG org.springframework.core.env.PropertySourcesPropertyResolver - Could not find key 'spring.messages.basename' in any property source
 2017-11-16 20:33:11.373 DEBUG org.springframework.core.io.support.PathMatchingResourcePatternResolver - Resolved classpath location [messages.properties] to resources []
 2017-11-16 20:33:11.374 DEBUG org.springframework.beans.factory.support.DefaultListableBeanFactory - Returning cached instance of singleton bean 'autoConfigurationReport'
 2017-11-16 20:33:11.381 DEBUG org.springframework.beans.factory.support.DefaultListableBeanFactory - Returning cached instance of singleton bean 'autoConfigurationReport'
 2017-11-16 20:33:11.397 DEBUG org.springframework.beans.factory.support.DefaultListableBeanFactory - Returning cached instance of singleton bean 'autoConfigurationReport'
 2017-11-16 20:33:11.428 DEBUG org.springframework.beans.factory.support.DefaultListableBeanFactory - Returning cached instance of singleton bean 'autoConfigurationReport'
 2017-11-16 20:33:11.488 DEBUG org.springframework.beans.factory.support.DefaultListableBeanFactory - Returning cached instance of singleton bean 'autoConfigurationReport'
 2017-11-16 20:33:11.430 DEBUG org.jboss.logging - Logging Provider: org.jboss.logging.Slf4jLoggerProvider found via system property
 2017-11-16 20:33:11.490 DEBUG org.springframework.beans.factory.support.DefaultListableBeanFactory - Returning cached instance of singleton bean 'autoConfigurationReport'
 2017-11-16 20:33:11.490 INFO  org.hibernate.validator.internal.util.Version - HV000001: Hibernate Validator 5.3.5.Final
 2017-11-16 20:33:11.491 DEBUG org.springframework.beans.factory.support.DefaultListableBeanFactory - Returning cached instance of singleton bean 'autoConfigurationReport'
 2017-11-16 20:33:11.504 DEBUG org.springframework.beans.factory.support.DefaultListableBeanFactory - Returning cached instance of singleton bean 'autoConfigurationReport'
 2017-11-16 20:33:11.505 DEBUG org.springframework.beans.factory.support.DefaultListableBeanFactory - Returning cached instance of singleton bean 'autoConfigurationReport'
 2017-11-16 20:33:11.519 DEBUG org.springframework.beans.factory.support.DefaultListableBeanFactory - Returning cached instance of singleton bean 'autoConfigurationReport'
 2017-11-16 20:33:11.520 DEBUG org.springframework.beans.factory.support.DefaultListableBeanFactory - Returning cached instance of singleton bean 'autoConfigurationReport'
 2017-11-16 20:33:11.527 DEBUG org.springframework.beans.factory.support.DefaultListableBeanFactory - Returning cached instance of singleton bean 'autoConfigurationReport'
 2017-11-16 20:33:11.536 DEBUG org.springframework.beans.factory.support.DefaultListableBeanFactory - Returning cached instance of singleton bean 'autoConfigurationReport'
 2017-11-16 20:33:11.543 DEBUG org.springframework.beans.factory.support.DefaultListableBeanFactory - Returning cached instance of singleton bean 'autoConfigurationReport'
 2017-11-16 20:33:11.547 DEBUG org.springframework.beans.factory.support.DefaultListableBeanFactory - Returning cached instance of singleton bean 'autoConfigurationReport'
 2017-11-16 20:33:11.553 DEBUG org.springframework.beans.factory.support.DefaultListableBeanFactory - Returning cached instance of singleton bean 'autoConfigurationReport'
 2017-11-16 20:33:11.562 DEBUG org.hibernate.validator.internal.engine.resolver.DefaultTraversableResolver - Cannot find javax.persistence.Persistence on classpath. Assuming non JPA 2 environment. All properties will per default be traversable.
 2017-11-16 20:33:11.569 DEBUG org.springframework.beans.factory.support.DefaultListableBeanFactory - Returning cached instance of singleton bean 'autoConfigurationReport'
 2017-11-16 20:33:11.569 DEBUG org.springframework.beans.factory.support.DefaultListableBeanFactory - Returning cached instance of singleton bean 'autoConfigurationReport'
 2017-11-16 20:33:11.586 DEBUG org.springframework.beans.factory.support.DefaultListableBeanFactory - Returning cached instance of singleton bean 'autoConfigurationReport'
 2017-11-16 20:33:11.594 DEBUG org.springframework.beans.factory.support.DefaultListableBeanFactory - Returning cached instance of singleton bean 'autoConfigurationReport'
 2017-11-16 20:33:11.601 DEBUG org.springframework.beans.factory.support.DefaultListableBeanFactory - Returning cached instance of singleton bean 'autoConfigurationReport'
 2017-11-16 20:33:11.602 DEBUG org.springframework.beans.factory.support.DefaultListableBeanFactory - Returning cached instance of singleton bean 'autoConfigurationReport'
 2017-11-16 20:33:11.617 DEBUG org.springframework.beans.factory.support.DefaultListableBeanFactory - Returning cached instance of singleton bean 'autoConfigurationReport'
 2017-11-16 20:33:11.618 DEBUG org.springframework.beans.factory.support.DefaultListableBeanFactory - Returning cached instance of singleton bean 'autoConfigurationReport'
 2017-11-16 20:33:11.623 DEBUG org.springframework.beans.factory.support.DefaultListableBeanFactory - Returning cached instance of singleton bean 'autoConfigurationReport'
 2017-11-16 20:33:11.626 DEBUG org.springframework.beans.factory.support.DefaultListableBeanFactory - Returning cached instance of singleton bean 'autoConfigurationReport'
 2017-11-16 20:33:11.637 DEBUG org.springframework.beans.factory.support.DefaultListableBeanFactory - Returning cached instance of singleton bean 'autoConfigurationReport'
 2017-11-16 20:33:11.637 DEBUG org.springframework.beans.factory.support.DefaultListableBeanFactory - Returning cached instance of singleton bean 'autoConfigurationReport'
 2017-11-16 20:33:11.652 DEBUG org.springframework.beans.factory.support.DefaultListableBeanFactory - Returning cached instance of singleton bean 'autoConfigurationReport'
 2017-11-16 20:33:11.677 DEBUG org.springframework.beans.factory.support.DefaultListableBeanFactory - Returning cached instance of singleton bean 'autoConfigurationReport'
 2017-11-16 20:33:11.688 DEBUG org.springframework.beans.factory.support.DefaultListableBeanFactory - Returning cached instance of singleton bean 'autoConfigurationReport'
 2017-11-16 20:33:11.689 DEBUG org.springframework.beans.factory.support.DefaultListableBeanFactory - Returning cached instance of singleton bean 'autoConfigurationReport'
 2017-11-16 20:33:11.714 DEBUG org.springframework.beans.factory.support.DefaultListableBeanFactory - Returning cached instance of singleton bean 'autoConfigurationReport'
 2017-11-16 20:33:11.732 DEBUG org.springframework.beans.factory.support.DefaultListableBeanFactory - Returning cached instance of singleton bean 'autoConfigurationReport'
 2017-11-16 20:33:11.743 DEBUG org.springframework.beans.factory.support.DefaultListableBeanFactory - Returning cached instance of singleton bean 'autoConfigurationReport'
 2017-11-16 20:33:11.744 DEBUG org.springframework.core.env.PropertySourcesPropertyResolver - Found key 'spring.jmx.enabled' in [Inlined Test Properties] with type [String]
 2017-11-16 20:33:11.744 DEBUG org.springframework.beans.factory.support.DefaultListableBeanFactory - Returning cached instance of singleton bean 'autoConfigurationReport'
 2017-11-16 20:33:11.744 DEBUG org.springframework.beans.factory.support.DefaultListableBeanFactory - Returning cached instance of singleton bean 'autoConfigurationReport'
 2017-11-16 20:33:11.745 DEBUG org.springframework.beans.factory.support.DefaultListableBeanFactory - Returning cached instance of singleton bean 'autoConfigurationReport'
 2017-11-16 20:33:11.746 DEBUG org.springframework.beans.factory.support.DefaultListableBeanFactory - Returning cached instance of singleton bean 'autoConfigurationReport'
 2017-11-16 20:33:11.746 DEBUG org.springframework.beans.factory.support.DefaultListableBeanFactory - Returning cached instance of singleton bean 'autoConfigurationReport'
 2017-11-16 20:33:11.780 DEBUG org.springframework.beans.factory.support.DefaultListableBeanFactory - Returning cached instance of singleton bean 'autoConfigurationReport'
 2017-11-16 20:33:11.783 DEBUG org.springframework.beans.factory.support.DefaultListableBeanFactory - Returning cached instance of singleton bean 'autoConfigurationReport'
 2017-11-16 20:33:11.801 DEBUG org.springframework.core.env.PropertySourcesPropertyResolver - Found key 'spring.datasource.type' in [applicationConfigurationProperties] with type [String]
 2017-11-16 20:33:11.801 DEBUG org.springframework.beans.factory.support.DefaultListableBeanFactory - Returning cached instance of singleton bean 'autoConfigurationReport'
 2017-11-16 20:33:11.818 DEBUG org.springframework.beans.factory.support.DefaultListableBeanFactory - Returning cached instance of singleton bean 'autoConfigurationReport'
 2017-11-16 20:33:11.819 DEBUG org.springframework.core.env.PropertySourcesPropertyResolver - Found key 'spring.datasource.type' in [applicationConfigurationProperties] with type [String]
 2017-11-16 20:33:11.819 DEBUG org.springframework.beans.factory.support.DefaultListableBeanFactory - Returning cached instance of singleton bean 'autoConfigurationReport'
 2017-11-16 20:33:11.828 DEBUG org.springframework.beans.factory.support.DefaultListableBeanFactory - Returning cached instance of singleton bean 'autoConfigurationReport'
 2017-11-16 20:33:11.829 DEBUG org.springframework.core.env.PropertySourcesPropertyResolver - Found key 'spring.datasource.type' in [applicationConfigurationProperties] with type [String]
 2017-11-16 20:33:11.831 DEBUG org.springframework.beans.factory.support.DefaultListableBeanFactory - Returning cached instance of singleton bean 'autoConfigurationReport'
 2017-11-16 20:33:11.836 DEBUG org.springframework.core.env.PropertySourcesPropertyResolver - Found key 'spring.datasource.type' in [applicationConfigurationProperties] with type [String]
 2017-11-16 20:33:11.836 DEBUG org.springframework.beans.factory.support.DefaultListableBeanFactory - Returning cached instance of singleton bean 'autoConfigurationReport'
 2017-11-16 20:33:11.839 DEBUG org.springframework.beans.factory.support.DefaultListableBeanFactory - Returning cached instance of singleton bean 'autoConfigurationReport'
 2017-11-16 20:33:11.841 DEBUG org.springframework.beans.factory.support.DefaultListableBeanFactory - Returning cached instance of singleton bean 'autoConfigurationReport'
 2017-11-16 20:33:11.841 DEBUG org.springframework.beans.factory.support.DefaultListableBeanFactory - Returning cached instance of singleton bean 'autoConfigurationReport'
 2017-11-16 20:33:11.842 DEBUG org.springframework.core.env.PropertySourcesPropertyResolver - Found key 'spring.datasource.type' in [applicationConfigurationProperties] with type [String]
 2017-11-16 20:33:11.842 DEBUG org.springframework.beans.factory.support.DefaultListableBeanFactory - Returning cached instance of singleton bean 'autoConfigurationReport'
 2017-11-16 20:33:11.845 DEBUG org.springframework.beans.factory.support.DefaultListableBeanFactory - Returning cached instance of singleton bean 'autoConfigurationReport'
 2017-11-16 20:33:11.847 DEBUG org.springframework.beans.factory.support.DefaultListableBeanFactory - Returning cached instance of singleton bean 'autoConfigurationReport'
 2017-11-16 20:33:11.851 DEBUG org.springframework.core.env.PropertySourcesPropertyResolver - Found key 'spring.datasource.type' in [applicationConfigurationProperties] with type [String]
 2017-11-16 20:33:11.852 DEBUG org.springframework.beans.factory.support.DefaultListableBeanFactory - Returning cached instance of singleton bean 'autoConfigurationReport'
 2017-11-16 20:33:11.859 DEBUG org.springframework.core.env.PropertySourcesPropertyResolver - Found key 'spring.datasource.type' in [applicationConfigurationProperties] with type [String]
 2017-11-16 20:33:11.859 DEBUG org.springframework.beans.factory.support.DefaultListableBeanFactory - Returning cached instance of singleton bean 'autoConfigurationReport'
 2017-11-16 20:33:11.876 DEBUG org.springframework.beans.factory.support.DefaultListableBeanFactory - Returning cached instance of singleton bean 'autoConfigurationReport'
 2017-11-16 20:33:11.877 DEBUG org.springframework.beans.factory.support.DefaultListableBeanFactory - Returning cached instance of singleton bean 'autoConfigurationReport'
 2017-11-16 20:33:11.877 DEBUG org.springframework.beans.factory.support.DefaultListableBeanFactory - Returning cached instance of singleton bean 'autoConfigurationReport'
 2017-11-16 20:33:11.879 DEBUG org.springframework.beans.factory.support.DefaultListableBeanFactory - Returning cached instance of singleton bean 'autoConfigurationReport'
 2017-11-16 20:33:11.882 DEBUG org.springframework.beans.factory.support.DefaultListableBeanFactory - Returning cached instance of singleton bean 'autoConfigurationReport'
 2017-11-16 20:33:11.891 DEBUG org.springframework.beans.factory.support.DefaultListableBeanFactory - Returning cached instance of singleton bean 'autoConfigurationReport'
 2017-11-16 20:33:11.928 DEBUG org.springframework.beans.factory.support.DefaultListableBeanFactory - Returning cached instance of singleton bean 'autoConfigurationReport'
 2017-11-16 20:33:11.936 DEBUG org.springframework.beans.factory.support.DefaultListableBeanFactory - Returning cached instance of singleton bean 'autoConfigurationReport'
 2017-11-16 20:33:11.941 DEBUG org.springframework.beans.factory.support.DefaultListableBeanFactory - Returning cached instance of singleton bean 'autoConfigurationReport'
 2017-11-16 20:33:11.943 DEBUG org.springframework.beans.factory.support.DefaultListableBeanFactory - Returning cached instance of singleton bean 'autoConfigurationReport'
 2017-11-16 20:33:11.946 DEBUG org.springframework.beans.factory.support.DefaultListableBeanFactory - Returning cached instance of singleton bean 'autoConfigurationReport'
 2017-11-16 20:33:11.948 DEBUG org.springframework.beans.factory.support.DefaultListableBeanFactory - Returning cached instance of singleton bean 'autoConfigurationReport'
 2017-11-16 20:33:11.948 DEBUG org.springframework.beans.factory.support.DefaultListableBeanFactory - Returning cached instance of singleton bean 'autoConfigurationReport'
 2017-11-16 20:33:11.952 DEBUG org.springframework.beans.factory.support.DefaultListableBeanFactory - Returning cached instance of singleton bean 'autoConfigurationReport'
 2017-11-16 20:33:11.956 DEBUG org.springframework.beans.factory.support.DefaultListableBeanFactory - Returning cached instance of singleton bean 'autoConfigurationReport'
 2017-11-16 20:33:11.959 DEBUG org.springframework.beans.factory.support.DefaultListableBeanFactory - Returning cached instance of singleton bean 'autoConfigurationReport'
 2017-11-16 20:33:11.963 DEBUG org.springframework.beans.factory.support.DefaultListableBeanFactory - Returning cached instance of singleton bean 'autoConfigurationReport'
 2017-11-16 20:33:11.970 DEBUG org.springframework.beans.factory.support.DefaultListableBeanFactory - Returning cached instance of singleton bean 'autoConfigurationReport'
 2017-11-16 20:33:11.976 DEBUG org.springframework.beans.factory.support.DefaultListableBeanFactory - Returning cached instance of singleton bean 'autoConfigurationReport'
 2017-11-16 20:33:11.980 DEBUG org.springframework.beans.factory.support.DefaultListableBeanFactory - Returning cached instance of singleton bean 'autoConfigurationReport'
 2017-11-16 20:33:11.998 DEBUG org.springframework.beans.factory.support.DefaultListableBeanFactory - Returning cached instance of singleton bean 'autoConfigurationReport'
 2017-11-16 20:33:11.999 DEBUG org.springframework.beans.factory.support.DefaultListableBeanFactory - Returning cached instance of singleton bean 'autoConfigurationReport'
 2017-11-16 20:33:11.999 DEBUG org.springframework.beans.factory.support.DefaultListableBeanFactory - Returning cached instance of singleton bean 'autoConfigurationReport'
 2017-11-16 20:33:12.010 DEBUG org.springframework.beans.factory.support.DefaultListableBeanFactory - Returning cached instance of singleton bean 'autoConfigurationReport'
 2017-11-16 20:33:12.014 DEBUG org.springframework.beans.factory.support.DefaultListableBeanFactory - Returning cached instance of singleton bean 'autoConfigurationReport'
 2017-11-16 20:33:12.014 DEBUG org.springframework.beans.factory.support.DefaultListableBeanFactory - Returning cached instance of singleton bean 'autoConfigurationReport'
 2017-11-16 20:33:12.016 DEBUG org.springframework.core.env.PropertySourcesPropertyResolver - Found key 'spring.h2.console.enabled' in [applicationConfigurationProperties] with type [Boolean]
 2017-11-16 20:33:12.018 DEBUG org.springframework.beans.factory.support.DefaultListableBeanFactory - Returning cached instance of singleton bean 'autoConfigurationReport'
 2017-11-16 20:33:12.031 DEBUG org.springframework.beans.factory.support.DefaultListableBeanFactory - Returning cached instance of singleton bean 'autoConfigurationReport'
 2017-11-16 20:33:12.054 DEBUG org.springframework.beans.factory.support.DefaultListableBeanFactory - Returning cached instance of singleton bean 'autoConfigurationReport'
 2017-11-16 20:33:12.066 DEBUG org.springframework.beans.factory.support.DefaultListableBeanFactory - Returning cached instance of singleton bean 'autoConfigurationReport'
 2017-11-16 20:33:12.072 DEBUG org.springframework.beans.factory.support.DefaultListableBeanFactory - Returning cached instance of singleton bean 'autoConfigurationReport'
 2017-11-16 20:33:12.088 DEBUG org.springframework.beans.factory.support.DefaultListableBeanFactory - Returning cached instance of singleton bean 'autoConfigurationReport'
 2017-11-16 20:33:12.088 DEBUG org.springframework.beans.factory.support.DefaultListableBeanFactory - Returning cached instance of singleton bean 'autoConfigurationReport'
 2017-11-16 20:33:12.095 DEBUG org.springframework.beans.factory.support.DefaultListableBeanFactory - Returning cached instance of singleton bean 'autoConfigurationReport'
 2017-11-16 20:33:12.114 DEBUG org.springframework.beans.factory.support.DefaultListableBeanFactory - Returning cached instance of singleton bean 'autoConfigurationReport'
 2017-11-16 20:33:12.125 DEBUG org.springframework.beans.factory.support.DefaultListableBeanFactory - Returning cached instance of singleton bean 'autoConfigurationReport'
 2017-11-16 20:33:12.126 DEBUG org.springframework.beans.factory.support.DefaultListableBeanFactory - Returning cached instance of singleton bean 'autoConfigurationReport'
 2017-11-16 20:33:12.127 DEBUG org.springframework.core.env.PropertySourcesPropertyResolver - Found key 'spring.http.encoding.enabled' in [applicationConfigurationProperties] with type [Boolean]
 2017-11-16 20:33:12.127 DEBUG org.springframework.beans.factory.support.DefaultListableBeanFactory - Returning cached instance of singleton bean 'autoConfigurationReport'
 2017-11-16 20:33:12.130 DEBUG org.springframework.beans.factory.support.DefaultListableBeanFactory - Returning cached instance of singleton bean 'autoConfigurationReport'
 2017-11-16 20:33:12.131 DEBUG org.springframework.beans.factory.support.DefaultListableBeanFactory - Returning cached instance of singleton bean 'autoConfigurationReport'
 2017-11-16 20:33:12.138 DEBUG org.springframework.beans.factory.support.DefaultListableBeanFactory - Returning cached instance of singleton bean 'autoConfigurationReport'
 2017-11-16 20:33:12.146 DEBUG org.springframework.beans.factory.support.DefaultListableBeanFactory - Returning cached instance of singleton bean 'autoConfigurationReport'
 2017-11-16 20:33:12.162 DEBUG org.springframework.beans.factory.support.DefaultListableBeanFactory - Returning cached instance of singleton bean 'autoConfigurationReport'
 2017-11-16 20:33:12.163 DEBUG org.springframework.beans.factory.support.DefaultListableBeanFactory - Returning cached instance of singleton bean 'autoConfigurationReport'
 2017-11-16 20:33:12.165 DEBUG org.springframework.beans.factory.support.DefaultListableBeanFactory - Returning cached instance of singleton bean 'autoConfigurationReport'
 2017-11-16 20:33:12.166 DEBUG org.springframework.beans.factory.support.DefaultListableBeanFactory - Returning cached instance of singleton bean 'autoConfigurationReport'
 2017-11-16 20:33:12.179 DEBUG org.springframework.context.annotation.ConfigurationClassBeanDefinitionReader - Registered bean definition for imported class 'org.springframework.boot.autoconfigure.context.PropertyPlaceholderAutoConfiguration'
 2017-11-16 20:33:12.184 DEBUG org.springframework.beans.factory.support.DefaultListableBeanFactory - Creating shared instance of singleton bean 'org.springframework.boot.autoconfigure.condition.BeanTypeRegistry'
 2017-11-16 20:33:12.184 DEBUG org.springframework.beans.factory.support.DefaultListableBeanFactory - Creating instance of bean 'org.springframework.boot.autoconfigure.condition.BeanTypeRegistry'
 2017-11-16 20:33:12.197 DEBUG org.springframework.beans.factory.support.DefaultListableBeanFactory - Eagerly caching bean 'org.springframework.boot.autoconfigure.condition.BeanTypeRegistry' to allow for resolving potential circular references
 2017-11-16 20:33:12.197 DEBUG org.springframework.beans.factory.support.DefaultListableBeanFactory - Finished creating instance of bean 'org.springframework.boot.autoconfigure.condition.BeanTypeRegistry'
 2017-11-16 20:33:12.202 DEBUG org.springframework.beans.factory.support.DefaultListableBeanFactory - Returning cached instance of singleton bean 'autoConfigurationReport'
 2017-11-16 20:33:12.207 DEBUG org.springframework.context.annotation.ConfigurationClassBeanDefinitionReader - Registering bean definition for @Bean method org.springframework.boot.autoconfigure.context.PropertyPlaceholderAutoConfiguration.propertySourcesPlaceholderConfigurer()
 2017-11-16 20:33:12.207 DEBUG org.springframework.beans.factory.support.DefaultListableBeanFactory - Returning cached instance of singleton bean 'autoConfigurationReport'
 2017-11-16 20:33:12.207 DEBUG org.springframework.beans.factory.support.DefaultListableBeanFactory - Returning cached instance of singleton bean 'autoConfigurationReport'
 2017-11-16 20:33:12.208 DEBUG org.springframework.context.annotation.ConfigurationClassBeanDefinitionReader - Registered bean definition for imported class 'org.springframework.boot.autoconfigure.jackson.JacksonAutoConfiguration$Jackson2ObjectMapperBuilderCustomizerConfiguration'
 2017-11-16 20:33:12.208 DEBUG org.springframework.context.annotation.ConfigurationClassBeanDefinitionReader - Registering bean definition for @Bean method org.springframework.boot.autoconfigure.jackson.JacksonAutoConfiguration$Jackson2ObjectMapperBuilderCustomizerConfiguration.standardJacksonObjectMapperBuilderCustomizer()
 2017-11-16 20:33:12.219 DEBUG org.springframework.beans.factory.support.DefaultListableBeanFactory - Returning cached instance of singleton bean 'autoConfigurationReport'
 2017-11-16 20:33:12.220 DEBUG org.springframework.context.annotation.ConfigurationClassBeanDefinitionReader - Registered bean definition for imported class 'org.springframework.boot.autoconfigure.jackson.JacksonAutoConfiguration$JacksonObjectMapperBuilderConfiguration'
 2017-11-16 20:33:12.220 DEBUG org.springframework.beans.factory.support.DefaultListableBeanFactory - Returning cached instance of singleton bean 'org.springframework.boot.autoconfigure.condition.BeanTypeRegistry'
 2017-11-16 20:33:12.224 DEBUG org.springframework.beans.factory.support.DefaultListableBeanFactory - Returning cached instance of singleton bean 'autoConfigurationReport'
 2017-11-16 20:33:12.225 DEBUG org.springframework.context.annotation.ConfigurationClassBeanDefinitionReader - Registering bean definition for @Bean method org.springframework.boot.autoconfigure.jackson.JacksonAutoConfiguration$JacksonObjectMapperBuilderConfiguration.jacksonObjectMapperBuilder()
 2017-11-16 20:33:12.226 DEBUG org.springframework.beans.factory.support.DefaultListableBeanFactory - Returning cached instance of singleton bean 'autoConfigurationReport'
 2017-11-16 20:33:12.226 DEBUG org.springframework.context.annotation.ConfigurationClassBeanDefinitionReader - Registered bean definition for imported class 'org.springframework.boot.autoconfigure.jackson.JacksonAutoConfiguration$JacksonObjectMapperConfiguration'
 2017-11-16 20:33:12.227 DEBUG org.springframework.beans.factory.support.DefaultListableBeanFactory - Returning cached instance of singleton bean 'org.springframework.boot.autoconfigure.condition.BeanTypeRegistry'
 2017-11-16 20:33:12.228 DEBUG org.springframework.beans.factory.support.DefaultListableBeanFactory - Returning cached instance of singleton bean 'autoConfigurationReport'
 2017-11-16 20:33:12.229 DEBUG org.springframework.context.annotation.ConfigurationClassBeanDefinitionReader - Registering bean definition for @Bean method org.springframework.boot.autoconfigure.jackson.JacksonAutoConfiguration$JacksonObjectMapperConfiguration.jacksonObjectMapper()
 2017-11-16 20:33:12.229 DEBUG org.springframework.context.annotation.ConfigurationClassBeanDefinitionReader - Registered bean definition for imported class 'org.springframework.boot.autoconfigure.jackson.JacksonAutoConfiguration'
 2017-11-16 20:33:12.229 DEBUG org.springframework.context.annotation.ConfigurationClassBeanDefinitionReader - Registering bean definition for @Bean method org.springframework.boot.autoconfigure.jackson.JacksonAutoConfiguration.jsonComponentModule()
 2017-11-16 20:33:12.230 DEBUG org.springframework.beans.factory.support.DefaultListableBeanFactory - Returning cached instance of singleton bean 'autoConfigurationReport'
 2017-11-16 20:33:12.230 DEBUG org.springframework.beans.factory.support.DefaultListableBeanFactory - Returning cached instance of singleton bean 'autoConfigurationReport'
 2017-11-16 20:33:12.230 DEBUG org.springframework.beans.factory.support.DefaultListableBeanFactory - Returning cached instance of singleton bean 'autoConfigurationReport'
 2017-11-16 20:33:12.231 DEBUG org.springframework.context.annotation.ConfigurationClassBeanDefinitionReader - Registered bean definition for imported class 'org.springframework.boot.autoconfigure.websocket.WebSocketAutoConfiguration$TomcatWebSocketConfiguration'
 2017-11-16 20:33:12.233 DEBUG org.springframework.beans.factory.support.DefaultListableBeanFactory - Returning cached instance of singleton bean 'autoConfigurationReport'
 2017-11-16 20:33:12.234 DEBUG org.springframework.beans.factory.support.DefaultListableBeanFactory - Returning cached instance of singleton bean 'autoConfigurationReport'
 2017-11-16 20:33:12.234 DEBUG org.springframework.context.annotation.ConfigurationClassBeanDefinitionReader - Registering bean definition for @Bean method org.springframework.boot.autoconfigure.websocket.WebSocketAutoConfiguration$TomcatWebSocketConfiguration.websocketContainerCustomizer()
 2017-11-16 20:33:12.235 DEBUG org.springframework.context.annotation.ConfigurationClassBeanDefinitionReader - Registered bean definition for imported class 'org.springframework.boot.autoconfigure.websocket.WebSocketAutoConfiguration'
 2017-11-16 20:33:12.235 DEBUG org.springframework.beans.factory.support.DefaultListableBeanFactory - Returning cached instance of singleton bean 'autoConfigurationReport'
 2017-11-16 20:33:12.236 DEBUG org.springframework.beans.factory.support.DefaultListableBeanFactory - Returning cached instance of singleton bean 'autoConfigurationReport'
 2017-11-16 20:33:12.236 DEBUG org.springframework.beans.factory.support.DefaultListableBeanFactory - Returning cached instance of singleton bean 'org.springframework.boot.autoconfigure.condition.BeanTypeRegistry'
 2017-11-16 20:33:12.244 DEBUG org.springframework.beans.factory.support.DefaultListableBeanFactory - Returning cached instance of singleton bean 'autoConfigurationReport'
 2017-11-16 20:33:12.244 DEBUG org.springframework.context.annotation.ConfigurationClassBeanDefinitionReader - Registered bean definition for imported class 'org.springframework.boot.autoconfigure.web.EmbeddedServletContainerAutoConfiguration$EmbeddedTomcat'
 2017-11-16 20:33:12.245 DEBUG org.springframework.context.annotation.ConfigurationClassBeanDefinitionReader - Registering bean definition for @Bean method org.springframework.boot.autoconfigure.web.EmbeddedServletContainerAutoConfiguration$EmbeddedTomcat.tomcatEmbeddedServletContainerFactory()
 2017-11-16 20:33:12.246 DEBUG org.springframework.context.annotation.ConfigurationClassBeanDefinitionReader - Registered bean definition for imported class 'org.springframework.boot.autoconfigure.web.EmbeddedServletContainerAutoConfiguration'
 2017-11-16 20:33:12.256 DEBUG org.springframework.beans.factory.support.DefaultListableBeanFactory - Returning cached instance of singleton bean 'autoConfigurationReport'
 2017-11-16 20:33:12.257 DEBUG org.springframework.beans.factory.support.DefaultListableBeanFactory - Returning cached instance of singleton bean 'autoConfigurationReport'
 2017-11-16 20:33:12.257 DEBUG org.springframework.beans.factory.support.DefaultListableBeanFactory - Returning cached instance of singleton bean 'autoConfigurationReport'
 2017-11-16 20:33:12.258 DEBUG org.springframework.beans.factory.support.DefaultListableBeanFactory - Returning cached instance of singleton bean 'autoConfigurationReport'
 2017-11-16 20:33:12.258 DEBUG org.springframework.beans.factory.support.DefaultListableBeanFactory - Returning cached instance of singleton bean 'autoConfigurationReport'
 2017-11-16 20:33:12.258 DEBUG org.springframework.beans.factory.support.DefaultListableBeanFactory - Returning cached instance of singleton bean 'autoConfigurationReport'
 2017-11-16 20:33:12.259 DEBUG org.springframework.context.annotation.ConfigurationClassBeanDefinitionReader - Registered bean definition for imported class 'org.springframework.boot.autoconfigure.web.DispatcherServletAutoConfiguration$DispatcherServletConfiguration'
 2017-11-16 20:33:12.260 DEBUG org.springframework.context.annotation.ConfigurationClassBeanDefinitionReader - Registering bean definition for @Bean method org.springframework.boot.autoconfigure.web.DispatcherServletAutoConfiguration$DispatcherServletConfiguration.dispatcherServlet()
 2017-11-16 20:33:12.261 DEBUG org.springframework.beans.factory.support.DefaultListableBeanFactory - Returning cached instance of singleton bean 'org.springframework.boot.autoconfigure.condition.BeanTypeRegistry'
 2017-11-16 20:33:12.266 DEBUG org.springframework.beans.factory.support.DefaultListableBeanFactory - Returning cached instance of singleton bean 'autoConfigurationReport'
 2017-11-16 20:33:12.268 DEBUG org.springframework.context.annotation.ConfigurationClassBeanDefinitionReader - Registered bean definition for imported class 'org.springframework.boot.autoconfigure.web.DispatcherServletAutoConfiguration$DispatcherServletRegistrationConfiguration'
 2017-11-16 20:33:12.271 DEBUG org.springframework.beans.factory.support.DefaultListableBeanFactory - Returning cached instance of singleton bean 'org.springframework.boot.autoconfigure.condition.BeanTypeRegistry'
 2017-11-16 20:33:12.273 DEBUG org.springframework.beans.factory.support.DefaultListableBeanFactory - Returning cached instance of singleton bean 'autoConfigurationReport'
 2017-11-16 20:33:12.274 DEBUG org.springframework.context.annotation.ConfigurationClassBeanDefinitionReader - Registering bean definition for @Bean method org.springframework.boot.autoconfigure.web.DispatcherServletAutoConfiguration$DispatcherServletRegistrationConfiguration.dispatcherServletRegistration()
 2017-11-16 20:33:12.274 DEBUG org.springframework.context.annotation.ConfigurationClassBeanDefinitionReader - Registered bean definition for imported class 'org.springframework.boot.autoconfigure.web.DispatcherServletAutoConfiguration'
 2017-11-16 20:33:12.274 DEBUG org.springframework.beans.factory.support.DefaultListableBeanFactory - Returning cached instance of singleton bean 'autoConfigurationReport'
 2017-11-16 20:33:12.276 DEBUG org.springframework.beans.factory.support.DefaultListableBeanFactory - Returning cached instance of singleton bean 'autoConfigurationReport'
 2017-11-16 20:33:12.276 DEBUG org.springframework.context.annotation.ConfigurationClassBeanDefinitionReader - Registered bean definition for imported class 'org.springframework.boot.autoconfigure.validation.DefaultValidatorConfiguration'
 2017-11-16 20:33:12.278 DEBUG org.springframework.beans.factory.support.DefaultListableBeanFactory - Returning cached instance of singleton bean 'org.springframework.boot.autoconfigure.condition.BeanTypeRegistry'
 2017-11-16 20:33:12.279 DEBUG org.springframework.beans.factory.support.DefaultListableBeanFactory - Returning cached instance of singleton bean 'org.springframework.boot.autoconfigure.condition.BeanTypeRegistry'
 2017-11-16 20:33:12.279 DEBUG org.springframework.beans.factory.support.DefaultListableBeanFactory - Returning cached instance of singleton bean 'autoConfigurationReport'
 2017-11-16 20:33:12.280 DEBUG org.springframework.context.annotation.ConfigurationClassBeanDefinitionReader - Registering bean definition for @Bean method org.springframework.boot.autoconfigure.validation.DefaultValidatorConfiguration.defaultValidator()
 2017-11-16 20:33:12.280 DEBUG org.springframework.context.annotation.ConfigurationClassBeanDefinitionReader - Registered bean definition for imported class 'org.springframework.boot.autoconfigure.validation.Jsr303ValidatorAdapterConfiguration'
 2017-11-16 20:33:12.281 DEBUG org.springframework.beans.factory.support.DefaultListableBeanFactory - Returning cached instance of singleton bean 'org.springframework.boot.autoconfigure.condition.BeanTypeRegistry'
 2017-11-16 20:33:12.293 DEBUG org.springframework.beans.factory.support.DefaultListableBeanFactory - Returning cached instance of singleton bean 'org.springframework.boot.autoconfigure.condition.BeanTypeRegistry'
 2017-11-16 20:33:12.294 DEBUG org.springframework.beans.factory.support.DefaultListableBeanFactory - Returning cached instance of singleton bean 'autoConfigurationReport'
 2017-11-16 20:33:12.294 DEBUG org.springframework.context.annotation.ConfigurationClassBeanDefinitionReader - Registered bean definition for imported class 'org.springframework.boot.autoconfigure.validation.ValidationAutoConfiguration'
 2017-11-16 20:33:12.294 DEBUG org.springframework.beans.factory.support.DefaultListableBeanFactory - Returning cached instance of singleton bean 'org.springframework.boot.autoconfigure.condition.BeanTypeRegistry'
 2017-11-16 20:33:12.297 DEBUG org.springframework.beans.factory.support.DefaultListableBeanFactory - Returning cached instance of singleton bean 'org.springframework.boot.autoconfigure.condition.BeanTypeRegistry'
 2017-11-16 20:33:12.298 DEBUG org.springframework.beans.factory.support.DefaultListableBeanFactory - Returning cached instance of singleton bean 'autoConfigurationReport'
 2017-11-16 20:33:12.299 DEBUG org.springframework.beans.factory.support.DefaultListableBeanFactory - Returning cached instance of singleton bean 'org.springframework.boot.autoconfigure.condition.BeanTypeRegistry'
 2017-11-16 20:33:12.299 DEBUG org.springframework.beans.factory.support.DefaultListableBeanFactory - Returning cached instance of singleton bean 'org.springframework.boot.autoconfigure.condition.BeanTypeRegistry'
 2017-11-16 20:33:12.300 DEBUG org.springframework.beans.factory.support.DefaultListableBeanFactory - Returning cached instance of singleton bean 'autoConfigurationReport'
 2017-11-16 20:33:12.300 DEBUG org.springframework.context.annotation.ConfigurationClassBeanDefinitionReader - Registering bean definition for @Bean method org.springframework.boot.autoconfigure.validation.ValidationAutoConfiguration.methodValidationPostProcessor()
 2017-11-16 20:33:12.301 DEBUG org.springframework.beans.factory.support.DefaultListableBeanFactory - Returning cached instance of singleton bean 'autoConfigurationReport'
 2017-11-16 20:33:12.301 DEBUG org.springframework.beans.factory.support.DefaultListableBeanFactory - Returning cached instance of singleton bean 'autoConfigurationReport'
 2017-11-16 20:33:12.301 DEBUG org.springframework.beans.factory.support.DefaultListableBeanFactory - Returning cached instance of singleton bean 'autoConfigurationReport'
 2017-11-16 20:33:12.317 DEBUG org.springframework.beans.factory.support.DefaultListableBeanFactory - Returning cached instance of singleton bean 'autoConfigurationReport'
 2017-11-16 20:33:12.318 DEBUG org.springframework.context.annotation.ConfigurationClassBeanDefinitionReader - Registered bean definition for imported class 'org.springframework.boot.autoconfigure.web.ErrorMvcAutoConfiguration$WhitelabelErrorViewConfiguration'
 2017-11-16 20:33:12.318 DEBUG org.springframework.beans.factory.support.DefaultListableBeanFactory - Returning cached instance of singleton bean 'autoConfigurationReport'
 2017-11-16 20:33:12.319 DEBUG org.springframework.context.annotation.ConfigurationClassBeanDefinitionReader - Registering bean definition for @Bean method org.springframework.boot.autoconfigure.web.ErrorMvcAutoConfiguration$WhitelabelErrorViewConfiguration.error()
 2017-11-16 20:33:12.322 DEBUG org.springframework.beans.factory.support.DefaultListableBeanFactory - Returning cached instance of singleton bean 'org.springframework.boot.autoconfigure.condition.BeanTypeRegistry'
 2017-11-16 20:33:12.329 DEBUG org.springframework.beans.factory.support.DefaultListableBeanFactory - Returning cached instance of singleton bean 'autoConfigurationReport'
 2017-11-16 20:33:12.330 DEBUG org.springframework.context.annotation.ConfigurationClassBeanDefinitionReader - Registering bean definition for @Bean method org.springframework.boot.autoconfigure.web.ErrorMvcAutoConfiguration$WhitelabelErrorViewConfiguration.beanNameViewResolver()
 2017-11-16 20:33:12.330 DEBUG org.springframework.context.annotation.ConfigurationClassBeanDefinitionReader - Registered bean definition for imported class 'org.springframework.boot.autoconfigure.web.ErrorMvcAutoConfiguration$DefaultErrorViewResolverConfiguration'
 2017-11-16 20:33:12.330 DEBUG org.springframework.beans.factory.support.DefaultListableBeanFactory - Returning cached instance of singleton bean 'org.springframework.boot.autoconfigure.condition.BeanTypeRegistry'
 2017-11-16 20:33:12.333 DEBUG org.springframework.beans.factory.support.DefaultListableBeanFactory - Returning cached instance of singleton bean 'org.springframework.boot.autoconfigure.condition.BeanTypeRegistry'
 2017-11-16 20:33:12.333 DEBUG org.springframework.beans.factory.support.DefaultListableBeanFactory - Returning cached instance of singleton bean 'autoConfigurationReport'
 2017-11-16 20:33:12.333 DEBUG org.springframework.beans.factory.support.DefaultListableBeanFactory - Returning cached instance of singleton bean 'org.springframework.boot.autoconfigure.condition.BeanTypeRegistry'
 2017-11-16 20:33:12.334 DEBUG org.springframework.beans.factory.support.DefaultListableBeanFactory - Returning cached instance of singleton bean 'org.springframework.boot.autoconfigure.condition.BeanTypeRegistry'
 2017-11-16 20:33:12.334 DEBUG org.springframework.beans.factory.support.DefaultListableBeanFactory - Returning cached instance of singleton bean 'autoConfigurationReport'
 2017-11-16 20:33:12.334 DEBUG org.springframework.context.annotation.ConfigurationClassBeanDefinitionReader - Registering bean definition for @Bean method org.springframework.boot.autoconfigure.web.ErrorMvcAutoConfiguration$DefaultErrorViewResolverConfiguration.conventionErrorViewResolver()
 2017-11-16 20:33:12.335 DEBUG org.springframework.context.annotation.ConfigurationClassBeanDefinitionReader - Registered bean definition for imported class 'org.springframework.boot.autoconfigure.web.ErrorMvcAutoConfiguration'
 2017-11-16 20:33:12.336 DEBUG org.springframework.beans.factory.support.DefaultListableBeanFactory - Returning cached instance of singleton bean 'org.springframework.boot.autoconfigure.condition.BeanTypeRegistry'
 2017-11-16 20:33:12.337 DEBUG org.springframework.beans.factory.support.DefaultListableBeanFactory - Returning cached instance of singleton bean 'autoConfigurationReport'
 2017-11-16 20:33:12.338 DEBUG org.springframework.context.annotation.ConfigurationClassBeanDefinitionReader - Registering bean definition for @Bean method org.springframework.boot.autoconfigure.web.ErrorMvcAutoConfiguration.errorAttributes()
 2017-11-16 20:33:12.341 DEBUG org.springframework.beans.factory.support.DefaultListableBeanFactory - Returning cached instance of singleton bean 'org.springframework.boot.autoconfigure.condition.BeanTypeRegistry'
 2017-11-16 20:33:12.346 DEBUG org.springframework.beans.factory.support.DefaultListableBeanFactory - Returning cached instance of singleton bean 'autoConfigurationReport'
 2017-11-16 20:33:12.348 DEBUG org.springframework.context.annotation.ConfigurationClassBeanDefinitionReader - Registering bean definition for @Bean method org.springframework.boot.autoconfigure.web.ErrorMvcAutoConfiguration.basicErrorController()
 2017-11-16 20:33:12.348 DEBUG org.springframework.context.annotation.ConfigurationClassBeanDefinitionReader - Registering bean definition for @Bean method org.springframework.boot.autoconfigure.web.ErrorMvcAutoConfiguration.errorPageCustomizer()
 2017-11-16 20:33:12.349 DEBUG org.springframework.context.annotation.ConfigurationClassBeanDefinitionReader - Registering bean definition for @Bean method org.springframework.boot.autoconfigure.web.ErrorMvcAutoConfiguration.preserveErrorControllerTargetClassPostProcessor()
 2017-11-16 20:33:12.350 DEBUG org.springframework.beans.factory.support.DefaultListableBeanFactory - Returning cached instance of singleton bean 'autoConfigurationReport'
 2017-11-16 20:33:12.351 DEBUG org.springframework.beans.factory.support.DefaultListableBeanFactory - Returning cached instance of singleton bean 'autoConfigurationReport'
 2017-11-16 20:33:12.354 DEBUG org.springframework.beans.factory.support.DefaultListableBeanFactory - Returning cached instance of singleton bean 'org.springframework.boot.autoconfigure.condition.BeanTypeRegistry'
 2017-11-16 20:33:12.356 DEBUG org.springframework.beans.factory.support.DefaultListableBeanFactory - Returning cached instance of singleton bean 'autoConfigurationReport'
 2017-11-16 20:33:12.357 DEBUG org.springframework.context.annotation.ConfigurationClassBeanDefinitionReader - Registered bean definition for imported class 'org.springframework.boot.autoconfigure.web.WebMvcAutoConfiguration$EnableWebMvcConfiguration'
 2017-11-16 20:33:12.360 DEBUG org.springframework.context.annotation.ConfigurationClassBeanDefinitionReader - Registering bean definition for @Bean method org.springframework.boot.autoconfigure.web.WebMvcAutoConfiguration$EnableWebMvcConfiguration.requestMappingHandlerAdapter()
 2017-11-16 20:33:12.361 DEBUG org.springframework.context.annotation.ConfigurationClassBeanDefinitionReader - Registering bean definition for @Bean method org.springframework.boot.autoconfigure.web.WebMvcAutoConfiguration$EnableWebMvcConfiguration.requestMappingHandlerMapping()
 2017-11-16 20:33:12.363 DEBUG org.springframework.context.annotation.ConfigurationClassBeanDefinitionReader - Registering bean definition for @Bean method org.springframework.boot.autoconfigure.web.WebMvcAutoConfiguration$EnableWebMvcConfiguration.mvcContentNegotiationManager()
 2017-11-16 20:33:12.363 DEBUG org.springframework.context.annotation.ConfigurationClassBeanDefinitionReader - Registering bean definition for @Bean method org.springframework.boot.autoconfigure.web.WebMvcAutoConfiguration$EnableWebMvcConfiguration.mvcPathMatcher()
 2017-11-16 20:33:12.363 DEBUG org.springframework.context.annotation.ConfigurationClassBeanDefinitionReader - Registering bean definition for @Bean method org.springframework.boot.autoconfigure.web.WebMvcAutoConfiguration$EnableWebMvcConfiguration.mvcUrlPathHelper()
 2017-11-16 20:33:12.363 DEBUG org.springframework.context.annotation.ConfigurationClassBeanDefinitionReader - Registering bean definition for @Bean method org.springframework.boot.autoconfigure.web.WebMvcAutoConfiguration$EnableWebMvcConfiguration.viewControllerHandlerMapping()
 2017-11-16 20:33:12.363 DEBUG org.springframework.context.annotation.ConfigurationClassBeanDefinitionReader - Registering bean definition for @Bean method org.springframework.boot.autoconfigure.web.WebMvcAutoConfiguration$EnableWebMvcConfiguration.beanNameHandlerMapping()
 2017-11-16 20:33:12.363 DEBUG org.springframework.context.annotation.ConfigurationClassBeanDefinitionReader - Registering bean definition for @Bean method org.springframework.boot.autoconfigure.web.WebMvcAutoConfiguration$EnableWebMvcConfiguration.resourceHandlerMapping()
 2017-11-16 20:33:12.364 DEBUG org.springframework.context.annotation.ConfigurationClassBeanDefinitionReader - Registering bean definition for @Bean method org.springframework.boot.autoconfigure.web.WebMvcAutoConfiguration$EnableWebMvcConfiguration.mvcResourceUrlProvider()
 2017-11-16 20:33:12.364 DEBUG org.springframework.context.annotation.ConfigurationClassBeanDefinitionReader - Registering bean definition for @Bean method org.springframework.boot.autoconfigure.web.WebMvcAutoConfiguration$EnableWebMvcConfiguration.defaultServletHandlerMapping()
 2017-11-16 20:33:12.364 DEBUG org.springframework.context.annotation.ConfigurationClassBeanDefinitionReader - Registering bean definition for @Bean method org.springframework.boot.autoconfigure.web.WebMvcAutoConfiguration$EnableWebMvcConfiguration.mvcConversionService()
 2017-11-16 20:33:12.364 DEBUG org.springframework.context.annotation.ConfigurationClassBeanDefinitionReader - Registering bean definition for @Bean method org.springframework.boot.autoconfigure.web.WebMvcAutoConfiguration$EnableWebMvcConfiguration.mvcUriComponentsContributor()
 2017-11-16 20:33:12.364 DEBUG org.springframework.context.annotation.ConfigurationClassBeanDefinitionReader - Registering bean definition for @Bean method org.springframework.boot.autoconfigure.web.WebMvcAutoConfiguration$EnableWebMvcConfiguration.httpRequestHandlerAdapter()
 2017-11-16 20:33:12.364 DEBUG org.springframework.context.annotation.ConfigurationClassBeanDefinitionReader - Registering bean definition for @Bean method org.springframework.boot.autoconfigure.web.WebMvcAutoConfiguration$EnableWebMvcConfiguration.simpleControllerHandlerAdapter()
 2017-11-16 20:33:12.364 DEBUG org.springframework.context.annotation.ConfigurationClassBeanDefinitionReader - Registering bean definition for @Bean method org.springframework.boot.autoconfigure.web.WebMvcAutoConfiguration$EnableWebMvcConfiguration.handlerExceptionResolver()
 2017-11-16 20:33:12.364 DEBUG org.springframework.context.annotation.ConfigurationClassBeanDefinitionReader - Registering bean definition for @Bean method org.springframework.boot.autoconfigure.web.WebMvcAutoConfiguration$EnableWebMvcConfiguration.mvcViewResolver()
 2017-11-16 20:33:12.365 DEBUG org.springframework.beans.factory.support.DefaultListableBeanFactory - Returning cached instance of singleton bean 'autoConfigurationReport'
 2017-11-16 20:33:12.365 DEBUG org.springframework.context.annotation.ConfigurationClassBeanDefinitionReader - Registered bean definition for imported class 'org.springframework.boot.autoconfigure.web.WebMvcAutoConfiguration$WebMvcAutoConfigurationAdapter$FaviconConfiguration'
 2017-11-16 20:33:12.366 DEBUG org.springframework.context.annotation.ConfigurationClassBeanDefinitionReader - Registering bean definition for @Bean method org.springframework.boot.autoconfigure.web.WebMvcAutoConfiguration$WebMvcAutoConfigurationAdapter$FaviconConfiguration.faviconHandlerMapping()
 2017-11-16 20:33:12.366 DEBUG org.springframework.context.annotation.ConfigurationClassBeanDefinitionReader - Registering bean definition for @Bean method org.springframework.boot.autoconfigure.web.WebMvcAutoConfiguration$WebMvcAutoConfigurationAdapter$FaviconConfiguration.faviconRequestHandler()
 2017-11-16 20:33:12.368 DEBUG org.springframework.context.annotation.ConfigurationClassBeanDefinitionReader - Registered bean definition for imported class 'org.springframework.boot.autoconfigure.web.WebMvcAutoConfiguration$WebMvcAutoConfigurationAdapter'
 2017-11-16 20:33:12.370 DEBUG org.springframework.beans.factory.support.DefaultListableBeanFactory - Returning cached instance of singleton bean 'org.springframework.boot.autoconfigure.condition.BeanTypeRegistry'
 2017-11-16 20:33:12.429 DEBUG org.springframework.beans.factory.support.DefaultListableBeanFactory - Returning cached instance of singleton bean 'autoConfigurationReport'
 2017-11-16 20:33:12.430 DEBUG org.springframework.context.annotation.ConfigurationClassBeanDefinitionReader - Registering bean definition for @Bean method org.springframework.boot.autoconfigure.web.WebMvcAutoConfiguration$WebMvcAutoConfigurationAdapter.defaultViewResolver()
 2017-11-16 20:33:12.430 DEBUG org.springframework.beans.factory.support.DefaultListableBeanFactory - Returning cached instance of singleton bean 'org.springframework.boot.autoconfigure.condition.BeanTypeRegistry'
 2017-11-16 20:33:12.437 DEBUG org.springframework.beans.factory.support.DefaultListableBeanFactory - Returning cached instance of singleton bean 'org.springframework.boot.autoconfigure.condition.BeanTypeRegistry'
 2017-11-16 20:33:12.438 DEBUG org.springframework.beans.factory.support.DefaultListableBeanFactory - Returning cached instance of singleton bean 'autoConfigurationReport'
 2017-11-16 20:33:12.439 DEBUG org.springframework.beans.factory.support.DefaultListableBeanFactory - Returning cached instance of singleton bean 'org.springframework.boot.autoconfigure.condition.BeanTypeRegistry'
 2017-11-16 20:33:12.442 DEBUG org.springframework.beans.factory.support.DefaultListableBeanFactory - Returning cached instance of singleton bean 'org.springframework.boot.autoconfigure.condition.BeanTypeRegistry'
 2017-11-16 20:33:12.443 DEBUG org.springframework.beans.factory.support.DefaultListableBeanFactory - Returning cached instance of singleton bean 'autoConfigurationReport'
 2017-11-16 20:33:12.444 DEBUG org.springframework.beans.factory.support.DefaultListableBeanFactory - Returning cached instance of singleton bean 'org.springframework.boot.autoconfigure.condition.BeanTypeRegistry'
 2017-11-16 20:33:12.445 DEBUG org.springframework.beans.factory.support.DefaultListableBeanFactory - Returning cached instance of singleton bean 'org.springframework.boot.autoconfigure.condition.BeanTypeRegistry'
 2017-11-16 20:33:12.446 DEBUG org.springframework.beans.factory.support.DefaultListableBeanFactory - Returning cached instance of singleton bean 'autoConfigurationReport'
 2017-11-16 20:33:12.447 DEBUG org.springframework.context.annotation.ConfigurationClassBeanDefinitionReader - Registering bean definition for @Bean method org.springframework.boot.autoconfigure.web.WebMvcAutoConfiguration$WebMvcAutoConfigurationAdapter.viewResolver()
 2017-11-16 20:33:12.449 DEBUG org.springframework.beans.factory.support.DefaultListableBeanFactory - Returning cached instance of singleton bean 'autoConfigurationReport'
 2017-11-16 20:33:12.449 DEBUG org.springframework.beans.factory.support.DefaultListableBeanFactory - Returning cached instance of singleton bean 'autoConfigurationReport'
 2017-11-16 20:33:12.450 DEBUG org.springframework.context.annotation.ConfigurationClassBeanDefinitionReader - Registering bean definition for @Bean method org.springframework.boot.autoconfigure.web.WebMvcAutoConfiguration$WebMvcAutoConfigurationAdapter.welcomePageHandlerMapping()
 2017-11-16 20:33:12.452 DEBUG org.springframework.beans.factory.support.DefaultListableBeanFactory - Returning cached instance of singleton bean 'org.springframework.boot.autoconfigure.condition.BeanTypeRegistry'
 2017-11-16 20:33:12.452 DEBUG org.springframework.beans.factory.support.DefaultListableBeanFactory - Returning cached instance of singleton bean 'org.springframework.boot.autoconfigure.condition.BeanTypeRegistry'
 2017-11-16 20:33:12.453 DEBUG org.springframework.beans.factory.support.DefaultListableBeanFactory - Returning cached instance of singleton bean 'autoConfigurationReport'
 2017-11-16 20:33:12.453 DEBUG org.springframework.context.annotation.ConfigurationClassBeanDefinitionReader - Registering bean definition for @Bean method org.springframework.boot.autoconfigure.web.WebMvcAutoConfiguration$WebMvcAutoConfigurationAdapter.requestContextFilter()
 2017-11-16 20:33:12.459 DEBUG org.springframework.context.annotation.ConfigurationClassBeanDefinitionReader - Registered bean definition for imported class 'org.springframework.boot.autoconfigure.web.WebMvcAutoConfiguration'
 2017-11-16 20:33:12.460 DEBUG org.springframework.beans.factory.support.DefaultListableBeanFactory - Returning cached instance of singleton bean 'org.springframework.boot.autoconfigure.condition.BeanTypeRegistry'
 2017-11-16 20:33:12.460 DEBUG org.springframework.beans.factory.support.DefaultListableBeanFactory - Returning cached instance of singleton bean 'autoConfigurationReport'
 2017-11-16 20:33:12.461 DEBUG org.springframework.context.annotation.ConfigurationClassBeanDefinitionReader - Registering bean definition for @Bean method org.springframework.boot.autoconfigure.web.WebMvcAutoConfiguration.hiddenHttpMethodFilter()
 2017-11-16 20:33:12.461 DEBUG org.springframework.beans.factory.support.DefaultListableBeanFactory - Returning cached instance of singleton bean 'autoConfigurationReport'
 2017-11-16 20:33:12.463 DEBUG org.springframework.beans.factory.support.DefaultListableBeanFactory - Returning cached instance of singleton bean 'org.springframework.boot.autoconfigure.condition.BeanTypeRegistry'
 2017-11-16 20:33:12.466 DEBUG org.springframework.beans.factory.support.DefaultListableBeanFactory - Returning cached instance of singleton bean 'autoConfigurationReport'
 2017-11-16 20:33:12.466 DEBUG org.springframework.context.annotation.ConfigurationClassBeanDefinitionReader - Registering bean definition for @Bean method org.springframework.boot.autoconfigure.web.WebMvcAutoConfiguration.httpPutFormContentFilter()
 2017-11-16 20:33:12.466 DEBUG org.springframework.beans.factory.support.DefaultListableBeanFactory - Returning cached instance of singleton bean 'autoConfigurationReport'
 2017-11-16 20:33:12.467 DEBUG org.springframework.beans.factory.support.DefaultListableBeanFactory - Returning cached instance of singleton bean 'org.springframework.boot.autoconfigure.condition.BeanTypeRegistry'
 2017-11-16 20:33:12.467 DEBUG org.springframework.beans.factory.support.DefaultListableBeanFactory - Returning cached instance of singleton bean 'org.springframework.boot.autoconfigure.condition.BeanTypeRegistry'
 2017-11-16 20:33:12.468 DEBUG org.springframework.beans.factory.support.DefaultListableBeanFactory - Returning cached instance of singleton bean 'autoConfigurationReport'
 2017-11-16 20:33:12.468 DEBUG org.springframework.beans.factory.support.DefaultListableBeanFactory - Returning cached instance of singleton bean 'autoConfigurationReport'
 2017-11-16 20:33:12.468 DEBUG org.springframework.core.env.PropertySourcesPropertyResolver - Found key 'spring.datasource.type' in [applicationConfigurationProperties] with type [String]
 2017-11-16 20:33:12.468 DEBUG org.springframework.beans.factory.support.DefaultListableBeanFactory - Returning cached instance of singleton bean 'autoConfigurationReport'
 2017-11-16 20:33:12.469 DEBUG org.springframework.core.env.PropertySourcesPropertyResolver - Found key 'spring.datasource.type' in [applicationConfigurationProperties] with type [String]
 2017-11-16 20:33:12.469 DEBUG org.springframework.beans.factory.support.DefaultListableBeanFactory - Returning cached instance of singleton bean 'autoConfigurationReport'
 2017-11-16 20:33:12.469 DEBUG org.springframework.beans.factory.support.DefaultListableBeanFactory - Returning cached instance of singleton bean 'org.springframework.boot.autoconfigure.condition.BeanTypeRegistry'
 2017-11-16 20:33:12.470 DEBUG org.springframework.beans.factory.support.DefaultListableBeanFactory - Returning cached instance of singleton bean 'autoConfigurationReport'
 2017-11-16 20:33:12.470 DEBUG org.springframework.context.annotation.ConfigurationClassBeanDefinitionReader - Registered bean definition for imported class 'org.springframework.boot.autoconfigure.jdbc.DataSourceConfiguration$Generic'
 2017-11-16 20:33:12.471 DEBUG org.springframework.context.annotation.ConfigurationClassBeanDefinitionReader - Registering bean definition for @Bean method org.springframework.boot.autoconfigure.jdbc.DataSourceConfiguration$Generic.dataSource()
 2017-11-16 20:33:12.471 DEBUG org.springframework.context.annotation.ConfigurationClassBeanDefinitionReader - Registered bean definition for imported class 'org.springframework.boot.autoconfigure.jdbc.DataSourceConfiguration$Hikari'
 2017-11-16 20:33:12.472 DEBUG org.springframework.context.annotation.ConfigurationClassBeanDefinitionReader - Registering bean definition for @Bean method org.springframework.boot.autoconfigure.jdbc.DataSourceConfiguration$Hikari.dataSource()
 2017-11-16 20:33:12.476 INFO  org.springframework.beans.factory.support.DefaultListableBeanFactory - Overriding bean definition for bean 'dataSource' with a different definition: replacing [Root bean: class [null]; scope=; abstract=false; lazyInit=false; autowireMode=3; dependencyCheck=0; autowireCandidate=true; primary=false; factoryBeanName=org.springframework.boot.autoconfigure.jdbc.DataSourceConfiguration$Generic; factoryMethodName=dataSource; initMethodName=null; destroyMethodName=(inferred); defined in class path resource [org/springframework/boot/autoconfigure/jdbc/DataSourceConfiguration$Generic.class]] with [Root bean: class [null]; scope=; abstract=false; lazyInit=false; autowireMode=3; dependencyCheck=0; autowireCandidate=true; primary=false; factoryBeanName=org.springframework.boot.autoconfigure.jdbc.DataSourceConfiguration$Hikari; factoryMethodName=dataSource; initMethodName=null; destroyMethodName=(inferred); defined in class path resource [org/springframework/boot/autoconfigure/jdbc/DataSourceConfiguration$Hikari.class]]
 2017-11-16 20:33:12.480 DEBUG org.springframework.context.annotation.ConfigurationClassBeanDefinitionReader - Registered bean definition for imported class 'org.springframework.boot.autoconfigure.jdbc.DataSourceAutoConfiguration$PooledDataSourceConfiguration'
 2017-11-16 20:33:12.481 DEBUG org.springframework.beans.factory.support.DefaultListableBeanFactory - Returning cached instance of singleton bean 'autoConfigurationReport'
 2017-11-16 20:33:12.481 DEBUG org.springframework.context.annotation.ConfigurationClassBeanDefinitionReader - Registered bean definition for imported class 'org.springframework.boot.autoconfigure.jdbc.metadata.DataSourcePoolMetadataProvidersConfiguration$HikariPoolDataSourceMetadataProviderConfiguration'
 2017-11-16 20:33:12.481 DEBUG org.springframework.context.annotation.ConfigurationClassBeanDefinitionReader - Registering bean definition for @Bean method org.springframework.boot.autoconfigure.jdbc.metadata.DataSourcePoolMetadataProvidersConfiguration$HikariPoolDataSourceMetadataProviderConfiguration.hikariPoolDataSourceMetadataProvider()
 2017-11-16 20:33:12.481 DEBUG org.springframework.beans.factory.support.DefaultListableBeanFactory - Returning cached instance of singleton bean 'autoConfigurationReport'
 2017-11-16 20:33:12.482 DEBUG org.springframework.context.annotation.ConfigurationClassBeanDefinitionReader - Registered bean definition for imported class 'org.springframework.boot.autoconfigure.jdbc.metadata.DataSourcePoolMetadataProvidersConfiguration$TomcatDataSourcePoolMetadataProviderConfiguration'
 2017-11-16 20:33:12.482 DEBUG org.springframework.context.annotation.ConfigurationClassBeanDefinitionReader - Registering bean definition for @Bean method org.springframework.boot.autoconfigure.jdbc.metadata.DataSourcePoolMetadataProvidersConfiguration$TomcatDataSourcePoolMetadataProviderConfiguration.tomcatPoolDataSourceMetadataProvider()
 2017-11-16 20:33:12.482 DEBUG org.springframework.context.annotation.ConfigurationClassBeanDefinitionReader - Registered bean definition for imported class 'org.springframework.boot.autoconfigure.jdbc.metadata.DataSourcePoolMetadataProvidersConfiguration'
 2017-11-16 20:33:12.482 DEBUG org.springframework.context.annotation.ConfigurationClassBeanDefinitionReader - Registered bean definition for imported class 'org.springframework.boot.autoconfigure.jdbc.DataSourceAutoConfiguration'
 2017-11-16 20:33:12.483 DEBUG org.springframework.beans.factory.support.DefaultListableBeanFactory - Returning cached instance of singleton bean 'org.springframework.boot.autoconfigure.condition.BeanTypeRegistry'
 2017-11-16 20:33:12.488 DEBUG org.springframework.beans.factory.support.DefaultListableBeanFactory - Returning cached instance of singleton bean 'autoConfigurationReport'
 2017-11-16 20:33:12.490 DEBUG org.springframework.context.annotation.ConfigurationClassBeanDefinitionReader - Registering bean definition for @Bean method org.springframework.boot.autoconfigure.jdbc.DataSourceAutoConfiguration.dataSourceInitializer()
 2017-11-16 20:33:12.494 DEBUG org.springframework.beans.factory.support.DefaultListableBeanFactory - Returning cached instance of singleton bean 'autoConfigurationReport'
 2017-11-16 20:33:12.497 DEBUG org.springframework.beans.factory.support.DefaultListableBeanFactory - Returning cached instance of singleton bean 'org.springframework.boot.autoconfigure.condition.BeanTypeRegistry'
 2017-11-16 20:33:12.498 DEBUG org.springframework.beans.factory.support.DefaultListableBeanFactory - Returning cached instance of singleton bean 'autoConfigurationReport'
 2017-11-16 20:33:12.499 DEBUG org.springframework.context.annotation.ConfigurationClassBeanDefinitionReader - Registered bean definition for imported class 'org.springframework.boot.autoconfigure.context.ConfigurationPropertiesAutoConfiguration'
 2017-11-16 20:33:12.499 DEBUG org.springframework.beans.factory.support.DefaultListableBeanFactory - Returning cached instance of singleton bean 'autoConfigurationReport'
 2017-11-16 20:33:12.499 DEBUG org.springframework.context.annotation.ConfigurationClassBeanDefinitionReader - Registered bean definition for imported class 'org.springframework.boot.autoconfigure.dao.PersistenceExceptionTranslationAutoConfiguration'
 2017-11-16 20:33:12.500 DEBUG org.springframework.beans.factory.support.DefaultListableBeanFactory - Returning cached instance of singleton bean 'autoConfigurationReport'
 2017-11-16 20:33:12.500 DEBUG org.springframework.beans.factory.support.DefaultListableBeanFactory - Returning cached instance of singleton bean 'org.springframework.boot.autoconfigure.condition.BeanTypeRegistry'
 2017-11-16 20:33:12.503 DEBUG org.springframework.beans.factory.support.DefaultListableBeanFactory - Returning cached instance of singleton bean 'autoConfigurationReport'
 2017-11-16 20:33:12.504 DEBUG org.springframework.context.annotation.ConfigurationClassBeanDefinitionReader - Registering bean definition for @Bean method org.springframework.boot.autoconfigure.dao.PersistenceExceptionTranslationAutoConfiguration.persistenceExceptionTranslationPostProcessor()
 2017-11-16 20:33:12.505 DEBUG org.springframework.beans.factory.support.DefaultListableBeanFactory - Returning cached instance of singleton bean 'autoConfigurationReport'
 2017-11-16 20:33:12.506 DEBUG org.springframework.beans.factory.support.DefaultListableBeanFactory - Returning cached instance of singleton bean 'autoConfigurationReport'
 2017-11-16 20:33:12.507 DEBUG org.springframework.context.annotation.ConfigurationClassBeanDefinitionReader - Registered bean definition for imported class 'org.springframework.boot.autoconfigure.web.HttpMessageConvertersAutoConfiguration$StringHttpMessageConverterConfiguration'
 2017-11-16 20:33:12.507 DEBUG org.springframework.beans.factory.support.DefaultListableBeanFactory - Returning cached instance of singleton bean 'org.springframework.boot.autoconfigure.condition.BeanTypeRegistry'
 2017-11-16 20:33:12.511 DEBUG org.springframework.beans.factory.support.DefaultListableBeanFactory - Returning cached instance of singleton bean 'autoConfigurationReport'
 2017-11-16 20:33:12.512 DEBUG org.springframework.context.annotation.ConfigurationClassBeanDefinitionReader - Registering bean definition for @Bean method org.springframework.boot.autoconfigure.web.HttpMessageConvertersAutoConfiguration$StringHttpMessageConverterConfiguration.stringHttpMessageConverter()
 2017-11-16 20:33:12.513 DEBUG org.springframework.beans.factory.support.DefaultListableBeanFactory - Returning cached instance of singleton bean 'autoConfigurationReport'
 2017-11-16 20:33:12.514 DEBUG org.springframework.beans.factory.support.DefaultListableBeanFactory - Returning cached instance of singleton bean 'autoConfigurationReport'
 2017-11-16 20:33:12.514 DEBUG org.springframework.beans.factory.support.DefaultListableBeanFactory - Returning cached instance of singleton bean 'org.springframework.boot.autoconfigure.condition.BeanTypeRegistry'
 2017-11-16 20:33:12.515 DEBUG org.springframework.beans.factory.support.DefaultListableBeanFactory - Returning cached instance of singleton bean 'autoConfigurationReport'
 2017-11-16 20:33:12.516 DEBUG org.springframework.context.annotation.ConfigurationClassBeanDefinitionReader - Registered bean definition for imported class 'org.springframework.boot.autoconfigure.web.JacksonHttpMessageConvertersConfiguration$MappingJackson2HttpMessageConverterConfiguration'
 2017-11-16 20:33:12.517 DEBUG org.springframework.beans.factory.support.DefaultListableBeanFactory - Returning cached instance of singleton bean 'org.springframework.boot.autoconfigure.condition.BeanTypeRegistry'
 2017-11-16 20:33:12.523 DEBUG org.springframework.beans.factory.support.DefaultListableBeanFactory - Returning cached instance of singleton bean 'autoConfigurationReport'
 2017-11-16 20:33:12.525 DEBUG org.springframework.context.annotation.ConfigurationClassBeanDefinitionReader - Registering bean definition for @Bean method org.springframework.boot.autoconfigure.web.JacksonHttpMessageConvertersConfiguration$MappingJackson2HttpMessageConverterConfiguration.mappingJackson2HttpMessageConverter()
 2017-11-16 20:33:12.527 DEBUG org.springframework.context.annotation.ConfigurationClassBeanDefinitionReader - Registered bean definition for imported class 'org.springframework.boot.autoconfigure.web.JacksonHttpMessageConvertersConfiguration'
 2017-11-16 20:33:12.529 DEBUG org.springframework.context.annotation.ConfigurationClassBeanDefinitionReader - Registered bean definition for imported class 'org.springframework.boot.autoconfigure.web.HttpMessageConvertersAutoConfiguration'
 2017-11-16 20:33:12.531 DEBUG org.springframework.beans.factory.support.DefaultListableBeanFactory - Returning cached instance of singleton bean 'org.springframework.boot.autoconfigure.condition.BeanTypeRegistry'
 2017-11-16 20:33:12.534 DEBUG org.springframework.beans.factory.support.DefaultListableBeanFactory - Returning cached instance of singleton bean 'autoConfigurationReport'
 2017-11-16 20:33:12.535 DEBUG org.springframework.context.annotation.ConfigurationClassBeanDefinitionReader - Registering bean definition for @Bean method org.springframework.boot.autoconfigure.web.HttpMessageConvertersAutoConfiguration.messageConverters()
 2017-11-16 20:33:12.536 DEBUG org.springframework.beans.factory.support.DefaultListableBeanFactory - Returning cached instance of singleton bean 'autoConfigurationReport'
 2017-11-16 20:33:12.537 DEBUG org.springframework.beans.factory.support.DefaultListableBeanFactory - Returning cached instance of singleton bean 'autoConfigurationReport'
 2017-11-16 20:33:12.538 DEBUG org.springframework.core.env.PropertySourcesPropertyResolver - Found key 'spring.h2.console.enabled' in [applicationConfigurationProperties] with type [Boolean]
 2017-11-16 20:33:12.539 DEBUG org.springframework.beans.factory.support.DefaultListableBeanFactory - Returning cached instance of singleton bean 'autoConfigurationReport'
 2017-11-16 20:33:12.542 DEBUG org.springframework.context.annotation.ConfigurationClassBeanDefinitionReader - Registered bean definition for imported class 'org.springframework.boot.autoconfigure.h2.H2ConsoleAutoConfiguration'
 2017-11-16 20:33:12.543 DEBUG org.springframework.context.annotation.ConfigurationClassBeanDefinitionReader - Registering bean definition for @Bean method org.springframework.boot.autoconfigure.h2.H2ConsoleAutoConfiguration.h2Console()
 2017-11-16 20:33:12.544 DEBUG org.springframework.context.annotation.ConfigurationClassBeanDefinitionReader - Registered bean definition for imported class 'org.springframework.boot.autoconfigure.info.ProjectInfoAutoConfiguration'
 2017-11-16 20:33:12.547 DEBUG org.springframework.beans.factory.support.DefaultListableBeanFactory - Returning cached instance of singleton bean 'autoConfigurationReport'
 2017-11-16 20:33:12.548 DEBUG org.springframework.core.env.PropertySourcesPropertyResolver - Could not find key 'spring.info.build.location:classpath:META-INF/build-info.properties' in any property source
 2017-11-16 20:33:12.548 DEBUG org.springframework.core.env.PropertySourcesPropertyResolver - Could not find key 'spring.info.build.location' in any property source
 2017-11-16 20:33:12.549 DEBUG org.springframework.beans.factory.support.DefaultListableBeanFactory - Returning cached instance of singleton bean 'autoConfigurationReport'
 2017-11-16 20:33:12.550 DEBUG org.springframework.beans.factory.support.DefaultListableBeanFactory - Returning cached instance of singleton bean 'autoConfigurationReport'
 2017-11-16 20:33:12.551 DEBUG org.springframework.beans.factory.support.DefaultListableBeanFactory - Returning cached instance of singleton bean 'org.springframework.boot.autoconfigure.condition.BeanTypeRegistry'
 2017-11-16 20:33:12.554 DEBUG org.springframework.beans.factory.support.DefaultListableBeanFactory - Returning cached instance of singleton bean 'autoConfigurationReport'
 2017-11-16 20:33:12.556 DEBUG org.springframework.context.annotation.ConfigurationClassBeanDefinitionReader - Registered bean definition for imported class 'org.springframework.boot.autoconfigure.jdbc.DataSourceTransactionManagerAutoConfiguration$DataSourceTransactionManagerConfiguration'
 2017-11-16 20:33:12.558 DEBUG org.springframework.beans.factory.support.DefaultListableBeanFactory - Returning cached instance of singleton bean 'org.springframework.boot.autoconfigure.condition.BeanTypeRegistry'
 2017-11-16 20:33:12.562 DEBUG org.springframework.beans.factory.support.DefaultListableBeanFactory - Returning cached instance of singleton bean 'autoConfigurationReport'
 2017-11-16 20:33:12.563 DEBUG org.springframework.context.annotation.ConfigurationClassBeanDefinitionReader - Registering bean definition for @Bean method org.springframework.boot.autoconfigure.jdbc.DataSourceTransactionManagerAutoConfiguration$DataSourceTransactionManagerConfiguration.transactionManager()
 2017-11-16 20:33:12.563 DEBUG org.springframework.context.annotation.ConfigurationClassBeanDefinitionReader - Registered bean definition for imported class 'org.springframework.boot.autoconfigure.jdbc.DataSourceTransactionManagerAutoConfiguration'
 2017-11-16 20:33:12.564 DEBUG org.springframework.beans.factory.support.DefaultListableBeanFactory - Returning cached instance of singleton bean 'autoConfigurationReport'
 2017-11-16 20:33:12.564 DEBUG org.springframework.beans.factory.support.DefaultListableBeanFactory - Returning cached instance of singleton bean 'org.springframework.boot.autoconfigure.condition.BeanTypeRegistry'
 2017-11-16 20:33:12.568 DEBUG org.springframework.beans.factory.support.DefaultListableBeanFactory - Returning cached instance of singleton bean 'autoConfigurationReport'
 2017-11-16 20:33:12.568 DEBUG org.springframework.context.annotation.ConfigurationClassBeanDefinitionReader - Registered bean definition for imported class 'org.springframework.boot.autoconfigure.jdbc.JdbcTemplateAutoConfiguration'
 2017-11-16 20:33:12.569 DEBUG org.springframework.beans.factory.support.DefaultListableBeanFactory - Returning cached instance of singleton bean 'org.springframework.boot.autoconfigure.condition.BeanTypeRegistry'
 2017-11-16 20:33:12.570 DEBUG org.springframework.beans.factory.support.DefaultListableBeanFactory - Returning cached instance of singleton bean 'autoConfigurationReport'
 2017-11-16 20:33:12.570 DEBUG org.springframework.context.annotation.ConfigurationClassBeanDefinitionReader - Registering bean definition for @Bean method org.springframework.boot.autoconfigure.jdbc.JdbcTemplateAutoConfiguration.jdbcTemplate()
 2017-11-16 20:33:12.571 DEBUG org.springframework.beans.factory.support.DefaultListableBeanFactory - Returning cached instance of singleton bean 'org.springframework.boot.autoconfigure.condition.BeanTypeRegistry'
 2017-11-16 20:33:12.574 DEBUG org.springframework.beans.factory.support.DefaultListableBeanFactory - Returning cached instance of singleton bean 'autoConfigurationReport'
 2017-11-16 20:33:12.575 DEBUG org.springframework.context.annotation.ConfigurationClassBeanDefinitionReader - Registering bean definition for @Bean method org.springframework.boot.autoconfigure.jdbc.JdbcTemplateAutoConfiguration.namedParameterJdbcTemplate()
 2017-11-16 20:33:12.575 DEBUG org.springframework.beans.factory.support.DefaultListableBeanFactory - Returning cached instance of singleton bean 'autoConfigurationReport'
 2017-11-16 20:33:12.576 DEBUG org.springframework.beans.factory.support.DefaultListableBeanFactory - Returning cached instance of singleton bean 'org.springframework.boot.autoconfigure.condition.BeanTypeRegistry'
 2017-11-16 20:33:12.576 DEBUG org.springframework.beans.factory.support.DefaultListableBeanFactory - Returning cached instance of singleton bean 'autoConfigurationReport'
 2017-11-16 20:33:12.576 DEBUG org.springframework.beans.factory.support.DefaultListableBeanFactory - Returning cached instance of singleton bean 'org.springframework.boot.autoconfigure.condition.BeanTypeRegistry'
 2017-11-16 20:33:12.576 DEBUG org.springframework.beans.factory.support.DefaultListableBeanFactory - Returning cached instance of singleton bean 'autoConfigurationReport'
 2017-11-16 20:33:12.577 DEBUG org.springframework.context.annotation.ConfigurationClassBeanDefinitionReader - Registered bean definition for imported class 'org.springframework.boot.autoconfigure.jooq.JooqAutoConfiguration$DslContextConfiguration'
 2017-11-16 20:33:12.577 DEBUG org.springframework.context.annotation.ConfigurationClassBeanDefinitionReader - Registering bean definition for @Bean method org.springframework.boot.autoconfigure.jooq.JooqAutoConfiguration$DslContextConfiguration.dslContext()
 2017-11-16 20:33:12.578 DEBUG org.springframework.beans.factory.support.DefaultListableBeanFactory - Returning cached instance of singleton bean 'org.springframework.boot.autoconfigure.condition.BeanTypeRegistry'
 2017-11-16 20:33:12.593 DEBUG org.springframework.beans.factory.support.DefaultListableBeanFactory - Returning cached instance of singleton bean 'autoConfigurationReport'
 2017-11-16 20:33:12.594 DEBUG org.springframework.context.annotation.ConfigurationClassBeanDefinitionReader - Registering bean definition for @Bean method org.springframework.boot.autoconfigure.jooq.JooqAutoConfiguration$DslContextConfiguration.jooqConfiguration()
 2017-11-16 20:33:12.594 DEBUG org.springframework.context.annotation.ConfigurationClassBeanDefinitionReader - Registered bean definition for imported class 'org.springframework.boot.autoconfigure.jooq.JooqAutoConfiguration'
 2017-11-16 20:33:12.596 DEBUG org.springframework.beans.factory.support.DefaultListableBeanFactory - Returning cached instance of singleton bean 'org.springframework.boot.autoconfigure.condition.BeanTypeRegistry'
 2017-11-16 20:33:12.598 DEBUG org.springframework.beans.factory.support.DefaultListableBeanFactory - Returning cached instance of singleton bean 'autoConfigurationReport'
 2017-11-16 20:33:12.599 DEBUG org.springframework.context.annotation.ConfigurationClassBeanDefinitionReader - Registering bean definition for @Bean method org.springframework.boot.autoconfigure.jooq.JooqAutoConfiguration.dataSourceConnectionProvider()
 2017-11-16 20:33:12.599 DEBUG org.springframework.beans.factory.support.DefaultListableBeanFactory - Returning cached instance of singleton bean 'org.springframework.boot.autoconfigure.condition.BeanTypeRegistry'
 2017-11-16 20:33:12.601 DEBUG org.springframework.beans.factory.support.DefaultListableBeanFactory - Returning cached instance of singleton bean 'autoConfigurationReport'
 2017-11-16 20:33:12.602 DEBUG org.springframework.context.annotation.ConfigurationClassBeanDefinitionReader - Registering bean definition for @Bean method org.springframework.boot.autoconfigure.jooq.JooqAutoConfiguration.transactionProvider()
 2017-11-16 20:33:12.602 DEBUG org.springframework.context.annotation.ConfigurationClassBeanDefinitionReader - Registering bean definition for @Bean method org.springframework.boot.autoconfigure.jooq.JooqAutoConfiguration.jooqExceptionTranslatorExecuteListenerProvider()
 2017-11-16 20:33:12.603 DEBUG org.springframework.beans.factory.support.DefaultListableBeanFactory - Returning cached instance of singleton bean 'autoConfigurationReport'
 2017-11-16 20:33:12.603 DEBUG org.springframework.beans.factory.support.DefaultListableBeanFactory - Returning cached instance of singleton bean 'org.springframework.boot.autoconfigure.condition.BeanTypeRegistry'
 2017-11-16 20:33:12.605 DEBUG org.springframework.beans.factory.support.DefaultListableBeanFactory - Returning cached instance of singleton bean 'org.springframework.boot.autoconfigure.condition.BeanTypeRegistry'
 2017-11-16 20:33:12.607 DEBUG org.springframework.beans.factory.support.DefaultListableBeanFactory - Returning cached instance of singleton bean 'autoConfigurationReport'
 2017-11-16 20:33:12.608 DEBUG org.springframework.beans.factory.support.DefaultListableBeanFactory - Returning cached instance of singleton bean 'org.springframework.boot.autoconfigure.condition.BeanTypeRegistry'
 2017-11-16 20:33:12.609 DEBUG org.springframework.beans.factory.support.DefaultListableBeanFactory - Returning cached instance of singleton bean 'org.springframework.boot.autoconfigure.condition.BeanTypeRegistry'
 2017-11-16 20:33:12.609 DEBUG org.springframework.beans.factory.support.DefaultListableBeanFactory - Returning cached instance of singleton bean 'autoConfigurationReport'
 2017-11-16 20:33:12.612 DEBUG org.springframework.beans.factory.support.DefaultListableBeanFactory - Returning cached instance of singleton bean 'autoConfigurationReport'
 2017-11-16 20:33:12.613 DEBUG org.springframework.context.annotation.ConfigurationClassBeanDefinitionReader - Registered bean definition for imported class 'org.springframework.transaction.annotation.ProxyTransactionManagementConfiguration'
 2017-11-16 20:33:12.614 DEBUG org.springframework.context.annotation.ConfigurationClassBeanDefinitionReader - Registering bean definition for @Bean method org.springframework.transaction.annotation.ProxyTransactionManagementConfiguration.org.springframework.transaction.config.internalTransactionAdvisor()
 2017-11-16 20:33:12.615 DEBUG org.springframework.context.annotation.ConfigurationClassBeanDefinitionReader - Registering bean definition for @Bean method org.springframework.transaction.annotation.ProxyTransactionManagementConfiguration.transactionAttributeSource()
 2017-11-16 20:33:12.616 DEBUG org.springframework.context.annotation.ConfigurationClassBeanDefinitionReader - Registering bean definition for @Bean method org.springframework.transaction.annotation.ProxyTransactionManagementConfiguration.transactionInterceptor()
 2017-11-16 20:33:12.616 DEBUG org.springframework.context.annotation.ConfigurationClassBeanDefinitionReader - Registering bean definition for @Bean method org.springframework.transaction.annotation.ProxyTransactionManagementConfiguration.org.springframework.transaction.config.internalTransactionalEventListenerFactory()
 2017-11-16 20:33:12.616 DEBUG org.springframework.context.annotation.ConfigurationClassBeanDefinitionReader - Registered bean definition for imported class 'org.springframework.boot.autoconfigure.transaction.TransactionAutoConfiguration$EnableTransactionManagementConfiguration$CglibAutoProxyConfiguration'
 2017-11-16 20:33:12.623 DEBUG org.springframework.context.annotation.ConfigurationClassBeanDefinitionReader - Registered bean definition for imported class 'org.springframework.boot.autoconfigure.transaction.TransactionAutoConfiguration$EnableTransactionManagementConfiguration'
 2017-11-16 20:33:12.624 DEBUG org.springframework.beans.factory.support.DefaultListableBeanFactory - Returning cached instance of singleton bean 'org.springframework.boot.autoconfigure.condition.BeanTypeRegistry'
 2017-11-16 20:33:12.635 DEBUG org.springframework.beans.factory.support.DefaultListableBeanFactory - Returning cached instance of singleton bean 'autoConfigurationReport'
 2017-11-16 20:33:12.636 DEBUG org.springframework.context.annotation.ConfigurationClassBeanDefinitionReader - Registered bean definition for imported class 'org.springframework.boot.autoconfigure.transaction.TransactionAutoConfiguration$TransactionTemplateConfiguration'
 2017-11-16 20:33:12.638 DEBUG org.springframework.beans.factory.support.DefaultListableBeanFactory - Returning cached instance of singleton bean 'org.springframework.boot.autoconfigure.condition.BeanTypeRegistry'
 2017-11-16 20:33:12.640 DEBUG org.springframework.beans.factory.support.DefaultListableBeanFactory - Returning cached instance of singleton bean 'autoConfigurationReport'
 2017-11-16 20:33:12.640 DEBUG org.springframework.context.annotation.ConfigurationClassBeanDefinitionReader - Registering bean definition for @Bean method org.springframework.boot.autoconfigure.transaction.TransactionAutoConfiguration$TransactionTemplateConfiguration.transactionTemplate()
 2017-11-16 20:33:12.644 DEBUG org.springframework.context.annotation.ConfigurationClassBeanDefinitionReader - Registered bean definition for imported class 'org.springframework.boot.autoconfigure.transaction.TransactionAutoConfiguration'
 2017-11-16 20:33:12.645 DEBUG org.springframework.beans.factory.support.DefaultListableBeanFactory - Returning cached instance of singleton bean 'org.springframework.boot.autoconfigure.condition.BeanTypeRegistry'
 2017-11-16 20:33:12.647 DEBUG org.springframework.beans.factory.support.DefaultListableBeanFactory - Returning cached instance of singleton bean 'autoConfigurationReport'
 2017-11-16 20:33:12.648 DEBUG org.springframework.context.annotation.ConfigurationClassBeanDefinitionReader - Registering bean definition for @Bean method org.springframework.boot.autoconfigure.transaction.TransactionAutoConfiguration.platformTransactionManagerCustomizers()
 2017-11-16 20:33:12.649 DEBUG org.springframework.beans.factory.support.DefaultListableBeanFactory - Returning cached instance of singleton bean 'autoConfigurationReport'
 2017-11-16 20:33:12.650 DEBUG org.springframework.beans.factory.support.DefaultListableBeanFactory - Returning cached instance of singleton bean 'autoConfigurationReport'
 2017-11-16 20:33:12.651 DEBUG org.springframework.core.env.PropertySourcesPropertyResolver - Found key 'spring.http.encoding.enabled' in [applicationConfigurationProperties] with type [Boolean]
 2017-11-16 20:33:12.652 DEBUG org.springframework.beans.factory.support.DefaultListableBeanFactory - Returning cached instance of singleton bean 'autoConfigurationReport'
 2017-11-16 20:33:12.656 DEBUG org.springframework.context.annotation.ConfigurationClassBeanDefinitionReader - Registered bean definition for imported class 'org.springframework.boot.autoconfigure.web.HttpEncodingAutoConfiguration'
 2017-11-16 20:33:12.657 DEBUG org.springframework.beans.factory.support.DefaultListableBeanFactory - Returning cached instance of singleton bean 'org.springframework.boot.autoconfigure.condition.BeanTypeRegistry'
 2017-11-16 20:33:12.665 DEBUG org.springframework.beans.factory.support.DefaultListableBeanFactory - Returning cached instance of singleton bean 'autoConfigurationReport'
 2017-11-16 20:33:12.666 DEBUG org.springframework.context.annotation.ConfigurationClassBeanDefinitionReader - Registering bean definition for @Bean method org.springframework.boot.autoconfigure.web.HttpEncodingAutoConfiguration.characterEncodingFilter()
 2017-11-16 20:33:12.667 DEBUG org.springframework.context.annotation.ConfigurationClassBeanDefinitionReader - Registering bean definition for @Bean method org.springframework.boot.autoconfigure.web.HttpEncodingAutoConfiguration.localeCharsetMappingsCustomizer()
 2017-11-16 20:33:12.667 DEBUG org.springframework.beans.factory.support.DefaultListableBeanFactory - Returning cached instance of singleton bean 'autoConfigurationReport'
 2017-11-16 20:33:12.669 DEBUG org.springframework.beans.factory.support.DefaultListableBeanFactory - Returning cached instance of singleton bean 'autoConfigurationReport'
 2017-11-16 20:33:12.673 DEBUG org.springframework.context.annotation.ConfigurationClassBeanDefinitionReader - Registered bean definition for imported class 'org.springframework.boot.autoconfigure.web.MultipartAutoConfiguration'
 2017-11-16 20:33:12.673 DEBUG org.springframework.beans.factory.support.DefaultListableBeanFactory - Returning cached instance of singleton bean 'org.springframework.boot.autoconfigure.condition.BeanTypeRegistry'
 2017-11-16 20:33:12.682 DEBUG org.springframework.beans.factory.support.DefaultListableBeanFactory - Returning cached instance of singleton bean 'autoConfigurationReport'
 2017-11-16 20:33:12.682 DEBUG org.springframework.context.annotation.ConfigurationClassBeanDefinitionReader - Registering bean definition for @Bean method org.springframework.boot.autoconfigure.web.MultipartAutoConfiguration.multipartConfigElement()
 2017-11-16 20:33:12.683 DEBUG org.springframework.beans.factory.support.DefaultListableBeanFactory - Returning cached instance of singleton bean 'org.springframework.boot.autoconfigure.condition.BeanTypeRegistry'
 2017-11-16 20:33:12.683 DEBUG org.springframework.beans.factory.support.DefaultListableBeanFactory - Returning cached instance of singleton bean 'autoConfigurationReport'
 2017-11-16 20:33:12.684 DEBUG org.springframework.context.annotation.ConfigurationClassBeanDefinitionReader - Registering bean definition for @Bean method org.springframework.boot.autoconfigure.web.MultipartAutoConfiguration.multipartResolver()
 2017-11-16 20:33:12.686 DEBUG org.springframework.beans.factory.support.DefaultListableBeanFactory - Returning cached instance of singleton bean 'autoConfigurationReport'
 2017-11-16 20:33:12.687 DEBUG org.springframework.context.annotation.ConfigurationClassBeanDefinitionReader - Registered bean definition for imported class 'org.springframework.boot.autoconfigure.web.ServerPropertiesAutoConfiguration'
 2017-11-16 20:33:12.692 DEBUG org.springframework.beans.factory.support.DefaultListableBeanFactory - Returning cached instance of singleton bean 'org.springframework.boot.autoconfigure.condition.BeanTypeRegistry'
 2017-11-16 20:33:12.697 DEBUG org.springframework.beans.factory.support.DefaultListableBeanFactory - Returning cached instance of singleton bean 'autoConfigurationReport'
 2017-11-16 20:33:12.698 DEBUG org.springframework.context.annotation.ConfigurationClassBeanDefinitionReader - Registering bean definition for @Bean method org.springframework.boot.autoconfigure.web.ServerPropertiesAutoConfiguration.serverProperties()
 2017-11-16 20:33:12.699 DEBUG org.springframework.context.annotation.ConfigurationClassBeanDefinitionReader - Registering bean definition for @Bean method org.springframework.boot.autoconfigure.web.ServerPropertiesAutoConfiguration.duplicateServerPropertiesDetector()
 2017-11-16 20:33:12.699 DEBUG org.springframework.beans.factory.support.DefaultListableBeanFactory - Returning cached instance of singleton bean 'autoConfigurationReport'
 2017-11-16 20:33:12.700 DEBUG org.springframework.context.annotation.ConfigurationClassBeanDefinitionReader - Registered bean definition for imported class 'org.springframework.boot.autoconfigure.web.WebClientAutoConfiguration$RestTemplateConfiguration'
 2017-11-16 20:33:12.702 DEBUG org.springframework.beans.factory.support.DefaultListableBeanFactory - Returning cached instance of singleton bean 'org.springframework.boot.autoconfigure.condition.BeanTypeRegistry'
 2017-11-16 20:33:12.708 DEBUG org.springframework.beans.factory.support.DefaultListableBeanFactory - Returning cached instance of singleton bean 'autoConfigurationReport'
 2017-11-16 20:33:12.708 DEBUG org.springframework.context.annotation.ConfigurationClassBeanDefinitionReader - Registering bean definition for @Bean method org.springframework.boot.autoconfigure.web.WebClientAutoConfiguration$RestTemplateConfiguration.restTemplateBuilder()
 2017-11-16 20:33:12.708 DEBUG org.springframework.context.annotation.ConfigurationClassBeanDefinitionReader - Registered bean definition for imported class 'org.springframework.boot.autoconfigure.web.WebClientAutoConfiguration'
 2017-11-16 20:33:12.712 DEBUG org.springframework.beans.factory.support.DefaultListableBeanFactory - Returning cached instance of singleton bean 'autoConfigurationReport'
 2017-11-16 20:33:12.713 DEBUG org.springframework.context.annotation.ConfigurationClassBeanDefinitionReader - Registered bean definition for imported class 'org.springframework.boot.devtools.autoconfigure.DevToolsDataSourceAutoConfiguration'
 2017-11-16 20:33:12.713 DEBUG org.springframework.context.annotation.ConfigurationClassBeanDefinitionReader - Registering bean definition for @Bean method org.springframework.boot.devtools.autoconfigure.DevToolsDataSourceAutoConfiguration.inMemoryDatabaseShutdownExecutor()
 2017-11-16 20:33:12.864 DEBUG org.springframework.context.annotation.ConfigurationClassEnhancer - Successfully enhanced test.boot.Example; enhanced class name is: test.boot.Example$$EnhancerBySpringCGLIB$$7bc4eb93
 2017-11-16 20:33:12.864 DEBUG org.springframework.context.annotation.ConfigurationClassPostProcessor - Replacing bean definition 'example' existing class 'test.boot.Example' with enhanced class 'test.boot.Example$$EnhancerBySpringCGLIB$$7bc4eb93'
 2017-11-16 20:33:12.868 DEBUG org.springframework.context.annotation.ConfigurationClassEnhancer - Successfully enhanced org.springframework.boot.autoconfigure.context.PropertyPlaceholderAutoConfiguration; enhanced class name is: org.springframework.boot.autoconfigure.context.PropertyPlaceholderAutoConfiguration$$EnhancerBySpringCGLIB$$d11284fd
 2017-11-16 20:33:12.868 DEBUG org.springframework.context.annotation.ConfigurationClassPostProcessor - Replacing bean definition 'org.springframework.boot.autoconfigure.context.PropertyPlaceholderAutoConfiguration' existing class 'org.springframework.boot.autoconfigure.context.PropertyPlaceholderAutoConfiguration' with enhanced class 'org.springframework.boot.autoconfigure.context.PropertyPlaceholderAutoConfiguration$$EnhancerBySpringCGLIB$$d11284fd'
 2017-11-16 20:33:12.869 DEBUG org.springframework.context.annotation.ConfigurationClassEnhancer - Successfully enhanced org.springframework.boot.autoconfigure.context.PropertyPlaceholderAutoConfiguration; enhanced class name is: org.springframework.boot.autoconfigure.context.PropertyPlaceholderAutoConfiguration$$EnhancerBySpringCGLIB$$d11284fd
 2017-11-16 20:33:12.869 DEBUG org.springframework.context.annotation.ConfigurationClassPostProcessor - Replacing bean definition 'propertySourcesPlaceholderConfigurer' existing class 'org.springframework.boot.autoconfigure.context.PropertyPlaceholderAutoConfiguration' with enhanced class 'org.springframework.boot.autoconfigure.context.PropertyPlaceholderAutoConfiguration$$EnhancerBySpringCGLIB$$d11284fd'
 2017-11-16 20:33:12.874 DEBUG org.springframework.context.annotation.ConfigurationClassEnhancer - Successfully enhanced org.springframework.boot.autoconfigure.jackson.JacksonAutoConfiguration$Jackson2ObjectMapperBuilderCustomizerConfiguration; enhanced class name is: org.springframework.boot.autoconfigure.jackson.JacksonAutoConfiguration$Jackson2ObjectMapperBuilderCustomizerConfiguration$$EnhancerBySpringCGLIB$$99533a5d
 2017-11-16 20:33:12.875 DEBUG org.springframework.context.annotation.ConfigurationClassPostProcessor - Replacing bean definition 'org.springframework.boot.autoconfigure.jackson.JacksonAutoConfiguration$Jackson2ObjectMapperBuilderCustomizerConfiguration' existing class 'org.springframework.boot.autoconfigure.jackson.JacksonAutoConfiguration$Jackson2ObjectMapperBuilderCustomizerConfiguration' with enhanced class 'org.springframework.boot.autoconfigure.jackson.JacksonAutoConfiguration$Jackson2ObjectMapperBuilderCustomizerConfiguration$$EnhancerBySpringCGLIB$$99533a5d'
 2017-11-16 20:33:12.881 DEBUG org.springframework.context.annotation.ConfigurationClassEnhancer - Successfully enhanced org.springframework.boot.autoconfigure.jackson.JacksonAutoConfiguration$JacksonObjectMapperBuilderConfiguration; enhanced class name is: org.springframework.boot.autoconfigure.jackson.JacksonAutoConfiguration$JacksonObjectMapperBuilderConfiguration$$EnhancerBySpringCGLIB$$de3c546e
 2017-11-16 20:33:12.881 DEBUG org.springframework.context.annotation.ConfigurationClassPostProcessor - Replacing bean definition 'org.springframework.boot.autoconfigure.jackson.JacksonAutoConfiguration$JacksonObjectMapperBuilderConfiguration' existing class 'org.springframework.boot.autoconfigure.jackson.JacksonAutoConfiguration$JacksonObjectMapperBuilderConfiguration' with enhanced class 'org.springframework.boot.autoconfigure.jackson.JacksonAutoConfiguration$JacksonObjectMapperBuilderConfiguration$$EnhancerBySpringCGLIB$$de3c546e'
 2017-11-16 20:33:12.891 DEBUG org.springframework.context.annotation.ConfigurationClassEnhancer - Successfully enhanced org.springframework.boot.autoconfigure.jackson.JacksonAutoConfiguration$JacksonObjectMapperConfiguration; enhanced class name is: org.springframework.boot.autoconfigure.jackson.JacksonAutoConfiguration$JacksonObjectMapperConfiguration$$EnhancerBySpringCGLIB$$2bef9255
 2017-11-16 20:33:12.891 DEBUG org.springframework.context.annotation.ConfigurationClassPostProcessor - Replacing bean definition 'org.springframework.boot.autoconfigure.jackson.JacksonAutoConfiguration$JacksonObjectMapperConfiguration' existing class 'org.springframework.boot.autoconfigure.jackson.JacksonAutoConfiguration$JacksonObjectMapperConfiguration' with enhanced class 'org.springframework.boot.autoconfigure.jackson.JacksonAutoConfiguration$JacksonObjectMapperConfiguration$$EnhancerBySpringCGLIB$$2bef9255'
 2017-11-16 20:33:12.895 DEBUG org.springframework.context.annotation.ConfigurationClassEnhancer - Successfully enhanced org.springframework.boot.autoconfigure.jackson.JacksonAutoConfiguration; enhanced class name is: org.springframework.boot.autoconfigure.jackson.JacksonAutoConfiguration$$EnhancerBySpringCGLIB$$dfb2fe4
 2017-11-16 20:33:12.895 DEBUG org.springframework.context.annotation.ConfigurationClassPostProcessor - Replacing bean definition 'org.springframework.boot.autoconfigure.jackson.JacksonAutoConfiguration' existing class 'org.springframework.boot.autoconfigure.jackson.JacksonAutoConfiguration' with enhanced class 'org.springframework.boot.autoconfigure.jackson.JacksonAutoConfiguration$$EnhancerBySpringCGLIB$$dfb2fe4'
 2017-11-16 20:33:12.899 DEBUG org.springframework.context.annotation.ConfigurationClassEnhancer - Successfully enhanced org.springframework.boot.autoconfigure.websocket.WebSocketAutoConfiguration$TomcatWebSocketConfiguration; enhanced class name is: org.springframework.boot.autoconfigure.websocket.WebSocketAutoConfiguration$TomcatWebSocketConfiguration$$EnhancerBySpringCGLIB$$ff2e92ed
 2017-11-16 20:33:12.899 DEBUG org.springframework.context.annotation.ConfigurationClassPostProcessor - Replacing bean definition 'org.springframework.boot.autoconfigure.websocket.WebSocketAutoConfiguration$TomcatWebSocketConfiguration' existing class 'org.springframework.boot.autoconfigure.websocket.WebSocketAutoConfiguration$TomcatWebSocketConfiguration' with enhanced class 'org.springframework.boot.autoconfigure.websocket.WebSocketAutoConfiguration$TomcatWebSocketConfiguration$$EnhancerBySpringCGLIB$$ff2e92ed'
 2017-11-16 20:33:12.901 DEBUG org.springframework.context.annotation.ConfigurationClassEnhancer - Successfully enhanced org.springframework.boot.autoconfigure.websocket.WebSocketAutoConfiguration; enhanced class name is: org.springframework.boot.autoconfigure.websocket.WebSocketAutoConfiguration$$EnhancerBySpringCGLIB$$e30ca71c
 2017-11-16 20:33:12.902 DEBUG org.springframework.context.annotation.ConfigurationClassPostProcessor - Replacing bean definition 'org.springframework.boot.autoconfigure.websocket.WebSocketAutoConfiguration' existing class 'org.springframework.boot.autoconfigure.websocket.WebSocketAutoConfiguration' with enhanced class 'org.springframework.boot.autoconfigure.websocket.WebSocketAutoConfiguration$$EnhancerBySpringCGLIB$$e30ca71c'
 2017-11-16 20:33:12.912 DEBUG org.springframework.context.annotation.ConfigurationClassEnhancer - Successfully enhanced org.springframework.boot.autoconfigure.web.EmbeddedServletContainerAutoConfiguration$EmbeddedTomcat; enhanced class name is: org.springframework.boot.autoconfigure.web.EmbeddedServletContainerAutoConfiguration$EmbeddedTomcat$$EnhancerBySpringCGLIB$$83df55e0
 2017-11-16 20:33:12.913 DEBUG org.springframework.context.annotation.ConfigurationClassPostProcessor - Replacing bean definition 'org.springframework.boot.autoconfigure.web.EmbeddedServletContainerAutoConfiguration$EmbeddedTomcat' existing class 'org.springframework.boot.autoconfigure.web.EmbeddedServletContainerAutoConfiguration$EmbeddedTomcat' with enhanced class 'org.springframework.boot.autoconfigure.web.EmbeddedServletContainerAutoConfiguration$EmbeddedTomcat$$EnhancerBySpringCGLIB$$83df55e0'
 2017-11-16 20:33:12.917 DEBUG org.springframework.context.annotation.ConfigurationClassEnhancer - Successfully enhanced org.springframework.boot.autoconfigure.web.EmbeddedServletContainerAutoConfiguration; enhanced class name is: org.springframework.boot.autoconfigure.web.EmbeddedServletContainerAutoConfiguration$$EnhancerBySpringCGLIB$$3cc8e304
 2017-11-16 20:33:12.917 DEBUG org.springframework.context.annotation.ConfigurationClassPostProcessor - Replacing bean definition 'org.springframework.boot.autoconfigure.web.EmbeddedServletContainerAutoConfiguration' existing class 'org.springframework.boot.autoconfigure.web.EmbeddedServletContainerAutoConfiguration' with enhanced class 'org.springframework.boot.autoconfigure.web.EmbeddedServletContainerAutoConfiguration$$EnhancerBySpringCGLIB$$3cc8e304'
 2017-11-16 20:33:12.931 DEBUG org.springframework.context.annotation.ConfigurationClassEnhancer - Successfully enhanced org.springframework.boot.autoconfigure.web.DispatcherServletAutoConfiguration$DispatcherServletConfiguration; enhanced class name is: org.springframework.boot.autoconfigure.web.DispatcherServletAutoConfiguration$DispatcherServletConfiguration$$EnhancerBySpringCGLIB$$76c1c216
 2017-11-16 20:33:12.932 DEBUG org.springframework.context.annotation.ConfigurationClassPostProcessor - Replacing bean definition 'org.springframework.boot.autoconfigure.web.DispatcherServletAutoConfiguration$DispatcherServletConfiguration' existing class 'org.springframework.boot.autoconfigure.web.DispatcherServletAutoConfiguration$DispatcherServletConfiguration' with enhanced class 'org.springframework.boot.autoconfigure.web.DispatcherServletAutoConfiguration$DispatcherServletConfiguration$$EnhancerBySpringCGLIB$$76c1c216'
 2017-11-16 20:33:12.937 DEBUG org.springframework.context.annotation.ConfigurationClassEnhancer - Successfully enhanced org.springframework.boot.autoconfigure.web.DispatcherServletAutoConfiguration$DispatcherServletRegistrationConfiguration; enhanced class name is: org.springframework.boot.autoconfigure.web.DispatcherServletAutoConfiguration$DispatcherServletRegistrationConfiguration$$EnhancerBySpringCGLIB$$f1b1513d
 2017-11-16 20:33:12.937 DEBUG org.springframework.context.annotation.ConfigurationClassPostProcessor - Replacing bean definition 'org.springframework.boot.autoconfigure.web.DispatcherServletAutoConfiguration$DispatcherServletRegistrationConfiguration' existing class 'org.springframework.boot.autoconfigure.web.DispatcherServletAutoConfiguration$DispatcherServletRegistrationConfiguration' with enhanced class 'org.springframework.boot.autoconfigure.web.DispatcherServletAutoConfiguration$DispatcherServletRegistrationConfiguration$$EnhancerBySpringCGLIB$$f1b1513d'
 2017-11-16 20:33:12.946 DEBUG org.springframework.context.annotation.ConfigurationClassEnhancer - Successfully enhanced org.springframework.boot.autoconfigure.web.DispatcherServletAutoConfiguration; enhanced class name is: org.springframework.boot.autoconfigure.web.DispatcherServletAutoConfiguration$$EnhancerBySpringCGLIB$$c5d05518
 2017-11-16 20:33:12.946 DEBUG org.springframework.context.annotation.ConfigurationClassPostProcessor - Replacing bean definition 'org.springframework.boot.autoconfigure.web.DispatcherServletAutoConfiguration' existing class 'org.springframework.boot.autoconfigure.web.DispatcherServletAutoConfiguration' with enhanced class 'org.springframework.boot.autoconfigure.web.DispatcherServletAutoConfiguration$$EnhancerBySpringCGLIB$$c5d05518'
 2017-11-16 20:33:12.950 DEBUG org.springframework.context.annotation.ConfigurationClassEnhancer - Successfully enhanced org.springframework.boot.autoconfigure.validation.DefaultValidatorConfiguration; enhanced class name is: org.springframework.boot.autoconfigure.validation.DefaultValidatorConfiguration$$EnhancerBySpringCGLIB$$6ec73fc5
 2017-11-16 20:33:12.950 DEBUG org.springframework.context.annotation.ConfigurationClassPostProcessor - Replacing bean definition 'org.springframework.boot.autoconfigure.validation.DefaultValidatorConfiguration' existing class 'org.springframework.boot.autoconfigure.validation.DefaultValidatorConfiguration' with enhanced class 'org.springframework.boot.autoconfigure.validation.DefaultValidatorConfiguration$$EnhancerBySpringCGLIB$$6ec73fc5'
 2017-11-16 20:33:12.951 DEBUG org.springframework.context.annotation.ConfigurationClassEnhancer - Successfully enhanced org.springframework.boot.autoconfigure.validation.DefaultValidatorConfiguration; enhanced class name is: org.springframework.boot.autoconfigure.validation.DefaultValidatorConfiguration$$EnhancerBySpringCGLIB$$6ec73fc5
 2017-11-16 20:33:12.951 DEBUG org.springframework.context.annotation.ConfigurationClassPostProcessor - Replacing bean definition 'defaultValidator' existing class 'org.springframework.boot.autoconfigure.validation.DefaultValidatorConfiguration' with enhanced class 'org.springframework.boot.autoconfigure.validation.DefaultValidatorConfiguration$$EnhancerBySpringCGLIB$$6ec73fc5'
 2017-11-16 20:33:12.962 DEBUG org.springframework.context.annotation.ConfigurationClassEnhancer - Successfully enhanced org.springframework.boot.autoconfigure.validation.Jsr303ValidatorAdapterConfiguration; enhanced class name is: org.springframework.boot.autoconfigure.validation.Jsr303ValidatorAdapterConfiguration$$EnhancerBySpringCGLIB$$803e34cc
 2017-11-16 20:33:12.962 DEBUG org.springframework.context.annotation.ConfigurationClassPostProcessor - Replacing bean definition 'org.springframework.boot.autoconfigure.validation.Jsr303ValidatorAdapterConfiguration' existing class 'org.springframework.boot.autoconfigure.validation.Jsr303ValidatorAdapterConfiguration' with enhanced class 'org.springframework.boot.autoconfigure.validation.Jsr303ValidatorAdapterConfiguration$$EnhancerBySpringCGLIB$$803e34cc'
 2017-11-16 20:33:12.965 DEBUG org.springframework.context.annotation.ConfigurationClassEnhancer - Successfully enhanced org.springframework.boot.autoconfigure.validation.ValidationAutoConfiguration; enhanced class name is: org.springframework.boot.autoconfigure.validation.ValidationAutoConfiguration$$EnhancerBySpringCGLIB$$415ba34e
 2017-11-16 20:33:12.966 DEBUG org.springframework.context.annotation.ConfigurationClassPostProcessor - Replacing bean definition 'org.springframework.boot.autoconfigure.validation.ValidationAutoConfiguration' existing class 'org.springframework.boot.autoconfigure.validation.ValidationAutoConfiguration' with enhanced class 'org.springframework.boot.autoconfigure.validation.ValidationAutoConfiguration$$EnhancerBySpringCGLIB$$415ba34e'
 2017-11-16 20:33:12.966 DEBUG org.springframework.context.annotation.ConfigurationClassEnhancer - Successfully enhanced org.springframework.boot.autoconfigure.validation.ValidationAutoConfiguration; enhanced class name is: org.springframework.boot.autoconfigure.validation.ValidationAutoConfiguration$$EnhancerBySpringCGLIB$$415ba34e
 2017-11-16 20:33:12.966 DEBUG org.springframework.context.annotation.ConfigurationClassPostProcessor - Replacing bean definition 'methodValidationPostProcessor' existing class 'org.springframework.boot.autoconfigure.validation.ValidationAutoConfiguration' with enhanced class 'org.springframework.boot.autoconfigure.validation.ValidationAutoConfiguration$$EnhancerBySpringCGLIB$$415ba34e'
 2017-11-16 20:33:12.968 DEBUG org.springframework.context.annotation.ConfigurationClassEnhancer - Successfully enhanced org.springframework.boot.autoconfigure.web.ErrorMvcAutoConfiguration$WhitelabelErrorViewConfiguration; enhanced class name is: org.springframework.boot.autoconfigure.web.ErrorMvcAutoConfiguration$WhitelabelErrorViewConfiguration$$EnhancerBySpringCGLIB$$16a38432
 2017-11-16 20:33:12.969 DEBUG org.springframework.context.annotation.ConfigurationClassPostProcessor - Replacing bean definition 'org.springframework.boot.autoconfigure.web.ErrorMvcAutoConfiguration$WhitelabelErrorViewConfiguration' existing class 'org.springframework.boot.autoconfigure.web.ErrorMvcAutoConfiguration$WhitelabelErrorViewConfiguration' with enhanced class 'org.springframework.boot.autoconfigure.web.ErrorMvcAutoConfiguration$WhitelabelErrorViewConfiguration$$EnhancerBySpringCGLIB$$16a38432'
 2017-11-16 20:33:12.973 DEBUG org.springframework.context.annotation.ConfigurationClassEnhancer - Successfully enhanced org.springframework.boot.autoconfigure.web.ErrorMvcAutoConfiguration$DefaultErrorViewResolverConfiguration; enhanced class name is: org.springframework.boot.autoconfigure.web.ErrorMvcAutoConfiguration$DefaultErrorViewResolverConfiguration$$EnhancerBySpringCGLIB$$92f42618
 2017-11-16 20:33:12.973 DEBUG org.springframework.context.annotation.ConfigurationClassPostProcessor - Replacing bean definition 'org.springframework.boot.autoconfigure.web.ErrorMvcAutoConfiguration$DefaultErrorViewResolverConfiguration' existing class 'org.springframework.boot.autoconfigure.web.ErrorMvcAutoConfiguration$DefaultErrorViewResolverConfiguration' with enhanced class 'org.springframework.boot.autoconfigure.web.ErrorMvcAutoConfiguration$DefaultErrorViewResolverConfiguration$$EnhancerBySpringCGLIB$$92f42618'
 2017-11-16 20:33:12.984 DEBUG org.springframework.context.annotation.ConfigurationClassEnhancer - Successfully enhanced org.springframework.boot.autoconfigure.web.ErrorMvcAutoConfiguration; enhanced class name is: org.springframework.boot.autoconfigure.web.ErrorMvcAutoConfiguration$$EnhancerBySpringCGLIB$$86571cb8
 2017-11-16 20:33:12.984 DEBUG org.springframework.context.annotation.ConfigurationClassPostProcessor - Replacing bean definition 'org.springframework.boot.autoconfigure.web.ErrorMvcAutoConfiguration' existing class 'org.springframework.boot.autoconfigure.web.ErrorMvcAutoConfiguration' with enhanced class 'org.springframework.boot.autoconfigure.web.ErrorMvcAutoConfiguration$$EnhancerBySpringCGLIB$$86571cb8'
 2017-11-16 20:33:12.984 DEBUG org.springframework.context.annotation.ConfigurationClassEnhancer - Successfully enhanced org.springframework.boot.autoconfigure.web.ErrorMvcAutoConfiguration; enhanced class name is: org.springframework.boot.autoconfigure.web.ErrorMvcAutoConfiguration$$EnhancerBySpringCGLIB$$86571cb8
 2017-11-16 20:33:12.984 DEBUG org.springframework.context.annotation.ConfigurationClassPostProcessor - Replacing bean definition 'preserveErrorControllerTargetClassPostProcessor' existing class 'org.springframework.boot.autoconfigure.web.ErrorMvcAutoConfiguration' with enhanced class 'org.springframework.boot.autoconfigure.web.ErrorMvcAutoConfiguration$$EnhancerBySpringCGLIB$$86571cb8'
 2017-11-16 20:33:13.002 DEBUG org.springframework.context.annotation.ConfigurationClassEnhancer - Successfully enhanced org.springframework.boot.autoconfigure.web.WebMvcAutoConfiguration$EnableWebMvcConfiguration; enhanced class name is: org.springframework.boot.autoconfigure.web.WebMvcAutoConfiguration$EnableWebMvcConfiguration$$EnhancerBySpringCGLIB$$2789b4cd
 2017-11-16 20:33:13.002 DEBUG org.springframework.context.annotation.ConfigurationClassPostProcessor - Replacing bean definition 'org.springframework.boot.autoconfigure.web.WebMvcAutoConfiguration$EnableWebMvcConfiguration' existing class 'org.springframework.boot.autoconfigure.web.WebMvcAutoConfiguration$EnableWebMvcConfiguration' with enhanced class 'org.springframework.boot.autoconfigure.web.WebMvcAutoConfiguration$EnableWebMvcConfiguration$$EnhancerBySpringCGLIB$$2789b4cd'
 2017-11-16 20:33:13.011 DEBUG org.springframework.context.annotation.ConfigurationClassEnhancer - Successfully enhanced org.springframework.boot.autoconfigure.web.WebMvcAutoConfiguration$WebMvcAutoConfigurationAdapter$FaviconConfiguration; enhanced class name is: org.springframework.boot.autoconfigure.web.WebMvcAutoConfiguration$WebMvcAutoConfigurationAdapter$FaviconConfiguration$$EnhancerBySpringCGLIB$$8793eb8
 2017-11-16 20:33:13.012 DEBUG org.springframework.context.annotation.ConfigurationClassPostProcessor - Replacing bean definition 'org.springframework.boot.autoconfigure.web.WebMvcAutoConfiguration$WebMvcAutoConfigurationAdapter$FaviconConfiguration' existing class 'org.springframework.boot.autoconfigure.web.WebMvcAutoConfiguration$WebMvcAutoConfigurationAdapter$FaviconConfiguration' with enhanced class 'org.springframework.boot.autoconfigure.web.WebMvcAutoConfiguration$WebMvcAutoConfigurationAdapter$FaviconConfiguration$$EnhancerBySpringCGLIB$$8793eb8'
 2017-11-16 20:33:13.036 DEBUG org.springframework.context.annotation.ConfigurationClassEnhancer - Successfully enhanced org.springframework.boot.autoconfigure.web.WebMvcAutoConfiguration$WebMvcAutoConfigurationAdapter; enhanced class name is: org.springframework.boot.autoconfigure.web.WebMvcAutoConfiguration$WebMvcAutoConfigurationAdapter$$EnhancerBySpringCGLIB$$bb5f6a40
 2017-11-16 20:33:13.037 DEBUG org.springframework.context.annotation.ConfigurationClassPostProcessor - Replacing bean definition 'org.springframework.boot.autoconfigure.web.WebMvcAutoConfiguration$WebMvcAutoConfigurationAdapter' existing class 'org.springframework.boot.autoconfigure.web.WebMvcAutoConfiguration$WebMvcAutoConfigurationAdapter' with enhanced class 'org.springframework.boot.autoconfigure.web.WebMvcAutoConfiguration$WebMvcAutoConfigurationAdapter$$EnhancerBySpringCGLIB$$bb5f6a40'
 2017-11-16 20:33:13.037 DEBUG org.springframework.context.annotation.ConfigurationClassEnhancer - Successfully enhanced org.springframework.boot.autoconfigure.web.WebMvcAutoConfiguration$WebMvcAutoConfigurationAdapter; enhanced class name is: org.springframework.boot.autoconfigure.web.WebMvcAutoConfiguration$WebMvcAutoConfigurationAdapter$$EnhancerBySpringCGLIB$$bb5f6a40
 2017-11-16 20:33:13.038 DEBUG org.springframework.context.annotation.ConfigurationClassPostProcessor - Replacing bean definition 'requestContextFilter' existing class 'org.springframework.boot.autoconfigure.web.WebMvcAutoConfiguration$WebMvcAutoConfigurationAdapter' with enhanced class 'org.springframework.boot.autoconfigure.web.WebMvcAutoConfiguration$WebMvcAutoConfigurationAdapter$$EnhancerBySpringCGLIB$$bb5f6a40'
 2017-11-16 20:33:13.053 DEBUG org.springframework.context.annotation.ConfigurationClassEnhancer - Successfully enhanced org.springframework.boot.autoconfigure.web.WebMvcAutoConfiguration; enhanced class name is: org.springframework.boot.autoconfigure.web.WebMvcAutoConfiguration$$EnhancerBySpringCGLIB$$3f98fc04
 2017-11-16 20:33:13.055 DEBUG org.springframework.context.annotation.ConfigurationClassPostProcessor - Replacing bean definition 'org.springframework.boot.autoconfigure.web.WebMvcAutoConfiguration' existing class 'org.springframework.boot.autoconfigure.web.WebMvcAutoConfiguration' with enhanced class 'org.springframework.boot.autoconfigure.web.WebMvcAutoConfiguration$$EnhancerBySpringCGLIB$$3f98fc04'
 2017-11-16 20:33:13.061 DEBUG org.springframework.context.annotation.ConfigurationClassEnhancer - Successfully enhanced org.springframework.boot.autoconfigure.jdbc.DataSourceAutoConfiguration$PooledDataSourceConfiguration; enhanced class name is: org.springframework.boot.autoconfigure.jdbc.DataSourceAutoConfiguration$PooledDataSourceConfiguration$$EnhancerBySpringCGLIB$$4f0003b6
 2017-11-16 20:33:13.061 DEBUG org.springframework.context.annotation.ConfigurationClassPostProcessor - Replacing bean definition 'org.springframework.boot.autoconfigure.jdbc.DataSourceAutoConfiguration$PooledDataSourceConfiguration' existing class 'org.springframework.boot.autoconfigure.jdbc.DataSourceAutoConfiguration$PooledDataSourceConfiguration' with enhanced class 'org.springframework.boot.autoconfigure.jdbc.DataSourceAutoConfiguration$PooledDataSourceConfiguration$$EnhancerBySpringCGLIB$$4f0003b6'
 2017-11-16 20:33:13.067 DEBUG org.springframework.context.annotation.ConfigurationClassEnhancer - Successfully enhanced org.springframework.boot.autoconfigure.jdbc.metadata.DataSourcePoolMetadataProvidersConfiguration$HikariPoolDataSourceMetadataProviderConfiguration; enhanced class name is: org.springframework.boot.autoconfigure.jdbc.metadata.DataSourcePoolMetadataProvidersConfiguration$HikariPoolDataSourceMetadataProviderConfiguration$$EnhancerBySpringCGLIB$$30b33aa8
 2017-11-16 20:33:13.067 DEBUG org.springframework.context.annotation.ConfigurationClassPostProcessor - Replacing bean definition 'org.springframework.boot.autoconfigure.jdbc.metadata.DataSourcePoolMetadataProvidersConfiguration$HikariPoolDataSourceMetadataProviderConfiguration' existing class 'org.springframework.boot.autoconfigure.jdbc.metadata.DataSourcePoolMetadataProvidersConfiguration$HikariPoolDataSourceMetadataProviderConfiguration' with enhanced class 'org.springframework.boot.autoconfigure.jdbc.metadata.DataSourcePoolMetadataProvidersConfiguration$HikariPoolDataSourceMetadataProviderConfiguration$$EnhancerBySpringCGLIB$$30b33aa8'
 2017-11-16 20:33:13.072 DEBUG org.springframework.context.annotation.ConfigurationClassEnhancer - Successfully enhanced org.springframework.boot.autoconfigure.jdbc.metadata.DataSourcePoolMetadataProvidersConfiguration$TomcatDataSourcePoolMetadataProviderConfiguration; enhanced class name is: org.springframework.boot.autoconfigure.jdbc.metadata.DataSourcePoolMetadataProvidersConfiguration$TomcatDataSourcePoolMetadataProviderConfiguration$$EnhancerBySpringCGLIB$$2fc200f2
 2017-11-16 20:33:13.073 DEBUG org.springframework.context.annotation.ConfigurationClassPostProcessor - Replacing bean definition 'org.springframework.boot.autoconfigure.jdbc.metadata.DataSourcePoolMetadataProvidersConfiguration$TomcatDataSourcePoolMetadataProviderConfiguration' existing class 'org.springframework.boot.autoconfigure.jdbc.metadata.DataSourcePoolMetadataProvidersConfiguration$TomcatDataSourcePoolMetadataProviderConfiguration' with enhanced class 'org.springframework.boot.autoconfigure.jdbc.metadata.DataSourcePoolMetadataProvidersConfiguration$TomcatDataSourcePoolMetadataProviderConfiguration$$EnhancerBySpringCGLIB$$2fc200f2'
 2017-11-16 20:33:13.077 DEBUG org.springframework.context.annotation.ConfigurationClassEnhancer - Successfully enhanced org.springframework.boot.autoconfigure.jdbc.metadata.DataSourcePoolMetadataProvidersConfiguration; enhanced class name is: org.springframework.boot.autoconfigure.jdbc.metadata.DataSourcePoolMetadataProvidersConfiguration$$EnhancerBySpringCGLIB$$ad4cfb05
 2017-11-16 20:33:13.077 DEBUG org.springframework.context.annotation.ConfigurationClassPostProcessor - Replacing bean definition 'org.springframework.boot.autoconfigure.jdbc.metadata.DataSourcePoolMetadataProvidersConfiguration' existing class 'org.springframework.boot.autoconfigure.jdbc.metadata.DataSourcePoolMetadataProvidersConfiguration' with enhanced class 'org.springframework.boot.autoconfigure.jdbc.metadata.DataSourcePoolMetadataProvidersConfiguration$$EnhancerBySpringCGLIB$$ad4cfb05'
 2017-11-16 20:33:13.082 DEBUG org.springframework.context.annotation.ConfigurationClassEnhancer - Successfully enhanced org.springframework.boot.autoconfigure.jdbc.DataSourceAutoConfiguration; enhanced class name is: org.springframework.boot.autoconfigure.jdbc.DataSourceAutoConfiguration$$EnhancerBySpringCGLIB$$b24fb624
 2017-11-16 20:33:13.082 DEBUG org.springframework.context.annotation.ConfigurationClassPostProcessor - Replacing bean definition 'org.springframework.boot.autoconfigure.jdbc.DataSourceAutoConfiguration' existing class 'org.springframework.boot.autoconfigure.jdbc.DataSourceAutoConfiguration' with enhanced class 'org.springframework.boot.autoconfigure.jdbc.DataSourceAutoConfiguration$$EnhancerBySpringCGLIB$$b24fb624'
 2017-11-16 20:33:13.090 DEBUG org.springframework.context.annotation.ConfigurationClassEnhancer - Successfully enhanced org.springframework.boot.autoconfigure.context.ConfigurationPropertiesAutoConfiguration; enhanced class name is: org.springframework.boot.autoconfigure.context.ConfigurationPropertiesAutoConfiguration$$EnhancerBySpringCGLIB$$bfe59e12
 2017-11-16 20:33:13.092 DEBUG org.springframework.context.annotation.ConfigurationClassPostProcessor - Replacing bean definition 'org.springframework.boot.autoconfigure.context.ConfigurationPropertiesAutoConfiguration' existing class 'org.springframework.boot.autoconfigure.context.ConfigurationPropertiesAutoConfiguration' with enhanced class 'org.springframework.boot.autoconfigure.context.ConfigurationPropertiesAutoConfiguration$$EnhancerBySpringCGLIB$$bfe59e12'
 2017-11-16 20:33:13.098 DEBUG org.springframework.context.annotation.ConfigurationClassEnhancer - Successfully enhanced org.springframework.boot.autoconfigure.web.HttpMessageConvertersAutoConfiguration$StringHttpMessageConverterConfiguration; enhanced class name is: org.springframework.boot.autoconfigure.web.HttpMessageConvertersAutoConfiguration$StringHttpMessageConverterConfiguration$$EnhancerBySpringCGLIB$$1d8a3bc4
 2017-11-16 20:33:13.098 DEBUG org.springframework.context.annotation.ConfigurationClassPostProcessor - Replacing bean definition 'org.springframework.boot.autoconfigure.web.HttpMessageConvertersAutoConfiguration$StringHttpMessageConverterConfiguration' existing class 'org.springframework.boot.autoconfigure.web.HttpMessageConvertersAutoConfiguration$StringHttpMessageConverterConfiguration' with enhanced class 'org.springframework.boot.autoconfigure.web.HttpMessageConvertersAutoConfiguration$StringHttpMessageConverterConfiguration$$EnhancerBySpringCGLIB$$1d8a3bc4'
 2017-11-16 20:33:13.102 DEBUG org.springframework.context.annotation.ConfigurationClassEnhancer - Successfully enhanced org.springframework.boot.autoconfigure.web.JacksonHttpMessageConvertersConfiguration$MappingJackson2HttpMessageConverterConfiguration; enhanced class name is: org.springframework.boot.autoconfigure.web.JacksonHttpMessageConvertersConfiguration$MappingJackson2HttpMessageConverterConfiguration$$EnhancerBySpringCGLIB$$ab9865c4
 2017-11-16 20:33:13.103 DEBUG org.springframework.context.annotation.ConfigurationClassPostProcessor - Replacing bean definition 'org.springframework.boot.autoconfigure.web.JacksonHttpMessageConvertersConfiguration$MappingJackson2HttpMessageConverterConfiguration' existing class 'org.springframework.boot.autoconfigure.web.JacksonHttpMessageConvertersConfiguration$MappingJackson2HttpMessageConverterConfiguration' with enhanced class 'org.springframework.boot.autoconfigure.web.JacksonHttpMessageConvertersConfiguration$MappingJackson2HttpMessageConverterConfiguration$$EnhancerBySpringCGLIB$$ab9865c4'
 2017-11-16 20:33:13.108 DEBUG org.springframework.context.annotation.ConfigurationClassEnhancer - Successfully enhanced org.springframework.boot.autoconfigure.web.JacksonHttpMessageConvertersConfiguration; enhanced class name is: org.springframework.boot.autoconfigure.web.JacksonHttpMessageConvertersConfiguration$$EnhancerBySpringCGLIB$$3e85fe3a
 2017-11-16 20:33:13.109 DEBUG org.springframework.context.annotation.ConfigurationClassPostProcessor - Replacing bean definition 'org.springframework.boot.autoconfigure.web.JacksonHttpMessageConvertersConfiguration' existing class 'org.springframework.boot.autoconfigure.web.JacksonHttpMessageConvertersConfiguration' with enhanced class 'org.springframework.boot.autoconfigure.web.JacksonHttpMessageConvertersConfiguration$$EnhancerBySpringCGLIB$$3e85fe3a'
 2017-11-16 20:33:13.122 DEBUG org.springframework.context.annotation.ConfigurationClassEnhancer - Successfully enhanced org.springframework.boot.autoconfigure.web.HttpMessageConvertersAutoConfiguration; enhanced class name is: org.springframework.boot.autoconfigure.web.HttpMessageConvertersAutoConfiguration$$EnhancerBySpringCGLIB$$61143124
 2017-11-16 20:33:13.123 DEBUG org.springframework.context.annotation.ConfigurationClassPostProcessor - Replacing bean definition 'org.springframework.boot.autoconfigure.web.HttpMessageConvertersAutoConfiguration' existing class 'org.springframework.boot.autoconfigure.web.HttpMessageConvertersAutoConfiguration' with enhanced class 'org.springframework.boot.autoconfigure.web.HttpMessageConvertersAutoConfiguration$$EnhancerBySpringCGLIB$$61143124'
 2017-11-16 20:33:13.125 DEBUG org.springframework.context.annotation.ConfigurationClassEnhancer - Successfully enhanced org.springframework.boot.autoconfigure.h2.H2ConsoleAutoConfiguration; enhanced class name is: org.springframework.boot.autoconfigure.h2.H2ConsoleAutoConfiguration$$EnhancerBySpringCGLIB$$9ff498fb
 2017-11-16 20:33:13.125 DEBUG org.springframework.context.annotation.ConfigurationClassPostProcessor - Replacing bean definition 'org.springframework.boot.autoconfigure.h2.H2ConsoleAutoConfiguration' existing class 'org.springframework.boot.autoconfigure.h2.H2ConsoleAutoConfiguration' with enhanced class 'org.springframework.boot.autoconfigure.h2.H2ConsoleAutoConfiguration$$EnhancerBySpringCGLIB$$9ff498fb'
 2017-11-16 20:33:13.136 DEBUG org.springframework.context.annotation.ConfigurationClassEnhancer - Successfully enhanced org.springframework.boot.autoconfigure.info.ProjectInfoAutoConfiguration; enhanced class name is: org.springframework.boot.autoconfigure.info.ProjectInfoAutoConfiguration$$EnhancerBySpringCGLIB$$c561fdd
 2017-11-16 20:33:13.136 DEBUG org.springframework.context.annotation.ConfigurationClassPostProcessor - Replacing bean definition 'org.springframework.boot.autoconfigure.info.ProjectInfoAutoConfiguration' existing class 'org.springframework.boot.autoconfigure.info.ProjectInfoAutoConfiguration' with enhanced class 'org.springframework.boot.autoconfigure.info.ProjectInfoAutoConfiguration$$EnhancerBySpringCGLIB$$c561fdd'
 2017-11-16 20:33:13.151 DEBUG org.springframework.context.annotation.ConfigurationClassEnhancer - Successfully enhanced org.springframework.boot.autoconfigure.jdbc.DataSourceTransactionManagerAutoConfiguration$DataSourceTransactionManagerConfiguration; enhanced class name is: org.springframework.boot.autoconfigure.jdbc.DataSourceTransactionManagerAutoConfiguration$DataSourceTransactionManagerConfiguration$$EnhancerBySpringCGLIB$$7d5cab33
 2017-11-16 20:33:13.151 DEBUG org.springframework.context.annotation.ConfigurationClassPostProcessor - Replacing bean definition 'org.springframework.boot.autoconfigure.jdbc.DataSourceTransactionManagerAutoConfiguration$DataSourceTransactionManagerConfiguration' existing class 'org.springframework.boot.autoconfigure.jdbc.DataSourceTransactionManagerAutoConfiguration$DataSourceTransactionManagerConfiguration' with enhanced class 'org.springframework.boot.autoconfigure.jdbc.DataSourceTransactionManagerAutoConfiguration$DataSourceTransactionManagerConfiguration$$EnhancerBySpringCGLIB$$7d5cab33'
 2017-11-16 20:33:13.156 DEBUG org.springframework.context.annotation.ConfigurationClassEnhancer - Successfully enhanced org.springframework.boot.autoconfigure.jdbc.DataSourceTransactionManagerAutoConfiguration; enhanced class name is: org.springframework.boot.autoconfigure.jdbc.DataSourceTransactionManagerAutoConfiguration$$EnhancerBySpringCGLIB$$e1330315
 2017-11-16 20:33:13.156 DEBUG org.springframework.context.annotation.ConfigurationClassPostProcessor - Replacing bean definition 'org.springframework.boot.autoconfigure.jdbc.DataSourceTransactionManagerAutoConfiguration' existing class 'org.springframework.boot.autoconfigure.jdbc.DataSourceTransactionManagerAutoConfiguration' with enhanced class 'org.springframework.boot.autoconfigure.jdbc.DataSourceTransactionManagerAutoConfiguration$$EnhancerBySpringCGLIB$$e1330315'
 2017-11-16 20:33:13.171 DEBUG org.springframework.context.annotation.ConfigurationClassEnhancer - Successfully enhanced org.springframework.boot.autoconfigure.jdbc.JdbcTemplateAutoConfiguration; enhanced class name is: org.springframework.boot.autoconfigure.jdbc.JdbcTemplateAutoConfiguration$$EnhancerBySpringCGLIB$$f04047b4
 2017-11-16 20:33:13.172 DEBUG org.springframework.context.annotation.ConfigurationClassPostProcessor - Replacing bean definition 'org.springframework.boot.autoconfigure.jdbc.JdbcTemplateAutoConfiguration' existing class 'org.springframework.boot.autoconfigure.jdbc.JdbcTemplateAutoConfiguration' with enhanced class 'org.springframework.boot.autoconfigure.jdbc.JdbcTemplateAutoConfiguration$$EnhancerBySpringCGLIB$$f04047b4'
 2017-11-16 20:33:13.180 DEBUG org.springframework.context.annotation.ConfigurationClassEnhancer - Successfully enhanced org.springframework.boot.autoconfigure.jooq.JooqAutoConfiguration$DslContextConfiguration; enhanced class name is: org.springframework.boot.autoconfigure.jooq.JooqAutoConfiguration$DslContextConfiguration$$EnhancerBySpringCGLIB$$5a8b85ee
 2017-11-16 20:33:13.181 DEBUG org.springframework.context.annotation.ConfigurationClassPostProcessor - Replacing bean definition 'org.springframework.boot.autoconfigure.jooq.JooqAutoConfiguration$DslContextConfiguration' existing class 'org.springframework.boot.autoconfigure.jooq.JooqAutoConfiguration$DslContextConfiguration' with enhanced class 'org.springframework.boot.autoconfigure.jooq.JooqAutoConfiguration$DslContextConfiguration$$EnhancerBySpringCGLIB$$5a8b85ee'
 2017-11-16 20:33:13.184 DEBUG org.springframework.context.annotation.ConfigurationClassEnhancer - Successfully enhanced org.springframework.boot.autoconfigure.jooq.JooqAutoConfiguration; enhanced class name is: org.springframework.boot.autoconfigure.jooq.JooqAutoConfiguration$$EnhancerBySpringCGLIB$$30d334ce
 2017-11-16 20:33:13.186 DEBUG org.springframework.context.annotation.ConfigurationClassPostProcessor - Replacing bean definition 'org.springframework.boot.autoconfigure.jooq.JooqAutoConfiguration' existing class 'org.springframework.boot.autoconfigure.jooq.JooqAutoConfiguration' with enhanced class 'org.springframework.boot.autoconfigure.jooq.JooqAutoConfiguration$$EnhancerBySpringCGLIB$$30d334ce'
 2017-11-16 20:33:13.202 DEBUG org.springframework.context.annotation.ConfigurationClassEnhancer - Successfully enhanced org.springframework.transaction.annotation.ProxyTransactionManagementConfiguration; enhanced class name is: org.springframework.transaction.annotation.ProxyTransactionManagementConfiguration$$EnhancerBySpringCGLIB$$d05c12c4
 2017-11-16 20:33:13.202 DEBUG org.springframework.context.annotation.ConfigurationClassPostProcessor - Replacing bean definition 'org.springframework.transaction.annotation.ProxyTransactionManagementConfiguration' existing class 'org.springframework.transaction.annotation.ProxyTransactionManagementConfiguration' with enhanced class 'org.springframework.transaction.annotation.ProxyTransactionManagementConfiguration$$EnhancerBySpringCGLIB$$d05c12c4'
 2017-11-16 20:33:13.208 DEBUG org.springframework.context.annotation.ConfigurationClassEnhancer - Successfully enhanced org.springframework.boot.autoconfigure.transaction.TransactionAutoConfiguration$EnableTransactionManagementConfiguration$CglibAutoProxyConfiguration; enhanced class name is: org.springframework.boot.autoconfigure.transaction.TransactionAutoConfiguration$EnableTransactionManagementConfiguration$CglibAutoProxyConfiguration$$EnhancerBySpringCGLIB$$3c4156f4
 2017-11-16 20:33:13.208 DEBUG org.springframework.context.annotation.ConfigurationClassPostProcessor - Replacing bean definition 'org.springframework.boot.autoconfigure.transaction.TransactionAutoConfiguration$EnableTransactionManagementConfiguration$CglibAutoProxyConfiguration' existing class 'org.springframework.boot.autoconfigure.transaction.TransactionAutoConfiguration$EnableTransactionManagementConfiguration$CglibAutoProxyConfiguration' with enhanced class 'org.springframework.boot.autoconfigure.transaction.TransactionAutoConfiguration$EnableTransactionManagementConfiguration$CglibAutoProxyConfiguration$$EnhancerBySpringCGLIB$$3c4156f4'
 2017-11-16 20:33:13.213 DEBUG org.springframework.context.annotation.ConfigurationClassEnhancer - Successfully enhanced org.springframework.boot.autoconfigure.transaction.TransactionAutoConfiguration$EnableTransactionManagementConfiguration; enhanced class name is: org.springframework.boot.autoconfigure.transaction.TransactionAutoConfiguration$EnableTransactionManagementConfiguration$$EnhancerBySpringCGLIB$$5acab180
 2017-11-16 20:33:13.213 DEBUG org.springframework.context.annotation.ConfigurationClassPostProcessor - Replacing bean definition 'org.springframework.boot.autoconfigure.transaction.TransactionAutoConfiguration$EnableTransactionManagementConfiguration' existing class 'org.springframework.boot.autoconfigure.transaction.TransactionAutoConfiguration$EnableTransactionManagementConfiguration' with enhanced class 'org.springframework.boot.autoconfigure.transaction.TransactionAutoConfiguration$EnableTransactionManagementConfiguration$$EnhancerBySpringCGLIB$$5acab180'
 2017-11-16 20:33:13.223 DEBUG org.springframework.context.annotation.ConfigurationClassEnhancer - Successfully enhanced org.springframework.boot.autoconfigure.transaction.TransactionAutoConfiguration$TransactionTemplateConfiguration; enhanced class name is: org.springframework.boot.autoconfigure.transaction.TransactionAutoConfiguration$TransactionTemplateConfiguration$$EnhancerBySpringCGLIB$$cee67006
 2017-11-16 20:33:13.224 DEBUG org.springframework.context.annotation.ConfigurationClassPostProcessor - Replacing bean definition 'org.springframework.boot.autoconfigure.transaction.TransactionAutoConfiguration$TransactionTemplateConfiguration' existing class 'org.springframework.boot.autoconfigure.transaction.TransactionAutoConfiguration$TransactionTemplateConfiguration' with enhanced class 'org.springframework.boot.autoconfigure.transaction.TransactionAutoConfiguration$TransactionTemplateConfiguration$$EnhancerBySpringCGLIB$$cee67006'
 2017-11-16 20:33:13.229 DEBUG org.springframework.context.annotation.ConfigurationClassEnhancer - Successfully enhanced org.springframework.boot.autoconfigure.transaction.TransactionAutoConfiguration; enhanced class name is: org.springframework.boot.autoconfigure.transaction.TransactionAutoConfiguration$$EnhancerBySpringCGLIB$$64d00dce
 2017-11-16 20:33:13.229 DEBUG org.springframework.context.annotation.ConfigurationClassPostProcessor - Replacing bean definition 'org.springframework.boot.autoconfigure.transaction.TransactionAutoConfiguration' existing class 'org.springframework.boot.autoconfigure.transaction.TransactionAutoConfiguration' with enhanced class 'org.springframework.boot.autoconfigure.transaction.TransactionAutoConfiguration$$EnhancerBySpringCGLIB$$64d00dce'
 2017-11-16 20:33:13.238 DEBUG org.springframework.context.annotation.ConfigurationClassEnhancer - Successfully enhanced org.springframework.boot.autoconfigure.web.HttpEncodingAutoConfiguration; enhanced class name is: org.springframework.boot.autoconfigure.web.HttpEncodingAutoConfiguration$$EnhancerBySpringCGLIB$$a748796f
 2017-11-16 20:33:13.238 DEBUG org.springframework.context.annotation.ConfigurationClassPostProcessor - Replacing bean definition 'org.springframework.boot.autoconfigure.web.HttpEncodingAutoConfiguration' existing class 'org.springframework.boot.autoconfigure.web.HttpEncodingAutoConfiguration' with enhanced class 'org.springframework.boot.autoconfigure.web.HttpEncodingAutoConfiguration$$EnhancerBySpringCGLIB$$a748796f'
 2017-11-16 20:33:13.246 DEBUG org.springframework.context.annotation.ConfigurationClassEnhancer - Successfully enhanced org.springframework.boot.autoconfigure.web.MultipartAutoConfiguration; enhanced class name is: org.springframework.boot.autoconfigure.web.MultipartAutoConfiguration$$EnhancerBySpringCGLIB$$8b09c60a
 2017-11-16 20:33:13.246 DEBUG org.springframework.context.annotation.ConfigurationClassPostProcessor - Replacing bean definition 'org.springframework.boot.autoconfigure.web.MultipartAutoConfiguration' existing class 'org.springframework.boot.autoconfigure.web.MultipartAutoConfiguration' with enhanced class 'org.springframework.boot.autoconfigure.web.MultipartAutoConfiguration$$EnhancerBySpringCGLIB$$8b09c60a'
 2017-11-16 20:33:13.250 DEBUG org.springframework.context.annotation.ConfigurationClassEnhancer - Successfully enhanced org.springframework.boot.autoconfigure.web.ServerPropertiesAutoConfiguration; enhanced class name is: org.springframework.boot.autoconfigure.web.ServerPropertiesAutoConfiguration$$EnhancerBySpringCGLIB$$86b18e94
 2017-11-16 20:33:13.250 DEBUG org.springframework.context.annotation.ConfigurationClassPostProcessor - Replacing bean definition 'org.springframework.boot.autoconfigure.web.ServerPropertiesAutoConfiguration' existing class 'org.springframework.boot.autoconfigure.web.ServerPropertiesAutoConfiguration' with enhanced class 'org.springframework.boot.autoconfigure.web.ServerPropertiesAutoConfiguration$$EnhancerBySpringCGLIB$$86b18e94'
 2017-11-16 20:33:13.257 DEBUG org.springframework.context.annotation.ConfigurationClassEnhancer - Successfully enhanced org.springframework.boot.autoconfigure.web.WebClientAutoConfiguration$RestTemplateConfiguration; enhanced class name is: org.springframework.boot.autoconfigure.web.WebClientAutoConfiguration$RestTemplateConfiguration$$EnhancerBySpringCGLIB$$d78b89db
 2017-11-16 20:33:13.258 DEBUG org.springframework.context.annotation.ConfigurationClassPostProcessor - Replacing bean definition 'org.springframework.boot.autoconfigure.web.WebClientAutoConfiguration$RestTemplateConfiguration' existing class 'org.springframework.boot.autoconfigure.web.WebClientAutoConfiguration$RestTemplateConfiguration' with enhanced class 'org.springframework.boot.autoconfigure.web.WebClientAutoConfiguration$RestTemplateConfiguration$$EnhancerBySpringCGLIB$$d78b89db'
 2017-11-16 20:33:13.265 DEBUG org.springframework.context.annotation.ConfigurationClassEnhancer - Successfully enhanced org.springframework.boot.autoconfigure.web.WebClientAutoConfiguration; enhanced class name is: org.springframework.boot.autoconfigure.web.WebClientAutoConfiguration$$EnhancerBySpringCGLIB$$e0fb3777
 2017-11-16 20:33:13.265 DEBUG org.springframework.context.annotation.ConfigurationClassPostProcessor - Replacing bean definition 'org.springframework.boot.autoconfigure.web.WebClientAutoConfiguration' existing class 'org.springframework.boot.autoconfigure.web.WebClientAutoConfiguration' with enhanced class 'org.springframework.boot.autoconfigure.web.WebClientAutoConfiguration$$EnhancerBySpringCGLIB$$e0fb3777'
 2017-11-16 20:33:13.274 DEBUG org.springframework.context.annotation.ConfigurationClassEnhancer - Successfully enhanced org.springframework.boot.devtools.autoconfigure.DevToolsDataSourceAutoConfiguration; enhanced class name is: org.springframework.boot.devtools.autoconfigure.DevToolsDataSourceAutoConfiguration$$EnhancerBySpringCGLIB$$ab2021fb
 2017-11-16 20:33:13.274 DEBUG org.springframework.context.annotation.ConfigurationClassPostProcessor - Replacing bean definition 'org.springframework.boot.devtools.autoconfigure.DevToolsDataSourceAutoConfiguration' existing class 'org.springframework.boot.devtools.autoconfigure.DevToolsDataSourceAutoConfiguration' with enhanced class 'org.springframework.boot.devtools.autoconfigure.DevToolsDataSourceAutoConfiguration$$EnhancerBySpringCGLIB$$ab2021fb'
 2017-11-16 20:33:13.281 DEBUG org.springframework.core.env.StandardEnvironment - Adding [applicationConfig: [classpath:/application-dev.yml]] PropertySource with search precedence immediately lower than [applicationConfigurationProperties]
 2017-11-16 20:33:13.282 DEBUG org.springframework.core.env.StandardEnvironment - Adding [applicationConfig: [classpath:/application.properties]] PropertySource with search precedence immediately lower than [applicationConfig: [classpath:/application-dev.yml]]
 2017-11-16 20:33:13.282 DEBUG org.springframework.core.env.StandardEnvironment - Removing [applicationConfigurationProperties] PropertySource
 2017-11-16 20:33:13.282 DEBUG org.springframework.core.env.StandardEnvironment - Removing [defaultProperties] PropertySource
 2017-11-16 20:33:13.284 DEBUG org.springframework.beans.factory.support.DefaultListableBeanFactory - Creating shared instance of singleton bean 'propertySourcesPlaceholderConfigurer'
 2017-11-16 20:33:13.284 DEBUG org.springframework.beans.factory.support.DefaultListableBeanFactory - Creating instance of bean 'propertySourcesPlaceholderConfigurer'
 2017-11-16 20:33:13.306 DEBUG org.springframework.beans.factory.support.DefaultListableBeanFactory - Eagerly caching bean 'propertySourcesPlaceholderConfigurer' to allow for resolving potential circular references
 2017-11-16 20:33:13.326 DEBUG org.springframework.beans.factory.support.DefaultListableBeanFactory - Finished creating instance of bean 'propertySourcesPlaceholderConfigurer'
 2017-11-16 20:33:13.326 DEBUG org.springframework.core.env.MutablePropertySources - Adding [environmentProperties] PropertySource with lowest search precedence
 2017-11-16 20:33:13.327 DEBUG org.springframework.core.env.MutablePropertySources - Adding [localProperties] PropertySource with lowest search precedence
 2017-11-16 20:33:13.339 DEBUG org.springframework.beans.factory.support.DefaultListableBeanFactory - Creating shared instance of singleton bean 'org.springframework.boot.test.mock.mockito.MockitoPostProcessor'
 2017-11-16 20:33:13.340 DEBUG org.springframework.beans.factory.support.DefaultListableBeanFactory - Creating instance of bean 'org.springframework.boot.test.mock.mockito.MockitoPostProcessor'
 2017-11-16 20:33:13.346 DEBUG org.springframework.beans.factory.support.DefaultListableBeanFactory - Eagerly caching bean 'org.springframework.boot.test.mock.mockito.MockitoPostProcessor' to allow for resolving potential circular references
 2017-11-16 20:33:13.363 DEBUG org.springframework.beans.factory.support.DefaultListableBeanFactory - Finished creating instance of bean 'org.springframework.boot.test.mock.mockito.MockitoPostProcessor'
 2017-11-16 20:33:13.616 DEBUG org.springframework.beans.factory.support.DefaultListableBeanFactory - Creating shared instance of singleton bean 'org.springframework.boot.context.properties.ConfigurationPropertiesBindingPostProcessor.store'
 2017-11-16 20:33:13.616 DEBUG org.springframework.beans.factory.support.DefaultListableBeanFactory - Creating instance of bean 'org.springframework.boot.context.properties.ConfigurationPropertiesBindingPostProcessor.store'
 2017-11-16 20:33:13.617 DEBUG org.springframework.beans.factory.support.DefaultListableBeanFactory - Eagerly caching bean 'org.springframework.boot.context.properties.ConfigurationPropertiesBindingPostProcessor.store' to allow for resolving potential circular references
 2017-11-16 20:33:13.623 DEBUG org.springframework.beans.factory.support.DefaultListableBeanFactory - Finished creating instance of bean 'org.springframework.boot.context.properties.ConfigurationPropertiesBindingPostProcessor.store'
 2017-11-16 20:33:13.624 DEBUG org.springframework.beans.factory.support.DefaultListableBeanFactory - Creating shared instance of singleton bean 'preserveErrorControllerTargetClassPostProcessor'
 2017-11-16 20:33:13.624 DEBUG org.springframework.beans.factory.support.DefaultListableBeanFactory - Creating instance of bean 'preserveErrorControllerTargetClassPostProcessor'
 2017-11-16 20:33:13.624 DEBUG org.springframework.beans.factory.support.DefaultListableBeanFactory - Eagerly caching bean 'preserveErrorControllerTargetClassPostProcessor' to allow for resolving potential circular references
 2017-11-16 20:33:13.628 DEBUG org.springframework.beans.factory.support.DefaultListableBeanFactory - Finished creating instance of bean 'preserveErrorControllerTargetClassPostProcessor'
 2017-11-16 20:33:13.642 DEBUG org.springframework.beans.factory.support.DefaultListableBeanFactory - Creating shared instance of singleton bean 'org.springframework.boot.test.mock.mockito.MockitoPostProcessor$SpyPostProcessor'
 2017-11-16 20:33:13.642 DEBUG org.springframework.beans.factory.support.DefaultListableBeanFactory - Creating instance of bean 'org.springframework.boot.test.mock.mockito.MockitoPostProcessor$SpyPostProcessor'
 2017-11-16 20:33:13.642 DEBUG org.springframework.beans.factory.support.DefaultListableBeanFactory - Returning cached instance of singleton bean 'org.springframework.boot.test.mock.mockito.MockitoPostProcessor'
 2017-11-16 20:33:13.645 DEBUG org.springframework.beans.factory.support.DefaultListableBeanFactory - Eagerly caching bean 'org.springframework.boot.test.mock.mockito.MockitoPostProcessor$SpyPostProcessor' to allow for resolving potential circular references
 2017-11-16 20:33:13.655 DEBUG org.springframework.beans.factory.support.DefaultListableBeanFactory - Finished creating instance of bean 'org.springframework.boot.test.mock.mockito.MockitoPostProcessor$SpyPostProcessor'
 2017-11-16 20:33:13.656 DEBUG org.springframework.beans.factory.support.DefaultListableBeanFactory - Creating shared instance of singleton bean 'org.springframework.context.annotation.internalAutowiredAnnotationProcessor'
 2017-11-16 20:33:13.656 DEBUG org.springframework.beans.factory.support.DefaultListableBeanFactory - Creating instance of bean 'org.springframework.context.annotation.internalAutowiredAnnotationProcessor'
 2017-11-16 20:33:13.660 DEBUG org.springframework.beans.factory.support.DefaultListableBeanFactory - Eagerly caching bean 'org.springframework.context.annotation.internalAutowiredAnnotationProcessor' to allow for resolving potential circular references
 2017-11-16 20:33:13.673 DEBUG org.springframework.beans.factory.support.DefaultListableBeanFactory - Finished creating instance of bean 'org.springframework.context.annotation.internalAutowiredAnnotationProcessor'
 2017-11-16 20:33:13.673 DEBUG org.springframework.beans.factory.support.DefaultListableBeanFactory - Creating shared instance of singleton bean 'org.springframework.context.annotation.internalRequiredAnnotationProcessor'
 2017-11-16 20:33:13.673 DEBUG org.springframework.beans.factory.support.DefaultListableBeanFactory - Creating instance of bean 'org.springframework.context.annotation.internalRequiredAnnotationProcessor'
 2017-11-16 20:33:13.675 DEBUG org.springframework.beans.factory.support.DefaultListableBeanFactory - Eagerly caching bean 'org.springframework.context.annotation.internalRequiredAnnotationProcessor' to allow for resolving potential circular references
 2017-11-16 20:33:13.697 DEBUG org.springframework.beans.factory.support.DefaultListableBeanFactory - Finished creating instance of bean 'org.springframework.context.annotation.internalRequiredAnnotationProcessor'
 2017-11-16 20:33:13.697 DEBUG org.springframework.beans.factory.support.DefaultListableBeanFactory - Creating shared instance of singleton bean 'org.springframework.context.annotation.internalCommonAnnotationProcessor'
 2017-11-16 20:33:13.697 DEBUG org.springframework.beans.factory.support.DefaultListableBeanFactory - Creating instance of bean 'org.springframework.context.annotation.internalCommonAnnotationProcessor'
 2017-11-16 20:33:13.708 DEBUG org.springframework.beans.factory.support.DefaultListableBeanFactory - Eagerly caching bean 'org.springframework.context.annotation.internalCommonAnnotationProcessor' to allow for resolving potential circular references
 2017-11-16 20:33:13.738 DEBUG org.springframework.beans.factory.support.DefaultListableBeanFactory - Finished creating instance of bean 'org.springframework.context.annotation.internalCommonAnnotationProcessor'
 2017-11-16 20:33:13.738 DEBUG org.springframework.beans.factory.support.DefaultListableBeanFactory - Creating shared instance of singleton bean 'org.springframework.boot.context.properties.ConfigurationPropertiesBindingPostProcessor'
 2017-11-16 20:33:13.738 DEBUG org.springframework.beans.factory.support.DefaultListableBeanFactory - Creating instance of bean 'org.springframework.boot.context.properties.ConfigurationPropertiesBindingPostProcessor'
 2017-11-16 20:33:13.739 DEBUG org.springframework.core.env.StandardEnvironment - Adding [systemProperties] PropertySource with lowest search precedence
 2017-11-16 20:33:13.739 DEBUG org.springframework.core.env.StandardEnvironment - Adding [systemEnvironment] PropertySource with lowest search precedence
 2017-11-16 20:33:13.739 DEBUG org.springframework.core.env.StandardEnvironment - Initialized StandardEnvironment with PropertySources [systemProperties,systemEnvironment]
 2017-11-16 20:33:13.740 DEBUG org.springframework.beans.factory.support.DefaultListableBeanFactory - Eagerly caching bean 'org.springframework.boot.context.properties.ConfigurationPropertiesBindingPostProcessor' to allow for resolving potential circular references
 2017-11-16 20:33:13.761 DEBUG org.springframework.beans.factory.support.DefaultListableBeanFactory - Returning cached instance of singleton bean 'org.springframework.boot.context.properties.ConfigurationPropertiesBindingPostProcessor.store'
 2017-11-16 20:33:13.762 DEBUG org.springframework.beans.factory.support.DefaultListableBeanFactory - Invoking afterPropertiesSet() on bean with name 'org.springframework.boot.context.properties.ConfigurationPropertiesBindingPostProcessor'
 2017-11-16 20:33:13.764 DEBUG org.springframework.beans.factory.support.DefaultListableBeanFactory - Returning cached instance of singleton bean 'propertySourcesPlaceholderConfigurer'
 2017-11-16 20:33:13.767 DEBUG org.springframework.beans.factory.support.DefaultListableBeanFactory - Finished creating instance of bean 'org.springframework.boot.context.properties.ConfigurationPropertiesBindingPostProcessor'
 2017-11-16 20:33:13.768 DEBUG org.springframework.beans.factory.support.DefaultListableBeanFactory - Returning cached instance of singleton bean 'org.springframework.boot.test.mock.mockito.MockitoPostProcessor'
 2017-11-16 20:33:13.769 DEBUG org.springframework.beans.factory.support.DefaultListableBeanFactory - Creating shared instance of singleton bean 'methodValidationPostProcessor'
 2017-11-16 20:33:13.770 DEBUG org.springframework.beans.factory.support.DefaultListableBeanFactory - Creating instance of bean 'methodValidationPostProcessor'
 2017-11-16 20:33:13.784 DEBUG org.springframework.beans.factory.support.DefaultListableBeanFactory - Returning cached instance of singleton bean 'environment'
 2017-11-16 20:33:13.794 DEBUG org.springframework.beans.factory.support.DefaultListableBeanFactory - Creating shared instance of singleton bean 'defaultValidator'
 2017-11-16 20:33:13.794 DEBUG org.springframework.beans.factory.support.DefaultListableBeanFactory - Creating instance of bean 'defaultValidator'
 2017-11-16 20:33:13.802 DEBUG org.hibernate.validator.internal.engine.resolver.DefaultTraversableResolver - Cannot find javax.persistence.Persistence on classpath. Assuming non JPA 2 environment. All properties will per default be traversable.
 2017-11-16 20:33:13.835 DEBUG org.springframework.beans.factory.support.DefaultListableBeanFactory - Eagerly caching bean 'defaultValidator' to allow for resolving potential circular references
 2017-11-16 20:33:13.845 DEBUG org.springframework.beans.factory.support.DefaultListableBeanFactory - Invoking afterPropertiesSet() on bean with name 'defaultValidator'
 2017-11-16 20:33:13.848 DEBUG org.hibernate.validator.internal.engine.resolver.DefaultTraversableResolver - Cannot find javax.persistence.Persistence on classpath. Assuming non JPA 2 environment. All properties will per default be traversable.
 2017-11-16 20:33:13.858 DEBUG org.hibernate.validator.internal.engine.ConfigurationImpl - Setting custom MessageInterpolator of type org.springframework.validation.beanvalidation.LocaleContextMessageInterpolator
 2017-11-16 20:33:13.859 DEBUG org.hibernate.validator.internal.engine.ConfigurationImpl - Setting custom ConstraintValidatorFactory of type org.springframework.validation.beanvalidation.SpringConstraintValidatorFactory
 2017-11-16 20:33:13.862 DEBUG org.hibernate.validator.internal.engine.ConfigurationImpl - Setting custom ParameterNameProvider of type com.sun.proxy.$Proxy63
 2017-11-16 20:33:13.865 DEBUG org.hibernate.validator.internal.xml.ValidationXmlParser - Trying to load META-INF/validation.xml for XML based Validator configuration.
 2017-11-16 20:33:13.867 DEBUG org.hibernate.validator.internal.xml.ResourceLoaderHelper - Trying to load META-INF/validation.xml via user class loader
 2017-11-16 20:33:13.874 DEBUG org.hibernate.validator.internal.xml.ResourceLoaderHelper - Trying to load META-INF/validation.xml via TCCL
 2017-11-16 20:33:13.876 DEBUG org.hibernate.validator.internal.xml.ResourceLoaderHelper - Trying to load META-INF/validation.xml via Hibernate Validator's class loader
 2017-11-16 20:33:13.876 DEBUG org.hibernate.validator.internal.xml.ValidationXmlParser - No META-INF/validation.xml found. Using annotation based configuration only.
 2017-11-16 20:33:13.949 DEBUG org.springframework.beans.factory.support.DefaultListableBeanFactory - Finished creating instance of bean 'defaultValidator'
 2017-11-16 20:33:13.950 DEBUG org.springframework.beans.factory.support.DefaultListableBeanFactory - Autowiring by type from bean name 'methodValidationPostProcessor' via factory method to bean named 'environment'
 2017-11-16 20:33:13.950 DEBUG org.springframework.beans.factory.support.DefaultListableBeanFactory - Autowiring by type from bean name 'methodValidationPostProcessor' via factory method to bean named 'defaultValidator'
 2017-11-16 20:33:13.960 DEBUG org.springframework.beans.factory.support.DefaultListableBeanFactory - Eagerly caching bean 'methodValidationPostProcessor' to allow for resolving potential circular references
 2017-11-16 20:33:13.976 DEBUG org.springframework.beans.factory.support.DefaultListableBeanFactory - Invoking afterPropertiesSet() on bean with name 'methodValidationPostProcessor'
 2017-11-16 20:33:13.981 DEBUG org.springframework.beans.factory.support.DefaultListableBeanFactory - Finished creating instance of bean 'methodValidationPostProcessor'
 2017-11-16 20:33:13.982 DEBUG org.springframework.beans.factory.support.DefaultListableBeanFactory - Creating shared instance of singleton bean 'dataSourceInitializerPostProcessor'
 2017-11-16 20:33:13.982 DEBUG org.springframework.beans.factory.support.DefaultListableBeanFactory - Creating instance of bean 'dataSourceInitializerPostProcessor'
 2017-11-16 20:33:13.997 DEBUG org.springframework.beans.factory.annotation.InjectionMetadata - Registered injected element on class [org.springframework.boot.autoconfigure.jdbc.DataSourceInitializerPostProcessor]: AutowiredFieldElement for private org.springframework.beans.factory.BeanFactory org.springframework.boot.autoconfigure.jdbc.DataSourceInitializerPostProcessor.beanFactory
 2017-11-16 20:33:13.997 DEBUG org.springframework.beans.factory.support.DefaultListableBeanFactory - Eagerly caching bean 'dataSourceInitializerPostProcessor' to allow for resolving potential circular references
 2017-11-16 20:33:14.007 DEBUG org.springframework.beans.factory.annotation.InjectionMetadata - Processing injected element of bean 'dataSourceInitializerPostProcessor': AutowiredFieldElement for private org.springframework.beans.factory.BeanFactory org.springframework.boot.autoconfigure.jdbc.DataSourceInitializerPostProcessor.beanFactory
 2017-11-16 20:33:14.010 DEBUG org.springframework.beans.factory.annotation.AutowiredAnnotationBeanPostProcessor - Autowiring by type from bean name 'dataSourceInitializerPostProcessor' to bean named 'org.springframework.beans.factory.support.DefaultListableBeanFactory@17d88132'
 2017-11-16 20:33:14.010 DEBUG org.springframework.beans.factory.support.DefaultListableBeanFactory - Finished creating instance of bean 'dataSourceInitializerPostProcessor'
 2017-11-16 20:33:14.010 DEBUG org.springframework.beans.factory.support.DefaultListableBeanFactory - Creating shared instance of singleton bean 'persistenceExceptionTranslationPostProcessor'
 2017-11-16 20:33:14.010 DEBUG org.springframework.beans.factory.support.DefaultListableBeanFactory - Creating instance of bean 'persistenceExceptionTranslationPostProcessor'
 2017-11-16 20:33:14.015 DEBUG org.springframework.beans.factory.support.DefaultListableBeanFactory - Returning cached instance of singleton bean 'environment'
 2017-11-16 20:33:14.015 DEBUG org.springframework.beans.factory.support.DefaultListableBeanFactory - Autowiring by type from bean name 'persistenceExceptionTranslationPostProcessor' via factory method to bean named 'environment'
 2017-11-16 20:33:14.021 DEBUG org.springframework.beans.factory.support.DefaultListableBeanFactory - Eagerly caching bean 'persistenceExceptionTranslationPostProcessor' to allow for resolving potential circular references
 2017-11-16 20:33:14.049 DEBUG org.springframework.beans.factory.support.DefaultListableBeanFactory - Finished creating instance of bean 'persistenceExceptionTranslationPostProcessor'
 2017-11-16 20:33:14.050 DEBUG org.springframework.beans.factory.support.DefaultListableBeanFactory - Creating shared instance of singleton bean 'org.springframework.aop.config.internalAutoProxyCreator'
 2017-11-16 20:33:14.051 DEBUG org.springframework.beans.factory.support.DefaultListableBeanFactory - Creating instance of bean 'org.springframework.aop.config.internalAutoProxyCreator'
 2017-11-16 20:33:14.061 DEBUG org.springframework.beans.factory.support.DefaultListableBeanFactory - Eagerly caching bean 'org.springframework.aop.config.internalAutoProxyCreator' to allow for resolving potential circular references
 2017-11-16 20:33:14.078 DEBUG org.springframework.beans.factory.support.DefaultListableBeanFactory - Finished creating instance of bean 'org.springframework.aop.config.internalAutoProxyCreator'
 2017-11-16 20:33:14.078 DEBUG org.springframework.beans.factory.support.DefaultListableBeanFactory - Creating shared instance of singleton bean 'embeddedServletContainerCustomizerBeanPostProcessor'
 2017-11-16 20:33:14.078 DEBUG org.springframework.beans.factory.support.DefaultListableBeanFactory - Creating instance of bean 'embeddedServletContainerCustomizerBeanPostProcessor'
 2017-11-16 20:33:14.078 DEBUG org.springframework.beans.factory.support.DefaultListableBeanFactory - Eagerly caching bean 'embeddedServletContainerCustomizerBeanPostProcessor' to allow for resolving potential circular references
 2017-11-16 20:33:14.088 DEBUG org.springframework.beans.factory.support.DefaultListableBeanFactory - Finished creating instance of bean 'embeddedServletContainerCustomizerBeanPostProcessor'
 2017-11-16 20:33:14.090 DEBUG org.springframework.beans.factory.support.DefaultListableBeanFactory - Creating shared instance of singleton bean 'errorPageRegistrarBeanPostProcessor'
 2017-11-16 20:33:14.090 DEBUG org.springframework.beans.factory.support.DefaultListableBeanFactory - Creating instance of bean 'errorPageRegistrarBeanPostProcessor'
 2017-11-16 20:33:14.093 DEBUG org.springframework.beans.factory.support.DefaultListableBeanFactory - Eagerly caching bean 'errorPageRegistrarBeanPostProcessor' to allow for resolving potential circular references
 2017-11-16 20:33:14.098 DEBUG org.springframework.beans.factory.support.DefaultListableBeanFactory - Finished creating instance of bean 'errorPageRegistrarBeanPostProcessor'
 2017-11-16 20:33:14.098 DEBUG org.springframework.beans.factory.support.DefaultListableBeanFactory - Returning cached instance of singleton bean 'org.springframework.boot.test.autoconfigure.properties.PropertyMappingContextCustomizer$PropertyMappingCheckBeanPostProcessor'
 2017-11-16 20:33:14.102 DEBUG org.springframework.web.context.support.GenericWebApplicationContext - Unable to locate MessageSource with name 'messageSource': using default [org.springframework.context.support.DelegatingMessageSource@2e52fb3e]
 2017-11-16 20:33:14.103 DEBUG org.springframework.web.context.support.GenericWebApplicationContext - Unable to locate ApplicationEventMulticaster with name 'applicationEventMulticaster': using default [org.springframework.context.event.SimpleApplicationEventMulticaster@16fe9c29]
 2017-11-16 20:33:14.106 DEBUG org.springframework.ui.context.support.UiApplicationContextUtils - Unable to locate ThemeSource with name 'themeSource': using default [org.springframework.ui.context.support.ResourceBundleThemeSource@773bd77b]
 2017-11-16 20:33:14.110 DEBUG org.springframework.beans.factory.support.DefaultListableBeanFactory - Pre-instantiating singletons in org.springframework.beans.factory.support.DefaultListableBeanFactory@17d88132: defining beans [org.springframework.boot.test.mock.mockito.MockitoPostProcessor$SpyPostProcessor,org.springframework.boot.test.mock.mockito.MockitoPostProcessor,org.springframework.context.annotation.internalConfigurationAnnotationProcessor,org.springframework.context.annotation.internalAutowiredAnnotationProcessor,org.springframework.context.annotation.internalRequiredAnnotationProcessor,org.springframework.context.annotation.internalCommonAnnotationProcessor,org.springframework.context.event.internalEventListenerProcessor,org.springframework.context.event.internalEventListenerFactory,example,org.springframework.boot.autoconfigure.internalCachingMetadataReaderFactory,datasourceController,datasourceDao,datasourceServiceImpl,org.springframework.boot.autoconfigure.AutoConfigurationPackages,org.springframework.boot.autoconfigure.context.PropertyPlaceholderAutoConfiguration,org.springframework.boot.autoconfigure.condition.BeanTypeRegistry,propertySourcesPlaceholderConfigurer,org.springframework.boot.autoconfigure.jackson.JacksonAutoConfiguration$Jackson2ObjectMapperBuilderCustomizerConfiguration,standardJacksonObjectMapperBuilderCustomizer,spring.jackson-org.springframework.boot.autoconfigure.jackson.JacksonProperties,org.springframework.boot.context.properties.ConfigurationPropertiesBindingPostProcessor,org.springframework.boot.context.properties.ConfigurationPropertiesBindingPostProcessor.store,org.springframework.boot.autoconfigure.jackson.JacksonAutoConfiguration$JacksonObjectMapperBuilderConfiguration,jacksonObjectMapperBuilder,org.springframework.boot.autoconfigure.jackson.JacksonAutoConfiguration$JacksonObjectMapperConfiguration,jacksonObjectMapper,org.springframework.boot.autoconfigure.jackson.JacksonAutoConfiguration,jsonComponentModule,org.springframework.boot.autoconfigure.websocket.WebSocketAutoConfiguration$TomcatWebSocketConfiguration,websocketContainerCustomizer,org.springframework.boot.autoconfigure.websocket.WebSocketAutoConfiguration,org.springframework.boot.autoconfigure.web.EmbeddedServletContainerAutoConfiguration$EmbeddedTomcat,tomcatEmbeddedServletContainerFactory,org.springframework.boot.autoconfigure.web.EmbeddedServletContainerAutoConfiguration,embeddedServletContainerCustomizerBeanPostProcessor,errorPageRegistrarBeanPostProcessor,org.springframework.boot.autoconfigure.web.DispatcherServletAutoConfiguration$DispatcherServletConfiguration,dispatcherServlet,spring.mvc-org.springframework.boot.autoconfigure.web.WebMvcProperties,org.springframework.boot.autoconfigure.web.DispatcherServletAutoConfiguration$DispatcherServletRegistrationConfiguration,dispatcherServletRegistration,org.springframework.boot.autoconfigure.web.DispatcherServletAutoConfiguration,org.springframework.boot.autoconfigure.validation.DefaultValidatorConfiguration,defaultValidator,org.springframework.boot.autoconfigure.validation.Jsr303ValidatorAdapterConfiguration,org.springframework.boot.autoconfigure.validation.ValidationAutoConfiguration,methodValidationPostProcessor,org.springframework.boot.autoconfigure.web.ErrorMvcAutoConfiguration$WhitelabelErrorViewConfiguration,error,beanNameViewResolver,org.springframework.boot.autoconfigure.web.ErrorMvcAutoConfiguration$DefaultErrorViewResolverConfiguration,conventionErrorViewResolver,org.springframework.boot.autoconfigure.web.ErrorMvcAutoConfiguration,errorAttributes,basicErrorController,errorPageCustomizer,preserveErrorControllerTargetClassPostProcessor,spring.resources-org.springframework.boot.autoconfigure.web.ResourceProperties,org.springframework.boot.autoconfigure.web.WebMvcAutoConfiguration$EnableWebMvcConfiguration,requestMappingHandlerAdapter,requestMappingHandlerMapping,mvcContentNegotiationManager,mvcPathMatcher,mvcUrlPathHelper,viewControllerHandlerMapping,beanNameHandlerMapping,resourceHandlerMapping,mvcResourceUrlProvider,defaultServletHandlerMapping,mvcConversionService,mvcUriComponentsContributor,httpRequestHandlerAdapter,simpleControllerHandlerAdapter,handlerExceptionResolver,mvcViewResolver,org.springframework.boot.autoconfigure.web.WebMvcAutoConfiguration$WebMvcAutoConfigurationAdapter$FaviconConfiguration,faviconHandlerMapping,faviconRequestHandler,org.springframework.boot.autoconfigure.web.WebMvcAutoConfiguration$WebMvcAutoConfigurationAdapter,defaultViewResolver,viewResolver,welcomePageHandlerMapping,requestContextFilter,org.springframework.boot.autoconfigure.web.WebMvcAutoConfiguration,hiddenHttpMethodFilter,httpPutFormContentFilter,org.springframework.boot.autoconfigure.jdbc.DataSourceConfiguration$Generic,dataSource,org.springframework.boot.autoconfigure.jdbc.DataSourceConfiguration$Hikari,org.springframework.boot.autoconfigure.jdbc.DataSourceAutoConfiguration$PooledDataSourceConfiguration,org.springframework.boot.autoconfigure.jdbc.metadata.DataSourcePoolMetadataProvidersConfiguration$HikariPoolDataSourceMetadataProviderConfiguration,hikariPoolDataSourceMetadataProvider,org.springframework.boot.autoconfigure.jdbc.metadata.DataSourcePoolMetadataProvidersConfiguration$TomcatDataSourcePoolMetadataProviderConfiguration,tomcatPoolDataSourceMetadataProvider,org.springframework.boot.autoconfigure.jdbc.metadata.DataSourcePoolMetadataProvidersConfiguration,org.springframework.boot.autoconfigure.jdbc.DataSourceAutoConfiguration,dataSourceInitializer,spring.datasource-org.springframework.boot.autoconfigure.jdbc.DataSourceProperties,dataSourceInitializerPostProcessor,org.springframework.boot.autoconfigure.context.ConfigurationPropertiesAutoConfiguration,org.springframework.boot.autoconfigure.dao.PersistenceExceptionTranslationAutoConfiguration,persistenceExceptionTranslationPostProcessor,org.springframework.boot.autoconfigure.web.HttpMessageConvertersAutoConfiguration$StringHttpMessageConverterConfiguration,stringHttpMessageConverter,spring.http.encoding-org.springframework.boot.autoconfigure.web.HttpEncodingProperties,org.springframework.boot.autoconfigure.web.JacksonHttpMessageConvertersConfiguration$MappingJackson2HttpMessageConverterConfiguration,mappingJackson2HttpMessageConverter,org.springframework.boot.autoconfigure.web.JacksonHttpMessageConvertersConfiguration,org.springframework.boot.autoconfigure.web.HttpMessageConvertersAutoConfiguration,messageConverters,org.springframework.boot.autoconfigure.h2.H2ConsoleAutoConfiguration,h2Console,spring.h2.console-org.springframework.boot.autoconfigure.h2.H2ConsoleProperties,org.springframework.boot.autoconfigure.info.ProjectInfoAutoConfiguration,spring.info-org.springframework.boot.autoconfigure.info.ProjectInfoProperties,org.springframework.boot.autoconfigure.jdbc.DataSourceTransactionManagerAutoConfiguration$DataSourceTransactionManagerConfiguration,transactionManager,org.springframework.boot.autoconfigure.jdbc.DataSourceTransactionManagerAutoConfiguration,org.springframework.boot.autoconfigure.jdbc.JdbcTemplateAutoConfiguration,jdbcTemplate,namedParameterJdbcTemplate,org.springframework.boot.autoconfigure.jooq.JooqAutoConfiguration$DslContextConfiguration,dslContext,jooqConfiguration,spring.jooq-org.springframework.boot.autoconfigure.jooq.JooqProperties,org.springframework.boot.autoconfigure.jooq.JooqAutoConfiguration,dataSourceConnectionProvider,transactionProvider,jooqExceptionTranslatorExecuteListenerProvider,org.springframework.transaction.annotation.ProxyTransactionManagementConfiguration,org.springframework.transaction.config.internalTransactionAdvisor,transactionAttributeSource,transactionInterceptor,org.springframework.transaction.config.internalTransactionalEventListenerFactory,org.springframework.boot.autoconfigure.transaction.TransactionAutoConfiguration$EnableTransactionManagementConfiguration$CglibAutoProxyConfiguration,org.springframework.aop.config.internalAutoProxyCreator,org.springframework.boot.autoconfigure.transaction.TransactionAutoConfiguration$EnableTransactionManagementConfiguration,org.springframework.boot.autoconfigure.transaction.TransactionAutoConfiguration$TransactionTemplateConfiguration,transactionTemplate,org.springframework.boot.autoconfigure.transaction.TransactionAutoConfiguration,platformTransactionManagerCustomizers,spring.transaction-org.springframework.boot.autoconfigure.transaction.TransactionProperties,org.springframework.boot.autoconfigure.web.HttpEncodingAutoConfiguration,characterEncodingFilter,localeCharsetMappingsCustomizer,org.springframework.boot.autoconfigure.web.MultipartAutoConfiguration,multipartConfigElement,multipartResolver,spring.http.multipart-org.springframework.boot.autoconfigure.web.MultipartProperties,org.springframework.boot.autoconfigure.web.ServerPropertiesAutoConfiguration,serverProperties,duplicateServerPropertiesDetector,org.springframework.boot.autoconfigure.web.WebClientAutoConfiguration$RestTemplateConfiguration,restTemplateBuilder,org.springframework.boot.autoconfigure.web.WebClientAutoConfiguration,org.springframework.boot.devtools.autoconfigure.DevToolsDataSourceAutoConfiguration,inMemoryDatabaseShutdownExecutor,forTestServiceImpl]; root of factory hierarchy
 2017-11-16 20:33:14.111 DEBUG org.springframework.beans.factory.support.DefaultListableBeanFactory - Returning cached instance of singleton bean 'org.springframework.boot.test.mock.mockito.MockitoPostProcessor$SpyPostProcessor'
 2017-11-16 20:33:14.111 DEBUG org.springframework.beans.factory.support.DefaultListableBeanFactory - Returning cached instance of singleton bean 'org.springframework.boot.test.mock.mockito.MockitoPostProcessor'
 2017-11-16 20:33:14.111 DEBUG org.springframework.beans.factory.support.DefaultListableBeanFactory - Returning cached instance of singleton bean 'org.springframework.context.annotation.internalConfigurationAnnotationProcessor'
 2017-11-16 20:33:14.111 DEBUG org.springframework.beans.factory.support.DefaultListableBeanFactory - Returning cached instance of singleton bean 'org.springframework.context.annotation.internalAutowiredAnnotationProcessor'
 2017-11-16 20:33:14.111 DEBUG org.springframework.beans.factory.support.DefaultListableBeanFactory - Returning cached instance of singleton bean 'org.springframework.context.annotation.internalRequiredAnnotationProcessor'
 2017-11-16 20:33:14.111 DEBUG org.springframework.beans.factory.support.DefaultListableBeanFactory - Returning cached instance of singleton bean 'org.springframework.context.annotation.internalCommonAnnotationProcessor'
 2017-11-16 20:33:14.112 DEBUG org.springframework.beans.factory.support.DefaultListableBeanFactory - Creating shared instance of singleton bean 'org.springframework.context.event.internalEventListenerProcessor'
 2017-11-16 20:33:14.112 DEBUG org.springframework.beans.factory.support.DefaultListableBeanFactory - Creating instance of bean 'org.springframework.context.event.internalEventListenerProcessor'
 2017-11-16 20:33:14.116 DEBUG org.springframework.beans.factory.support.DefaultListableBeanFactory - Eagerly caching bean 'org.springframework.context.event.internalEventListenerProcessor' to allow for resolving potential circular references
 2017-11-16 20:33:14.131 DEBUG org.springframework.beans.factory.support.DefaultListableBeanFactory - Creating shared instance of singleton bean 'org.springframework.transaction.config.internalTransactionAdvisor'
 2017-11-16 20:33:14.131 DEBUG org.springframework.beans.factory.support.DefaultListableBeanFactory - Creating instance of bean 'org.springframework.transaction.config.internalTransactionAdvisor'
 2017-11-16 20:33:14.132 DEBUG org.springframework.beans.factory.support.DefaultListableBeanFactory - Creating shared instance of singleton bean 'org.springframework.transaction.annotation.ProxyTransactionManagementConfiguration'
 2017-11-16 20:33:14.132 DEBUG org.springframework.beans.factory.support.DefaultListableBeanFactory - Creating instance of bean 'org.springframework.transaction.annotation.ProxyTransactionManagementConfiguration'
 2017-11-16 20:33:14.149 DEBUG org.springframework.beans.factory.annotation.InjectionMetadata - Registered injected element on class [org.springframework.transaction.annotation.ProxyTransactionManagementConfiguration$$EnhancerBySpringCGLIB$$d05c12c4]: AutowiredMethodElement for void org.springframework.transaction.annotation.AbstractTransactionManagementConfiguration.setConfigurers(java.util.Collection)
 2017-11-16 20:33:14.150 DEBUG org.springframework.beans.factory.support.DefaultListableBeanFactory - Eagerly caching bean 'org.springframework.transaction.annotation.ProxyTransactionManagementConfiguration' to allow for resolving potential circular references
 2017-11-16 20:33:14.150 DEBUG org.springframework.beans.factory.annotation.InjectionMetadata - Processing injected element of bean 'org.springframework.transaction.annotation.ProxyTransactionManagementConfiguration': AutowiredMethodElement for void org.springframework.transaction.annotation.AbstractTransactionManagementConfiguration.setConfigurers(java.util.Collection)
 2017-11-16 20:33:14.156 DEBUG org.springframework.beans.factory.support.DefaultListableBeanFactory - Returning cached instance of singleton bean 'org.springframework.context.annotation.ConfigurationClassPostProcessor.importRegistry'
 2017-11-16 20:33:14.157 DEBUG org.springframework.aop.framework.autoproxy.BeanFactoryAdvisorRetrievalHelper - Skipping currently created advisor 'org.springframework.transaction.config.internalTransactionAdvisor'
 2017-11-16 20:33:14.159 DEBUG org.springframework.beans.factory.support.DefaultListableBeanFactory - Finished creating instance of bean 'org.springframework.transaction.annotation.ProxyTransactionManagementConfiguration'
 2017-11-16 20:33:14.194 DEBUG org.springframework.beans.factory.support.DefaultListableBeanFactory - Creating shared instance of singleton bean 'transactionAttributeSource'
 2017-11-16 20:33:14.194 DEBUG org.springframework.beans.factory.support.DefaultListableBeanFactory - Creating instance of bean 'transactionAttributeSource'
 2017-11-16 20:33:14.194 DEBUG org.springframework.beans.factory.support.DefaultListableBeanFactory - Returning cached instance of singleton bean 'org.springframework.transaction.annotation.ProxyTransactionManagementConfiguration'
 2017-11-16 20:33:14.196 DEBUG org.springframework.beans.factory.support.DefaultListableBeanFactory - Eagerly caching bean 'transactionAttributeSource' to allow for resolving potential circular references
 2017-11-16 20:33:14.204 DEBUG org.springframework.aop.framework.autoproxy.BeanFactoryAdvisorRetrievalHelper - Skipping currently created advisor 'org.springframework.transaction.config.internalTransactionAdvisor'
 2017-11-16 20:33:14.205 DEBUG org.springframework.beans.factory.support.DefaultListableBeanFactory - Finished creating instance of bean 'transactionAttributeSource'
 2017-11-16 20:33:14.205 DEBUG org.springframework.beans.factory.support.DefaultListableBeanFactory - Creating shared instance of singleton bean 'transactionInterceptor'
 2017-11-16 20:33:14.205 DEBUG org.springframework.beans.factory.support.DefaultListableBeanFactory - Creating instance of bean 'transactionInterceptor'
 2017-11-16 20:33:14.205 DEBUG org.springframework.beans.factory.support.DefaultListableBeanFactory - Returning cached instance of singleton bean 'org.springframework.transaction.annotation.ProxyTransactionManagementConfiguration'
 2017-11-16 20:33:14.215 DEBUG org.springframework.beans.factory.support.DefaultListableBeanFactory - Returning cached instance of singleton bean 'transactionAttributeSource'
 2017-11-16 20:33:14.225 DEBUG org.springframework.beans.factory.support.DefaultListableBeanFactory - Eagerly caching bean 'transactionInterceptor' to allow for resolving potential circular references
 2017-11-16 20:33:14.240 DEBUG org.springframework.beans.factory.support.DefaultListableBeanFactory - Invoking afterPropertiesSet() on bean with name 'transactionInterceptor'
 2017-11-16 20:33:14.241 DEBUG org.springframework.beans.factory.support.DefaultListableBeanFactory - Finished creating instance of bean 'transactionInterceptor'
 2017-11-16 20:33:14.241 DEBUG org.springframework.beans.factory.support.DefaultListableBeanFactory - Eagerly caching bean 'org.springframework.transaction.config.internalTransactionAdvisor' to allow for resolving potential circular references
 2017-11-16 20:33:14.255 DEBUG org.springframework.beans.factory.support.DefaultListableBeanFactory - Finished creating instance of bean 'org.springframework.transaction.config.internalTransactionAdvisor'
 2017-11-16 20:33:14.256 DEBUG org.springframework.beans.factory.support.DefaultListableBeanFactory - Finished creating instance of bean 'org.springframework.context.event.internalEventListenerProcessor'
 2017-11-16 20:33:14.257 DEBUG org.springframework.beans.factory.support.DefaultListableBeanFactory - Creating shared instance of singleton bean 'org.springframework.context.event.internalEventListenerFactory'
 2017-11-16 20:33:14.257 DEBUG org.springframework.beans.factory.support.DefaultListableBeanFactory - Creating instance of bean 'org.springframework.context.event.internalEventListenerFactory'
 2017-11-16 20:33:14.257 DEBUG org.springframework.beans.factory.support.DefaultListableBeanFactory - Eagerly caching bean 'org.springframework.context.event.internalEventListenerFactory' to allow for resolving potential circular references
 2017-11-16 20:33:14.260 DEBUG org.springframework.beans.factory.support.DefaultListableBeanFactory - Returning cached instance of singleton bean 'org.springframework.transaction.config.internalTransactionAdvisor'
 2017-11-16 20:33:14.261 DEBUG org.springframework.beans.factory.support.DefaultListableBeanFactory - Finished creating instance of bean 'org.springframework.context.event.internalEventListenerFactory'
 2017-11-16 20:33:14.261 DEBUG org.springframework.beans.factory.support.DefaultListableBeanFactory - Creating shared instance of singleton bean 'example'
 2017-11-16 20:33:14.261 DEBUG org.springframework.beans.factory.support.DefaultListableBeanFactory - Creating instance of bean 'example'
 2017-11-16 20:33:14.262 DEBUG org.springframework.beans.factory.support.DefaultListableBeanFactory - Eagerly caching bean 'example' to allow for resolving potential circular references
 2017-11-16 20:33:14.283 DEBUG org.springframework.beans.factory.support.DefaultListableBeanFactory - Returning cached instance of singleton bean 'org.springframework.transaction.config.internalTransactionAdvisor'
 2017-11-16 20:33:14.285 DEBUG org.springframework.beans.factory.support.DefaultListableBeanFactory - Finished creating instance of bean 'example'
 2017-11-16 20:33:14.286 DEBUG org.springframework.beans.factory.support.DefaultListableBeanFactory - Returning cached instance of singleton bean 'org.springframework.boot.autoconfigure.internalCachingMetadataReaderFactory'
 2017-11-16 20:33:14.287 DEBUG org.springframework.beans.factory.support.DefaultListableBeanFactory - Creating shared instance of singleton bean 'datasourceController'
 2017-11-16 20:33:14.287 DEBUG org.springframework.beans.factory.support.DefaultListableBeanFactory - Creating instance of bean 'datasourceController'
 2017-11-16 20:33:14.314 DEBUG org.springframework.beans.factory.annotation.InjectionMetadata - Registered injected element on class [test.boot.controller.DatasourceController]: AutowiredFieldElement for private test.boot.service.DatasourceService test.boot.controller.DatasourceController.datasourceService
 2017-11-16 20:33:14.314 DEBUG org.springframework.beans.factory.support.DefaultListableBeanFactory - Eagerly caching bean 'datasourceController' to allow for resolving potential circular references
 2017-11-16 20:33:14.325 DEBUG org.springframework.beans.factory.annotation.InjectionMetadata - Processing injected element of bean 'datasourceController': AutowiredFieldElement for private test.boot.service.DatasourceService test.boot.controller.DatasourceController.datasourceService
 2017-11-16 20:33:14.327 DEBUG org.springframework.beans.factory.support.DefaultListableBeanFactory - Creating shared instance of singleton bean 'datasourceServiceImpl'
 2017-11-16 20:33:14.327 DEBUG org.springframework.beans.factory.support.DefaultListableBeanFactory - Creating instance of bean 'datasourceServiceImpl'
 2017-11-16 20:33:14.328 DEBUG org.springframework.beans.factory.annotation.InjectionMetadata - Registered injected element on class [test.boot.service.impl.DatasourceServiceImpl]: AutowiredFieldElement for private test.boot.dao.DatasourceDao test.boot.service.impl.DatasourceServiceImpl.datasourceDao
 2017-11-16 20:33:14.328 DEBUG org.springframework.beans.factory.support.DefaultListableBeanFactory - Eagerly caching bean 'datasourceServiceImpl' to allow for resolving potential circular references
 2017-11-16 20:33:14.332 DEBUG org.springframework.beans.factory.annotation.InjectionMetadata - Processing injected element of bean 'datasourceServiceImpl': AutowiredFieldElement for private test.boot.dao.DatasourceDao test.boot.service.impl.DatasourceServiceImpl.datasourceDao
 2017-11-16 20:33:14.337 DEBUG org.springframework.beans.factory.support.DefaultListableBeanFactory - Creating shared instance of singleton bean 'datasourceDao'
 2017-11-16 20:33:14.338 DEBUG org.springframework.beans.factory.support.DefaultListableBeanFactory - Creating instance of bean 'datasourceDao'
 2017-11-16 20:33:14.340 DEBUG org.springframework.beans.factory.annotation.InjectionMetadata - Registered injected element on class [test.boot.dao.DatasourceDao]: AutowiredFieldElement for private org.jooq.DSLContext test.boot.dao.DatasourceDao.create
 2017-11-16 20:33:14.340 DEBUG org.springframework.beans.factory.support.DefaultListableBeanFactory - Eagerly caching bean 'datasourceDao' to allow for resolving potential circular references
 2017-11-16 20:33:14.343 DEBUG org.springframework.beans.factory.annotation.InjectionMetadata - Processing injected element of bean 'datasourceDao': AutowiredFieldElement for private org.jooq.DSLContext test.boot.dao.DatasourceDao.create
 2017-11-16 20:33:14.345 DEBUG org.springframework.beans.factory.support.DefaultListableBeanFactory - Creating shared instance of singleton bean 'dslContext'
 2017-11-16 20:33:14.345 DEBUG org.springframework.beans.factory.support.DefaultListableBeanFactory - Creating instance of bean 'dslContext'
 2017-11-16 20:33:14.346 DEBUG org.springframework.beans.factory.support.DefaultListableBeanFactory - Creating shared instance of singleton bean 'org.springframework.boot.autoconfigure.jooq.JooqAutoConfiguration$DslContextConfiguration'
 2017-11-16 20:33:14.346 DEBUG org.springframework.beans.factory.support.DefaultListableBeanFactory - Creating instance of bean 'org.springframework.boot.autoconfigure.jooq.JooqAutoConfiguration$DslContextConfiguration'
 2017-11-16 20:33:14.347 DEBUG org.springframework.core.LocalVariableTableParameterNameDiscoverer - Cannot find '.class' file for class [class org.springframework.boot.autoconfigure.jooq.JooqAutoConfiguration$DslContextConfiguration$$EnhancerBySpringCGLIB$$5a8b85ee] - unable to determine constructor/method parameter names
 2017-11-16 20:33:14.350 DEBUG org.springframework.beans.factory.support.DefaultListableBeanFactory - Creating shared instance of singleton bean 'spring.jooq-org.springframework.boot.autoconfigure.jooq.JooqProperties'
 2017-11-16 20:33:14.350 DEBUG org.springframework.beans.factory.support.DefaultListableBeanFactory - Creating instance of bean 'spring.jooq-org.springframework.boot.autoconfigure.jooq.JooqProperties'
 2017-11-16 20:33:14.351 DEBUG org.springframework.beans.factory.support.DefaultListableBeanFactory - Eagerly caching bean 'spring.jooq-org.springframework.boot.autoconfigure.jooq.JooqProperties' to allow for resolving potential circular references
 2017-11-16 20:33:14.359 DEBUG org.hibernate.validator.internal.engine.resolver.DefaultTraversableResolver - Cannot find javax.persistence.Persistence on classpath. Assuming non JPA 2 environment. All properties will per default be traversable.
 2017-11-16 20:33:14.362 DEBUG org.hibernate.validator.internal.engine.resolver.DefaultTraversableResolver - Cannot find javax.persistence.Persistence on classpath. Assuming non JPA 2 environment. All properties will per default be traversable.
 2017-11-16 20:33:14.363 DEBUG org.hibernate.validator.internal.engine.ConfigurationImpl - Setting custom MessageInterpolator of type org.springframework.validation.beanvalidation.LocaleContextMessageInterpolator
 2017-11-16 20:33:14.363 DEBUG org.hibernate.validator.internal.engine.ConfigurationImpl - Setting custom ConstraintValidatorFactory of type org.springframework.validation.beanvalidation.SpringConstraintValidatorFactory
 2017-11-16 20:33:14.363 DEBUG org.hibernate.validator.internal.engine.ConfigurationImpl - Setting custom ParameterNameProvider of type com.sun.proxy.$Proxy63
 2017-11-16 20:33:14.363 DEBUG org.hibernate.validator.internal.xml.ValidationXmlParser - Trying to load META-INF/validation.xml for XML based Validator configuration.
 2017-11-16 20:33:14.363 DEBUG org.hibernate.validator.internal.xml.ResourceLoaderHelper - Trying to load META-INF/validation.xml via user class loader
 2017-11-16 20:33:14.364 DEBUG org.hibernate.validator.internal.xml.ResourceLoaderHelper - Trying to load META-INF/validation.xml via TCCL
 2017-11-16 20:33:14.364 DEBUG org.hibernate.validator.internal.xml.ResourceLoaderHelper - Trying to load META-INF/validation.xml via Hibernate Validator's class loader
 2017-11-16 20:33:14.364 DEBUG org.hibernate.validator.internal.xml.ValidationXmlParser - No META-INF/validation.xml found. Using annotation based configuration only.
 2017-11-16 20:33:14.368 DEBUG org.springframework.beans.factory.annotation.InjectionMetadata - Processing injected element of bean 'org.springframework.boot.context.properties.ConfigurationPropertiesBindingPostProcessor': AutowiredMethodElement for public void org.springframework.boot.context.properties.ConfigurationPropertiesBindingPostProcessor.setConverters(java.util.List)
 2017-11-16 20:33:14.373 DEBUG org.springframework.beans.factory.annotation.InjectionMetadata - Processing injected element of bean 'org.springframework.boot.context.properties.ConfigurationPropertiesBindingPostProcessor': AutowiredMethodElement for public void org.springframework.boot.context.properties.ConfigurationPropertiesBindingPostProcessor.setGenericConverters(java.util.List)
 2017-11-16 20:33:14.379 DEBUG org.springframework.core.env.MutablePropertySources - Adding [Inlined Test Properties] PropertySource with lowest search precedence
 2017-11-16 20:33:14.380 DEBUG org.springframework.core.env.MutablePropertySources - Adding [systemProperties] PropertySource with lowest search precedence
 2017-11-16 20:33:14.380 DEBUG org.springframework.core.env.MutablePropertySources - Adding [systemEnvironment] PropertySource with lowest search precedence
 2017-11-16 20:33:14.380 DEBUG org.springframework.core.env.MutablePropertySources - Adding [random] PropertySource with lowest search precedence
 2017-11-16 20:33:14.380 DEBUG org.springframework.core.env.MutablePropertySources - Adding [applicationConfig: [classpath:/application-dev.yml]] PropertySource with lowest search precedence
 2017-11-16 20:33:14.380 DEBUG org.springframework.core.env.MutablePropertySources - Adding [applicationConfig: [classpath:/application.properties]] PropertySource with lowest search precedence
 2017-11-16 20:33:14.380 DEBUG org.springframework.core.env.MutablePropertySources - Adding [localProperties] PropertySource with lowest search precedence
 2017-11-16 20:33:14.382 DEBUG org.springframework.beans.factory.support.DefaultListableBeanFactory - Returning cached instance of singleton bean 'org.springframework.transaction.config.internalTransactionAdvisor'
 2017-11-16 20:33:14.383 DEBUG org.springframework.beans.factory.support.DefaultListableBeanFactory - Finished creating instance of bean 'spring.jooq-org.springframework.boot.autoconfigure.jooq.JooqProperties'
 2017-11-16 20:33:14.386 DEBUG org.springframework.beans.factory.support.DefaultListableBeanFactory - Creating shared instance of singleton bean 'dataSourceConnectionProvider'
 2017-11-16 20:33:14.386 DEBUG org.springframework.beans.factory.support.DefaultListableBeanFactory - Creating instance of bean 'dataSourceConnectionProvider'
 2017-11-16 20:33:14.387 DEBUG org.springframework.beans.factory.support.DefaultListableBeanFactory - Creating shared instance of singleton bean 'org.springframework.boot.autoconfigure.jooq.JooqAutoConfiguration'
 2017-11-16 20:33:14.387 DEBUG org.springframework.beans.factory.support.DefaultListableBeanFactory - Creating instance of bean 'org.springframework.boot.autoconfigure.jooq.JooqAutoConfiguration'
 2017-11-16 20:33:14.388 DEBUG org.springframework.beans.factory.support.DefaultListableBeanFactory - Eagerly caching bean 'org.springframework.boot.autoconfigure.jooq.JooqAutoConfiguration' to allow for resolving potential circular references
 2017-11-16 20:33:14.396 DEBUG org.springframework.beans.factory.support.DefaultListableBeanFactory - Returning cached instance of singleton bean 'org.springframework.transaction.config.internalTransactionAdvisor'
 2017-11-16 20:33:14.400 DEBUG org.springframework.beans.factory.support.DefaultListableBeanFactory - Finished creating instance of bean 'org.springframework.boot.autoconfigure.jooq.JooqAutoConfiguration'
 2017-11-16 20:33:14.403 DEBUG org.springframework.beans.factory.support.DefaultListableBeanFactory - Creating shared instance of singleton bean 'dataSource'
 2017-11-16 20:33:14.403 DEBUG org.springframework.beans.factory.support.DefaultListableBeanFactory - Creating instance of bean 'dataSource'
 2017-11-16 20:33:14.403 DEBUG org.springframework.beans.factory.support.DefaultListableBeanFactory - Creating shared instance of singleton bean 'org.springframework.boot.autoconfigure.jdbc.DataSourceConfiguration$Hikari'
 2017-11-16 20:33:14.403 DEBUG org.springframework.beans.factory.support.DefaultListableBeanFactory - Creating instance of bean 'org.springframework.boot.autoconfigure.jdbc.DataSourceConfiguration$Hikari'
 2017-11-16 20:33:14.404 DEBUG org.springframework.beans.factory.support.DefaultListableBeanFactory - Eagerly caching bean 'org.springframework.boot.autoconfigure.jdbc.DataSourceConfiguration$Hikari' to allow for resolving potential circular references
 2017-11-16 20:33:14.417 DEBUG org.springframework.beans.factory.support.DefaultListableBeanFactory - Returning cached instance of singleton bean 'org.springframework.transaction.config.internalTransactionAdvisor'
 2017-11-16 20:33:14.418 DEBUG org.springframework.beans.factory.support.DefaultListableBeanFactory - Finished creating instance of bean 'org.springframework.boot.autoconfigure.jdbc.DataSourceConfiguration$Hikari'
 2017-11-16 20:33:14.421 DEBUG org.springframework.beans.factory.support.DefaultListableBeanFactory - Creating shared instance of singleton bean 'spring.datasource-org.springframework.boot.autoconfigure.jdbc.DataSourceProperties'
 2017-11-16 20:33:14.422 DEBUG org.springframework.beans.factory.support.DefaultListableBeanFactory - Creating instance of bean 'spring.datasource-org.springframework.boot.autoconfigure.jdbc.DataSourceProperties'
 2017-11-16 20:33:14.427 DEBUG org.springframework.beans.factory.support.DefaultListableBeanFactory - Eagerly caching bean 'spring.datasource-org.springframework.boot.autoconfigure.jdbc.DataSourceProperties' to allow for resolving potential circular references
 2017-11-16 20:33:14.444 DEBUG org.springframework.core.env.MutablePropertySources - Adding [Inlined Test Properties] PropertySource with lowest search precedence
 2017-11-16 20:33:14.444 DEBUG org.springframework.core.env.MutablePropertySources - Adding [systemProperties] PropertySource with lowest search precedence
 2017-11-16 20:33:14.444 DEBUG org.springframework.core.env.MutablePropertySources - Adding [systemEnvironment] PropertySource with lowest search precedence
 2017-11-16 20:33:14.444 DEBUG org.springframework.core.env.MutablePropertySources - Adding [random] PropertySource with lowest search precedence
 2017-11-16 20:33:14.444 DEBUG org.springframework.core.env.MutablePropertySources - Adding [applicationConfig: [classpath:/application-dev.yml]] PropertySource with lowest search precedence
 2017-11-16 20:33:14.444 DEBUG org.springframework.core.env.MutablePropertySources - Adding [applicationConfig: [classpath:/application.properties]] PropertySource with lowest search precedence
 2017-11-16 20:33:14.444 DEBUG org.springframework.core.env.MutablePropertySources - Adding [localProperties] PropertySource with lowest search precedence
 2017-11-16 20:33:14.482 DEBUG org.springframework.core.env.MutablePropertySources - Adding [Inlined Test Properties] PropertySource with lowest search precedence
 2017-11-16 20:33:14.482 DEBUG org.springframework.core.env.MutablePropertySources - Adding [systemProperties] PropertySource with lowest search precedence
 2017-11-16 20:33:14.482 DEBUG org.springframework.core.env.MutablePropertySources - Adding [systemEnvironment] PropertySource with lowest search precedence
 2017-11-16 20:33:14.482 DEBUG org.springframework.core.env.MutablePropertySources - Adding [random] PropertySource with lowest search precedence
 2017-11-16 20:33:14.482 DEBUG org.springframework.core.env.MutablePropertySources - Adding [applicationConfig: [classpath:/application-dev.yml]] PropertySource with lowest search precedence
 2017-11-16 20:33:14.482 DEBUG org.springframework.core.env.MutablePropertySources - Adding [applicationConfig: [classpath:/application.properties]] PropertySource with lowest search precedence
 2017-11-16 20:33:14.482 DEBUG org.springframework.core.env.MutablePropertySources - Adding [localProperties] PropertySource with lowest search precedence
 2017-11-16 20:33:14.482 DEBUG org.springframework.core.env.PropertySourcesPropertyResolver - Found key 'spring.datasource.url' in [applicationConfig: [classpath:/application-dev.yml]] with type [String]
 2017-11-16 20:33:14.485 DEBUG org.springframework.core.env.MutablePropertySources - Adding [Inlined Test Properties] PropertySource with lowest search precedence
 2017-11-16 20:33:14.487 DEBUG org.springframework.core.env.MutablePropertySources - Adding [systemProperties] PropertySource with lowest search precedence
 2017-11-16 20:33:14.487 DEBUG org.springframework.core.env.MutablePropertySources - Adding [systemEnvironment] PropertySource with lowest search precedence
 2017-11-16 20:33:14.487 DEBUG org.springframework.core.env.MutablePropertySources - Adding [random] PropertySource with lowest search precedence
 2017-11-16 20:33:14.487 DEBUG org.springframework.core.env.MutablePropertySources - Adding [applicationConfig: [classpath:/application-dev.yml]] PropertySource with lowest search precedence
 2017-11-16 20:33:14.487 DEBUG org.springframework.core.env.MutablePropertySources - Adding [applicationConfig: [classpath:/application.properties]] PropertySource with lowest search precedence
 2017-11-16 20:33:14.487 DEBUG org.springframework.core.env.MutablePropertySources - Adding [localProperties] PropertySource with lowest search precedence
 2017-11-16 20:33:14.487 DEBUG org.springframework.core.env.PropertySourcesPropertyResolver - Found key 'spring.datasource.driver-class-name' in [applicationConfig: [classpath:/application-dev.yml]] with type [String]
 2017-11-16 20:33:14.488 DEBUG org.springframework.core.env.MutablePropertySources - Adding [Inlined Test Properties] PropertySource with lowest search precedence
 2017-11-16 20:33:14.488 DEBUG org.springframework.core.env.MutablePropertySources - Adding [systemProperties] PropertySource with lowest search precedence
 2017-11-16 20:33:14.488 DEBUG org.springframework.core.env.MutablePropertySources - Adding [systemEnvironment] PropertySource with lowest search precedence
 2017-11-16 20:33:14.488 DEBUG org.springframework.core.env.MutablePropertySources - Adding [random] PropertySource with lowest search precedence
 2017-11-16 20:33:14.488 DEBUG org.springframework.core.env.MutablePropertySources - Adding [applicationConfig: [classpath:/application-dev.yml]] PropertySource with lowest search precedence
 2017-11-16 20:33:14.488 DEBUG org.springframework.core.env.MutablePropertySources - Adding [applicationConfig: [classpath:/application.properties]] PropertySource with lowest search precedence
 2017-11-16 20:33:14.488 DEBUG org.springframework.core.env.MutablePropertySources - Adding [localProperties] PropertySource with lowest search precedence
 2017-11-16 20:33:14.489 DEBUG org.springframework.core.env.PropertySourcesPropertyResolver - Found key 'spring.datasource.username' in [applicationConfig: [classpath:/application-dev.yml]] with type [String]
 2017-11-16 20:33:14.489 DEBUG org.springframework.core.env.MutablePropertySources - Adding [Inlined Test Properties] PropertySource with lowest search precedence
 2017-11-16 20:33:14.489 DEBUG org.springframework.core.env.MutablePropertySources - Adding [systemProperties] PropertySource with lowest search precedence
 2017-11-16 20:33:14.489 DEBUG org.springframework.core.env.MutablePropertySources - Adding [systemEnvironment] PropertySource with lowest search precedence
 2017-11-16 20:33:14.489 DEBUG org.springframework.core.env.MutablePropertySources - Adding [random] PropertySource with lowest search precedence
 2017-11-16 20:33:14.489 DEBUG org.springframework.core.env.MutablePropertySources - Adding [applicationConfig: [classpath:/application-dev.yml]] PropertySource with lowest search precedence
 2017-11-16 20:33:14.489 DEBUG org.springframework.core.env.MutablePropertySources - Adding [applicationConfig: [classpath:/application.properties]] PropertySource with lowest search precedence
 2017-11-16 20:33:14.489 DEBUG org.springframework.core.env.MutablePropertySources - Adding [localProperties] PropertySource with lowest search precedence
 2017-11-16 20:33:14.489 DEBUG org.springframework.core.env.PropertySourcesPropertyResolver - Found key 'spring.datasource.password' in [applicationConfig: [classpath:/application-dev.yml]] with type [String]
 2017-11-16 20:33:14.490 DEBUG org.springframework.core.env.MutablePropertySources - Adding [Inlined Test Properties] PropertySource with lowest search precedence
 2017-11-16 20:33:14.490 DEBUG org.springframework.core.env.MutablePropertySources - Adding [systemProperties] PropertySource with lowest search precedence
 2017-11-16 20:33:14.490 DEBUG org.springframework.core.env.MutablePropertySources - Adding [systemEnvironment] PropertySource with lowest search precedence
 2017-11-16 20:33:14.491 DEBUG org.springframework.core.env.MutablePropertySources - Adding [random] PropertySource with lowest search precedence
 2017-11-16 20:33:14.491 DEBUG org.springframework.core.env.MutablePropertySources - Adding [applicationConfig: [classpath:/application-dev.yml]] PropertySource with lowest search precedence
 2017-11-16 20:33:14.491 DEBUG org.springframework.core.env.MutablePropertySources - Adding [applicationConfig: [classpath:/application.properties]] PropertySource with lowest search precedence
 2017-11-16 20:33:14.491 DEBUG org.springframework.core.env.MutablePropertySources - Adding [localProperties] PropertySource with lowest search precedence
 2017-11-16 20:33:14.491 DEBUG org.springframework.core.env.PropertySourcesPropertyResolver - Found key 'spring.datasource.type' in [applicationConfig: [classpath:/application-dev.yml]] with type [String]
 2017-11-16 20:33:14.536 DEBUG org.springframework.beans.factory.support.DefaultListableBeanFactory - Invoking afterPropertiesSet() on bean with name 'spring.datasource-org.springframework.boot.autoconfigure.jdbc.DataSourceProperties'
 2017-11-16 20:33:14.540 DEBUG org.springframework.beans.factory.support.DefaultListableBeanFactory - Returning cached instance of singleton bean 'org.springframework.transaction.config.internalTransactionAdvisor'
 2017-11-16 20:33:14.543 DEBUG org.springframework.beans.factory.support.DefaultListableBeanFactory - Finished creating instance of bean 'spring.datasource-org.springframework.boot.autoconfigure.jdbc.DataSourceProperties'
 2017-11-16 20:33:14.545 DEBUG org.springframework.beans.factory.support.DefaultListableBeanFactory - Autowiring by type from bean name 'dataSource' via factory method to bean named 'spring.datasource-org.springframework.boot.autoconfigure.jdbc.DataSourceProperties'
 2017-11-16 20:33:14.588 DEBUG org.springframework.beans.factory.support.DefaultListableBeanFactory - Eagerly caching bean 'dataSource' to allow for resolving potential circular references
 2017-11-16 20:33:14.720 DEBUG org.springframework.core.env.MutablePropertySources - Adding [Inlined Test Properties] PropertySource with lowest search precedence
 2017-11-16 20:33:14.720 DEBUG org.springframework.core.env.MutablePropertySources - Adding [systemProperties] PropertySource with lowest search precedence
 2017-11-16 20:33:14.720 DEBUG org.springframework.core.env.MutablePropertySources - Adding [systemEnvironment] PropertySource with lowest search precedence
 2017-11-16 20:33:14.720 DEBUG org.springframework.core.env.MutablePropertySources - Adding [random] PropertySource with lowest search precedence
 2017-11-16 20:33:14.720 DEBUG org.springframework.core.env.MutablePropertySources - Adding [applicationConfig: [classpath:/application-dev.yml]] PropertySource with lowest search precedence
 2017-11-16 20:33:14.720 DEBUG org.springframework.core.env.MutablePropertySources - Adding [applicationConfig: [classpath:/application.properties]] PropertySource with lowest search precedence
 2017-11-16 20:33:14.721 DEBUG org.springframework.core.env.MutablePropertySources - Adding [localProperties] PropertySource with lowest search precedence
 2017-11-16 20:33:14.731 DEBUG org.springframework.beans.factory.support.DefaultListableBeanFactory - Creating shared instance of singleton bean 'dataSourceInitializer'
 2017-11-16 20:33:14.731 DEBUG org.springframework.beans.factory.support.DefaultListableBeanFactory - Creating instance of bean 'dataSourceInitializer'
 2017-11-16 20:33:14.733 DEBUG org.springframework.beans.factory.support.DefaultListableBeanFactory - Creating shared instance of singleton bean 'org.springframework.boot.autoconfigure.jdbc.DataSourceAutoConfiguration'
 2017-11-16 20:33:14.734 DEBUG org.springframework.beans.factory.support.DefaultListableBeanFactory - Creating instance of bean 'org.springframework.boot.autoconfigure.jdbc.DataSourceAutoConfiguration'
 2017-11-16 20:33:14.738 DEBUG org.springframework.beans.factory.support.DefaultListableBeanFactory - Eagerly caching bean 'org.springframework.boot.autoconfigure.jdbc.DataSourceAutoConfiguration' to allow for resolving potential circular references
 2017-11-16 20:33:14.746 DEBUG org.springframework.beans.factory.support.DefaultListableBeanFactory - Returning cached instance of singleton bean 'org.springframework.transaction.config.internalTransactionAdvisor'
 2017-11-16 20:33:14.747 DEBUG org.springframework.beans.factory.support.DefaultListableBeanFactory - Finished creating instance of bean 'org.springframework.boot.autoconfigure.jdbc.DataSourceAutoConfiguration'
 2017-11-16 20:33:14.756 DEBUG org.springframework.beans.factory.support.DefaultListableBeanFactory - Returning cached instance of singleton bean 'spring.datasource-org.springframework.boot.autoconfigure.jdbc.DataSourceProperties'
 2017-11-16 20:33:14.757 DEBUG org.springframework.beans.factory.support.DefaultListableBeanFactory - Autowiring by type from bean name 'dataSourceInitializer' via factory method to bean named 'spring.datasource-org.springframework.boot.autoconfigure.jdbc.DataSourceProperties'
 2017-11-16 20:33:14.757 DEBUG org.springframework.beans.factory.support.DefaultListableBeanFactory - Autowiring by type from bean name 'dataSourceInitializer' via factory method to bean named 'org.springframework.web.context.support.GenericWebApplicationContext@4d518b32'
 2017-11-16 20:33:14.777 DEBUG org.springframework.context.annotation.CommonAnnotationBeanPostProcessor - Found init method on class [org.springframework.boot.autoconfigure.jdbc.DataSourceInitializer]: public void org.springframework.boot.autoconfigure.jdbc.DataSourceInitializer.init()
 2017-11-16 20:33:14.778 DEBUG org.springframework.context.annotation.CommonAnnotationBeanPostProcessor - Registered init method on class [org.springframework.boot.autoconfigure.jdbc.DataSourceInitializer]: org.springframework.beans.factory.annotation.InitDestroyAnnotationBeanPostProcessor$LifecycleElement@316510
 2017-11-16 20:33:14.780 DEBUG org.springframework.beans.factory.support.DefaultListableBeanFactory - Eagerly caching bean 'dataSourceInitializer' to allow for resolving potential circular references
 2017-11-16 20:33:14.799 DEBUG org.springframework.context.annotation.CommonAnnotationBeanPostProcessor - Invoking init method on bean 'dataSourceInitializer': public void org.springframework.boot.autoconfigure.jdbc.DataSourceInitializer.init()
 2017-11-16 20:33:14.802 DEBUG org.springframework.beans.factory.support.DefaultListableBeanFactory - Returning cached instance of singleton bean 'org.springframework.transaction.config.internalTransactionAdvisor'
 2017-11-16 20:33:14.806 DEBUG org.springframework.beans.factory.support.DefaultListableBeanFactory - Returning eagerly cached instance of singleton bean 'dataSource' that is not fully initialized yet - a consequence of a circular reference
 2017-11-16 20:33:14.812 DEBUG org.springframework.core.io.support.PathMatchingResourcePatternResolver - Resolved classpath location [schema-all.sql] to resources []
 2017-11-16 20:33:14.821 DEBUG org.springframework.core.io.support.PathMatchingResourcePatternResolver - Resolved classpath location [schema.sql] to resources []
 2017-11-16 20:33:14.823 DEBUG org.springframework.beans.factory.support.DefaultListableBeanFactory - Returning cached instance of singleton bean 'org.springframework.transaction.config.internalTransactionAdvisor'
 2017-11-16 20:33:14.828 DEBUG org.springframework.beans.factory.support.DefaultListableBeanFactory - Finished creating instance of bean 'dataSourceInitializer'
 2017-11-16 20:33:14.828 DEBUG org.springframework.beans.factory.support.DefaultListableBeanFactory - Finished creating instance of bean 'dataSource'
 2017-11-16 20:33:14.829 DEBUG org.springframework.beans.factory.support.DefaultListableBeanFactory - Autowiring by type from bean name 'dataSourceConnectionProvider' via factory method to bean named 'dataSource'
 2017-11-16 20:33:14.849 DEBUG org.springframework.beans.factory.support.DefaultListableBeanFactory - Eagerly caching bean 'dataSourceConnectionProvider' to allow for resolving potential circular references
 2017-11-16 20:33:14.861 DEBUG org.springframework.beans.factory.support.DefaultListableBeanFactory - Returning cached instance of singleton bean 'org.springframework.transaction.config.internalTransactionAdvisor'
 2017-11-16 20:33:14.862 DEBUG org.springframework.beans.factory.support.DefaultListableBeanFactory - Finished creating instance of bean 'dataSourceConnectionProvider'
 2017-11-16 20:33:14.866 DEBUG org.springframework.beans.factory.support.DefaultListableBeanFactory - Creating shared instance of singleton bean 'jooqExceptionTranslatorExecuteListenerProvider'
 2017-11-16 20:33:14.866 DEBUG org.springframework.beans.factory.support.DefaultListableBeanFactory - Creating instance of bean 'jooqExceptionTranslatorExecuteListenerProvider'
 2017-11-16 20:33:14.867 DEBUG org.springframework.beans.factory.support.DefaultListableBeanFactory - Returning cached instance of singleton bean 'org.springframework.boot.autoconfigure.jooq.JooqAutoConfiguration'
 2017-11-16 20:33:14.877 DEBUG org.springframework.beans.factory.support.DefaultListableBeanFactory - Eagerly caching bean 'jooqExceptionTranslatorExecuteListenerProvider' to allow for resolving potential circular references
 2017-11-16 20:33:14.885 DEBUG org.springframework.beans.factory.support.DefaultListableBeanFactory - Returning cached instance of singleton bean 'org.springframework.transaction.config.internalTransactionAdvisor'
 2017-11-16 20:33:14.886 DEBUG org.springframework.beans.factory.support.DefaultListableBeanFactory - Finished creating instance of bean 'jooqExceptionTranslatorExecuteListenerProvider'
 2017-11-16 20:33:14.889 DEBUG org.springframework.beans.factory.support.DefaultListableBeanFactory - Autowiring by type from bean name 'org.springframework.boot.autoconfigure.jooq.JooqAutoConfiguration$DslContextConfiguration' via constructor to bean named 'spring.jooq-org.springframework.boot.autoconfigure.jooq.JooqProperties'
 2017-11-16 20:33:14.889 DEBUG org.springframework.beans.factory.support.DefaultListableBeanFactory - Autowiring by type from bean name 'org.springframework.boot.autoconfigure.jooq.JooqAutoConfiguration$DslContextConfiguration' via constructor to bean named 'dataSourceConnectionProvider'
 2017-11-16 20:33:14.889 DEBUG org.springframework.beans.factory.support.DefaultListableBeanFactory - Autowiring by type from bean name 'org.springframework.boot.autoconfigure.jooq.JooqAutoConfiguration$DslContextConfiguration' via constructor to bean named 'jooqExceptionTranslatorExecuteListenerProvider'
 2017-11-16 20:33:14.893 DEBUG org.springframework.beans.factory.support.DefaultListableBeanFactory - Creating shared instance of singleton bean 'transactionProvider'
 2017-11-16 20:33:14.894 DEBUG org.springframework.beans.factory.support.DefaultListableBeanFactory - Creating instance of bean 'transactionProvider'
 2017-11-16 20:33:14.895 DEBUG org.springframework.beans.factory.support.DefaultListableBeanFactory - Returning cached instance of singleton bean 'org.springframework.boot.autoconfigure.jooq.JooqAutoConfiguration'
 2017-11-16 20:33:14.896 DEBUG org.springframework.beans.factory.support.DefaultListableBeanFactory - Creating shared instance of singleton bean 'transactionManager'
 2017-11-16 20:33:14.896 DEBUG org.springframework.beans.factory.support.DefaultListableBeanFactory - Creating instance of bean 'transactionManager'
 2017-11-16 20:33:14.897 DEBUG org.springframework.beans.factory.support.DefaultListableBeanFactory - Creating shared instance of singleton bean 'org.springframework.boot.autoconfigure.jdbc.DataSourceTransactionManagerAutoConfiguration$DataSourceTransactionManagerConfiguration'
 2017-11-16 20:33:14.897 DEBUG org.springframework.beans.factory.support.DefaultListableBeanFactory - Creating instance of bean 'org.springframework.boot.autoconfigure.jdbc.DataSourceTransactionManagerAutoConfiguration$DataSourceTransactionManagerConfiguration'
 2017-11-16 20:33:14.898 DEBUG org.springframework.core.LocalVariableTableParameterNameDiscoverer - Cannot find '.class' file for class [class org.springframework.boot.autoconfigure.jdbc.DataSourceTransactionManagerAutoConfiguration$DataSourceTransactionManagerConfiguration$$EnhancerBySpringCGLIB$$7d5cab33] - unable to determine constructor/method parameter names
 2017-11-16 20:33:14.899 DEBUG org.springframework.beans.factory.support.DefaultListableBeanFactory - Returning cached instance of singleton bean 'dataSource'
 2017-11-16 20:33:14.899 DEBUG org.springframework.beans.factory.support.DefaultListableBeanFactory - Autowiring by type from bean name 'org.springframework.boot.autoconfigure.jdbc.DataSourceTransactionManagerAutoConfiguration$DataSourceTransactionManagerConfiguration' via constructor to bean named 'dataSource'
 2017-11-16 20:33:14.902 DEBUG org.springframework.beans.factory.support.DefaultListableBeanFactory - Creating shared instance of singleton bean 'platformTransactionManagerCustomizers'
 2017-11-16 20:33:14.903 DEBUG org.springframework.beans.factory.support.DefaultListableBeanFactory - Creating instance of bean 'platformTransactionManagerCustomizers'
 2017-11-16 20:33:14.904 DEBUG org.springframework.beans.factory.support.DefaultListableBeanFactory - Creating shared instance of singleton bean 'org.springframework.boot.autoconfigure.transaction.TransactionAutoConfiguration'
 2017-11-16 20:33:14.904 DEBUG org.springframework.beans.factory.support.DefaultListableBeanFactory - Creating instance of bean 'org.springframework.boot.autoconfigure.transaction.TransactionAutoConfiguration'
 2017-11-16 20:33:14.908 DEBUG org.springframework.beans.factory.support.DefaultListableBeanFactory - Eagerly caching bean 'org.springframework.boot.autoconfigure.transaction.TransactionAutoConfiguration' to allow for resolving potential circular references
 2017-11-16 20:33:14.926 DEBUG org.springframework.beans.factory.support.DefaultListableBeanFactory - Returning cached instance of singleton bean 'org.springframework.transaction.config.internalTransactionAdvisor'
 2017-11-16 20:33:14.928 DEBUG org.springframework.beans.factory.support.DefaultListableBeanFactory - Finished creating instance of bean 'org.springframework.boot.autoconfigure.transaction.TransactionAutoConfiguration'
 2017-11-16 20:33:14.949 DEBUG org.springframework.beans.factory.support.DefaultListableBeanFactory - Creating shared instance of singleton bean 'spring.transaction-org.springframework.boot.autoconfigure.transaction.TransactionProperties'
 2017-11-16 20:33:14.949 DEBUG org.springframework.beans.factory.support.DefaultListableBeanFactory - Creating instance of bean 'spring.transaction-org.springframework.boot.autoconfigure.transaction.TransactionProperties'
 2017-11-16 20:33:14.951 DEBUG org.springframework.beans.factory.support.DefaultListableBeanFactory - Eagerly caching bean 'spring.transaction-org.springframework.boot.autoconfigure.transaction.TransactionProperties' to allow for resolving potential circular references
 2017-11-16 20:33:14.962 DEBUG org.springframework.core.env.MutablePropertySources - Adding [Inlined Test Properties] PropertySource with lowest search precedence
 2017-11-16 20:33:14.962 DEBUG org.springframework.core.env.MutablePropertySources - Adding [systemProperties] PropertySource with lowest search precedence
 2017-11-16 20:33:14.962 DEBUG org.springframework.core.env.MutablePropertySources - Adding [systemEnvironment] PropertySource with lowest search precedence
 2017-11-16 20:33:14.962 DEBUG org.springframework.core.env.MutablePropertySources - Adding [random] PropertySource with lowest search precedence
 2017-11-16 20:33:14.962 DEBUG org.springframework.core.env.MutablePropertySources - Adding [applicationConfig: [classpath:/application-dev.yml]] PropertySource with lowest search precedence
 2017-11-16 20:33:14.962 DEBUG org.springframework.core.env.MutablePropertySources - Adding [applicationConfig: [classpath:/application.properties]] PropertySource with lowest search precedence
 2017-11-16 20:33:14.962 DEBUG org.springframework.core.env.MutablePropertySources - Adding [localProperties] PropertySource with lowest search precedence
 2017-11-16 20:33:14.963 DEBUG org.springframework.beans.factory.support.DefaultListableBeanFactory - Returning cached instance of singleton bean 'org.springframework.transaction.config.internalTransactionAdvisor'
 2017-11-16 20:33:14.963 DEBUG org.springframework.beans.factory.support.DefaultListableBeanFactory - Finished creating instance of bean 'spring.transaction-org.springframework.boot.autoconfigure.transaction.TransactionProperties'
 2017-11-16 20:33:14.964 DEBUG org.springframework.beans.factory.support.DefaultListableBeanFactory - Eagerly caching bean 'platformTransactionManagerCustomizers' to allow for resolving potential circular references
 2017-11-16 20:33:14.971 DEBUG org.springframework.beans.factory.support.DefaultListableBeanFactory - Returning cached instance of singleton bean 'org.springframework.transaction.config.internalTransactionAdvisor'
 2017-11-16 20:33:14.972 DEBUG org.springframework.beans.factory.support.DefaultListableBeanFactory - Finished creating instance of bean 'platformTransactionManagerCustomizers'
 2017-11-16 20:33:14.973 DEBUG org.springframework.beans.factory.support.DefaultListableBeanFactory - Eagerly caching bean 'org.springframework.boot.autoconfigure.jdbc.DataSourceTransactionManagerAutoConfiguration$DataSourceTransactionManagerConfiguration' to allow for resolving potential circular references
 2017-11-16 20:33:14.978 DEBUG org.springframework.beans.factory.support.DefaultListableBeanFactory - Returning cached instance of singleton bean 'org.springframework.transaction.config.internalTransactionAdvisor'
 2017-11-16 20:33:14.978 DEBUG org.springframework.beans.factory.support.DefaultListableBeanFactory - Finished creating instance of bean 'org.springframework.boot.autoconfigure.jdbc.DataSourceTransactionManagerAutoConfiguration$DataSourceTransactionManagerConfiguration'
 2017-11-16 20:33:14.979 DEBUG org.springframework.beans.factory.support.DefaultListableBeanFactory - Returning cached instance of singleton bean 'spring.datasource-org.springframework.boot.autoconfigure.jdbc.DataSourceProperties'
 2017-11-16 20:33:14.979 DEBUG org.springframework.beans.factory.support.DefaultListableBeanFactory - Autowiring by type from bean name 'transactionManager' via factory method to bean named 'spring.datasource-org.springframework.boot.autoconfigure.jdbc.DataSourceProperties'
 2017-11-16 20:33:14.998 DEBUG org.springframework.beans.factory.support.DefaultListableBeanFactory - Eagerly caching bean 'transactionManager' to allow for resolving potential circular references
 2017-11-16 20:33:15.015 DEBUG org.springframework.beans.factory.support.DefaultListableBeanFactory - Invoking afterPropertiesSet() on bean with name 'transactionManager'
 2017-11-16 20:33:15.015 DEBUG org.springframework.beans.factory.support.DefaultListableBeanFactory - Returning cached instance of singleton bean 'org.springframework.transaction.config.internalTransactionAdvisor'
 2017-11-16 20:33:15.016 DEBUG org.springframework.beans.factory.support.DefaultListableBeanFactory - Finished creating instance of bean 'transactionManager'
 2017-11-16 20:33:15.017 DEBUG org.springframework.beans.factory.support.DefaultListableBeanFactory - Autowiring by type from bean name 'transactionProvider' via factory method to bean named 'transactionManager'
 2017-11-16 20:33:15.023 DEBUG org.springframework.beans.factory.support.DefaultListableBeanFactory - Eagerly caching bean 'transactionProvider' to allow for resolving potential circular references
 2017-11-16 20:33:15.037 DEBUG org.springframework.beans.factory.support.DefaultListableBeanFactory - Returning cached instance of singleton bean 'org.springframework.transaction.config.internalTransactionAdvisor'
 2017-11-16 20:33:15.039 DEBUG org.springframework.beans.factory.support.DefaultListableBeanFactory - Finished creating instance of bean 'transactionProvider'
 2017-11-16 20:33:15.047 DEBUG org.springframework.beans.factory.support.DefaultListableBeanFactory - Eagerly caching bean 'org.springframework.boot.autoconfigure.jooq.JooqAutoConfiguration$DslContextConfiguration' to allow for resolving potential circular references
 2017-11-16 20:33:15.056 DEBUG org.springframework.beans.factory.support.DefaultListableBeanFactory - Returning cached instance of singleton bean 'org.springframework.transaction.config.internalTransactionAdvisor'
 2017-11-16 20:33:15.057 DEBUG org.springframework.beans.factory.support.DefaultListableBeanFactory - Finished creating instance of bean 'org.springframework.boot.autoconfigure.jooq.JooqAutoConfiguration$DslContextConfiguration'
 2017-11-16 20:33:15.062 DEBUG org.springframework.beans.factory.support.DefaultListableBeanFactory - Creating shared instance of singleton bean 'jooqConfiguration'
 2017-11-16 20:33:15.063 DEBUG org.springframework.beans.factory.support.DefaultListableBeanFactory - Creating instance of bean 'jooqConfiguration'
 2017-11-16 20:33:15.065 DEBUG org.springframework.beans.factory.support.DefaultListableBeanFactory - Returning cached instance of singleton bean 'org.springframework.boot.autoconfigure.jooq.JooqAutoConfiguration$DslContextConfiguration'
 2017-11-16 20:33:15.102 DEBUG org.springframework.beans.factory.support.DefaultListableBeanFactory - Eagerly caching bean 'jooqConfiguration' to allow for resolving potential circular references
 2017-11-16 20:33:15.113 DEBUG org.springframework.beans.factory.support.DefaultListableBeanFactory - Returning cached instance of singleton bean 'org.springframework.transaction.config.internalTransactionAdvisor'
 2017-11-16 20:33:15.120 DEBUG org.springframework.beans.factory.support.DefaultListableBeanFactory - Finished creating instance of bean 'jooqConfiguration'
 2017-11-16 20:33:15.121 DEBUG org.springframework.beans.factory.support.DefaultListableBeanFactory - Autowiring by type from bean name 'dslContext' via factory method to bean named 'jooqConfiguration'
 2017-11-16 20:33:15.341 DEBUG org.springframework.beans.factory.support.DefaultListableBeanFactory - Eagerly caching bean 'dslContext' to allow for resolving potential circular references
 2017-11-16 20:33:15.416 DEBUG org.springframework.beans.factory.support.DefaultListableBeanFactory - Returning cached instance of singleton bean 'org.springframework.transaction.config.internalTransactionAdvisor'
 2017-11-16 20:33:15.457 DEBUG org.springframework.beans.factory.support.DefaultListableBeanFactory - Finished creating instance of bean 'dslContext'
 2017-11-16 20:33:15.457 DEBUG org.springframework.beans.factory.annotation.AutowiredAnnotationBeanPostProcessor - Autowiring by type from bean name 'datasourceDao' to bean named 'dslContext'
 2017-11-16 20:33:15.458 DEBUG org.springframework.beans.factory.support.DefaultListableBeanFactory - Returning cached instance of singleton bean 'org.springframework.transaction.config.internalTransactionAdvisor'
 2017-11-16 20:33:15.458 DEBUG org.springframework.beans.factory.support.DefaultListableBeanFactory - Finished creating instance of bean 'datasourceDao'
 2017-11-16 20:33:15.458 DEBUG org.springframework.beans.factory.annotation.AutowiredAnnotationBeanPostProcessor - Autowiring by type from bean name 'datasourceServiceImpl' to bean named 'datasourceDao'
 2017-11-16 20:33:15.458 DEBUG org.springframework.beans.factory.support.DefaultListableBeanFactory - Returning cached instance of singleton bean 'org.springframework.transaction.config.internalTransactionAdvisor'
 2017-11-16 20:33:15.461 DEBUG org.springframework.transaction.annotation.AnnotationTransactionAttributeSource - Adding transactional method 'test.boot.service.impl.DatasourceServiceImpl.listDatasource' with attribute: PROPAGATION_REQUIRED,ISOLATION_DEFAULT; ''
 2017-11-16 20:33:15.464 DEBUG org.springframework.aop.framework.autoproxy.InfrastructureAdvisorAutoProxyCreator - Creating implicit proxy for bean 'datasourceServiceImpl' with 0 common interceptors and 1 specific interceptors
 2017-11-16 20:33:15.467 DEBUG org.springframework.aop.framework.CglibAopProxy - Creating CGLIB proxy: target source is SingletonTargetSource for target object [test.boot.service.impl.DatasourceServiceImpl@61dde151]
 2017-11-16 20:33:15.476 DEBUG org.springframework.transaction.annotation.AnnotationTransactionAttributeSource - Adding transactional method 'test.boot.service.impl.DatasourceServiceImpl.listDatasource' with attribute: PROPAGATION_REQUIRED,ISOLATION_DEFAULT; ''
 2017-11-16 20:33:15.476 DEBUG org.springframework.aop.framework.CglibAopProxy - Unable to apply any optimizations to advised method: public java.util.List test.boot.service.impl.DatasourceServiceImpl.listDatasource()
 2017-11-16 20:33:15.477 DEBUG org.springframework.transaction.annotation.AnnotationTransactionAttributeSource - Adding transactional method 'test.boot.service.impl.DatasourceServiceImpl.saveDatasource' with attribute: PROPAGATION_REQUIRED,ISOLATION_DEFAULT; ''
 2017-11-16 20:33:15.477 DEBUG org.springframework.aop.framework.CglibAopProxy - Unable to apply any optimizations to advised method: public int test.boot.service.impl.DatasourceServiceImpl.saveDatasource(test.boot.entity.tables.records.TDatasourceRecord)
 2017-11-16 20:33:15.477 DEBUG org.springframework.transaction.annotation.AnnotationTransactionAttributeSource - Adding transactional method 'test.boot.service.impl.DatasourceServiceImpl.updateDatasource' with attribute: PROPAGATION_REQUIRED,ISOLATION_DEFAULT; ''
 2017-11-16 20:33:15.477 DEBUG org.springframework.aop.framework.CglibAopProxy - Unable to apply any optimizations to advised method: public int test.boot.service.impl.DatasourceServiceImpl.updateDatasource(test.boot.entity.tables.records.TDatasourceRecord)
 2017-11-16 20:33:15.477 DEBUG org.springframework.transaction.annotation.AnnotationTransactionAttributeSource - Adding transactional method 'test.boot.service.impl.DatasourceServiceImpl.removeDatasource' with attribute: PROPAGATION_REQUIRED,ISOLATION_DEFAULT; ''
 2017-11-16 20:33:15.477 DEBUG org.springframework.aop.framework.CglibAopProxy - Unable to apply any optimizations to advised method: public int test.boot.service.impl.DatasourceServiceImpl.removeDatasource(int)
 2017-11-16 20:33:15.477 DEBUG org.springframework.aop.framework.CglibAopProxy - Found 'equals' method: public boolean java.lang.Object.equals(java.lang.Object)
 2017-11-16 20:33:15.477 DEBUG org.springframework.aop.framework.CglibAopProxy - Unable to apply any optimizations to advised method: public java.lang.String java.lang.Object.toString()
 2017-11-16 20:33:15.477 DEBUG org.springframework.aop.framework.CglibAopProxy - Found 'hashCode' method: public native int java.lang.Object.hashCode()
 2017-11-16 20:33:15.477 DEBUG org.springframework.aop.framework.CglibAopProxy - Unable to apply any optimizations to advised method: protected native java.lang.Object java.lang.Object.clone() throws java.lang.CloneNotSupportedException
 2017-11-16 20:33:15.477 DEBUG org.springframework.aop.framework.CglibAopProxy - Method is declared on Advised interface: public abstract int org.springframework.aop.framework.Advised.indexOf(org.springframework.aop.Advisor)
 2017-11-16 20:33:15.477 DEBUG org.springframework.aop.framework.CglibAopProxy - Method is declared on Advised interface: public abstract int org.springframework.aop.framework.Advised.indexOf(org.aopalliance.aop.Advice)
 2017-11-16 20:33:15.477 DEBUG org.springframework.aop.framework.CglibAopProxy - Method is declared on Advised interface: public abstract boolean org.springframework.aop.framework.Advised.isFrozen()
 2017-11-16 20:33:15.477 DEBUG org.springframework.aop.framework.CglibAopProxy - Method is declared on Advised interface: public abstract boolean org.springframework.aop.framework.Advised.isInterfaceProxied(java.lang.Class)
 2017-11-16 20:33:15.477 DEBUG org.springframework.aop.framework.CglibAopProxy - Method is declared on Advised interface: public abstract java.lang.String org.springframework.aop.framework.Advised.toProxyConfigString()
 2017-11-16 20:33:15.477 DEBUG org.springframework.aop.framework.CglibAopProxy - Method is declared on Advised interface: public abstract java.lang.Class[] org.springframework.aop.framework.Advised.getProxiedInterfaces()
 2017-11-16 20:33:15.477 DEBUG org.springframework.aop.framework.CglibAopProxy - Method is declared on Advised interface: public abstract boolean org.springframework.aop.framework.Advised.isProxyTargetClass()
 2017-11-16 20:33:15.477 DEBUG org.springframework.aop.framework.CglibAopProxy - Method is declared on Advised interface: public abstract boolean org.springframework.aop.framework.Advised.isExposeProxy()
 2017-11-16 20:33:15.477 DEBUG org.springframework.aop.framework.CglibAopProxy - Method is declared on Advised interface: public abstract void org.springframework.aop.framework.Advised.addAdvisor(int,org.springframework.aop.Advisor) throws org.springframework.aop.framework.AopConfigException
 2017-11-16 20:33:15.477 DEBUG org.springframework.aop.framework.CglibAopProxy - Method is declared on Advised interface: public abstract void org.springframework.aop.framework.Advised.addAdvisor(org.springframework.aop.Advisor) throws org.springframework.aop.framework.AopConfigException
 2017-11-16 20:33:15.477 DEBUG org.springframework.aop.framework.CglibAopProxy - Method is declared on Advised interface: public abstract boolean org.springframework.aop.framework.Advised.removeAdvisor(org.springframework.aop.Advisor)
 2017-11-16 20:33:15.477 DEBUG org.springframework.aop.framework.CglibAopProxy - Method is declared on Advised interface: public abstract void org.springframework.aop.framework.Advised.removeAdvisor(int) throws org.springframework.aop.framework.AopConfigException
 2017-11-16 20:33:15.477 DEBUG org.springframework.aop.framework.CglibAopProxy - Method is declared on Advised interface: public abstract boolean org.springframework.aop.framework.Advised.removeAdvice(org.aopalliance.aop.Advice)
 2017-11-16 20:33:15.477 DEBUG org.springframework.aop.framework.CglibAopProxy - Method is declared on Advised interface: public abstract void org.springframework.aop.framework.Advised.setTargetSource(org.springframework.aop.TargetSource)
 2017-11-16 20:33:15.477 DEBUG org.springframework.aop.framework.CglibAopProxy - Method is declared on Advised interface: public abstract org.springframework.aop.Advisor[] org.springframework.aop.framework.Advised.getAdvisors()
 2017-11-16 20:33:15.477 DEBUG org.springframework.aop.framework.CglibAopProxy - Method is declared on Advised interface: public abstract void org.springframework.aop.framework.Advised.setExposeProxy(boolean)
 2017-11-16 20:33:15.477 DEBUG org.springframework.aop.framework.CglibAopProxy - Method is declared on Advised interface: public abstract void org.springframework.aop.framework.Advised.setPreFiltered(boolean)
 2017-11-16 20:33:15.477 DEBUG org.springframework.aop.framework.CglibAopProxy - Method is declared on Advised interface: public abstract boolean org.springframework.aop.framework.Advised.isPreFiltered()
 2017-11-16 20:33:15.477 DEBUG org.springframework.aop.framework.CglibAopProxy - Method is declared on Advised interface: public abstract boolean org.springframework.aop.framework.Advised.replaceAdvisor(org.springframework.aop.Advisor,org.springframework.aop.Advisor) throws org.springframework.aop.framework.AopConfigException
 2017-11-16 20:33:15.477 DEBUG org.springframework.aop.framework.CglibAopProxy - Method is declared on Advised interface: public abstract void org.springframework.aop.framework.Advised.addAdvice(int,org.aopalliance.aop.Advice) throws org.springframework.aop.framework.AopConfigException
 2017-11-16 20:33:15.477 DEBUG org.springframework.aop.framework.CglibAopProxy - Method is declared on Advised interface: public abstract void org.springframework.aop.framework.Advised.addAdvice(org.aopalliance.aop.Advice) throws org.springframework.aop.framework.AopConfigException
 2017-11-16 20:33:15.477 DEBUG org.springframework.aop.framework.CglibAopProxy - Method is declared on Advised interface: public abstract org.springframework.aop.TargetSource org.springframework.aop.framework.Advised.getTargetSource()
 2017-11-16 20:33:15.477 DEBUG org.springframework.aop.framework.CglibAopProxy - Method is declared on Advised interface: public abstract java.lang.Class org.springframework.aop.TargetClassAware.getTargetClass()
 2017-11-16 20:33:15.488 DEBUG org.springframework.beans.factory.support.DefaultListableBeanFactory - Finished creating instance of bean 'datasourceServiceImpl'
 2017-11-16 20:33:15.488 DEBUG org.springframework.beans.factory.annotation.AutowiredAnnotationBeanPostProcessor - Autowiring by type from bean name 'datasourceController' to bean named 'datasourceServiceImpl'
 2017-11-16 20:33:15.489 DEBUG org.springframework.beans.factory.support.DefaultListableBeanFactory - Returning cached instance of singleton bean 'org.springframework.transaction.config.internalTransactionAdvisor'
 2017-11-16 20:33:15.490 DEBUG org.springframework.beans.factory.support.DefaultListableBeanFactory - Finished creating instance of bean 'datasourceController'
 2017-11-16 20:33:15.490 DEBUG org.springframework.beans.factory.support.DefaultListableBeanFactory - Returning cached instance of singleton bean 'datasourceDao'
 2017-11-16 20:33:15.490 DEBUG org.springframework.beans.factory.support.DefaultListableBeanFactory - Returning cached instance of singleton bean 'datasourceServiceImpl'
 2017-11-16 20:33:15.490 DEBUG org.springframework.beans.factory.support.DefaultListableBeanFactory - Creating shared instance of singleton bean 'org.springframework.boot.autoconfigure.AutoConfigurationPackages'
 2017-11-16 20:33:15.490 DEBUG org.springframework.beans.factory.support.DefaultListableBeanFactory - Creating instance of bean 'org.springframework.boot.autoconfigure.AutoConfigurationPackages'
 2017-11-16 20:33:15.491 DEBUG org.springframework.beans.factory.support.DefaultListableBeanFactory - Eagerly caching bean 'org.springframework.boot.autoconfigure.AutoConfigurationPackages' to allow for resolving potential circular references
 2017-11-16 20:33:15.493 DEBUG org.springframework.beans.factory.support.DefaultListableBeanFactory - Returning cached instance of singleton bean 'org.springframework.transaction.config.internalTransactionAdvisor'
 2017-11-16 20:33:15.493 DEBUG org.springframework.beans.factory.support.DefaultListableBeanFactory - Finished creating instance of bean 'org.springframework.boot.autoconfigure.AutoConfigurationPackages'
 2017-11-16 20:33:15.493 DEBUG org.springframework.beans.factory.support.DefaultListableBeanFactory - Creating shared instance of singleton bean 'org.springframework.boot.autoconfigure.context.PropertyPlaceholderAutoConfiguration'
 2017-11-16 20:33:15.493 DEBUG org.springframework.beans.factory.support.DefaultListableBeanFactory - Creating instance of bean 'org.springframework.boot.autoconfigure.context.PropertyPlaceholderAutoConfiguration'
 2017-11-16 20:33:15.493 DEBUG org.springframework.beans.factory.support.DefaultListableBeanFactory - Eagerly caching bean 'org.springframework.boot.autoconfigure.context.PropertyPlaceholderAutoConfiguration' to allow for resolving potential circular references
 2017-11-16 20:33:15.496 DEBUG org.springframework.beans.factory.support.DefaultListableBeanFactory - Returning cached instance of singleton bean 'org.springframework.transaction.config.internalTransactionAdvisor'
 2017-11-16 20:33:15.496 DEBUG org.springframework.beans.factory.support.DefaultListableBeanFactory - Finished creating instance of bean 'org.springframework.boot.autoconfigure.context.PropertyPlaceholderAutoConfiguration'
 2017-11-16 20:33:15.497 DEBUG org.springframework.beans.factory.support.DefaultListableBeanFactory - Returning cached instance of singleton bean 'org.springframework.boot.autoconfigure.condition.BeanTypeRegistry'
 2017-11-16 20:33:15.497 DEBUG org.springframework.beans.factory.support.DefaultListableBeanFactory - Returning cached instance of singleton bean 'propertySourcesPlaceholderConfigurer'
 2017-11-16 20:33:15.497 DEBUG org.springframework.beans.factory.support.DefaultListableBeanFactory - Creating shared instance of singleton bean 'org.springframework.boot.autoconfigure.jackson.JacksonAutoConfiguration$Jackson2ObjectMapperBuilderCustomizerConfiguration'
 2017-11-16 20:33:15.497 DEBUG org.springframework.beans.factory.support.DefaultListableBeanFactory - Creating instance of bean 'org.springframework.boot.autoconfigure.jackson.JacksonAutoConfiguration$Jackson2ObjectMapperBuilderCustomizerConfiguration'
 2017-11-16 20:33:15.497 DEBUG org.springframework.beans.factory.support.DefaultListableBeanFactory - Eagerly caching bean 'org.springframework.boot.autoconfigure.jackson.JacksonAutoConfiguration$Jackson2ObjectMapperBuilderCustomizerConfiguration' to allow for resolving potential circular references
 2017-11-16 20:33:15.500 DEBUG org.springframework.beans.factory.support.DefaultListableBeanFactory - Returning cached instance of singleton bean 'org.springframework.transaction.config.internalTransactionAdvisor'
 2017-11-16 20:33:15.500 DEBUG org.springframework.beans.factory.support.DefaultListableBeanFactory - Finished creating instance of bean 'org.springframework.boot.autoconfigure.jackson.JacksonAutoConfiguration$Jackson2ObjectMapperBuilderCustomizerConfiguration'
 2017-11-16 20:33:15.500 DEBUG org.springframework.beans.factory.support.DefaultListableBeanFactory - Creating shared instance of singleton bean 'standardJacksonObjectMapperBuilderCustomizer'
 2017-11-16 20:33:15.500 DEBUG org.springframework.beans.factory.support.DefaultListableBeanFactory - Creating instance of bean 'standardJacksonObjectMapperBuilderCustomizer'
 2017-11-16 20:33:15.501 DEBUG org.springframework.beans.factory.support.DefaultListableBeanFactory - Returning cached instance of singleton bean 'org.springframework.boot.autoconfigure.jackson.JacksonAutoConfiguration$Jackson2ObjectMapperBuilderCustomizerConfiguration'
 2017-11-16 20:33:15.503 DEBUG org.springframework.beans.factory.support.DefaultListableBeanFactory - Creating shared instance of singleton bean 'spring.jackson-org.springframework.boot.autoconfigure.jackson.JacksonProperties'
 2017-11-16 20:33:15.503 DEBUG org.springframework.beans.factory.support.DefaultListableBeanFactory - Creating instance of bean 'spring.jackson-org.springframework.boot.autoconfigure.jackson.JacksonProperties'
 2017-11-16 20:33:15.503 DEBUG org.springframework.beans.factory.support.DefaultListableBeanFactory - Eagerly caching bean 'spring.jackson-org.springframework.boot.autoconfigure.jackson.JacksonProperties' to allow for resolving potential circular references
 2017-11-16 20:33:15.507 DEBUG org.springframework.core.env.MutablePropertySources - Adding [Inlined Test Properties] PropertySource with lowest search precedence
 2017-11-16 20:33:15.507 DEBUG org.springframework.core.env.MutablePropertySources - Adding [systemProperties] PropertySource with lowest search precedence
 2017-11-16 20:33:15.507 DEBUG org.springframework.core.env.MutablePropertySources - Adding [systemEnvironment] PropertySource with lowest search precedence
 2017-11-16 20:33:15.507 DEBUG org.springframework.core.env.MutablePropertySources - Adding [random] PropertySource with lowest search precedence
 2017-11-16 20:33:15.507 DEBUG org.springframework.core.env.MutablePropertySources - Adding [applicationConfig: [classpath:/application-dev.yml]] PropertySource with lowest search precedence
 2017-11-16 20:33:15.507 DEBUG org.springframework.core.env.MutablePropertySources - Adding [applicationConfig: [classpath:/application.properties]] PropertySource with lowest search precedence
 2017-11-16 20:33:15.507 DEBUG org.springframework.core.env.MutablePropertySources - Adding [localProperties] PropertySource with lowest search precedence
 2017-11-16 20:33:15.509 DEBUG org.springframework.beans.factory.support.DefaultListableBeanFactory - Returning cached instance of singleton bean 'org.springframework.transaction.config.internalTransactionAdvisor'
 2017-11-16 20:33:15.509 DEBUG org.springframework.beans.factory.support.DefaultListableBeanFactory - Finished creating instance of bean 'spring.jackson-org.springframework.boot.autoconfigure.jackson.JacksonProperties'
 2017-11-16 20:33:15.509 DEBUG org.springframework.beans.factory.support.DefaultListableBeanFactory - Autowiring by type from bean name 'standardJacksonObjectMapperBuilderCustomizer' via factory method to bean named 'org.springframework.web.context.support.GenericWebApplicationContext@4d518b32'
 2017-11-16 20:33:15.509 DEBUG org.springframework.beans.factory.support.DefaultListableBeanFactory - Autowiring by type from bean name 'standardJacksonObjectMapperBuilderCustomizer' via factory method to bean named 'spring.jackson-org.springframework.boot.autoconfigure.jackson.JacksonProperties'
 2017-11-16 20:33:15.514 DEBUG org.springframework.beans.factory.support.DefaultListableBeanFactory - Eagerly caching bean 'standardJacksonObjectMapperBuilderCustomizer' to allow for resolving potential circular references
 2017-11-16 20:33:15.517 DEBUG org.springframework.beans.factory.support.DefaultListableBeanFactory - Returning cached instance of singleton bean 'org.springframework.transaction.config.internalTransactionAdvisor'
 2017-11-16 20:33:15.517 DEBUG org.springframework.beans.factory.support.DefaultListableBeanFactory - Finished creating instance of bean 'standardJacksonObjectMapperBuilderCustomizer'
 2017-11-16 20:33:15.517 DEBUG org.springframework.beans.factory.support.DefaultListableBeanFactory - Returning cached instance of singleton bean 'spring.jackson-org.springframework.boot.autoconfigure.jackson.JacksonProperties'
 2017-11-16 20:33:15.517 DEBUG org.springframework.beans.factory.support.DefaultListableBeanFactory - Returning cached instance of singleton bean 'org.springframework.boot.context.properties.ConfigurationPropertiesBindingPostProcessor'
 2017-11-16 20:33:15.517 DEBUG org.springframework.beans.factory.support.DefaultListableBeanFactory - Returning cached instance of singleton bean 'org.springframework.boot.context.properties.ConfigurationPropertiesBindingPostProcessor.store'
 2017-11-16 20:33:15.517 DEBUG org.springframework.beans.factory.support.DefaultListableBeanFactory - Creating shared instance of singleton bean 'org.springframework.boot.autoconfigure.jackson.JacksonAutoConfiguration$JacksonObjectMapperBuilderConfiguration'
 2017-11-16 20:33:15.517 DEBUG org.springframework.beans.factory.support.DefaultListableBeanFactory - Creating instance of bean 'org.springframework.boot.autoconfigure.jackson.JacksonAutoConfiguration$JacksonObjectMapperBuilderConfiguration'
 2017-11-16 20:33:15.518 DEBUG org.springframework.core.LocalVariableTableParameterNameDiscoverer - Cannot find '.class' file for class [class org.springframework.boot.autoconfigure.jackson.JacksonAutoConfiguration$JacksonObjectMapperBuilderConfiguration$$EnhancerBySpringCGLIB$$de3c546e] - unable to determine constructor/method parameter names
 2017-11-16 20:33:15.518 DEBUG org.springframework.beans.factory.support.DefaultListableBeanFactory - Returning cached instance of singleton bean 'spring.jackson-org.springframework.boot.autoconfigure.jackson.JacksonProperties'
 2017-11-16 20:33:15.520 DEBUG org.springframework.beans.factory.support.DefaultListableBeanFactory - Returning cached instance of singleton bean 'standardJacksonObjectMapperBuilderCustomizer'
 2017-11-16 20:33:15.520 DEBUG org.springframework.beans.factory.support.DefaultListableBeanFactory - Autowiring by type from bean name 'org.springframework.boot.autoconfigure.jackson.JacksonAutoConfiguration$JacksonObjectMapperBuilderConfiguration' via constructor to bean named 'org.springframework.web.context.support.GenericWebApplicationContext@4d518b32'
 2017-11-16 20:33:15.520 DEBUG org.springframework.beans.factory.support.DefaultListableBeanFactory - Autowiring by type from bean name 'org.springframework.boot.autoconfigure.jackson.JacksonAutoConfiguration$JacksonObjectMapperBuilderConfiguration' via constructor to bean named 'spring.jackson-org.springframework.boot.autoconfigure.jackson.JacksonProperties'
 2017-11-16 20:33:15.520 DEBUG org.springframework.beans.factory.support.DefaultListableBeanFactory - Autowiring by type from bean name 'org.springframework.boot.autoconfigure.jackson.JacksonAutoConfiguration$JacksonObjectMapperBuilderConfiguration' via constructor to bean named 'standardJacksonObjectMapperBuilderCustomizer'
 2017-11-16 20:33:15.520 DEBUG org.springframework.beans.factory.support.DefaultListableBeanFactory - Eagerly caching bean 'org.springframework.boot.autoconfigure.jackson.JacksonAutoConfiguration$JacksonObjectMapperBuilderConfiguration' to allow for resolving potential circular references
 2017-11-16 20:33:15.524 DEBUG org.springframework.beans.factory.support.DefaultListableBeanFactory - Returning cached instance of singleton bean 'org.springframework.transaction.config.internalTransactionAdvisor'
 2017-11-16 20:33:15.524 DEBUG org.springframework.beans.factory.support.DefaultListableBeanFactory - Finished creating instance of bean 'org.springframework.boot.autoconfigure.jackson.JacksonAutoConfiguration$JacksonObjectMapperBuilderConfiguration'
 2017-11-16 20:33:15.524 DEBUG org.springframework.beans.factory.support.DefaultListableBeanFactory - Creating shared instance of singleton bean 'jacksonObjectMapperBuilder'
 2017-11-16 20:33:15.524 DEBUG org.springframework.beans.factory.support.DefaultListableBeanFactory - Creating instance of bean 'jacksonObjectMapperBuilder'
 2017-11-16 20:33:15.525 DEBUG org.springframework.beans.factory.support.DefaultListableBeanFactory - Returning cached instance of singleton bean 'org.springframework.boot.autoconfigure.jackson.JacksonAutoConfiguration$JacksonObjectMapperBuilderConfiguration'
 2017-11-16 20:33:15.526 DEBUG org.springframework.beans.factory.support.DefaultListableBeanFactory - Returning cached instance of singleton bean 'standardJacksonObjectMapperBuilderCustomizer'
 2017-11-16 20:33:15.526 DEBUG org.springframework.beans.factory.support.DefaultListableBeanFactory - Autowiring by type from bean name 'jacksonObjectMapperBuilder' via factory method to bean named 'standardJacksonObjectMapperBuilderCustomizer'
 2017-11-16 20:33:15.530 DEBUG org.springframework.beans.factory.support.DefaultListableBeanFactory - Creating shared instance of singleton bean 'jsonComponentModule'
 2017-11-16 20:33:15.530 DEBUG org.springframework.beans.factory.support.DefaultListableBeanFactory - Creating instance of bean 'jsonComponentModule'
 2017-11-16 20:33:15.531 DEBUG org.springframework.beans.factory.support.DefaultListableBeanFactory - Creating shared instance of singleton bean 'org.springframework.boot.autoconfigure.jackson.JacksonAutoConfiguration'
 2017-11-16 20:33:15.531 DEBUG org.springframework.beans.factory.support.DefaultListableBeanFactory - Creating instance of bean 'org.springframework.boot.autoconfigure.jackson.JacksonAutoConfiguration'
 2017-11-16 20:33:15.531 DEBUG org.springframework.beans.factory.support.DefaultListableBeanFactory - Eagerly caching bean 'org.springframework.boot.autoconfigure.jackson.JacksonAutoConfiguration' to allow for resolving potential circular references
 2017-11-16 20:33:15.562 DEBUG org.springframework.beans.factory.support.DefaultListableBeanFactory - Returning cached instance of singleton bean 'org.springframework.transaction.config.internalTransactionAdvisor'
 2017-11-16 20:33:15.567 DEBUG org.springframework.beans.factory.support.DefaultListableBeanFactory - Finished creating instance of bean 'org.springframework.boot.autoconfigure.jackson.JacksonAutoConfiguration'
 2017-11-16 20:33:15.593 DEBUG org.springframework.context.annotation.CommonAnnotationBeanPostProcessor - Found init method on class [org.springframework.boot.jackson.JsonComponentModule]: public void org.springframework.boot.jackson.JsonComponentModule.registerJsonComponents()
 2017-11-16 20:33:15.640 DEBUG org.springframework.context.annotation.CommonAnnotationBeanPostProcessor - Registered init method on class [org.springframework.boot.jackson.JsonComponentModule]: org.springframework.beans.factory.annotation.InitDestroyAnnotationBeanPostProcessor$LifecycleElement@65126ba1
 2017-11-16 20:33:15.650 DEBUG org.springframework.beans.factory.support.DefaultListableBeanFactory - Eagerly caching bean 'jsonComponentModule' to allow for resolving potential circular references
 2017-11-16 20:33:15.763 DEBUG org.springframework.context.annotation.CommonAnnotationBeanPostProcessor - Invoking init method on bean 'jsonComponentModule': public void org.springframework.boot.jackson.JsonComponentModule.registerJsonComponents()
 2017-11-16 20:33:15.787 DEBUG org.springframework.beans.factory.support.DefaultListableBeanFactory - Returning cached instance of singleton bean 'org.springframework.transaction.config.internalTransactionAdvisor'
 2017-11-16 20:33:15.793 DEBUG org.springframework.beans.factory.support.DefaultListableBeanFactory - Finished creating instance of bean 'jsonComponentModule'
 2017-11-16 20:33:15.796 DEBUG org.springframework.beans.factory.support.DefaultListableBeanFactory - Eagerly caching bean 'jacksonObjectMapperBuilder' to allow for resolving potential circular references
 2017-11-16 20:33:15.812 DEBUG org.springframework.beans.factory.support.DefaultListableBeanFactory - Returning cached instance of singleton bean 'org.springframework.transaction.config.internalTransactionAdvisor'
 2017-11-16 20:33:15.812 DEBUG org.springframework.beans.factory.support.DefaultListableBeanFactory - Finished creating instance of bean 'jacksonObjectMapperBuilder'
 2017-11-16 20:33:15.813 DEBUG org.springframework.beans.factory.support.DefaultListableBeanFactory - Creating shared instance of singleton bean 'org.springframework.boot.autoconfigure.jackson.JacksonAutoConfiguration$JacksonObjectMapperConfiguration'
 2017-11-16 20:33:15.813 DEBUG org.springframework.beans.factory.support.DefaultListableBeanFactory - Creating instance of bean 'org.springframework.boot.autoconfigure.jackson.JacksonAutoConfiguration$JacksonObjectMapperConfiguration'
 2017-11-16 20:33:15.821 DEBUG org.springframework.beans.factory.support.DefaultListableBeanFactory - Eagerly caching bean 'org.springframework.boot.autoconfigure.jackson.JacksonAutoConfiguration$JacksonObjectMapperConfiguration' to allow for resolving potential circular references
 2017-11-16 20:33:15.855 DEBUG org.springframework.beans.factory.support.DefaultListableBeanFactory - Returning cached instance of singleton bean 'org.springframework.transaction.config.internalTransactionAdvisor'
 2017-11-16 20:33:15.857 DEBUG org.springframework.beans.factory.support.DefaultListableBeanFactory - Finished creating instance of bean 'org.springframework.boot.autoconfigure.jackson.JacksonAutoConfiguration$JacksonObjectMapperConfiguration'
 2017-11-16 20:33:15.857 DEBUG org.springframework.beans.factory.support.DefaultListableBeanFactory - Creating shared instance of singleton bean 'jacksonObjectMapper'
 2017-11-16 20:33:15.857 DEBUG org.springframework.beans.factory.support.DefaultListableBeanFactory - Creating instance of bean 'jacksonObjectMapper'
 2017-11-16 20:33:15.857 DEBUG org.springframework.beans.factory.support.DefaultListableBeanFactory - Returning cached instance of singleton bean 'org.springframework.boot.autoconfigure.jackson.JacksonAutoConfiguration$JacksonObjectMapperConfiguration'
 2017-11-16 20:33:15.862 DEBUG org.springframework.beans.factory.support.DefaultListableBeanFactory - Returning cached instance of singleton bean 'jacksonObjectMapperBuilder'
 2017-11-16 20:33:15.862 DEBUG org.springframework.beans.factory.support.DefaultListableBeanFactory - Autowiring by type from bean name 'jacksonObjectMapper' via factory method to bean named 'jacksonObjectMapperBuilder'
 2017-11-16 20:33:15.956 DEBUG org.springframework.beans.factory.support.DefaultListableBeanFactory - Eagerly caching bean 'jacksonObjectMapper' to allow for resolving potential circular references
 2017-11-16 20:33:16.002 DEBUG org.springframework.beans.factory.support.DefaultListableBeanFactory - Returning cached instance of singleton bean 'org.springframework.transaction.config.internalTransactionAdvisor'
 2017-11-16 20:33:16.009 DEBUG org.springframework.beans.factory.support.DefaultListableBeanFactory - Finished creating instance of bean 'jacksonObjectMapper'
 2017-11-16 20:33:16.009 DEBUG org.springframework.beans.factory.support.DefaultListableBeanFactory - Returning cached instance of singleton bean 'org.springframework.boot.autoconfigure.jackson.JacksonAutoConfiguration'
 2017-11-16 20:33:16.010 DEBUG org.springframework.beans.factory.support.DefaultListableBeanFactory - Returning cached instance of singleton bean 'jsonComponentModule'
 2017-11-16 20:33:16.010 DEBUG org.springframework.beans.factory.support.DefaultListableBeanFactory - Creating shared instance of singleton bean 'org.springframework.boot.autoconfigure.websocket.WebSocketAutoConfiguration$TomcatWebSocketConfiguration'
 2017-11-16 20:33:16.010 DEBUG org.springframework.beans.factory.support.DefaultListableBeanFactory - Creating instance of bean 'org.springframework.boot.autoconfigure.websocket.WebSocketAutoConfiguration$TomcatWebSocketConfiguration'
 2017-11-16 20:33:16.014 DEBUG org.springframework.beans.factory.support.DefaultListableBeanFactory - Eagerly caching bean 'org.springframework.boot.autoconfigure.websocket.WebSocketAutoConfiguration$TomcatWebSocketConfiguration' to allow for resolving potential circular references
 2017-11-16 20:33:16.046 DEBUG org.springframework.beans.factory.support.DefaultListableBeanFactory - Returning cached instance of singleton bean 'org.springframework.transaction.config.internalTransactionAdvisor'
 2017-11-16 20:33:16.052 DEBUG org.springframework.beans.factory.support.DefaultListableBeanFactory - Finished creating instance of bean 'org.springframework.boot.autoconfigure.websocket.WebSocketAutoConfiguration$TomcatWebSocketConfiguration'
 2017-11-16 20:33:16.052 DEBUG org.springframework.beans.factory.support.DefaultListableBeanFactory - Creating shared instance of singleton bean 'websocketContainerCustomizer'
 2017-11-16 20:33:16.052 DEBUG org.springframework.beans.factory.support.DefaultListableBeanFactory - Creating instance of bean 'websocketContainerCustomizer'
 2017-11-16 20:33:16.053 DEBUG org.springframework.beans.factory.support.DefaultListableBeanFactory - Returning cached instance of singleton bean 'org.springframework.boot.autoconfigure.websocket.WebSocketAutoConfiguration$TomcatWebSocketConfiguration'
 2017-11-16 20:33:16.084 DEBUG org.springframework.beans.factory.support.DefaultListableBeanFactory - Eagerly caching bean 'websocketContainerCustomizer' to allow for resolving potential circular references
 2017-11-16 20:33:16.106 DEBUG org.springframework.beans.factory.support.DefaultListableBeanFactory - Returning cached instance of singleton bean 'org.springframework.transaction.config.internalTransactionAdvisor'
 2017-11-16 20:33:16.107 DEBUG org.springframework.beans.factory.support.DefaultListableBeanFactory - Finished creating instance of bean 'websocketContainerCustomizer'
 2017-11-16 20:33:16.107 DEBUG org.springframework.beans.factory.support.DefaultListableBeanFactory - Creating shared instance of singleton bean 'org.springframework.boot.autoconfigure.websocket.WebSocketAutoConfiguration'
 2017-11-16 20:33:16.107 DEBUG org.springframework.beans.factory.support.DefaultListableBeanFactory - Creating instance of bean 'org.springframework.boot.autoconfigure.websocket.WebSocketAutoConfiguration'
 2017-11-16 20:33:16.108 DEBUG org.springframework.beans.factory.support.DefaultListableBeanFactory - Eagerly caching bean 'org.springframework.boot.autoconfigure.websocket.WebSocketAutoConfiguration' to allow for resolving potential circular references
 2017-11-16 20:33:16.134 DEBUG org.springframework.beans.factory.support.DefaultListableBeanFactory - Returning cached instance of singleton bean 'org.springframework.transaction.config.internalTransactionAdvisor'
 2017-11-16 20:33:16.134 DEBUG org.springframework.beans.factory.support.DefaultListableBeanFactory - Finished creating instance of bean 'org.springframework.boot.autoconfigure.websocket.WebSocketAutoConfiguration'
 2017-11-16 20:33:16.135 DEBUG org.springframework.beans.factory.support.DefaultListableBeanFactory - Creating shared instance of singleton bean 'org.springframework.boot.autoconfigure.web.EmbeddedServletContainerAutoConfiguration$EmbeddedTomcat'
 2017-11-16 20:33:16.135 DEBUG org.springframework.beans.factory.support.DefaultListableBeanFactory - Creating instance of bean 'org.springframework.boot.autoconfigure.web.EmbeddedServletContainerAutoConfiguration$EmbeddedTomcat'
 2017-11-16 20:33:16.135 DEBUG org.springframework.beans.factory.support.DefaultListableBeanFactory - Eagerly caching bean 'org.springframework.boot.autoconfigure.web.EmbeddedServletContainerAutoConfiguration$EmbeddedTomcat' to allow for resolving potential circular references
 2017-11-16 20:33:16.159 DEBUG org.springframework.beans.factory.support.DefaultListableBeanFactory - Returning cached instance of singleton bean 'org.springframework.transaction.config.internalTransactionAdvisor'
 2017-11-16 20:33:16.161 DEBUG org.springframework.beans.factory.support.DefaultListableBeanFactory - Finished creating instance of bean 'org.springframework.boot.autoconfigure.web.EmbeddedServletContainerAutoConfiguration$EmbeddedTomcat'
 2017-11-16 20:33:16.162 DEBUG org.springframework.beans.factory.support.DefaultListableBeanFactory - Creating shared instance of singleton bean 'tomcatEmbeddedServletContainerFactory'
 2017-11-16 20:33:16.162 DEBUG org.springframework.beans.factory.support.DefaultListableBeanFactory - Creating instance of bean 'tomcatEmbeddedServletContainerFactory'
 2017-11-16 20:33:16.162 DEBUG org.springframework.beans.factory.support.DefaultListableBeanFactory - Returning cached instance of singleton bean 'org.springframework.boot.autoconfigure.web.EmbeddedServletContainerAutoConfiguration$EmbeddedTomcat'
 2017-11-16 20:33:16.244 DEBUG org.springframework.beans.factory.support.DefaultListableBeanFactory - Eagerly caching bean 'tomcatEmbeddedServletContainerFactory' to allow for resolving potential circular references
 2017-11-16 20:33:16.277 DEBUG org.springframework.beans.factory.support.DefaultListableBeanFactory - Returning cached instance of singleton bean 'websocketContainerCustomizer'
 2017-11-16 20:33:16.277 DEBUG org.springframework.beans.factory.support.DefaultListableBeanFactory - Creating shared instance of singleton bean 'localeCharsetMappingsCustomizer'
 2017-11-16 20:33:16.277 DEBUG org.springframework.beans.factory.support.DefaultListableBeanFactory - Creating instance of bean 'localeCharsetMappingsCustomizer'
 2017-11-16 20:33:16.278 DEBUG org.springframework.beans.factory.support.DefaultListableBeanFactory - Creating shared instance of singleton bean 'org.springframework.boot.autoconfigure.web.HttpEncodingAutoConfiguration'
 2017-11-16 20:33:16.278 DEBUG org.springframework.beans.factory.support.DefaultListableBeanFactory - Creating instance of bean 'org.springframework.boot.autoconfigure.web.HttpEncodingAutoConfiguration'
 2017-11-16 20:33:16.279 DEBUG org.springframework.core.LocalVariableTableParameterNameDiscoverer - Cannot find '.class' file for class [class org.springframework.boot.autoconfigure.web.HttpEncodingAutoConfiguration$$EnhancerBySpringCGLIB$$a748796f] - unable to determine constructor/method parameter names
 2017-11-16 20:33:16.280 DEBUG org.springframework.beans.factory.support.DefaultListableBeanFactory - Creating shared instance of singleton bean 'spring.http.encoding-org.springframework.boot.autoconfigure.web.HttpEncodingProperties'
 2017-11-16 20:33:16.281 DEBUG org.springframework.beans.factory.support.DefaultListableBeanFactory - Creating instance of bean 'spring.http.encoding-org.springframework.boot.autoconfigure.web.HttpEncodingProperties'
 2017-11-16 20:33:16.282 DEBUG org.springframework.beans.factory.support.DefaultListableBeanFactory - Eagerly caching bean 'spring.http.encoding-org.springframework.boot.autoconfigure.web.HttpEncodingProperties' to allow for resolving potential circular references
 2017-11-16 20:33:16.289 DEBUG org.springframework.core.env.MutablePropertySources - Adding [Inlined Test Properties] PropertySource with lowest search precedence
 2017-11-16 20:33:16.290 DEBUG org.springframework.core.env.MutablePropertySources - Adding [systemProperties] PropertySource with lowest search precedence
 2017-11-16 20:33:16.290 DEBUG org.springframework.core.env.MutablePropertySources - Adding [systemEnvironment] PropertySource with lowest search precedence
 2017-11-16 20:33:16.290 DEBUG org.springframework.core.env.MutablePropertySources - Adding [random] PropertySource with lowest search precedence
 2017-11-16 20:33:16.290 DEBUG org.springframework.core.env.MutablePropertySources - Adding [applicationConfig: [classpath:/application-dev.yml]] PropertySource with lowest search precedence
 2017-11-16 20:33:16.290 DEBUG org.springframework.core.env.MutablePropertySources - Adding [applicationConfig: [classpath:/application.properties]] PropertySource with lowest search precedence
 2017-11-16 20:33:16.290 DEBUG org.springframework.core.env.MutablePropertySources - Adding [localProperties] PropertySource with lowest search precedence
 2017-11-16 20:33:16.291 DEBUG org.springframework.core.env.MutablePropertySources - Adding [Inlined Test Properties] PropertySource with lowest search precedence
 2017-11-16 20:33:16.291 DEBUG org.springframework.core.env.MutablePropertySources - Adding [systemProperties] PropertySource with lowest search precedence
 2017-11-16 20:33:16.291 DEBUG org.springframework.core.env.MutablePropertySources - Adding [systemEnvironment] PropertySource with lowest search precedence
 2017-11-16 20:33:16.291 DEBUG org.springframework.core.env.MutablePropertySources - Adding [random] PropertySource with lowest search precedence
 2017-11-16 20:33:16.291 DEBUG org.springframework.core.env.MutablePropertySources - Adding [applicationConfig: [classpath:/application-dev.yml]] PropertySource with lowest search precedence
 2017-11-16 20:33:16.291 DEBUG org.springframework.core.env.MutablePropertySources - Adding [applicationConfig: [classpath:/application.properties]] PropertySource with lowest search precedence
 2017-11-16 20:33:16.291 DEBUG org.springframework.core.env.MutablePropertySources - Adding [localProperties] PropertySource with lowest search precedence
 2017-11-16 20:33:16.291 DEBUG org.springframework.core.env.PropertySourcesPropertyResolver - Found key 'spring.http.encoding.force' in [applicationConfig: [classpath:/application-dev.yml]] with type [Boolean]
 2017-11-16 20:33:16.291 DEBUG org.springframework.core.env.MutablePropertySources - Adding [Inlined Test Properties] PropertySource with lowest search precedence
 2017-11-16 20:33:16.291 DEBUG org.springframework.core.env.MutablePropertySources - Adding [systemProperties] PropertySource with lowest search precedence
 2017-11-16 20:33:16.291 DEBUG org.springframework.core.env.MutablePropertySources - Adding [systemEnvironment] PropertySource with lowest search precedence
 2017-11-16 20:33:16.291 DEBUG org.springframework.core.env.MutablePropertySources - Adding [random] PropertySource with lowest search precedence
 2017-11-16 20:33:16.291 DEBUG org.springframework.core.env.MutablePropertySources - Adding [applicationConfig: [classpath:/application-dev.yml]] PropertySource with lowest search precedence
 2017-11-16 20:33:16.291 DEBUG org.springframework.core.env.MutablePropertySources - Adding [applicationConfig: [classpath:/application.properties]] PropertySource with lowest search precedence
 2017-11-16 20:33:16.291 DEBUG org.springframework.core.env.MutablePropertySources - Adding [localProperties] PropertySource with lowest search precedence
 2017-11-16 20:33:16.291 DEBUG org.springframework.core.env.PropertySourcesPropertyResolver - Found key 'spring.http.encoding.charset' in [applicationConfig: [classpath:/application-dev.yml]] with type [String]
 2017-11-16 20:33:16.302 DEBUG org.springframework.beans.factory.support.DefaultListableBeanFactory - Returning cached instance of singleton bean 'org.springframework.transaction.config.internalTransactionAdvisor'
 2017-11-16 20:33:16.306 DEBUG org.springframework.beans.factory.support.DefaultListableBeanFactory - Finished creating instance of bean 'spring.http.encoding-org.springframework.boot.autoconfigure.web.HttpEncodingProperties'
 2017-11-16 20:33:16.306 DEBUG org.springframework.beans.factory.support.DefaultListableBeanFactory - Autowiring by type from bean name 'org.springframework.boot.autoconfigure.web.HttpEncodingAutoConfiguration' via constructor to bean named 'spring.http.encoding-org.springframework.boot.autoconfigure.web.HttpEncodingProperties'
 2017-11-16 20:33:16.308 DEBUG org.springframework.beans.factory.support.DefaultListableBeanFactory - Eagerly caching bean 'org.springframework.boot.autoconfigure.web.HttpEncodingAutoConfiguration' to allow for resolving potential circular references
 2017-11-16 20:33:16.321 DEBUG org.springframework.beans.factory.support.DefaultListableBeanFactory - Returning cached instance of singleton bean 'org.springframework.transaction.config.internalTransactionAdvisor'
 2017-11-16 20:33:16.327 DEBUG org.springframework.beans.factory.support.DefaultListableBeanFactory - Finished creating instance of bean 'org.springframework.boot.autoconfigure.web.HttpEncodingAutoConfiguration'
 2017-11-16 20:33:16.343 DEBUG org.springframework.beans.factory.support.DefaultListableBeanFactory - Eagerly caching bean 'localeCharsetMappingsCustomizer' to allow for resolving potential circular references
 2017-11-16 20:33:16.357 DEBUG org.springframework.beans.factory.support.DefaultListableBeanFactory - Returning cached instance of singleton bean 'org.springframework.transaction.config.internalTransactionAdvisor'
 2017-11-16 20:33:16.357 DEBUG org.springframework.beans.factory.support.DefaultListableBeanFactory - Finished creating instance of bean 'localeCharsetMappingsCustomizer'
 2017-11-16 20:33:16.357 DEBUG org.springframework.beans.factory.support.DefaultListableBeanFactory - Creating shared instance of singleton bean 'serverProperties'
 2017-11-16 20:33:16.357 DEBUG org.springframework.beans.factory.support.DefaultListableBeanFactory - Creating instance of bean 'serverProperties'
 2017-11-16 20:33:16.358 DEBUG org.springframework.beans.factory.support.DefaultListableBeanFactory - Creating shared instance of singleton bean 'org.springframework.boot.autoconfigure.web.ServerPropertiesAutoConfiguration'
 2017-11-16 20:33:16.358 DEBUG org.springframework.beans.factory.support.DefaultListableBeanFactory - Creating instance of bean 'org.springframework.boot.autoconfigure.web.ServerPropertiesAutoConfiguration'
 2017-11-16 20:33:16.359 DEBUG org.springframework.beans.factory.support.DefaultListableBeanFactory - Eagerly caching bean 'org.springframework.boot.autoconfigure.web.ServerPropertiesAutoConfiguration' to allow for resolving potential circular references
 2017-11-16 20:33:16.374 DEBUG org.springframework.beans.factory.support.DefaultListableBeanFactory - Returning cached instance of singleton bean 'org.springframework.transaction.config.internalTransactionAdvisor'
 2017-11-16 20:33:16.376 DEBUG org.springframework.beans.factory.support.DefaultListableBeanFactory - Finished creating instance of bean 'org.springframework.boot.autoconfigure.web.ServerPropertiesAutoConfiguration'
 2017-11-16 20:33:16.396 DEBUG org.springframework.beans.factory.support.DefaultListableBeanFactory - Eagerly caching bean 'serverProperties' to allow for resolving potential circular references
 2017-11-16 20:33:16.412 DEBUG org.springframework.core.env.MutablePropertySources - Adding [Inlined Test Properties] PropertySource with lowest search precedence
 2017-11-16 20:33:16.412 DEBUG org.springframework.core.env.MutablePropertySources - Adding [systemProperties] PropertySource with lowest search precedence
 2017-11-16 20:33:16.412 DEBUG org.springframework.core.env.MutablePropertySources - Adding [systemEnvironment] PropertySource with lowest search precedence
 2017-11-16 20:33:16.412 DEBUG org.springframework.core.env.MutablePropertySources - Adding [random] PropertySource with lowest search precedence
 2017-11-16 20:33:16.412 DEBUG org.springframework.core.env.MutablePropertySources - Adding [applicationConfig: [classpath:/application-dev.yml]] PropertySource with lowest search precedence
 2017-11-16 20:33:16.412 DEBUG org.springframework.core.env.MutablePropertySources - Adding [applicationConfig: [classpath:/application.properties]] PropertySource with lowest search precedence
 2017-11-16 20:33:16.412 DEBUG org.springframework.core.env.MutablePropertySources - Adding [localProperties] PropertySource with lowest search precedence
 2017-11-16 20:33:16.412 DEBUG org.springframework.core.env.MutablePropertySources - Adding [Inlined Test Properties] PropertySource with lowest search precedence
 2017-11-16 20:33:16.412 DEBUG org.springframework.core.env.MutablePropertySources - Adding [systemProperties] PropertySource with lowest search precedence
 2017-11-16 20:33:16.412 DEBUG org.springframework.core.env.MutablePropertySources - Adding [systemEnvironment] PropertySource with lowest search precedence
 2017-11-16 20:33:16.412 DEBUG org.springframework.core.env.MutablePropertySources - Adding [random] PropertySource with lowest search precedence
 2017-11-16 20:33:16.412 DEBUG org.springframework.core.env.MutablePropertySources - Adding [applicationConfig: [classpath:/application-dev.yml]] PropertySource with lowest search precedence
 2017-11-16 20:33:16.413 DEBUG org.springframework.core.env.MutablePropertySources - Adding [applicationConfig: [classpath:/application.properties]] PropertySource with lowest search precedence
 2017-11-16 20:33:16.413 DEBUG org.springframework.core.env.MutablePropertySources - Adding [localProperties] PropertySource with lowest search precedence
 2017-11-16 20:33:16.413 DEBUG org.springframework.core.env.PropertySourcesPropertyResolver - Found key 'server.port' in [Inlined Test Properties] with type [String]
 2017-11-16 20:33:16.425 DEBUG org.springframework.core.env.MutablePropertySources - Adding [Inlined Test Properties] PropertySource with lowest search precedence
 2017-11-16 20:33:16.425 DEBUG org.springframework.core.env.MutablePropertySources - Adding [systemProperties] PropertySource with lowest search precedence
 2017-11-16 20:33:16.425 DEBUG org.springframework.core.env.MutablePropertySources - Adding [systemEnvironment] PropertySource with lowest search precedence
 2017-11-16 20:33:16.425 DEBUG org.springframework.core.env.MutablePropertySources - Adding [random] PropertySource with lowest search precedence
 2017-11-16 20:33:16.425 DEBUG org.springframework.core.env.MutablePropertySources - Adding [applicationConfig: [classpath:/application-dev.yml]] PropertySource with lowest search precedence
 2017-11-16 20:33:16.425 DEBUG org.springframework.core.env.MutablePropertySources - Adding [applicationConfig: [classpath:/application.properties]] PropertySource with lowest search precedence
 2017-11-16 20:33:16.425 DEBUG org.springframework.core.env.MutablePropertySources - Adding [localProperties] PropertySource with lowest search precedence
 2017-11-16 20:33:16.425 DEBUG org.springframework.core.env.PropertySourcesPropertyResolver - Found key 'server.tomcat.uri-encoding' in [applicationConfig: [classpath:/application-dev.yml]] with type [String]
 2017-11-16 20:33:16.449 DEBUG org.springframework.beans.factory.support.DefaultListableBeanFactory - Returning cached instance of singleton bean 'org.springframework.transaction.config.internalTransactionAdvisor'
 2017-11-16 20:33:16.452 DEBUG org.springframework.beans.factory.support.DefaultListableBeanFactory - Finished creating instance of bean 'serverProperties'
 2017-11-16 20:33:16.452 DEBUG org.springframework.beans.factory.support.DefaultListableBeanFactory - Creating shared instance of singleton bean 'duplicateServerPropertiesDetector'
 2017-11-16 20:33:16.452 DEBUG org.springframework.beans.factory.support.DefaultListableBeanFactory - Creating instance of bean 'duplicateServerPropertiesDetector'
 2017-11-16 20:33:16.453 DEBUG org.springframework.beans.factory.support.DefaultListableBeanFactory - Returning cached instance of singleton bean 'org.springframework.boot.autoconfigure.web.ServerPropertiesAutoConfiguration'
 2017-11-16 20:33:16.457 DEBUG org.springframework.beans.factory.support.DefaultListableBeanFactory - Eagerly caching bean 'duplicateServerPropertiesDetector' to allow for resolving potential circular references
 2017-11-16 20:33:16.469 DEBUG org.springframework.beans.factory.support.DefaultListableBeanFactory - Returning cached instance of singleton bean 'org.springframework.transaction.config.internalTransactionAdvisor'
 2017-11-16 20:33:16.471 DEBUG org.springframework.beans.factory.support.DefaultListableBeanFactory - Finished creating instance of bean 'duplicateServerPropertiesDetector'
 2017-11-16 20:33:16.486 DEBUG org.springframework.beans.factory.support.DefaultListableBeanFactory - Creating shared instance of singleton bean 'errorPageCustomizer'
 2017-11-16 20:33:16.486 DEBUG org.springframework.beans.factory.support.DefaultListableBeanFactory - Creating instance of bean 'errorPageCustomizer'
 2017-11-16 20:33:16.487 DEBUG org.springframework.beans.factory.support.DefaultListableBeanFactory - Creating shared instance of singleton bean 'org.springframework.boot.autoconfigure.web.ErrorMvcAutoConfiguration'
 2017-11-16 20:33:16.487 DEBUG org.springframework.beans.factory.support.DefaultListableBeanFactory - Creating instance of bean 'org.springframework.boot.autoconfigure.web.ErrorMvcAutoConfiguration'
 2017-11-16 20:33:16.489 DEBUG org.springframework.core.LocalVariableTableParameterNameDiscoverer - Cannot find '.class' file for class [class org.springframework.boot.autoconfigure.web.ErrorMvcAutoConfiguration$$EnhancerBySpringCGLIB$$86571cb8] - unable to determine constructor/method parameter names
 2017-11-16 20:33:16.490 DEBUG org.springframework.beans.factory.support.DefaultListableBeanFactory - Returning cached instance of singleton bean 'serverProperties'
 2017-11-16 20:33:16.490 DEBUG org.springframework.beans.factory.support.DefaultListableBeanFactory - Autowiring by type from bean name 'org.springframework.boot.autoconfigure.web.ErrorMvcAutoConfiguration' via constructor to bean named 'serverProperties'
 2017-11-16 20:33:16.492 DEBUG org.springframework.beans.factory.support.DefaultListableBeanFactory - Creating shared instance of singleton bean 'conventionErrorViewResolver'
 2017-11-16 20:33:16.493 DEBUG org.springframework.beans.factory.support.DefaultListableBeanFactory - Creating instance of bean 'conventionErrorViewResolver'
 2017-11-16 20:33:16.493 DEBUG org.springframework.beans.factory.support.DefaultListableBeanFactory - Creating shared instance of singleton bean 'org.springframework.boot.autoconfigure.web.ErrorMvcAutoConfiguration$DefaultErrorViewResolverConfiguration'
 2017-11-16 20:33:16.493 DEBUG org.springframework.beans.factory.support.DefaultListableBeanFactory - Creating instance of bean 'org.springframework.boot.autoconfigure.web.ErrorMvcAutoConfiguration$DefaultErrorViewResolverConfiguration'
 2017-11-16 20:33:16.495 DEBUG org.springframework.core.LocalVariableTableParameterNameDiscoverer - Cannot find '.class' file for class [class org.springframework.boot.autoconfigure.web.ErrorMvcAutoConfiguration$DefaultErrorViewResolverConfiguration$$EnhancerBySpringCGLIB$$92f42618] - unable to determine constructor/method parameter names
 2017-11-16 20:33:16.497 DEBUG org.springframework.beans.factory.support.DefaultListableBeanFactory - Creating shared instance of singleton bean 'spring.resources-org.springframework.boot.autoconfigure.web.ResourceProperties'
 2017-11-16 20:33:16.497 DEBUG org.springframework.beans.factory.support.DefaultListableBeanFactory - Creating instance of bean 'spring.resources-org.springframework.boot.autoconfigure.web.ResourceProperties'
 2017-11-16 20:33:16.504 DEBUG org.springframework.beans.factory.support.DefaultListableBeanFactory - Eagerly caching bean 'spring.resources-org.springframework.boot.autoconfigure.web.ResourceProperties' to allow for resolving potential circular references
 2017-11-16 20:33:16.509 DEBUG org.springframework.core.env.MutablePropertySources - Adding [Inlined Test Properties] PropertySource with lowest search precedence
 2017-11-16 20:33:16.509 DEBUG org.springframework.core.env.MutablePropertySources - Adding [systemProperties] PropertySource with lowest search precedence
 2017-11-16 20:33:16.509 DEBUG org.springframework.core.env.MutablePropertySources - Adding [systemEnvironment] PropertySource with lowest search precedence
 2017-11-16 20:33:16.509 DEBUG org.springframework.core.env.MutablePropertySources - Adding [random] PropertySource with lowest search precedence
 2017-11-16 20:33:16.510 DEBUG org.springframework.core.env.MutablePropertySources - Adding [applicationConfig: [classpath:/application-dev.yml]] PropertySource with lowest search precedence
 2017-11-16 20:33:16.510 DEBUG org.springframework.core.env.MutablePropertySources - Adding [applicationConfig: [classpath:/application.properties]] PropertySource with lowest search precedence
 2017-11-16 20:33:16.510 DEBUG org.springframework.core.env.MutablePropertySources - Adding [localProperties] PropertySource with lowest search precedence
 2017-11-16 20:33:16.511 DEBUG org.springframework.beans.factory.support.DefaultListableBeanFactory - Returning cached instance of singleton bean 'org.springframework.transaction.config.internalTransactionAdvisor'
 2017-11-16 20:33:16.512 DEBUG org.springframework.beans.factory.support.DefaultListableBeanFactory - Finished creating instance of bean 'spring.resources-org.springframework.boot.autoconfigure.web.ResourceProperties'
 2017-11-16 20:33:16.512 DEBUG org.springframework.beans.factory.support.DefaultListableBeanFactory - Autowiring by type from bean name 'org.springframework.boot.autoconfigure.web.ErrorMvcAutoConfiguration$DefaultErrorViewResolverConfiguration' via constructor to bean named 'org.springframework.web.context.support.GenericWebApplicationContext@4d518b32'
 2017-11-16 20:33:16.512 DEBUG org.springframework.beans.factory.support.DefaultListableBeanFactory - Autowiring by type from bean name 'org.springframework.boot.autoconfigure.web.ErrorMvcAutoConfiguration$DefaultErrorViewResolverConfiguration' via constructor to bean named 'spring.resources-org.springframework.boot.autoconfigure.web.ResourceProperties'
 2017-11-16 20:33:16.513 DEBUG org.springframework.beans.factory.support.DefaultListableBeanFactory - Eagerly caching bean 'org.springframework.boot.autoconfigure.web.ErrorMvcAutoConfiguration$DefaultErrorViewResolverConfiguration' to allow for resolving potential circular references
 2017-11-16 20:33:16.536 DEBUG org.springframework.beans.factory.support.DefaultListableBeanFactory - Returning cached instance of singleton bean 'org.springframework.transaction.config.internalTransactionAdvisor'
 2017-11-16 20:33:16.537 DEBUG org.springframework.beans.factory.support.DefaultListableBeanFactory - Finished creating instance of bean 'org.springframework.boot.autoconfigure.web.ErrorMvcAutoConfiguration$DefaultErrorViewResolverConfiguration'
 2017-11-16 20:33:16.566 DEBUG org.springframework.beans.factory.support.DefaultListableBeanFactory - Eagerly caching bean 'conventionErrorViewResolver' to allow for resolving potential circular references
 2017-11-16 20:33:16.571 DEBUG org.springframework.beans.factory.support.DefaultListableBeanFactory - Returning cached instance of singleton bean 'org.springframework.transaction.config.internalTransactionAdvisor'
 2017-11-16 20:33:16.572 DEBUG org.springframework.beans.factory.support.DefaultListableBeanFactory - Finished creating instance of bean 'conventionErrorViewResolver'
 2017-11-16 20:33:16.573 DEBUG org.springframework.beans.factory.support.DefaultListableBeanFactory - Eagerly caching bean 'org.springframework.boot.autoconfigure.web.ErrorMvcAutoConfiguration' to allow for resolving potential circular references
 2017-11-16 20:33:16.577 DEBUG org.springframework.beans.factory.support.DefaultListableBeanFactory - Returning cached instance of singleton bean 'org.springframework.transaction.config.internalTransactionAdvisor'
 2017-11-16 20:33:16.579 DEBUG org.springframework.beans.factory.support.DefaultListableBeanFactory - Finished creating instance of bean 'org.springframework.boot.autoconfigure.web.ErrorMvcAutoConfiguration'
 2017-11-16 20:33:16.592 DEBUG org.springframework.beans.factory.support.DefaultListableBeanFactory - Eagerly caching bean 'errorPageCustomizer' to allow for resolving potential circular references
 2017-11-16 20:33:16.600 DEBUG org.springframework.beans.factory.support.DefaultListableBeanFactory - Returning cached instance of singleton bean 'org.springframework.transaction.config.internalTransactionAdvisor'
 2017-11-16 20:33:16.601 DEBUG org.springframework.beans.factory.support.DefaultListableBeanFactory - Finished creating instance of bean 'errorPageCustomizer'
 2017-11-16 20:33:16.602 DEBUG org.springframework.beans.factory.support.DefaultListableBeanFactory - Returning cached instance of singleton bean 'org.springframework.transaction.config.internalTransactionAdvisor'
 2017-11-16 20:33:16.606 DEBUG org.springframework.beans.factory.support.DefaultListableBeanFactory - Finished creating instance of bean 'tomcatEmbeddedServletContainerFactory'
 2017-11-16 20:33:16.608 DEBUG org.springframework.beans.factory.support.DefaultListableBeanFactory - Creating shared instance of singleton bean 'org.springframework.boot.autoconfigure.web.EmbeddedServletContainerAutoConfiguration'
 2017-11-16 20:33:16.608 DEBUG org.springframework.beans.factory.support.DefaultListableBeanFactory - Creating instance of bean 'org.springframework.boot.autoconfigure.web.EmbeddedServletContainerAutoConfiguration'
 2017-11-16 20:33:16.609 DEBUG org.springframework.beans.factory.support.DefaultListableBeanFactory - Eagerly caching bean 'org.springframework.boot.autoconfigure.web.EmbeddedServletContainerAutoConfiguration' to allow for resolving potential circular references
 2017-11-16 20:33:16.621 DEBUG org.springframework.beans.factory.support.DefaultListableBeanFactory - Returning cached instance of singleton bean 'org.springframework.transaction.config.internalTransactionAdvisor'
 2017-11-16 20:33:16.622 DEBUG org.springframework.beans.factory.support.DefaultListableBeanFactory - Finished creating instance of bean 'org.springframework.boot.autoconfigure.web.EmbeddedServletContainerAutoConfiguration'
 2017-11-16 20:33:16.622 DEBUG org.springframework.beans.factory.support.DefaultListableBeanFactory - Returning cached instance of singleton bean 'embeddedServletContainerCustomizerBeanPostProcessor'
 2017-11-16 20:33:16.622 DEBUG org.springframework.beans.factory.support.DefaultListableBeanFactory - Returning cached instance of singleton bean 'errorPageRegistrarBeanPostProcessor'
 2017-11-16 20:33:16.623 DEBUG org.springframework.beans.factory.support.DefaultListableBeanFactory - Creating shared instance of singleton bean 'org.springframework.boot.autoconfigure.web.DispatcherServletAutoConfiguration$DispatcherServletConfiguration'
 2017-11-16 20:33:16.623 DEBUG org.springframework.beans.factory.support.DefaultListableBeanFactory - Creating instance of bean 'org.springframework.boot.autoconfigure.web.DispatcherServletAutoConfiguration$DispatcherServletConfiguration'
 2017-11-16 20:33:16.630 DEBUG org.springframework.core.LocalVariableTableParameterNameDiscoverer - Cannot find '.class' file for class [class org.springframework.boot.autoconfigure.web.DispatcherServletAutoConfiguration$DispatcherServletConfiguration$$EnhancerBySpringCGLIB$$76c1c216] - unable to determine constructor/method parameter names
 2017-11-16 20:33:16.637 DEBUG org.springframework.beans.factory.support.DefaultListableBeanFactory - Creating shared instance of singleton bean 'spring.mvc-org.springframework.boot.autoconfigure.web.WebMvcProperties'
 2017-11-16 20:33:16.637 DEBUG org.springframework.beans.factory.support.DefaultListableBeanFactory - Creating instance of bean 'spring.mvc-org.springframework.boot.autoconfigure.web.WebMvcProperties'
 2017-11-16 20:33:16.639 DEBUG org.springframework.beans.factory.support.DefaultListableBeanFactory - Eagerly caching bean 'spring.mvc-org.springframework.boot.autoconfigure.web.WebMvcProperties' to allow for resolving potential circular references
 2017-11-16 20:33:16.661 DEBUG org.springframework.core.env.MutablePropertySources - Adding [Inlined Test Properties] PropertySource with lowest search precedence
 2017-11-16 20:33:16.661 DEBUG org.springframework.core.env.MutablePropertySources - Adding [systemProperties] PropertySource with lowest search precedence
 2017-11-16 20:33:16.661 DEBUG org.springframework.core.env.MutablePropertySources - Adding [systemEnvironment] PropertySource with lowest search precedence
 2017-11-16 20:33:16.661 DEBUG org.springframework.core.env.MutablePropertySources - Adding [random] PropertySource with lowest search precedence
 2017-11-16 20:33:16.661 DEBUG org.springframework.core.env.MutablePropertySources - Adding [applicationConfig: [classpath:/application-dev.yml]] PropertySource with lowest search precedence
 2017-11-16 20:33:16.661 DEBUG org.springframework.core.env.MutablePropertySources - Adding [applicationConfig: [classpath:/application.properties]] PropertySource with lowest search precedence
 2017-11-16 20:33:16.661 DEBUG org.springframework.core.env.MutablePropertySources - Adding [localProperties] PropertySource with lowest search precedence
 2017-11-16 20:33:16.682 DEBUG org.springframework.beans.factory.support.DefaultListableBeanFactory - Returning cached instance of singleton bean 'org.springframework.transaction.config.internalTransactionAdvisor'
 2017-11-16 20:33:16.683 DEBUG org.springframework.beans.factory.support.DefaultListableBeanFactory - Finished creating instance of bean 'spring.mvc-org.springframework.boot.autoconfigure.web.WebMvcProperties'
 2017-11-16 20:33:16.683 DEBUG org.springframework.beans.factory.support.DefaultListableBeanFactory - Autowiring by type from bean name 'org.springframework.boot.autoconfigure.web.DispatcherServletAutoConfiguration$DispatcherServletConfiguration' via constructor to bean named 'spring.mvc-org.springframework.boot.autoconfigure.web.WebMvcProperties'
 2017-11-16 20:33:16.684 DEBUG org.springframework.beans.factory.support.DefaultListableBeanFactory - Eagerly caching bean 'org.springframework.boot.autoconfigure.web.DispatcherServletAutoConfiguration$DispatcherServletConfiguration' to allow for resolving potential circular references
 2017-11-16 20:33:16.692 DEBUG org.springframework.beans.factory.support.DefaultListableBeanFactory - Returning cached instance of singleton bean 'org.springframework.transaction.config.internalTransactionAdvisor'
 2017-11-16 20:33:16.695 DEBUG org.springframework.beans.factory.support.DefaultListableBeanFactory - Finished creating instance of bean 'org.springframework.boot.autoconfigure.web.DispatcherServletAutoConfiguration$DispatcherServletConfiguration'
 2017-11-16 20:33:16.696 DEBUG org.springframework.beans.factory.support.DefaultListableBeanFactory - Creating shared instance of singleton bean 'dispatcherServlet'
 2017-11-16 20:33:16.698 DEBUG org.springframework.beans.factory.support.DefaultListableBeanFactory - Creating instance of bean 'dispatcherServlet'
 2017-11-16 20:33:16.700 DEBUG org.springframework.beans.factory.support.DefaultListableBeanFactory - Returning cached instance of singleton bean 'org.springframework.boot.autoconfigure.web.DispatcherServletAutoConfiguration$DispatcherServletConfiguration'
 2017-11-16 20:33:16.735 DEBUG org.springframework.beans.factory.support.DefaultListableBeanFactory - Eagerly caching bean 'dispatcherServlet' to allow for resolving potential circular references
 2017-11-16 20:33:16.755 DEBUG org.springframework.beans.factory.support.DefaultListableBeanFactory - Returning cached instance of singleton bean 'org.springframework.transaction.config.internalTransactionAdvisor'
 2017-11-16 20:33:16.756 DEBUG org.springframework.beans.factory.support.DefaultListableBeanFactory - Finished creating instance of bean 'dispatcherServlet'
 2017-11-16 20:33:16.756 DEBUG org.springframework.beans.factory.support.DefaultListableBeanFactory - Returning cached instance of singleton bean 'spring.mvc-org.springframework.boot.autoconfigure.web.WebMvcProperties'
 2017-11-16 20:33:16.756 DEBUG org.springframework.beans.factory.support.DefaultListableBeanFactory - Creating shared instance of singleton bean 'org.springframework.boot.autoconfigure.web.DispatcherServletAutoConfiguration$DispatcherServletRegistrationConfiguration'
 2017-11-16 20:33:16.756 DEBUG org.springframework.beans.factory.support.DefaultListableBeanFactory - Creating instance of bean 'org.springframework.boot.autoconfigure.web.DispatcherServletAutoConfiguration$DispatcherServletRegistrationConfiguration'
 2017-11-16 20:33:16.757 DEBUG org.springframework.core.LocalVariableTableParameterNameDiscoverer - Cannot find '.class' file for class [class org.springframework.boot.autoconfigure.web.DispatcherServletAutoConfiguration$DispatcherServletRegistrationConfiguration$$EnhancerBySpringCGLIB$$f1b1513d] - unable to determine constructor/method parameter names
 2017-11-16 20:33:16.758 DEBUG org.springframework.beans.factory.support.DefaultListableBeanFactory - Returning cached instance of singleton bean 'serverProperties'
 2017-11-16 20:33:16.758 DEBUG org.springframework.beans.factory.support.DefaultListableBeanFactory - Returning cached instance of singleton bean 'spring.mvc-org.springframework.boot.autoconfigure.web.WebMvcProperties'
 2017-11-16 20:33:16.758 DEBUG org.springframework.beans.factory.support.DefaultListableBeanFactory - Autowiring by type from bean name 'org.springframework.boot.autoconfigure.web.DispatcherServletAutoConfiguration$DispatcherServletRegistrationConfiguration' via constructor to bean named 'serverProperties'
 2017-11-16 20:33:16.758 DEBUG org.springframework.beans.factory.support.DefaultListableBeanFactory - Autowiring by type from bean name 'org.springframework.boot.autoconfigure.web.DispatcherServletAutoConfiguration$DispatcherServletRegistrationConfiguration' via constructor to bean named 'spring.mvc-org.springframework.boot.autoconfigure.web.WebMvcProperties'
 2017-11-16 20:33:16.760 DEBUG org.springframework.beans.factory.support.DefaultListableBeanFactory - Creating shared instance of singleton bean 'multipartConfigElement'
 2017-11-16 20:33:16.760 DEBUG org.springframework.beans.factory.support.DefaultListableBeanFactory - Creating instance of bean 'multipartConfigElement'
 2017-11-16 20:33:16.761 DEBUG org.springframework.beans.factory.support.DefaultListableBeanFactory - Creating shared instance of singleton bean 'org.springframework.boot.autoconfigure.web.MultipartAutoConfiguration'
 2017-11-16 20:33:16.761 DEBUG org.springframework.beans.factory.support.DefaultListableBeanFactory - Creating instance of bean 'org.springframework.boot.autoconfigure.web.MultipartAutoConfiguration'
 2017-11-16 20:33:16.762 DEBUG org.springframework.core.LocalVariableTableParameterNameDiscoverer - Cannot find '.class' file for class [class org.springframework.boot.autoconfigure.web.MultipartAutoConfiguration$$EnhancerBySpringCGLIB$$8b09c60a] - unable to determine constructor/method parameter names
 2017-11-16 20:33:16.763 DEBUG org.springframework.beans.factory.support.DefaultListableBeanFactory - Creating shared instance of singleton bean 'spring.http.multipart-org.springframework.boot.autoconfigure.web.MultipartProperties'
 2017-11-16 20:33:16.764 DEBUG org.springframework.beans.factory.support.DefaultListableBeanFactory - Creating instance of bean 'spring.http.multipart-org.springframework.boot.autoconfigure.web.MultipartProperties'
 2017-11-16 20:33:16.764 DEBUG org.springframework.beans.factory.support.DefaultListableBeanFactory - Eagerly caching bean 'spring.http.multipart-org.springframework.boot.autoconfigure.web.MultipartProperties' to allow for resolving potential circular references
 2017-11-16 20:33:16.770 DEBUG org.springframework.core.env.MutablePropertySources - Adding [Inlined Test Properties] PropertySource with lowest search precedence
 2017-11-16 20:33:16.771 DEBUG org.springframework.core.env.MutablePropertySources - Adding [systemProperties] PropertySource with lowest search precedence
 2017-11-16 20:33:16.771 DEBUG org.springframework.core.env.MutablePropertySources - Adding [systemEnvironment] PropertySource with lowest search precedence
 2017-11-16 20:33:16.771 DEBUG org.springframework.core.env.MutablePropertySources - Adding [random] PropertySource with lowest search precedence
 2017-11-16 20:33:16.771 DEBUG org.springframework.core.env.MutablePropertySources - Adding [applicationConfig: [classpath:/application-dev.yml]] PropertySource with lowest search precedence
 2017-11-16 20:33:16.771 DEBUG org.springframework.core.env.MutablePropertySources - Adding [applicationConfig: [classpath:/application.properties]] PropertySource with lowest search precedence
 2017-11-16 20:33:16.771 DEBUG org.springframework.core.env.MutablePropertySources - Adding [localProperties] PropertySource with lowest search precedence
 2017-11-16 20:33:16.775 DEBUG org.springframework.beans.factory.support.DefaultListableBeanFactory - Returning cached instance of singleton bean 'org.springframework.transaction.config.internalTransactionAdvisor'
 2017-11-16 20:33:16.776 DEBUG org.springframework.beans.factory.support.DefaultListableBeanFactory - Finished creating instance of bean 'spring.http.multipart-org.springframework.boot.autoconfigure.web.MultipartProperties'
 2017-11-16 20:33:16.776 DEBUG org.springframework.beans.factory.support.DefaultListableBeanFactory - Autowiring by type from bean name 'org.springframework.boot.autoconfigure.web.MultipartAutoConfiguration' via constructor to bean named 'spring.http.multipart-org.springframework.boot.autoconfigure.web.MultipartProperties'
 2017-11-16 20:33:16.777 DEBUG org.springframework.beans.factory.support.DefaultListableBeanFactory - Eagerly caching bean 'org.springframework.boot.autoconfigure.web.MultipartAutoConfiguration' to allow for resolving potential circular references
 2017-11-16 20:33:16.783 DEBUG org.springframework.beans.factory.support.DefaultListableBeanFactory - Returning cached instance of singleton bean 'org.springframework.transaction.config.internalTransactionAdvisor'
 2017-11-16 20:33:16.784 DEBUG org.springframework.beans.factory.support.DefaultListableBeanFactory - Finished creating instance of bean 'org.springframework.boot.autoconfigure.web.MultipartAutoConfiguration'
 2017-11-16 20:33:16.794 DEBUG org.springframework.beans.factory.support.DefaultListableBeanFactory - Eagerly caching bean 'multipartConfigElement' to allow for resolving potential circular references
 2017-11-16 20:33:16.796 DEBUG org.springframework.beans.factory.support.DefaultListableBeanFactory - Returning cached instance of singleton bean 'org.springframework.transaction.config.internalTransactionAdvisor'
 2017-11-16 20:33:16.797 DEBUG org.springframework.beans.factory.support.DefaultListableBeanFactory - Finished creating instance of bean 'multipartConfigElement'
 2017-11-16 20:33:16.798 DEBUG org.springframework.beans.factory.support.DefaultListableBeanFactory - Eagerly caching bean 'org.springframework.boot.autoconfigure.web.DispatcherServletAutoConfiguration$DispatcherServletRegistrationConfiguration' to allow for resolving potential circular references
 2017-11-16 20:33:16.803 DEBUG org.springframework.beans.factory.support.DefaultListableBeanFactory - Returning cached instance of singleton bean 'org.springframework.transaction.config.internalTransactionAdvisor'
 2017-11-16 20:33:16.804 DEBUG org.springframework.beans.factory.support.DefaultListableBeanFactory - Finished creating instance of bean 'org.springframework.boot.autoconfigure.web.DispatcherServletAutoConfiguration$DispatcherServletRegistrationConfiguration'
 2017-11-16 20:33:16.804 DEBUG org.springframework.beans.factory.support.DefaultListableBeanFactory - Creating shared instance of singleton bean 'dispatcherServletRegistration'
 2017-11-16 20:33:16.804 DEBUG org.springframework.beans.factory.support.DefaultListableBeanFactory - Creating instance of bean 'dispatcherServletRegistration'
 2017-11-16 20:33:16.804 DEBUG org.springframework.beans.factory.support.DefaultListableBeanFactory - Returning cached instance of singleton bean 'org.springframework.boot.autoconfigure.web.DispatcherServletAutoConfiguration$DispatcherServletRegistrationConfiguration'
 2017-11-16 20:33:16.812 DEBUG org.springframework.beans.factory.support.DefaultListableBeanFactory - Returning cached instance of singleton bean 'dispatcherServlet'
 2017-11-16 20:33:16.813 DEBUG org.springframework.beans.factory.support.DefaultListableBeanFactory - Autowiring by type from bean name 'dispatcherServletRegistration' via factory method to bean named 'dispatcherServlet'
 2017-11-16 20:33:16.823 DEBUG org.springframework.beans.factory.support.DefaultListableBeanFactory - Eagerly caching bean 'dispatcherServletRegistration' to allow for resolving potential circular references
 2017-11-16 20:33:16.831 DEBUG org.springframework.beans.factory.support.DefaultListableBeanFactory - Returning cached instance of singleton bean 'org.springframework.transaction.config.internalTransactionAdvisor'
 2017-11-16 20:33:16.837 DEBUG org.springframework.beans.factory.support.DefaultListableBeanFactory - Finished creating instance of bean 'dispatcherServletRegistration'
 2017-11-16 20:33:16.838 DEBUG org.springframework.beans.factory.support.DefaultListableBeanFactory - Creating shared instance of singleton bean 'org.springframework.boot.autoconfigure.web.DispatcherServletAutoConfiguration'
 2017-11-16 20:33:16.838 DEBUG org.springframework.beans.factory.support.DefaultListableBeanFactory - Creating instance of bean 'org.springframework.boot.autoconfigure.web.DispatcherServletAutoConfiguration'
 2017-11-16 20:33:16.839 DEBUG org.springframework.beans.factory.support.DefaultListableBeanFactory - Eagerly caching bean 'org.springframework.boot.autoconfigure.web.DispatcherServletAutoConfiguration' to allow for resolving potential circular references
 2017-11-16 20:33:16.853 DEBUG org.springframework.beans.factory.support.DefaultListableBeanFactory - Returning cached instance of singleton bean 'org.springframework.transaction.config.internalTransactionAdvisor'
 2017-11-16 20:33:16.853 DEBUG org.springframework.beans.factory.support.DefaultListableBeanFactory - Finished creating instance of bean 'org.springframework.boot.autoconfigure.web.DispatcherServletAutoConfiguration'
 2017-11-16 20:33:16.854 DEBUG org.springframework.beans.factory.support.DefaultListableBeanFactory - Creating shared instance of singleton bean 'org.springframework.boot.autoconfigure.validation.DefaultValidatorConfiguration'
 2017-11-16 20:33:16.854 DEBUG org.springframework.beans.factory.support.DefaultListableBeanFactory - Creating instance of bean 'org.springframework.boot.autoconfigure.validation.DefaultValidatorConfiguration'
 2017-11-16 20:33:16.855 DEBUG org.springframework.beans.factory.support.DefaultListableBeanFactory - Eagerly caching bean 'org.springframework.boot.autoconfigure.validation.DefaultValidatorConfiguration' to allow for resolving potential circular references
 2017-11-16 20:33:16.862 DEBUG org.springframework.beans.factory.support.DefaultListableBeanFactory - Returning cached instance of singleton bean 'org.springframework.transaction.config.internalTransactionAdvisor'
 2017-11-16 20:33:16.863 DEBUG org.springframework.beans.factory.support.DefaultListableBeanFactory - Finished creating instance of bean 'org.springframework.boot.autoconfigure.validation.DefaultValidatorConfiguration'
 2017-11-16 20:33:16.865 DEBUG org.springframework.beans.factory.support.DefaultListableBeanFactory - Returning cached instance of singleton bean 'defaultValidator'
 2017-11-16 20:33:16.865 DEBUG org.springframework.beans.factory.support.DefaultListableBeanFactory - Creating shared instance of singleton bean 'org.springframework.boot.autoconfigure.validation.Jsr303ValidatorAdapterConfiguration'
 2017-11-16 20:33:16.865 DEBUG org.springframework.beans.factory.support.DefaultListableBeanFactory - Creating instance of bean 'org.springframework.boot.autoconfigure.validation.Jsr303ValidatorAdapterConfiguration'
 2017-11-16 20:33:16.868 DEBUG org.springframework.beans.factory.support.DefaultListableBeanFactory - Eagerly caching bean 'org.springframework.boot.autoconfigure.validation.Jsr303ValidatorAdapterConfiguration' to allow for resolving potential circular references
 2017-11-16 20:33:16.883 DEBUG org.springframework.beans.factory.support.DefaultListableBeanFactory - Returning cached instance of singleton bean 'org.springframework.transaction.config.internalTransactionAdvisor'
 2017-11-16 20:33:16.884 DEBUG org.springframework.beans.factory.support.DefaultListableBeanFactory - Finished creating instance of bean 'org.springframework.boot.autoconfigure.validation.Jsr303ValidatorAdapterConfiguration'
 2017-11-16 20:33:16.884 DEBUG org.springframework.beans.factory.support.DefaultListableBeanFactory - Creating shared instance of singleton bean 'org.springframework.boot.autoconfigure.validation.ValidationAutoConfiguration'
 2017-11-16 20:33:16.884 DEBUG org.springframework.beans.factory.support.DefaultListableBeanFactory - Creating instance of bean 'org.springframework.boot.autoconfigure.validation.ValidationAutoConfiguration'
 2017-11-16 20:33:16.887 DEBUG org.springframework.beans.factory.support.DefaultListableBeanFactory - Eagerly caching bean 'org.springframework.boot.autoconfigure.validation.ValidationAutoConfiguration' to allow for resolving potential circular references
 2017-11-16 20:33:16.902 DEBUG org.springframework.beans.factory.support.DefaultListableBeanFactory - Returning cached instance of singleton bean 'org.springframework.transaction.config.internalTransactionAdvisor'
 2017-11-16 20:33:16.903 DEBUG org.springframework.beans.factory.support.DefaultListableBeanFactory - Finished creating instance of bean 'org.springframework.boot.autoconfigure.validation.ValidationAutoConfiguration'
 2017-11-16 20:33:16.903 DEBUG org.springframework.beans.factory.support.DefaultListableBeanFactory - Returning cached instance of singleton bean 'methodValidationPostProcessor'
 2017-11-16 20:33:16.904 DEBUG org.springframework.beans.factory.support.DefaultListableBeanFactory - Creating shared instance of singleton bean 'org.springframework.boot.autoconfigure.web.ErrorMvcAutoConfiguration$WhitelabelErrorViewConfiguration'
 2017-11-16 20:33:16.904 DEBUG org.springframework.beans.factory.support.DefaultListableBeanFactory - Creating instance of bean 'org.springframework.boot.autoconfigure.web.ErrorMvcAutoConfiguration$WhitelabelErrorViewConfiguration'
 2017-11-16 20:33:16.908 DEBUG org.springframework.beans.factory.support.DefaultListableBeanFactory - Eagerly caching bean 'org.springframework.boot.autoconfigure.web.ErrorMvcAutoConfiguration$WhitelabelErrorViewConfiguration' to allow for resolving potential circular references
 2017-11-16 20:33:16.917 DEBUG org.springframework.beans.factory.support.DefaultListableBeanFactory - Returning cached instance of singleton bean 'org.springframework.transaction.config.internalTransactionAdvisor'
 2017-11-16 20:33:16.918 DEBUG org.springframework.beans.factory.support.DefaultListableBeanFactory - Finished creating instance of bean 'org.springframework.boot.autoconfigure.web.ErrorMvcAutoConfiguration$WhitelabelErrorViewConfiguration'
 2017-11-16 20:33:16.918 DEBUG org.springframework.beans.factory.support.DefaultListableBeanFactory - Creating shared instance of singleton bean 'error'
 2017-11-16 20:33:16.919 DEBUG org.springframework.beans.factory.support.DefaultListableBeanFactory - Creating instance of bean 'error'
 2017-11-16 20:33:16.920 DEBUG org.springframework.beans.factory.support.DefaultListableBeanFactory - Returning cached instance of singleton bean 'org.springframework.boot.autoconfigure.web.ErrorMvcAutoConfiguration$WhitelabelErrorViewConfiguration'
 2017-11-16 20:33:16.926 DEBUG org.springframework.beans.factory.support.DefaultListableBeanFactory - Eagerly caching bean 'error' to allow for resolving potential circular references
 2017-11-16 20:33:16.942 DEBUG org.springframework.beans.factory.support.DefaultListableBeanFactory - Returning cached instance of singleton bean 'org.springframework.transaction.config.internalTransactionAdvisor'
 2017-11-16 20:33:16.943 DEBUG org.springframework.beans.factory.support.DefaultListableBeanFactory - Finished creating instance of bean 'error'
 2017-11-16 20:33:16.944 DEBUG org.springframework.beans.factory.support.DefaultListableBeanFactory - Creating shared instance of singleton bean 'beanNameViewResolver'
 2017-11-16 20:33:16.944 DEBUG org.springframework.beans.factory.support.DefaultListableBeanFactory - Creating instance of bean 'beanNameViewResolver'
 2017-11-16 20:33:16.944 DEBUG org.springframework.beans.factory.support.DefaultListableBeanFactory - Returning cached instance of singleton bean 'org.springframework.boot.autoconfigure.web.ErrorMvcAutoConfiguration$WhitelabelErrorViewConfiguration'
 2017-11-16 20:33:16.951 DEBUG org.springframework.beans.factory.support.DefaultListableBeanFactory - Eagerly caching bean 'beanNameViewResolver' to allow for resolving potential circular references
 2017-11-16 20:33:16.968 DEBUG org.springframework.beans.factory.support.DefaultListableBeanFactory - Returning cached instance of singleton bean 'org.springframework.transaction.config.internalTransactionAdvisor'
 2017-11-16 20:33:16.969 DEBUG org.springframework.beans.factory.support.DefaultListableBeanFactory - Finished creating instance of bean 'beanNameViewResolver'
 2017-11-16 20:33:16.969 DEBUG org.springframework.beans.factory.support.DefaultListableBeanFactory - Returning cached instance of singleton bean 'org.springframework.boot.autoconfigure.web.ErrorMvcAutoConfiguration$DefaultErrorViewResolverConfiguration'
 2017-11-16 20:33:16.969 DEBUG org.springframework.beans.factory.support.DefaultListableBeanFactory - Returning cached instance of singleton bean 'conventionErrorViewResolver'
 2017-11-16 20:33:16.969 DEBUG org.springframework.beans.factory.support.DefaultListableBeanFactory - Returning cached instance of singleton bean 'org.springframework.boot.autoconfigure.web.ErrorMvcAutoConfiguration'
 2017-11-16 20:33:16.969 DEBUG org.springframework.beans.factory.support.DefaultListableBeanFactory - Creating shared instance of singleton bean 'errorAttributes'
 2017-11-16 20:33:16.969 DEBUG org.springframework.beans.factory.support.DefaultListableBeanFactory - Creating instance of bean 'errorAttributes'
 2017-11-16 20:33:16.970 DEBUG org.springframework.beans.factory.support.DefaultListableBeanFactory - Returning cached instance of singleton bean 'org.springframework.boot.autoconfigure.web.ErrorMvcAutoConfiguration'
 2017-11-16 20:33:16.974 DEBUG org.springframework.beans.factory.support.DefaultListableBeanFactory - Eagerly caching bean 'errorAttributes' to allow for resolving potential circular references
 2017-11-16 20:33:17.002 DEBUG org.springframework.beans.factory.support.DefaultListableBeanFactory - Returning cached instance of singleton bean 'org.springframework.transaction.config.internalTransactionAdvisor'
 2017-11-16 20:33:17.004 DEBUG org.springframework.beans.factory.support.DefaultListableBeanFactory - Finished creating instance of bean 'errorAttributes'
 2017-11-16 20:33:17.005 DEBUG org.springframework.beans.factory.support.DefaultListableBeanFactory - Creating shared instance of singleton bean 'basicErrorController'
 2017-11-16 20:33:17.005 DEBUG org.springframework.beans.factory.support.DefaultListableBeanFactory - Creating instance of bean 'basicErrorController'
 2017-11-16 20:33:17.005 DEBUG org.springframework.beans.factory.support.DefaultListableBeanFactory - Returning cached instance of singleton bean 'org.springframework.boot.autoconfigure.web.ErrorMvcAutoConfiguration'
 2017-11-16 20:33:17.011 DEBUG org.springframework.beans.factory.support.DefaultListableBeanFactory - Returning cached instance of singleton bean 'errorAttributes'
 2017-11-16 20:33:17.012 DEBUG org.springframework.beans.factory.support.DefaultListableBeanFactory - Autowiring by type from bean name 'basicErrorController' via factory method to bean named 'errorAttributes'
 2017-11-16 20:33:17.021 DEBUG org.springframework.beans.factory.support.DefaultListableBeanFactory - Eagerly caching bean 'basicErrorController' to allow for resolving potential circular references
 2017-11-16 20:33:17.042 DEBUG org.springframework.beans.factory.support.DefaultListableBeanFactory - Returning cached instance of singleton bean 'org.springframework.transaction.config.internalTransactionAdvisor'
 2017-11-16 20:33:17.049 DEBUG org.springframework.beans.factory.support.DefaultListableBeanFactory - Finished creating instance of bean 'basicErrorController'
 2017-11-16 20:33:17.051 DEBUG org.springframework.beans.factory.support.DefaultListableBeanFactory - Returning cached instance of singleton bean 'errorPageCustomizer'
 2017-11-16 20:33:17.052 DEBUG org.springframework.beans.factory.support.DefaultListableBeanFactory - Returning cached instance of singleton bean 'preserveErrorControllerTargetClassPostProcessor'
 2017-11-16 20:33:17.053 DEBUG org.springframework.beans.factory.support.DefaultListableBeanFactory - Returning cached instance of singleton bean 'spring.resources-org.springframework.boot.autoconfigure.web.ResourceProperties'
 2017-11-16 20:33:17.054 DEBUG org.springframework.beans.factory.support.DefaultListableBeanFactory - Creating shared instance of singleton bean 'org.springframework.boot.autoconfigure.web.WebMvcAutoConfiguration$EnableWebMvcConfiguration'
 2017-11-16 20:33:17.055 DEBUG org.springframework.beans.factory.support.DefaultListableBeanFactory - Creating instance of bean 'org.springframework.boot.autoconfigure.web.WebMvcAutoConfiguration$EnableWebMvcConfiguration'
 2017-11-16 20:33:17.057 DEBUG org.springframework.core.LocalVariableTableParameterNameDiscoverer - Cannot find '.class' file for class [class org.springframework.boot.autoconfigure.web.WebMvcAutoConfiguration$EnableWebMvcConfiguration$$EnhancerBySpringCGLIB$$2789b4cd] - unable to determine constructor/method parameter names
 2017-11-16 20:33:17.057 DEBUG org.springframework.beans.factory.support.DefaultListableBeanFactory - Autowiring by type from bean name 'org.springframework.boot.autoconfigure.web.WebMvcAutoConfiguration$EnableWebMvcConfiguration' via constructor to bean named 'org.springframework.web.context.support.GenericWebApplicationContext@4d518b32'
 2017-11-16 20:33:17.058 DEBUG org.springframework.beans.factory.support.DefaultListableBeanFactory - Returning cached instance of singleton bean 'spring.mvc-org.springframework.boot.autoconfigure.web.WebMvcProperties'
 2017-11-16 20:33:17.085 DEBUG org.springframework.beans.factory.annotation.InjectionMetadata - Registered injected element on class [org.springframework.boot.autoconfigure.web.WebMvcAutoConfiguration$EnableWebMvcConfiguration$$EnhancerBySpringCGLIB$$2789b4cd]: AutowiredMethodElement for public void org.springframework.web.servlet.config.annotation.DelegatingWebMvcConfiguration.setConfigurers(java.util.List)
 2017-11-16 20:33:17.085 DEBUG org.springframework.beans.factory.support.DefaultListableBeanFactory - Eagerly caching bean 'org.springframework.boot.autoconfigure.web.WebMvcAutoConfiguration$EnableWebMvcConfiguration' to allow for resolving potential circular references
 2017-11-16 20:33:17.085 DEBUG org.springframework.beans.factory.annotation.InjectionMetadata - Processing injected element of bean 'org.springframework.boot.autoconfigure.web.WebMvcAutoConfiguration$EnableWebMvcConfiguration': AutowiredMethodElement for public void org.springframework.web.servlet.config.annotation.DelegatingWebMvcConfiguration.setConfigurers(java.util.List)
 2017-11-16 20:33:17.087 DEBUG org.springframework.beans.factory.support.DefaultListableBeanFactory - Creating shared instance of singleton bean 'org.springframework.boot.autoconfigure.web.WebMvcAutoConfiguration$WebMvcAutoConfigurationAdapter'
 2017-11-16 20:33:17.088 DEBUG org.springframework.beans.factory.support.DefaultListableBeanFactory - Creating instance of bean 'org.springframework.boot.autoconfigure.web.WebMvcAutoConfiguration$WebMvcAutoConfigurationAdapter'
 2017-11-16 20:33:17.090 DEBUG org.springframework.core.LocalVariableTableParameterNameDiscoverer - Cannot find '.class' file for class [class org.springframework.boot.autoconfigure.web.WebMvcAutoConfiguration$WebMvcAutoConfigurationAdapter$$EnhancerBySpringCGLIB$$bb5f6a40] - unable to determine constructor/method parameter names
 2017-11-16 20:33:17.091 DEBUG org.springframework.beans.factory.support.DefaultListableBeanFactory - Returning cached instance of singleton bean 'spring.resources-org.springframework.boot.autoconfigure.web.ResourceProperties'
 2017-11-16 20:33:17.092 DEBUG org.springframework.beans.factory.support.DefaultListableBeanFactory - Returning cached instance of singleton bean 'spring.mvc-org.springframework.boot.autoconfigure.web.WebMvcProperties'
 2017-11-16 20:33:17.094 DEBUG org.springframework.beans.factory.support.DefaultListableBeanFactory - Creating shared instance of singleton bean 'messageConverters'
 2017-11-16 20:33:17.094 DEBUG org.springframework.beans.factory.support.DefaultListableBeanFactory - Creating instance of bean 'messageConverters'
 2017-11-16 20:33:17.094 DEBUG org.springframework.beans.factory.support.DefaultListableBeanFactory - Creating shared instance of singleton bean 'org.springframework.boot.autoconfigure.web.HttpMessageConvertersAutoConfiguration'
 2017-11-16 20:33:17.095 DEBUG org.springframework.beans.factory.support.DefaultListableBeanFactory - Creating instance of bean 'org.springframework.boot.autoconfigure.web.HttpMessageConvertersAutoConfiguration'
 2017-11-16 20:33:17.096 DEBUG org.springframework.core.LocalVariableTableParameterNameDiscoverer - Cannot find '.class' file for class [class org.springframework.boot.autoconfigure.web.HttpMessageConvertersAutoConfiguration$$EnhancerBySpringCGLIB$$61143124] - unable to determine constructor/method parameter names
 2017-11-16 20:33:17.102 DEBUG org.springframework.beans.factory.support.DefaultListableBeanFactory - Creating shared instance of singleton bean 'stringHttpMessageConverter'
 2017-11-16 20:33:17.103 DEBUG org.springframework.beans.factory.support.DefaultListableBeanFactory - Creating instance of bean 'stringHttpMessageConverter'
 2017-11-16 20:33:17.103 DEBUG org.springframework.beans.factory.support.DefaultListableBeanFactory - Creating shared instance of singleton bean 'org.springframework.boot.autoconfigure.web.HttpMessageConvertersAutoConfiguration$StringHttpMessageConverterConfiguration'
 2017-11-16 20:33:17.103 DEBUG org.springframework.beans.factory.support.DefaultListableBeanFactory - Creating instance of bean 'org.springframework.boot.autoconfigure.web.HttpMessageConvertersAutoConfiguration$StringHttpMessageConverterConfiguration'
 2017-11-16 20:33:17.106 DEBUG org.springframework.core.LocalVariableTableParameterNameDiscoverer - Cannot find '.class' file for class [class org.springframework.boot.autoconfigure.web.HttpMessageConvertersAutoConfiguration$StringHttpMessageConverterConfiguration$$EnhancerBySpringCGLIB$$1d8a3bc4] - unable to determine constructor/method parameter names
 2017-11-16 20:33:17.107 DEBUG org.springframework.beans.factory.support.DefaultListableBeanFactory - Returning cached instance of singleton bean 'spring.http.encoding-org.springframework.boot.autoconfigure.web.HttpEncodingProperties'
 2017-11-16 20:33:17.108 DEBUG org.springframework.beans.factory.support.DefaultListableBeanFactory - Autowiring by type from bean name 'org.springframework.boot.autoconfigure.web.HttpMessageConvertersAutoConfiguration$StringHttpMessageConverterConfiguration' via constructor to bean named 'spring.http.encoding-org.springframework.boot.autoconfigure.web.HttpEncodingProperties'
 2017-11-16 20:33:17.109 DEBUG org.springframework.beans.factory.support.DefaultListableBeanFactory - Eagerly caching bean 'org.springframework.boot.autoconfigure.web.HttpMessageConvertersAutoConfiguration$StringHttpMessageConverterConfiguration' to allow for resolving potential circular references
 2017-11-16 20:33:17.121 DEBUG org.springframework.beans.factory.support.DefaultListableBeanFactory - Returning cached instance of singleton bean 'org.springframework.transaction.config.internalTransactionAdvisor'
 2017-11-16 20:33:17.122 DEBUG org.springframework.beans.factory.support.DefaultListableBeanFactory - Finished creating instance of bean 'org.springframework.boot.autoconfigure.web.HttpMessageConvertersAutoConfiguration$StringHttpMessageConverterConfiguration'
 2017-11-16 20:33:17.137 DEBUG org.springframework.beans.factory.support.DefaultListableBeanFactory - Eagerly caching bean 'stringHttpMessageConverter' to allow for resolving potential circular references
 2017-11-16 20:33:17.152 DEBUG org.springframework.beans.factory.support.DefaultListableBeanFactory - Returning cached instance of singleton bean 'org.springframework.transaction.config.internalTransactionAdvisor'
 2017-11-16 20:33:17.154 DEBUG org.springframework.beans.factory.support.DefaultListableBeanFactory - Finished creating instance of bean 'stringHttpMessageConverter'
 2017-11-16 20:33:17.159 DEBUG org.springframework.beans.factory.support.DefaultListableBeanFactory - Creating shared instance of singleton bean 'mappingJackson2HttpMessageConverter'
 2017-11-16 20:33:17.165 DEBUG org.springframework.beans.factory.support.DefaultListableBeanFactory - Creating instance of bean 'mappingJackson2HttpMessageConverter'
 2017-11-16 20:33:17.166 DEBUG org.springframework.beans.factory.support.DefaultListableBeanFactory - Creating shared instance of singleton bean 'org.springframework.boot.autoconfigure.web.JacksonHttpMessageConvertersConfiguration$MappingJackson2HttpMessageConverterConfiguration'
 2017-11-16 20:33:17.166 DEBUG org.springframework.beans.factory.support.DefaultListableBeanFactory - Creating instance of bean 'org.springframework.boot.autoconfigure.web.JacksonHttpMessageConvertersConfiguration$MappingJackson2HttpMessageConverterConfiguration'
 2017-11-16 20:33:17.168 DEBUG org.springframework.beans.factory.support.DefaultListableBeanFactory - Eagerly caching bean 'org.springframework.boot.autoconfigure.web.JacksonHttpMessageConvertersConfiguration$MappingJackson2HttpMessageConverterConfiguration' to allow for resolving potential circular references
 2017-11-16 20:33:17.175 DEBUG org.springframework.beans.factory.support.DefaultListableBeanFactory - Returning cached instance of singleton bean 'org.springframework.transaction.config.internalTransactionAdvisor'
 2017-11-16 20:33:17.177 DEBUG org.springframework.beans.factory.support.DefaultListableBeanFactory - Finished creating instance of bean 'org.springframework.boot.autoconfigure.web.JacksonHttpMessageConvertersConfiguration$MappingJackson2HttpMessageConverterConfiguration'
 2017-11-16 20:33:17.184 DEBUG org.springframework.beans.factory.support.DefaultListableBeanFactory - Returning cached instance of singleton bean 'jacksonObjectMapper'
 2017-11-16 20:33:17.185 DEBUG org.springframework.beans.factory.support.DefaultListableBeanFactory - Autowiring by type from bean name 'mappingJackson2HttpMessageConverter' via factory method to bean named 'jacksonObjectMapper'
 2017-11-16 20:33:17.198 DEBUG org.springframework.beans.factory.support.DefaultListableBeanFactory - Eagerly caching bean 'mappingJackson2HttpMessageConverter' to allow for resolving potential circular references
 2017-11-16 20:33:17.210 DEBUG org.springframework.beans.factory.support.DefaultListableBeanFactory - Returning cached instance of singleton bean 'org.springframework.transaction.config.internalTransactionAdvisor'
 2017-11-16 20:33:17.211 DEBUG org.springframework.beans.factory.support.DefaultListableBeanFactory - Finished creating instance of bean 'mappingJackson2HttpMessageConverter'
 2017-11-16 20:33:17.214 DEBUG org.springframework.beans.factory.support.DefaultListableBeanFactory - Eagerly caching bean 'org.springframework.boot.autoconfigure.web.HttpMessageConvertersAutoConfiguration' to allow for resolving potential circular references
 2017-11-16 20:33:17.221 DEBUG org.springframework.beans.factory.support.DefaultListableBeanFactory - Returning cached instance of singleton bean 'org.springframework.transaction.config.internalTransactionAdvisor'
 2017-11-16 20:33:17.223 DEBUG org.springframework.beans.factory.support.DefaultListableBeanFactory - Finished creating instance of bean 'org.springframework.boot.autoconfigure.web.HttpMessageConvertersAutoConfiguration'
 2017-11-16 20:33:17.266 DEBUG org.springframework.beans.factory.support.DefaultListableBeanFactory - Eagerly caching bean 'messageConverters' to allow for resolving potential circular references
 2017-11-16 20:33:17.275 DEBUG org.springframework.beans.factory.support.DefaultListableBeanFactory - Returning cached instance of singleton bean 'org.springframework.transaction.config.internalTransactionAdvisor'
 2017-11-16 20:33:17.275 DEBUG org.springframework.beans.factory.support.DefaultListableBeanFactory - Finished creating instance of bean 'messageConverters'
 2017-11-16 20:33:17.276 DEBUG org.springframework.beans.factory.support.DefaultListableBeanFactory - Autowiring by type from bean name 'org.springframework.boot.autoconfigure.web.WebMvcAutoConfiguration$WebMvcAutoConfigurationAdapter' via constructor to bean named 'spring.resources-org.springframework.boot.autoconfigure.web.ResourceProperties'
 2017-11-16 20:33:17.276 DEBUG org.springframework.beans.factory.support.DefaultListableBeanFactory - Autowiring by type from bean name 'org.springframework.boot.autoconfigure.web.WebMvcAutoConfiguration$WebMvcAutoConfigurationAdapter' via constructor to bean named 'spring.mvc-org.springframework.boot.autoconfigure.web.WebMvcProperties'
 2017-11-16 20:33:17.276 DEBUG org.springframework.beans.factory.support.DefaultListableBeanFactory - Autowiring by type from bean name 'org.springframework.boot.autoconfigure.web.WebMvcAutoConfiguration$WebMvcAutoConfigurationAdapter' via constructor to bean named 'org.springframework.beans.factory.support.DefaultListableBeanFactory@17d88132'
 2017-11-16 20:33:17.276 DEBUG org.springframework.beans.factory.support.DefaultListableBeanFactory - Autowiring by type from bean name 'org.springframework.boot.autoconfigure.web.WebMvcAutoConfiguration$WebMvcAutoConfigurationAdapter' via constructor to bean named 'messageConverters'
 2017-11-16 20:33:17.287 DEBUG org.springframework.beans.factory.support.DefaultListableBeanFactory - Eagerly caching bean 'org.springframework.boot.autoconfigure.web.WebMvcAutoConfiguration$WebMvcAutoConfigurationAdapter' to allow for resolving potential circular references
 2017-11-16 20:33:17.304 DEBUG org.springframework.beans.factory.support.DefaultListableBeanFactory - Returning cached instance of singleton bean 'org.springframework.transaction.config.internalTransactionAdvisor'
 2017-11-16 20:33:17.309 DEBUG org.springframework.beans.factory.support.DefaultListableBeanFactory - Finished creating instance of bean 'org.springframework.boot.autoconfigure.web.WebMvcAutoConfiguration$WebMvcAutoConfigurationAdapter'
 2017-11-16 20:33:17.311 DEBUG org.springframework.beans.factory.annotation.AutowiredAnnotationBeanPostProcessor - Autowiring by type from bean name 'org.springframework.boot.autoconfigure.web.WebMvcAutoConfiguration$EnableWebMvcConfiguration' to bean named 'org.springframework.boot.autoconfigure.web.WebMvcAutoConfiguration$WebMvcAutoConfigurationAdapter'
 2017-11-16 20:33:17.312 DEBUG org.springframework.beans.factory.support.DefaultListableBeanFactory - Invoking afterPropertiesSet() on bean with name 'org.springframework.boot.autoconfigure.web.WebMvcAutoConfiguration$EnableWebMvcConfiguration'
 2017-11-16 20:33:17.312 DEBUG org.springframework.beans.factory.support.DefaultListableBeanFactory - Returning cached instance of singleton bean 'org.springframework.transaction.config.internalTransactionAdvisor'
 2017-11-16 20:33:17.322 DEBUG org.springframework.beans.factory.support.DefaultListableBeanFactory - Finished creating instance of bean 'org.springframework.boot.autoconfigure.web.WebMvcAutoConfiguration$EnableWebMvcConfiguration'
 2017-11-16 20:33:17.323 DEBUG org.springframework.beans.factory.support.DefaultListableBeanFactory - Creating shared instance of singleton bean 'requestMappingHandlerAdapter'
 2017-11-16 20:33:17.323 DEBUG org.springframework.beans.factory.support.DefaultListableBeanFactory - Creating instance of bean 'requestMappingHandlerAdapter'
 2017-11-16 20:33:17.323 DEBUG org.springframework.beans.factory.support.DefaultListableBeanFactory - Returning cached instance of singleton bean 'org.springframework.boot.autoconfigure.web.WebMvcAutoConfiguration$EnableWebMvcConfiguration'
 2017-11-16 20:33:17.374 DEBUG org.springframework.beans.factory.support.DefaultListableBeanFactory - Creating shared instance of singleton bean 'mvcContentNegotiationManager'
 2017-11-16 20:33:17.374 DEBUG org.springframework.beans.factory.support.DefaultListableBeanFactory - Creating instance of bean 'mvcContentNegotiationManager'
 2017-11-16 20:33:17.374 DEBUG org.springframework.beans.factory.support.DefaultListableBeanFactory - Returning cached instance of singleton bean 'org.springframework.boot.autoconfigure.web.WebMvcAutoConfiguration$EnableWebMvcConfiguration'
 2017-11-16 20:33:17.383 DEBUG org.springframework.beans.factory.support.DefaultListableBeanFactory - Eagerly caching bean 'mvcContentNegotiationManager' to allow for resolving potential circular references
 2017-11-16 20:33:17.389 DEBUG org.springframework.beans.factory.support.DefaultListableBeanFactory - Returning cached instance of singleton bean 'org.springframework.transaction.config.internalTransactionAdvisor'
 2017-11-16 20:33:17.397 DEBUG org.springframework.beans.factory.support.DefaultListableBeanFactory - Finished creating instance of bean 'mvcContentNegotiationManager'
 2017-11-16 20:33:17.400 DEBUG org.springframework.beans.factory.support.DefaultListableBeanFactory - Creating shared instance of singleton bean 'mvcConversionService'
 2017-11-16 20:33:17.401 DEBUG org.springframework.beans.factory.support.DefaultListableBeanFactory - Creating instance of bean 'mvcConversionService'
 2017-11-16 20:33:17.402 DEBUG org.springframework.beans.factory.support.DefaultListableBeanFactory - Returning cached instance of singleton bean 'org.springframework.boot.autoconfigure.web.WebMvcAutoConfiguration$EnableWebMvcConfiguration'
 2017-11-16 20:33:17.415 DEBUG org.springframework.beans.factory.support.DefaultListableBeanFactory - Eagerly caching bean 'mvcConversionService' to allow for resolving potential circular references
 2017-11-16 20:33:17.434 DEBUG org.springframework.beans.factory.support.DefaultListableBeanFactory - Returning cached instance of singleton bean 'org.springframework.transaction.config.internalTransactionAdvisor'
 2017-11-16 20:33:17.435 DEBUG org.springframework.beans.factory.support.DefaultListableBeanFactory - Finished creating instance of bean 'mvcConversionService'
 2017-11-16 20:33:17.437 DEBUG org.springframework.beans.factory.support.DefaultListableBeanFactory - Returning cached instance of singleton bean 'defaultValidator'
 2017-11-16 20:33:17.453 DEBUG org.springframework.beans.factory.support.DefaultListableBeanFactory - Eagerly caching bean 'requestMappingHandlerAdapter' to allow for resolving potential circular references
 2017-11-16 20:33:17.471 DEBUG org.springframework.beans.factory.support.DefaultListableBeanFactory - Invoking afterPropertiesSet() on bean with name 'requestMappingHandlerAdapter'
 2017-11-16 20:33:17.472 INFO  org.springframework.web.servlet.mvc.method.annotation.RequestMappingHandlerAdapter - Looking for @ControllerAdvice: org.springframework.web.context.support.GenericWebApplicationContext@4d518b32: startup date [Thu Nov 16 20:33:10 CST 2017]; root of context hierarchy
 2017-11-16 20:33:17.526 DEBUG org.springframework.beans.factory.support.DefaultListableBeanFactory - Returning cached instance of singleton bean 'org.springframework.transaction.config.internalTransactionAdvisor'
 2017-11-16 20:33:17.527 DEBUG org.springframework.beans.factory.support.DefaultListableBeanFactory - Finished creating instance of bean 'requestMappingHandlerAdapter'
 2017-11-16 20:33:17.527 DEBUG org.springframework.beans.factory.support.DefaultListableBeanFactory - Creating shared instance of singleton bean 'requestMappingHandlerMapping'
 2017-11-16 20:33:17.527 DEBUG org.springframework.beans.factory.support.DefaultListableBeanFactory - Creating instance of bean 'requestMappingHandlerMapping'
 2017-11-16 20:33:17.528 DEBUG org.springframework.beans.factory.support.DefaultListableBeanFactory - Returning cached instance of singleton bean 'org.springframework.boot.autoconfigure.web.WebMvcAutoConfiguration$EnableWebMvcConfiguration'
 2017-11-16 20:33:17.553 DEBUG org.springframework.beans.factory.support.DefaultListableBeanFactory - Returning cached instance of singleton bean 'mvcConversionService'
 2017-11-16 20:33:17.556 DEBUG org.springframework.beans.factory.support.DefaultListableBeanFactory - Creating shared instance of singleton bean 'mvcResourceUrlProvider'
 2017-11-16 20:33:17.556 DEBUG org.springframework.beans.factory.support.DefaultListableBeanFactory - Creating instance of bean 'mvcResourceUrlProvider'
 2017-11-16 20:33:17.556 DEBUG org.springframework.beans.factory.support.DefaultListableBeanFactory - Returning cached instance of singleton bean 'org.springframework.boot.autoconfigure.web.WebMvcAutoConfiguration$EnableWebMvcConfiguration'
 2017-11-16 20:33:17.566 DEBUG org.springframework.beans.factory.support.DefaultListableBeanFactory - Eagerly caching bean 'mvcResourceUrlProvider' to allow for resolving potential circular references
 2017-11-16 20:33:17.572 DEBUG org.springframework.beans.factory.support.DefaultListableBeanFactory - Returning cached instance of singleton bean 'org.springframework.transaction.config.internalTransactionAdvisor'
 2017-11-16 20:33:17.572 DEBUG org.springframework.beans.factory.support.DefaultListableBeanFactory - Finished creating instance of bean 'mvcResourceUrlProvider'
 2017-11-16 20:33:17.575 DEBUG org.springframework.beans.factory.support.DefaultListableBeanFactory - Returning cached instance of singleton bean 'mvcContentNegotiationManager'
 2017-11-16 20:33:17.589 DEBUG org.springframework.beans.factory.support.DefaultListableBeanFactory - Eagerly caching bean 'requestMappingHandlerMapping' to allow for resolving potential circular references
 2017-11-16 20:33:17.612 DEBUG org.springframework.beans.factory.support.DefaultListableBeanFactory - Invoking afterPropertiesSet() on bean with name 'requestMappingHandlerMapping'
 2017-11-16 20:33:17.613 DEBUG org.springframework.web.servlet.mvc.method.annotation.RequestMappingHandlerMapping - Looking for request mappings in application context: org.springframework.web.context.support.GenericWebApplicationContext@4d518b32: startup date [Thu Nov 16 20:33:10 CST 2017]; root of context hierarchy
 2017-11-16 20:33:17.637 DEBUG org.springframework.web.servlet.mvc.method.annotation.RequestMappingHandlerMapping - 4 request handler methods found on class test.boot.controller.DatasourceController: {public int test.boot.controller.DatasourceController.remove(int)={[/datasources/{id}],methods=[DELETE]}, public int test.boot.controller.DatasourceController.update(test.boot.entity.tables.records.TDatasourceRecord)={[/datasources/{id}],methods=[PUT]}, public java.util.List test.boot.controller.DatasourceController.list()={[/datasources],methods=[GET]}, public int test.boot.controller.DatasourceController.save(test.boot.model.dto.DatasourceDTO)={[/datasources],methods=[POST]}}
 2017-11-16 20:33:17.638 INFO  org.springframework.web.servlet.mvc.method.annotation.RequestMappingHandlerMapping - Mapped "{[/datasources/{id}],methods=[DELETE]}" onto public int test.boot.controller.DatasourceController.remove(int)
 2017-11-16 20:33:17.646 INFO  org.springframework.web.servlet.mvc.method.annotation.RequestMappingHandlerMapping - Mapped "{[/datasources/{id}],methods=[PUT]}" onto public int test.boot.controller.DatasourceController.update(test.boot.entity.tables.records.TDatasourceRecord)
 2017-11-16 20:33:17.647 INFO  org.springframework.web.servlet.mvc.method.annotation.RequestMappingHandlerMapping - Mapped "{[/datasources],methods=[GET]}" onto public java.util.List<test.boot.entity.tables.pojos.TDatasource> test.boot.controller.DatasourceController.list()
 2017-11-16 20:33:17.648 INFO  org.springframework.web.servlet.mvc.method.annotation.RequestMappingHandlerMapping - Mapped "{[/datasources],methods=[POST]}" onto public int test.boot.controller.DatasourceController.save(test.boot.model.dto.DatasourceDTO)
 2017-11-16 20:33:17.650 DEBUG org.springframework.core.env.PropertySourcesPropertyResolver - Could not find key 'error.path:/error' in any property source
 2017-11-16 20:33:17.650 DEBUG org.springframework.core.env.PropertySourcesPropertyResolver - Could not find key 'error.path:/error' in any property source
 2017-11-16 20:33:17.650 DEBUG org.springframework.core.env.PropertySourcesPropertyResolver - Could not find key 'error.path' in any property source
 2017-11-16 20:33:17.650 DEBUG org.springframework.core.env.PropertySourcesPropertyResolver - Could not find key 'error.path' in any property source
 2017-11-16 20:33:17.650 DEBUG org.springframework.core.env.PropertySourcesPropertyResolver - Could not find key 'server.error.path:/error' in any property source
 2017-11-16 20:33:17.650 DEBUG org.springframework.core.env.PropertySourcesPropertyResolver - Could not find key 'server.error.path:/error' in any property source
 2017-11-16 20:33:17.650 DEBUG org.springframework.core.env.PropertySourcesPropertyResolver - Could not find key 'server.error.path' in any property source
 2017-11-16 20:33:17.650 DEBUG org.springframework.core.env.PropertySourcesPropertyResolver - Could not find key 'server.error.path' in any property source
 2017-11-16 20:33:17.651 DEBUG org.springframework.core.env.PropertySourcesPropertyResolver - Could not find key 'error.path:/error' in any property source
 2017-11-16 20:33:17.652 DEBUG org.springframework.core.env.PropertySourcesPropertyResolver - Could not find key 'error.path:/error' in any property source
 2017-11-16 20:33:17.652 DEBUG org.springframework.core.env.PropertySourcesPropertyResolver - Could not find key 'error.path' in any property source
 2017-11-16 20:33:17.652 DEBUG org.springframework.core.env.PropertySourcesPropertyResolver - Could not find key 'error.path' in any property source
 2017-11-16 20:33:17.652 DEBUG org.springframework.core.env.PropertySourcesPropertyResolver - Could not find key 'server.error.path:/error' in any property source
 2017-11-16 20:33:17.652 DEBUG org.springframework.core.env.PropertySourcesPropertyResolver - Could not find key 'server.error.path:/error' in any property source
 2017-11-16 20:33:17.652 DEBUG org.springframework.core.env.PropertySourcesPropertyResolver - Could not find key 'server.error.path' in any property source
 2017-11-16 20:33:17.652 DEBUG org.springframework.core.env.PropertySourcesPropertyResolver - Could not find key 'server.error.path' in any property source
 2017-11-16 20:33:17.653 DEBUG org.springframework.web.servlet.mvc.method.annotation.RequestMappingHandlerMapping - 2 request handler methods found on class org.springframework.boot.autoconfigure.web.BasicErrorController: {public org.springframework.http.ResponseEntity org.springframework.boot.autoconfigure.web.BasicErrorController.error(javax.servlet.http.HttpServletRequest)={[/error]}, public org.springframework.web.servlet.ModelAndView org.springframework.boot.autoconfigure.web.BasicErrorController.errorHtml(javax.servlet.http.HttpServletRequest,javax.servlet.http.HttpServletResponse)={[/error],produces=[text/html]}}
 2017-11-16 20:33:17.654 INFO  org.springframework.web.servlet.mvc.method.annotation.RequestMappingHandlerMapping - Mapped "{[/error]}" onto public org.springframework.http.ResponseEntity<java.util.Map<java.lang.String, java.lang.Object>> org.springframework.boot.autoconfigure.web.BasicErrorController.error(javax.servlet.http.HttpServletRequest)
 2017-11-16 20:33:17.654 INFO  org.springframework.web.servlet.mvc.method.annotation.RequestMappingHandlerMapping - Mapped "{[/error],produces=[text/html]}" onto public org.springframework.web.servlet.ModelAndView org.springframework.boot.autoconfigure.web.BasicErrorController.errorHtml(javax.servlet.http.HttpServletRequest,javax.servlet.http.HttpServletResponse)
 2017-11-16 20:33:17.657 DEBUG org.springframework.beans.factory.support.DefaultListableBeanFactory - Returning cached instance of singleton bean 'org.springframework.transaction.config.internalTransactionAdvisor'
 2017-11-16 20:33:17.658 DEBUG org.springframework.beans.factory.support.DefaultListableBeanFactory - Finished creating instance of bean 'requestMappingHandlerMapping'
 2017-11-16 20:33:17.659 DEBUG org.springframework.beans.factory.support.DefaultListableBeanFactory - Returning cached instance of singleton bean 'mvcContentNegotiationManager'
 2017-11-16 20:33:17.660 DEBUG org.springframework.beans.factory.support.DefaultListableBeanFactory - Creating shared instance of singleton bean 'mvcPathMatcher'
 2017-11-16 20:33:17.661 DEBUG org.springframework.beans.factory.support.DefaultListableBeanFactory - Creating instance of bean 'mvcPathMatcher'
 2017-11-16 20:33:17.662 DEBUG org.springframework.beans.factory.support.DefaultListableBeanFactory - Returning cached instance of singleton bean 'org.springframework.boot.autoconfigure.web.WebMvcAutoConfiguration$EnableWebMvcConfiguration'
 2017-11-16 20:33:17.664 DEBUG org.springframework.beans.factory.support.DefaultListableBeanFactory - Eagerly caching bean 'mvcPathMatcher' to allow for resolving potential circular references
 2017-11-16 20:33:17.674 DEBUG org.springframework.beans.factory.support.DefaultListableBeanFactory - Returning cached instance of singleton bean 'org.springframework.transaction.config.internalTransactionAdvisor'
 2017-11-16 20:33:17.675 DEBUG org.springframework.beans.factory.support.DefaultListableBeanFactory - Finished creating instance of bean 'mvcPathMatcher'
 2017-11-16 20:33:17.676 DEBUG org.springframework.beans.factory.support.DefaultListableBeanFactory - Creating shared instance of singleton bean 'mvcUrlPathHelper'
 2017-11-16 20:33:17.676 DEBUG org.springframework.beans.factory.support.DefaultListableBeanFactory - Creating instance of bean 'mvcUrlPathHelper'
 2017-11-16 20:33:17.676 DEBUG org.springframework.beans.factory.support.DefaultListableBeanFactory - Returning cached instance of singleton bean 'org.springframework.boot.autoconfigure.web.WebMvcAutoConfiguration$EnableWebMvcConfiguration'
 2017-11-16 20:33:17.681 DEBUG org.springframework.beans.factory.support.DefaultListableBeanFactory - Eagerly caching bean 'mvcUrlPathHelper' to allow for resolving potential circular references
 2017-11-16 20:33:17.689 DEBUG org.springframework.beans.factory.support.DefaultListableBeanFactory - Returning cached instance of singleton bean 'org.springframework.transaction.config.internalTransactionAdvisor'
 2017-11-16 20:33:17.689 DEBUG org.springframework.beans.factory.support.DefaultListableBeanFactory - Finished creating instance of bean 'mvcUrlPathHelper'
 2017-11-16 20:33:17.690 DEBUG org.springframework.beans.factory.support.DefaultListableBeanFactory - Creating shared instance of singleton bean 'viewControllerHandlerMapping'
 2017-11-16 20:33:17.690 DEBUG org.springframework.beans.factory.support.DefaultListableBeanFactory - Creating instance of bean 'viewControllerHandlerMapping'
 2017-11-16 20:33:17.691 DEBUG org.springframework.beans.factory.support.DefaultListableBeanFactory - Returning cached instance of singleton bean 'org.springframework.boot.autoconfigure.web.WebMvcAutoConfiguration$EnableWebMvcConfiguration'
 2017-11-16 20:33:17.695 DEBUG org.springframework.beans.factory.support.DefaultListableBeanFactory - Returning cached instance of singleton bean 'mvcPathMatcher'
 2017-11-16 20:33:17.697 DEBUG org.springframework.beans.factory.support.DefaultListableBeanFactory - Returning cached instance of singleton bean 'mvcUrlPathHelper'
 2017-11-16 20:33:17.697 DEBUG org.springframework.beans.factory.support.DefaultListableBeanFactory - Eagerly caching bean 'viewControllerHandlerMapping' to allow for resolving potential circular references
 2017-11-16 20:33:17.705 DEBUG org.springframework.beans.factory.support.DefaultListableBeanFactory - Returning cached instance of singleton bean 'org.springframework.transaction.config.internalTransactionAdvisor'
 2017-11-16 20:33:17.706 DEBUG org.springframework.beans.factory.support.DefaultListableBeanFactory - Finished creating instance of bean 'viewControllerHandlerMapping'
 2017-11-16 20:33:17.706 DEBUG org.springframework.beans.factory.support.DefaultListableBeanFactory - Creating shared instance of singleton bean 'beanNameHandlerMapping'
 2017-11-16 20:33:17.706 DEBUG org.springframework.beans.factory.support.DefaultListableBeanFactory - Creating instance of bean 'beanNameHandlerMapping'
 2017-11-16 20:33:17.707 DEBUG org.springframework.beans.factory.support.DefaultListableBeanFactory - Returning cached instance of singleton bean 'org.springframework.boot.autoconfigure.web.WebMvcAutoConfiguration$EnableWebMvcConfiguration'
 2017-11-16 20:33:17.711 DEBUG org.springframework.beans.factory.support.DefaultListableBeanFactory - Eagerly caching bean 'beanNameHandlerMapping' to allow for resolving potential circular references
 2017-11-16 20:33:17.723 DEBUG org.springframework.web.servlet.handler.BeanNameUrlHandlerMapping - Looking for URL mappings in application context: org.springframework.web.context.support.GenericWebApplicationContext@4d518b32: startup date [Thu Nov 16 20:33:10 CST 2017]; root of context hierarchy
 2017-11-16 20:33:17.724 DEBUG org.springframework.web.servlet.handler.BeanNameUrlHandlerMapping - Rejected bean name 'org.springframework.boot.test.mock.mockito.MockitoPostProcessor$SpyPostProcessor': no URL paths identified
 2017-11-16 20:33:17.725 DEBUG org.springframework.web.servlet.handler.BeanNameUrlHandlerMapping - Rejected bean name 'org.springframework.boot.test.mock.mockito.MockitoPostProcessor': no URL paths identified
 2017-11-16 20:33:17.726 DEBUG org.springframework.web.servlet.handler.BeanNameUrlHandlerMapping - Rejected bean name 'org.springframework.context.annotation.internalConfigurationAnnotationProcessor': no URL paths identified
 2017-11-16 20:33:17.727 DEBUG org.springframework.web.servlet.handler.BeanNameUrlHandlerMapping - Rejected bean name 'org.springframework.context.annotation.internalAutowiredAnnotationProcessor': no URL paths identified
 2017-11-16 20:33:17.729 DEBUG org.springframework.web.servlet.handler.BeanNameUrlHandlerMapping - Rejected bean name 'org.springframework.context.annotation.internalRequiredAnnotationProcessor': no URL paths identified
 2017-11-16 20:33:17.730 DEBUG org.springframework.web.servlet.handler.BeanNameUrlHandlerMapping - Rejected bean name 'org.springframework.context.annotation.internalCommonAnnotationProcessor': no URL paths identified
 2017-11-16 20:33:17.730 DEBUG org.springframework.web.servlet.handler.BeanNameUrlHandlerMapping - Rejected bean name 'org.springframework.context.event.internalEventListenerProcessor': no URL paths identified
 2017-11-16 20:33:17.730 DEBUG org.springframework.web.servlet.handler.BeanNameUrlHandlerMapping - Rejected bean name 'org.springframework.context.event.internalEventListenerFactory': no URL paths identified
 2017-11-16 20:33:17.731 DEBUG org.springframework.web.servlet.handler.BeanNameUrlHandlerMapping - Rejected bean name 'example': no URL paths identified
 2017-11-16 20:33:17.731 DEBUG org.springframework.web.servlet.handler.BeanNameUrlHandlerMapping - Rejected bean name 'org.springframework.boot.autoconfigure.internalCachingMetadataReaderFactory': no URL paths identified
 2017-11-16 20:33:17.731 DEBUG org.springframework.web.servlet.handler.BeanNameUrlHandlerMapping - Rejected bean name 'datasourceController': no URL paths identified
 2017-11-16 20:33:17.731 DEBUG org.springframework.web.servlet.handler.BeanNameUrlHandlerMapping - Rejected bean name 'datasourceDao': no URL paths identified
 2017-11-16 20:33:17.731 DEBUG org.springframework.web.servlet.handler.BeanNameUrlHandlerMapping - Rejected bean name 'datasourceServiceImpl': no URL paths identified
 2017-11-16 20:33:17.731 DEBUG org.springframework.web.servlet.handler.BeanNameUrlHandlerMapping - Rejected bean name 'org.springframework.boot.autoconfigure.AutoConfigurationPackages': no URL paths identified
 2017-11-16 20:33:17.731 DEBUG org.springframework.web.servlet.handler.BeanNameUrlHandlerMapping - Rejected bean name 'org.springframework.boot.autoconfigure.context.PropertyPlaceholderAutoConfiguration': no URL paths identified
 2017-11-16 20:33:17.731 DEBUG org.springframework.web.servlet.handler.BeanNameUrlHandlerMapping - Rejected bean name 'org.springframework.boot.autoconfigure.condition.BeanTypeRegistry': no URL paths identified
 2017-11-16 20:33:17.731 DEBUG org.springframework.web.servlet.handler.BeanNameUrlHandlerMapping - Rejected bean name 'propertySourcesPlaceholderConfigurer': no URL paths identified
 2017-11-16 20:33:17.731 DEBUG org.springframework.web.servlet.handler.BeanNameUrlHandlerMapping - Rejected bean name 'org.springframework.boot.autoconfigure.jackson.JacksonAutoConfiguration$Jackson2ObjectMapperBuilderCustomizerConfiguration': no URL paths identified
 2017-11-16 20:33:17.731 DEBUG org.springframework.web.servlet.handler.BeanNameUrlHandlerMapping - Rejected bean name 'standardJacksonObjectMapperBuilderCustomizer': no URL paths identified
 2017-11-16 20:33:17.731 DEBUG org.springframework.web.servlet.handler.BeanNameUrlHandlerMapping - Rejected bean name 'spring.jackson-org.springframework.boot.autoconfigure.jackson.JacksonProperties': no URL paths identified
 2017-11-16 20:33:17.731 DEBUG org.springframework.web.servlet.handler.BeanNameUrlHandlerMapping - Rejected bean name 'org.springframework.boot.context.properties.ConfigurationPropertiesBindingPostProcessor': no URL paths identified
 2017-11-16 20:33:17.731 DEBUG org.springframework.web.servlet.handler.BeanNameUrlHandlerMapping - Rejected bean name 'org.springframework.boot.context.properties.ConfigurationPropertiesBindingPostProcessor.store': no URL paths identified
 2017-11-16 20:33:17.731 DEBUG org.springframework.web.servlet.handler.BeanNameUrlHandlerMapping - Rejected bean name 'org.springframework.boot.autoconfigure.jackson.JacksonAutoConfiguration$JacksonObjectMapperBuilderConfiguration': no URL paths identified
 2017-11-16 20:33:17.731 DEBUG org.springframework.web.servlet.handler.BeanNameUrlHandlerMapping - Rejected bean name 'jacksonObjectMapperBuilder': no URL paths identified
 2017-11-16 20:33:17.731 DEBUG org.springframework.web.servlet.handler.BeanNameUrlHandlerMapping - Rejected bean name 'org.springframework.boot.autoconfigure.jackson.JacksonAutoConfiguration$JacksonObjectMapperConfiguration': no URL paths identified
 2017-11-16 20:33:17.731 DEBUG org.springframework.web.servlet.handler.BeanNameUrlHandlerMapping - Rejected bean name 'jacksonObjectMapper': no URL paths identified
 2017-11-16 20:33:17.731 DEBUG org.springframework.web.servlet.handler.BeanNameUrlHandlerMapping - Rejected bean name 'org.springframework.boot.autoconfigure.jackson.JacksonAutoConfiguration': no URL paths identified
 2017-11-16 20:33:17.731 DEBUG org.springframework.web.servlet.handler.BeanNameUrlHandlerMapping - Rejected bean name 'jsonComponentModule': no URL paths identified
 2017-11-16 20:33:17.731 DEBUG org.springframework.web.servlet.handler.BeanNameUrlHandlerMapping - Rejected bean name 'org.springframework.boot.autoconfigure.websocket.WebSocketAutoConfiguration$TomcatWebSocketConfiguration': no URL paths identified
 2017-11-16 20:33:17.731 DEBUG org.springframework.web.servlet.handler.BeanNameUrlHandlerMapping - Rejected bean name 'websocketContainerCustomizer': no URL paths identified
 2017-11-16 20:33:17.731 DEBUG org.springframework.web.servlet.handler.BeanNameUrlHandlerMapping - Rejected bean name 'org.springframework.boot.autoconfigure.websocket.WebSocketAutoConfiguration': no URL paths identified
 2017-11-16 20:33:17.731 DEBUG org.springframework.web.servlet.handler.BeanNameUrlHandlerMapping - Rejected bean name 'org.springframework.boot.autoconfigure.web.EmbeddedServletContainerAutoConfiguration$EmbeddedTomcat': no URL paths identified
 2017-11-16 20:33:17.731 DEBUG org.springframework.web.servlet.handler.BeanNameUrlHandlerMapping - Rejected bean name 'tomcatEmbeddedServletContainerFactory': no URL paths identified
 2017-11-16 20:33:17.731 DEBUG org.springframework.web.servlet.handler.BeanNameUrlHandlerMapping - Rejected bean name 'org.springframework.boot.autoconfigure.web.EmbeddedServletContainerAutoConfiguration': no URL paths identified
 2017-11-16 20:33:17.731 DEBUG org.springframework.web.servlet.handler.BeanNameUrlHandlerMapping - Rejected bean name 'embeddedServletContainerCustomizerBeanPostProcessor': no URL paths identified
 2017-11-16 20:33:17.731 DEBUG org.springframework.web.servlet.handler.BeanNameUrlHandlerMapping - Rejected bean name 'errorPageRegistrarBeanPostProcessor': no URL paths identified
 2017-11-16 20:33:17.731 DEBUG org.springframework.web.servlet.handler.BeanNameUrlHandlerMapping - Rejected bean name 'org.springframework.boot.autoconfigure.web.DispatcherServletAutoConfiguration$DispatcherServletConfiguration': no URL paths identified
 2017-11-16 20:33:17.731 DEBUG org.springframework.web.servlet.handler.BeanNameUrlHandlerMapping - Rejected bean name 'dispatcherServlet': no URL paths identified
 2017-11-16 20:33:17.731 DEBUG org.springframework.web.servlet.handler.BeanNameUrlHandlerMapping - Rejected bean name 'spring.mvc-org.springframework.boot.autoconfigure.web.WebMvcProperties': no URL paths identified
 2017-11-16 20:33:17.731 DEBUG org.springframework.web.servlet.handler.BeanNameUrlHandlerMapping - Rejected bean name 'org.springframework.boot.autoconfigure.web.DispatcherServletAutoConfiguration$DispatcherServletRegistrationConfiguration': no URL paths identified
 2017-11-16 20:33:17.731 DEBUG org.springframework.web.servlet.handler.BeanNameUrlHandlerMapping - Rejected bean name 'dispatcherServletRegistration': no URL paths identified
 2017-11-16 20:33:17.731 DEBUG org.springframework.web.servlet.handler.BeanNameUrlHandlerMapping - Rejected bean name 'org.springframework.boot.autoconfigure.web.DispatcherServletAutoConfiguration': no URL paths identified
 2017-11-16 20:33:17.731 DEBUG org.springframework.web.servlet.handler.BeanNameUrlHandlerMapping - Rejected bean name 'org.springframework.boot.autoconfigure.validation.DefaultValidatorConfiguration': no URL paths identified
 2017-11-16 20:33:17.731 DEBUG org.springframework.web.servlet.handler.BeanNameUrlHandlerMapping - Rejected bean name 'defaultValidator': no URL paths identified
 2017-11-16 20:33:17.732 DEBUG org.springframework.web.servlet.handler.BeanNameUrlHandlerMapping - Rejected bean name 'org.springframework.boot.autoconfigure.validation.Jsr303ValidatorAdapterConfiguration': no URL paths identified
 2017-11-16 20:33:17.732 DEBUG org.springframework.web.servlet.handler.BeanNameUrlHandlerMapping - Rejected bean name 'org.springframework.boot.autoconfigure.validation.ValidationAutoConfiguration': no URL paths identified
 2017-11-16 20:33:17.732 DEBUG org.springframework.web.servlet.handler.BeanNameUrlHandlerMapping - Rejected bean name 'methodValidationPostProcessor': no URL paths identified
 2017-11-16 20:33:17.732 DEBUG org.springframework.web.servlet.handler.BeanNameUrlHandlerMapping - Rejected bean name 'org.springframework.boot.autoconfigure.web.ErrorMvcAutoConfiguration$WhitelabelErrorViewConfiguration': no URL paths identified
 2017-11-16 20:33:17.732 DEBUG org.springframework.web.servlet.handler.BeanNameUrlHandlerMapping - Rejected bean name 'error': no URL paths identified
 2017-11-16 20:33:17.732 DEBUG org.springframework.web.servlet.handler.BeanNameUrlHandlerMapping - Rejected bean name 'beanNameViewResolver': no URL paths identified
 2017-11-16 20:33:17.732 DEBUG org.springframework.web.servlet.handler.BeanNameUrlHandlerMapping - Rejected bean name 'org.springframework.boot.autoconfigure.web.ErrorMvcAutoConfiguration$DefaultErrorViewResolverConfiguration': no URL paths identified
 2017-11-16 20:33:17.732 DEBUG org.springframework.web.servlet.handler.BeanNameUrlHandlerMapping - Rejected bean name 'conventionErrorViewResolver': no URL paths identified
 2017-11-16 20:33:17.732 DEBUG org.springframework.web.servlet.handler.BeanNameUrlHandlerMapping - Rejected bean name 'org.springframework.boot.autoconfigure.web.ErrorMvcAutoConfiguration': no URL paths identified
 2017-11-16 20:33:17.732 DEBUG org.springframework.web.servlet.handler.BeanNameUrlHandlerMapping - Rejected bean name 'errorAttributes': no URL paths identified
 2017-11-16 20:33:17.732 DEBUG org.springframework.web.servlet.handler.BeanNameUrlHandlerMapping - Rejected bean name 'basicErrorController': no URL paths identified
 2017-11-16 20:33:17.732 DEBUG org.springframework.web.servlet.handler.BeanNameUrlHandlerMapping - Rejected bean name 'errorPageCustomizer': no URL paths identified
 2017-11-16 20:33:17.732 DEBUG org.springframework.web.servlet.handler.BeanNameUrlHandlerMapping - Rejected bean name 'preserveErrorControllerTargetClassPostProcessor': no URL paths identified
 2017-11-16 20:33:17.732 DEBUG org.springframework.web.servlet.handler.BeanNameUrlHandlerMapping - Rejected bean name 'spring.resources-org.springframework.boot.autoconfigure.web.ResourceProperties': no URL paths identified
 2017-11-16 20:33:17.732 DEBUG org.springframework.web.servlet.handler.BeanNameUrlHandlerMapping - Rejected bean name 'org.springframework.boot.autoconfigure.web.WebMvcAutoConfiguration$EnableWebMvcConfiguration': no URL paths identified
 2017-11-16 20:33:17.732 DEBUG org.springframework.web.servlet.handler.BeanNameUrlHandlerMapping - Rejected bean name 'requestMappingHandlerAdapter': no URL paths identified
 2017-11-16 20:33:17.732 DEBUG org.springframework.web.servlet.handler.BeanNameUrlHandlerMapping - Rejected bean name 'requestMappingHandlerMapping': no URL paths identified
 2017-11-16 20:33:17.732 DEBUG org.springframework.web.servlet.handler.BeanNameUrlHandlerMapping - Rejected bean name 'mvcContentNegotiationManager': no URL paths identified
 2017-11-16 20:33:17.732 DEBUG org.springframework.web.servlet.handler.BeanNameUrlHandlerMapping - Rejected bean name 'mvcPathMatcher': no URL paths identified
 2017-11-16 20:33:17.732 DEBUG org.springframework.web.servlet.handler.BeanNameUrlHandlerMapping - Rejected bean name 'mvcUrlPathHelper': no URL paths identified
 2017-11-16 20:33:17.732 DEBUG org.springframework.web.servlet.handler.BeanNameUrlHandlerMapping - Rejected bean name 'viewControllerHandlerMapping': no URL paths identified
 2017-11-16 20:33:17.732 DEBUG org.springframework.web.servlet.handler.BeanNameUrlHandlerMapping - Rejected bean name 'beanNameHandlerMapping': no URL paths identified
 2017-11-16 20:33:17.732 DEBUG org.springframework.web.servlet.handler.BeanNameUrlHandlerMapping - Rejected bean name 'resourceHandlerMapping': no URL paths identified
 2017-11-16 20:33:17.732 DEBUG org.springframework.web.servlet.handler.BeanNameUrlHandlerMapping - Rejected bean name 'mvcResourceUrlProvider': no URL paths identified
 2017-11-16 20:33:17.732 DEBUG org.springframework.web.servlet.handler.BeanNameUrlHandlerMapping - Rejected bean name 'defaultServletHandlerMapping': no URL paths identified
 2017-11-16 20:33:17.732 DEBUG org.springframework.web.servlet.handler.BeanNameUrlHandlerMapping - Rejected bean name 'mvcConversionService': no URL paths identified
 2017-11-16 20:33:17.732 DEBUG org.springframework.web.servlet.handler.BeanNameUrlHandlerMapping - Rejected bean name 'mvcUriComponentsContributor': no URL paths identified
 2017-11-16 20:33:17.732 DEBUG org.springframework.web.servlet.handler.BeanNameUrlHandlerMapping - Rejected bean name 'httpRequestHandlerAdapter': no URL paths identified
 2017-11-16 20:33:17.732 DEBUG org.springframework.web.servlet.handler.BeanNameUrlHandlerMapping - Rejected bean name 'simpleControllerHandlerAdapter': no URL paths identified
 2017-11-16 20:33:17.732 DEBUG org.springframework.web.servlet.handler.BeanNameUrlHandlerMapping - Rejected bean name 'handlerExceptionResolver': no URL paths identified
 2017-11-16 20:33:17.732 DEBUG org.springframework.web.servlet.handler.BeanNameUrlHandlerMapping - Rejected bean name 'mvcViewResolver': no URL paths identified
 2017-11-16 20:33:17.732 DEBUG org.springframework.web.servlet.handler.BeanNameUrlHandlerMapping - Rejected bean name 'org.springframework.boot.autoconfigure.web.WebMvcAutoConfiguration$WebMvcAutoConfigurationAdapter$FaviconConfiguration': no URL paths identified
 2017-11-16 20:33:17.732 DEBUG org.springframework.web.servlet.handler.BeanNameUrlHandlerMapping - Rejected bean name 'faviconHandlerMapping': no URL paths identified
 2017-11-16 20:33:17.732 DEBUG org.springframework.web.servlet.handler.BeanNameUrlHandlerMapping - Rejected bean name 'faviconRequestHandler': no URL paths identified
 2017-11-16 20:33:17.732 DEBUG org.springframework.web.servlet.handler.BeanNameUrlHandlerMapping - Rejected bean name 'org.springframework.boot.autoconfigure.web.WebMvcAutoConfiguration$WebMvcAutoConfigurationAdapter': no URL paths identified
 2017-11-16 20:33:17.732 DEBUG org.springframework.web.servlet.handler.BeanNameUrlHandlerMapping - Rejected bean name 'defaultViewResolver': no URL paths identified
 2017-11-16 20:33:17.732 DEBUG org.springframework.web.servlet.handler.BeanNameUrlHandlerMapping - Rejected bean name 'viewResolver': no URL paths identified
 2017-11-16 20:33:17.732 DEBUG org.springframework.web.servlet.handler.BeanNameUrlHandlerMapping - Rejected bean name 'welcomePageHandlerMapping': no URL paths identified
 2017-11-16 20:33:17.732 DEBUG org.springframework.web.servlet.handler.BeanNameUrlHandlerMapping - Rejected bean name 'requestContextFilter': no URL paths identified
 2017-11-16 20:33:17.732 DEBUG org.springframework.web.servlet.handler.BeanNameUrlHandlerMapping - Rejected bean name 'org.springframework.boot.autoconfigure.web.WebMvcAutoConfiguration': no URL paths identified
 2017-11-16 20:33:17.732 DEBUG org.springframework.web.servlet.handler.BeanNameUrlHandlerMapping - Rejected bean name 'hiddenHttpMethodFilter': no URL paths identified
 2017-11-16 20:33:17.732 DEBUG org.springframework.web.servlet.handler.BeanNameUrlHandlerMapping - Rejected bean name 'httpPutFormContentFilter': no URL paths identified
 2017-11-16 20:33:17.732 DEBUG org.springframework.web.servlet.handler.BeanNameUrlHandlerMapping - Rejected bean name 'org.springframework.boot.autoconfigure.jdbc.DataSourceConfiguration$Generic': no URL paths identified
 2017-11-16 20:33:17.732 DEBUG org.springframework.web.servlet.handler.BeanNameUrlHandlerMapping - Rejected bean name 'dataSource': no URL paths identified
 2017-11-16 20:33:17.732 DEBUG org.springframework.web.servlet.handler.BeanNameUrlHandlerMapping - Rejected bean name 'org.springframework.boot.autoconfigure.jdbc.DataSourceConfiguration$Hikari': no URL paths identified
 2017-11-16 20:33:17.732 DEBUG org.springframework.web.servlet.handler.BeanNameUrlHandlerMapping - Rejected bean name 'org.springframework.boot.autoconfigure.jdbc.DataSourceAutoConfiguration$PooledDataSourceConfiguration': no URL paths identified
 2017-11-16 20:33:17.732 DEBUG org.springframework.web.servlet.handler.BeanNameUrlHandlerMapping - Rejected bean name 'org.springframework.boot.autoconfigure.jdbc.metadata.DataSourcePoolMetadataProvidersConfiguration$HikariPoolDataSourceMetadataProviderConfiguration': no URL paths identified
 2017-11-16 20:33:17.733 DEBUG org.springframework.web.servlet.handler.BeanNameUrlHandlerMapping - Rejected bean name 'hikariPoolDataSourceMetadataProvider': no URL paths identified
 2017-11-16 20:33:17.733 DEBUG org.springframework.web.servlet.handler.BeanNameUrlHandlerMapping - Rejected bean name 'org.springframework.boot.autoconfigure.jdbc.metadata.DataSourcePoolMetadataProvidersConfiguration$TomcatDataSourcePoolMetadataProviderConfiguration': no URL paths identified
 2017-11-16 20:33:17.733 DEBUG org.springframework.web.servlet.handler.BeanNameUrlHandlerMapping - Rejected bean name 'tomcatPoolDataSourceMetadataProvider': no URL paths identified
 2017-11-16 20:33:17.733 DEBUG org.springframework.web.servlet.handler.BeanNameUrlHandlerMapping - Rejected bean name 'org.springframework.boot.autoconfigure.jdbc.metadata.DataSourcePoolMetadataProvidersConfiguration': no URL paths identified
 2017-11-16 20:33:17.733 DEBUG org.springframework.web.servlet.handler.BeanNameUrlHandlerMapping - Rejected bean name 'org.springframework.boot.autoconfigure.jdbc.DataSourceAutoConfiguration': no URL paths identified
 2017-11-16 20:33:17.733 DEBUG org.springframework.web.servlet.handler.BeanNameUrlHandlerMapping - Rejected bean name 'dataSourceInitializer': no URL paths identified
 2017-11-16 20:33:17.733 DEBUG org.springframework.web.servlet.handler.BeanNameUrlHandlerMapping - Rejected bean name 'spring.datasource-org.springframework.boot.autoconfigure.jdbc.DataSourceProperties': no URL paths identified
 2017-11-16 20:33:17.733 DEBUG org.springframework.web.servlet.handler.BeanNameUrlHandlerMapping - Rejected bean name 'dataSourceInitializerPostProcessor': no URL paths identified
 2017-11-16 20:33:17.733 DEBUG org.springframework.web.servlet.handler.BeanNameUrlHandlerMapping - Rejected bean name 'org.springframework.boot.autoconfigure.context.ConfigurationPropertiesAutoConfiguration': no URL paths identified
 2017-11-16 20:33:17.733 DEBUG org.springframework.web.servlet.handler.BeanNameUrlHandlerMapping - Rejected bean name 'org.springframework.boot.autoconfigure.dao.PersistenceExceptionTranslationAutoConfiguration': no URL paths identified
 2017-11-16 20:33:17.733 DEBUG org.springframework.web.servlet.handler.BeanNameUrlHandlerMapping - Rejected bean name 'persistenceExceptionTranslationPostProcessor': no URL paths identified
 2017-11-16 20:33:17.733 DEBUG org.springframework.web.servlet.handler.BeanNameUrlHandlerMapping - Rejected bean name 'org.springframework.boot.autoconfigure.web.HttpMessageConvertersAutoConfiguration$StringHttpMessageConverterConfiguration': no URL paths identified
 2017-11-16 20:33:17.733 DEBUG org.springframework.web.servlet.handler.BeanNameUrlHandlerMapping - Rejected bean name 'stringHttpMessageConverter': no URL paths identified
 2017-11-16 20:33:17.733 DEBUG org.springframework.web.servlet.handler.BeanNameUrlHandlerMapping - Rejected bean name 'spring.http.encoding-org.springframework.boot.autoconfigure.web.HttpEncodingProperties': no URL paths identified
 2017-11-16 20:33:17.733 DEBUG org.springframework.web.servlet.handler.BeanNameUrlHandlerMapping - Rejected bean name 'org.springframework.boot.autoconfigure.web.JacksonHttpMessageConvertersConfiguration$MappingJackson2HttpMessageConverterConfiguration': no URL paths identified
 2017-11-16 20:33:17.733 DEBUG org.springframework.web.servlet.handler.BeanNameUrlHandlerMapping - Rejected bean name 'mappingJackson2HttpMessageConverter': no URL paths identified
 2017-11-16 20:33:17.733 DEBUG org.springframework.web.servlet.handler.BeanNameUrlHandlerMapping - Rejected bean name 'org.springframework.boot.autoconfigure.web.JacksonHttpMessageConvertersConfiguration': no URL paths identified
 2017-11-16 20:33:17.733 DEBUG org.springframework.web.servlet.handler.BeanNameUrlHandlerMapping - Rejected bean name 'org.springframework.boot.autoconfigure.web.HttpMessageConvertersAutoConfiguration': no URL paths identified
 2017-11-16 20:33:17.733 DEBUG org.springframework.web.servlet.handler.BeanNameUrlHandlerMapping - Rejected bean name 'messageConverters': no URL paths identified
 2017-11-16 20:33:17.733 DEBUG org.springframework.web.servlet.handler.BeanNameUrlHandlerMapping - Rejected bean name 'org.springframework.boot.autoconfigure.h2.H2ConsoleAutoConfiguration': no URL paths identified
 2017-11-16 20:33:17.733 DEBUG org.springframework.web.servlet.handler.BeanNameUrlHandlerMapping - Rejected bean name 'h2Console': no URL paths identified
 2017-11-16 20:33:17.733 DEBUG org.springframework.web.servlet.handler.BeanNameUrlHandlerMapping - Rejected bean name 'spring.h2.console-org.springframework.boot.autoconfigure.h2.H2ConsoleProperties': no URL paths identified
 2017-11-16 20:33:17.733 DEBUG org.springframework.web.servlet.handler.BeanNameUrlHandlerMapping - Rejected bean name 'org.springframework.boot.autoconfigure.info.ProjectInfoAutoConfiguration': no URL paths identified
 2017-11-16 20:33:17.734 DEBUG org.springframework.web.servlet.handler.BeanNameUrlHandlerMapping - Rejected bean name 'spring.info-org.springframework.boot.autoconfigure.info.ProjectInfoProperties': no URL paths identified
 2017-11-16 20:33:17.734 DEBUG org.springframework.web.servlet.handler.BeanNameUrlHandlerMapping - Rejected bean name 'org.springframework.boot.autoconfigure.jdbc.DataSourceTransactionManagerAutoConfiguration$DataSourceTransactionManagerConfiguration': no URL paths identified
 2017-11-16 20:33:17.734 DEBUG org.springframework.web.servlet.handler.BeanNameUrlHandlerMapping - Rejected bean name 'transactionManager': no URL paths identified
 2017-11-16 20:33:17.734 DEBUG org.springframework.web.servlet.handler.BeanNameUrlHandlerMapping - Rejected bean name 'org.springframework.boot.autoconfigure.jdbc.DataSourceTransactionManagerAutoConfiguration': no URL paths identified
 2017-11-16 20:33:17.734 DEBUG org.springframework.web.servlet.handler.BeanNameUrlHandlerMapping - Rejected bean name 'org.springframework.boot.autoconfigure.jdbc.JdbcTemplateAutoConfiguration': no URL paths identified
 2017-11-16 20:33:17.734 DEBUG org.springframework.web.servlet.handler.BeanNameUrlHandlerMapping - Rejected bean name 'jdbcTemplate': no URL paths identified
 2017-11-16 20:33:17.734 DEBUG org.springframework.web.servlet.handler.BeanNameUrlHandlerMapping - Rejected bean name 'namedParameterJdbcTemplate': no URL paths identified
 2017-11-16 20:33:17.734 DEBUG org.springframework.web.servlet.handler.BeanNameUrlHandlerMapping - Rejected bean name 'org.springframework.boot.autoconfigure.jooq.JooqAutoConfiguration$DslContextConfiguration': no URL paths identified
 2017-11-16 20:33:17.734 DEBUG org.springframework.web.servlet.handler.BeanNameUrlHandlerMapping - Rejected bean name 'dslContext': no URL paths identified
 2017-11-16 20:33:17.734 DEBUG org.springframework.web.servlet.handler.BeanNameUrlHandlerMapping - Rejected bean name 'jooqConfiguration': no URL paths identified
 2017-11-16 20:33:17.734 DEBUG org.springframework.web.servlet.handler.BeanNameUrlHandlerMapping - Rejected bean name 'spring.jooq-org.springframework.boot.autoconfigure.jooq.JooqProperties': no URL paths identified
 2017-11-16 20:33:17.734 DEBUG org.springframework.web.servlet.handler.BeanNameUrlHandlerMapping - Rejected bean name 'org.springframework.boot.autoconfigure.jooq.JooqAutoConfiguration': no URL paths identified
 2017-11-16 20:33:17.734 DEBUG org.springframework.web.servlet.handler.BeanNameUrlHandlerMapping - Rejected bean name 'dataSourceConnectionProvider': no URL paths identified
 2017-11-16 20:33:17.734 DEBUG org.springframework.web.servlet.handler.BeanNameUrlHandlerMapping - Rejected bean name 'transactionProvider': no URL paths identified
 2017-11-16 20:33:17.734 DEBUG org.springframework.web.servlet.handler.BeanNameUrlHandlerMapping - Rejected bean name 'jooqExceptionTranslatorExecuteListenerProvider': no URL paths identified
 2017-11-16 20:33:17.734 DEBUG org.springframework.web.servlet.handler.BeanNameUrlHandlerMapping - Rejected bean name 'org.springframework.transaction.annotation.ProxyTransactionManagementConfiguration': no URL paths identified
 2017-11-16 20:33:17.734 DEBUG org.springframework.web.servlet.handler.BeanNameUrlHandlerMapping - Rejected bean name 'org.springframework.transaction.config.internalTransactionAdvisor': no URL paths identified
 2017-11-16 20:33:17.734 DEBUG org.springframework.web.servlet.handler.BeanNameUrlHandlerMapping - Rejected bean name 'transactionAttributeSource': no URL paths identified
 2017-11-16 20:33:17.734 DEBUG org.springframework.web.servlet.handler.BeanNameUrlHandlerMapping - Rejected bean name 'transactionInterceptor': no URL paths identified
 2017-11-16 20:33:17.734 DEBUG org.springframework.web.servlet.handler.BeanNameUrlHandlerMapping - Rejected bean name 'org.springframework.transaction.config.internalTransactionalEventListenerFactory': no URL paths identified
 2017-11-16 20:33:17.734 DEBUG org.springframework.web.servlet.handler.BeanNameUrlHandlerMapping - Rejected bean name 'org.springframework.boot.autoconfigure.transaction.TransactionAutoConfiguration$EnableTransactionManagementConfiguration$CglibAutoProxyConfiguration': no URL paths identified
 2017-11-16 20:33:17.734 DEBUG org.springframework.web.servlet.handler.BeanNameUrlHandlerMapping - Rejected bean name 'org.springframework.aop.config.internalAutoProxyCreator': no URL paths identified
 2017-11-16 20:33:17.734 DEBUG org.springframework.web.servlet.handler.BeanNameUrlHandlerMapping - Rejected bean name 'org.springframework.boot.autoconfigure.transaction.TransactionAutoConfiguration$EnableTransactionManagementConfiguration': no URL paths identified
 2017-11-16 20:33:17.734 DEBUG org.springframework.web.servlet.handler.BeanNameUrlHandlerMapping - Rejected bean name 'org.springframework.boot.autoconfigure.transaction.TransactionAutoConfiguration$TransactionTemplateConfiguration': no URL paths identified
 2017-11-16 20:33:17.734 DEBUG org.springframework.web.servlet.handler.BeanNameUrlHandlerMapping - Rejected bean name 'transactionTemplate': no URL paths identified
 2017-11-16 20:33:17.734 DEBUG org.springframework.web.servlet.handler.BeanNameUrlHandlerMapping - Rejected bean name 'org.springframework.boot.autoconfigure.transaction.TransactionAutoConfiguration': no URL paths identified
 2017-11-16 20:33:17.734 DEBUG org.springframework.web.servlet.handler.BeanNameUrlHandlerMapping - Rejected bean name 'platformTransactionManagerCustomizers': no URL paths identified
 2017-11-16 20:33:17.734 DEBUG org.springframework.web.servlet.handler.BeanNameUrlHandlerMapping - Rejected bean name 'spring.transaction-org.springframework.boot.autoconfigure.transaction.TransactionProperties': no URL paths identified
 2017-11-16 20:33:17.734 DEBUG org.springframework.web.servlet.handler.BeanNameUrlHandlerMapping - Rejected bean name 'org.springframework.boot.autoconfigure.web.HttpEncodingAutoConfiguration': no URL paths identified
 2017-11-16 20:33:17.734 DEBUG org.springframework.web.servlet.handler.BeanNameUrlHandlerMapping - Rejected bean name 'characterEncodingFilter': no URL paths identified
 2017-11-16 20:33:17.734 DEBUG org.springframework.web.servlet.handler.BeanNameUrlHandlerMapping - Rejected bean name 'localeCharsetMappingsCustomizer': no URL paths identified
 2017-11-16 20:33:17.734 DEBUG org.springframework.web.servlet.handler.BeanNameUrlHandlerMapping - Rejected bean name 'org.springframework.boot.autoconfigure.web.MultipartAutoConfiguration': no URL paths identified
 2017-11-16 20:33:17.735 DEBUG org.springframework.web.servlet.handler.BeanNameUrlHandlerMapping - Rejected bean name 'multipartConfigElement': no URL paths identified
 2017-11-16 20:33:17.735 DEBUG org.springframework.web.servlet.handler.BeanNameUrlHandlerMapping - Rejected bean name 'multipartResolver': no URL paths identified
 2017-11-16 20:33:17.735 DEBUG org.springframework.web.servlet.handler.BeanNameUrlHandlerMapping - Rejected bean name 'spring.http.multipart-org.springframework.boot.autoconfigure.web.MultipartProperties': no URL paths identified
 2017-11-16 20:33:17.735 DEBUG org.springframework.web.servlet.handler.BeanNameUrlHandlerMapping - Rejected bean name 'org.springframework.boot.autoconfigure.web.ServerPropertiesAutoConfiguration': no URL paths identified
 2017-11-16 20:33:17.735 DEBUG org.springframework.web.servlet.handler.BeanNameUrlHandlerMapping - Rejected bean name 'serverProperties': no URL paths identified
 2017-11-16 20:33:17.735 DEBUG org.springframework.web.servlet.handler.BeanNameUrlHandlerMapping - Rejected bean name 'duplicateServerPropertiesDetector': no URL paths identified
 2017-11-16 20:33:17.735 DEBUG org.springframework.web.servlet.handler.BeanNameUrlHandlerMapping - Rejected bean name 'org.springframework.boot.autoconfigure.web.WebClientAutoConfiguration$RestTemplateConfiguration': no URL paths identified
 2017-11-16 20:33:17.735 DEBUG org.springframework.web.servlet.handler.BeanNameUrlHandlerMapping - Rejected bean name 'restTemplateBuilder': no URL paths identified
 2017-11-16 20:33:17.735 DEBUG org.springframework.web.servlet.handler.BeanNameUrlHandlerMapping - Rejected bean name 'org.springframework.boot.autoconfigure.web.WebClientAutoConfiguration': no URL paths identified
 2017-11-16 20:33:17.735 DEBUG org.springframework.web.servlet.handler.BeanNameUrlHandlerMapping - Rejected bean name 'org.springframework.boot.devtools.autoconfigure.DevToolsDataSourceAutoConfiguration': no URL paths identified
 2017-11-16 20:33:17.735 DEBUG org.springframework.web.servlet.handler.BeanNameUrlHandlerMapping - Rejected bean name 'inMemoryDatabaseShutdownExecutor': no URL paths identified
 2017-11-16 20:33:17.735 DEBUG org.springframework.web.servlet.handler.BeanNameUrlHandlerMapping - Rejected bean name 'forTestServiceImpl': no URL paths identified
 2017-11-16 20:33:17.735 DEBUG org.springframework.web.servlet.handler.BeanNameUrlHandlerMapping - Rejected bean name 'autoConfigurationReport': no URL paths identified
 2017-11-16 20:33:17.735 DEBUG org.springframework.web.servlet.handler.BeanNameUrlHandlerMapping - Rejected bean name 'org.springframework.boot.test.context.filter.TestTypeExcludeFilter': no URL paths identified
 2017-11-16 20:33:17.735 DEBUG org.springframework.web.servlet.handler.BeanNameUrlHandlerMapping - Rejected bean name 'org.springframework.boot.test.autoconfigure.properties.PropertyMappingContextCustomizer$PropertyMappingCheckBeanPostProcessor': no URL paths identified
 2017-11-16 20:33:17.735 DEBUG org.springframework.web.servlet.handler.BeanNameUrlHandlerMapping - Rejected bean name 'springApplicationArguments': no URL paths identified
 2017-11-16 20:33:17.735 DEBUG org.springframework.web.servlet.handler.BeanNameUrlHandlerMapping - Rejected bean name 'springBootBanner': no URL paths identified
 2017-11-16 20:33:17.735 DEBUG org.springframework.web.servlet.handler.BeanNameUrlHandlerMapping - Rejected bean name 'springBootLoggingSystem': no URL paths identified
 2017-11-16 20:33:17.735 DEBUG org.springframework.web.servlet.handler.BeanNameUrlHandlerMapping - Rejected bean name 'environment': no URL paths identified
 2017-11-16 20:33:17.735 DEBUG org.springframework.web.servlet.handler.BeanNameUrlHandlerMapping - Rejected bean name 'systemProperties': no URL paths identified
 2017-11-16 20:33:17.735 DEBUG org.springframework.web.servlet.handler.BeanNameUrlHandlerMapping - Rejected bean name 'systemEnvironment': no URL paths identified
 2017-11-16 20:33:17.735 DEBUG org.springframework.web.servlet.handler.BeanNameUrlHandlerMapping - Rejected bean name 'servletContext': no URL paths identified
 2017-11-16 20:33:17.735 DEBUG org.springframework.web.servlet.handler.BeanNameUrlHandlerMapping - Rejected bean name 'contextParameters': no URL paths identified
 2017-11-16 20:33:17.735 DEBUG org.springframework.web.servlet.handler.BeanNameUrlHandlerMapping - Rejected bean name 'contextAttributes': no URL paths identified
 2017-11-16 20:33:17.735 DEBUG org.springframework.web.servlet.handler.BeanNameUrlHandlerMapping - Rejected bean name 'org.springframework.context.annotation.ConfigurationClassPostProcessor.importRegistry': no URL paths identified
 2017-11-16 20:33:17.735 DEBUG org.springframework.web.servlet.handler.BeanNameUrlHandlerMapping - Rejected bean name 'org.springframework.boot.test.mock.mockito.MockitoBeans': no URL paths identified
 2017-11-16 20:33:17.735 DEBUG org.springframework.web.servlet.handler.BeanNameUrlHandlerMapping - Rejected bean name 'messageSource': no URL paths identified
 2017-11-16 20:33:17.735 DEBUG org.springframework.web.servlet.handler.BeanNameUrlHandlerMapping - Rejected bean name 'applicationEventMulticaster': no URL paths identified
 2017-11-16 20:33:17.735 DEBUG org.springframework.beans.factory.support.DefaultListableBeanFactory - Returning cached instance of singleton bean 'org.springframework.transaction.config.internalTransactionAdvisor'
 2017-11-16 20:33:17.736 DEBUG org.springframework.beans.factory.support.DefaultListableBeanFactory - Finished creating instance of bean 'beanNameHandlerMapping'
 2017-11-16 20:33:17.737 DEBUG org.springframework.beans.factory.support.DefaultListableBeanFactory - Creating shared instance of singleton bean 'resourceHandlerMapping'
 2017-11-16 20:33:17.738 DEBUG org.springframework.beans.factory.support.DefaultListableBeanFactory - Creating instance of bean 'resourceHandlerMapping'
 2017-11-16 20:33:17.739 DEBUG org.springframework.beans.factory.support.DefaultListableBeanFactory - Returning cached instance of singleton bean 'org.springframework.boot.autoconfigure.web.WebMvcAutoConfiguration$EnableWebMvcConfiguration'
 2017-11-16 20:33:17.742 DEBUG org.springframework.beans.factory.support.DefaultListableBeanFactory - Returning cached instance of singleton bean 'mvcContentNegotiationManager'
 2017-11-16 20:33:17.765 DEBUG org.springframework.beans.factory.support.DefaultListableBeanFactory - Returning cached instance of singleton bean 'mvcPathMatcher'
 2017-11-16 20:33:17.767 DEBUG org.springframework.beans.factory.support.DefaultListableBeanFactory - Returning cached instance of singleton bean 'mvcUrlPathHelper'
 2017-11-16 20:33:17.767 DEBUG org.springframework.beans.factory.support.DefaultListableBeanFactory - Returning cached instance of singleton bean 'mvcResourceUrlProvider'
 2017-11-16 20:33:17.771 DEBUG org.springframework.beans.factory.support.DefaultListableBeanFactory - Eagerly caching bean 'resourceHandlerMapping' to allow for resolving potential circular references
 2017-11-16 20:33:17.778 INFO  org.springframework.web.servlet.handler.SimpleUrlHandlerMapping - Mapped URL path [/webjars/**] onto handler of type [class org.springframework.web.servlet.resource.ResourceHttpRequestHandler]
 2017-11-16 20:33:17.779 INFO  org.springframework.web.servlet.handler.SimpleUrlHandlerMapping - Mapped URL path [/**] onto handler of type [class org.springframework.web.servlet.resource.ResourceHttpRequestHandler]
 2017-11-16 20:33:17.779 DEBUG org.springframework.beans.factory.support.DefaultListableBeanFactory - Returning cached instance of singleton bean 'org.springframework.transaction.config.internalTransactionAdvisor'
 2017-11-16 20:33:17.780 DEBUG org.springframework.beans.factory.support.DefaultListableBeanFactory - Finished creating instance of bean 'resourceHandlerMapping'
 2017-11-16 20:33:17.781 DEBUG org.springframework.beans.factory.support.DefaultListableBeanFactory - Returning cached instance of singleton bean 'mvcResourceUrlProvider'
 2017-11-16 20:33:17.781 DEBUG org.springframework.beans.factory.support.DefaultListableBeanFactory - Creating shared instance of singleton bean 'defaultServletHandlerMapping'
 2017-11-16 20:33:17.781 DEBUG org.springframework.beans.factory.support.DefaultListableBeanFactory - Creating instance of bean 'defaultServletHandlerMapping'
 2017-11-16 20:33:17.781 DEBUG org.springframework.beans.factory.support.DefaultListableBeanFactory - Returning cached instance of singleton bean 'org.springframework.boot.autoconfigure.web.WebMvcAutoConfiguration$EnableWebMvcConfiguration'
 2017-11-16 20:33:17.784 DEBUG org.springframework.beans.factory.support.DefaultListableBeanFactory - Eagerly caching bean 'defaultServletHandlerMapping' to allow for resolving potential circular references
 2017-11-16 20:33:17.785 DEBUG org.springframework.beans.factory.support.DefaultListableBeanFactory - Returning cached instance of singleton bean 'org.springframework.transaction.config.internalTransactionAdvisor'
 2017-11-16 20:33:17.786 DEBUG org.springframework.beans.factory.support.DefaultListableBeanFactory - Finished creating instance of bean 'defaultServletHandlerMapping'
 2017-11-16 20:33:17.786 DEBUG org.springframework.beans.factory.support.DefaultListableBeanFactory - Returning cached instance of singleton bean 'mvcConversionService'
 2017-11-16 20:33:17.787 DEBUG org.springframework.beans.factory.support.DefaultListableBeanFactory - Creating shared instance of singleton bean 'mvcUriComponentsContributor'
 2017-11-16 20:33:17.787 DEBUG org.springframework.beans.factory.support.DefaultListableBeanFactory - Creating instance of bean 'mvcUriComponentsContributor'
 2017-11-16 20:33:17.787 DEBUG org.springframework.beans.factory.support.DefaultListableBeanFactory - Returning cached instance of singleton bean 'org.springframework.boot.autoconfigure.web.WebMvcAutoConfiguration$EnableWebMvcConfiguration'
 2017-11-16 20:33:17.793 DEBUG org.springframework.beans.factory.support.DefaultListableBeanFactory - Returning cached instance of singleton bean 'requestMappingHandlerAdapter'
 2017-11-16 20:33:17.794 DEBUG org.springframework.beans.factory.support.DefaultListableBeanFactory - Returning cached instance of singleton bean 'mvcConversionService'
 2017-11-16 20:33:17.798 DEBUG org.springframework.beans.factory.support.DefaultListableBeanFactory - Eagerly caching bean 'mvcUriComponentsContributor' to allow for resolving potential circular references
 2017-11-16 20:33:17.805 DEBUG org.springframework.beans.factory.support.DefaultListableBeanFactory - Returning cached instance of singleton bean 'org.springframework.transaction.config.internalTransactionAdvisor'
 2017-11-16 20:33:17.806 DEBUG org.springframework.beans.factory.support.DefaultListableBeanFactory - Finished creating instance of bean 'mvcUriComponentsContributor'
 2017-11-16 20:33:17.806 DEBUG org.springframework.beans.factory.support.DefaultListableBeanFactory - Creating shared instance of singleton bean 'httpRequestHandlerAdapter'
 2017-11-16 20:33:17.806 DEBUG org.springframework.beans.factory.support.DefaultListableBeanFactory - Creating instance of bean 'httpRequestHandlerAdapter'
 2017-11-16 20:33:17.806 DEBUG org.springframework.beans.factory.support.DefaultListableBeanFactory - Returning cached instance of singleton bean 'org.springframework.boot.autoconfigure.web.WebMvcAutoConfiguration$EnableWebMvcConfiguration'
 2017-11-16 20:33:17.808 DEBUG org.springframework.beans.factory.support.DefaultListableBeanFactory - Eagerly caching bean 'httpRequestHandlerAdapter' to allow for resolving potential circular references
 2017-11-16 20:33:17.813 DEBUG org.springframework.beans.factory.support.DefaultListableBeanFactory - Returning cached instance of singleton bean 'org.springframework.transaction.config.internalTransactionAdvisor'
 2017-11-16 20:33:17.814 DEBUG org.springframework.beans.factory.support.DefaultListableBeanFactory - Finished creating instance of bean 'httpRequestHandlerAdapter'
 2017-11-16 20:33:17.814 DEBUG org.springframework.beans.factory.support.DefaultListableBeanFactory - Creating shared instance of singleton bean 'simpleControllerHandlerAdapter'
 2017-11-16 20:33:17.814 DEBUG org.springframework.beans.factory.support.DefaultListableBeanFactory - Creating instance of bean 'simpleControllerHandlerAdapter'
 2017-11-16 20:33:17.818 DEBUG org.springframework.beans.factory.support.DefaultListableBeanFactory - Returning cached instance of singleton bean 'org.springframework.boot.autoconfigure.web.WebMvcAutoConfiguration$EnableWebMvcConfiguration'
 2017-11-16 20:33:17.826 DEBUG org.springframework.beans.factory.support.DefaultListableBeanFactory - Eagerly caching bean 'simpleControllerHandlerAdapter' to allow for resolving potential circular references
 2017-11-16 20:33:17.836 DEBUG org.springframework.beans.factory.support.DefaultListableBeanFactory - Returning cached instance of singleton bean 'org.springframework.transaction.config.internalTransactionAdvisor'
 2017-11-16 20:33:17.838 DEBUG org.springframework.beans.factory.support.DefaultListableBeanFactory - Finished creating instance of bean 'simpleControllerHandlerAdapter'
 2017-11-16 20:33:17.838 DEBUG org.springframework.beans.factory.support.DefaultListableBeanFactory - Creating shared instance of singleton bean 'handlerExceptionResolver'
 2017-11-16 20:33:17.839 DEBUG org.springframework.beans.factory.support.DefaultListableBeanFactory - Creating instance of bean 'handlerExceptionResolver'
 2017-11-16 20:33:17.840 DEBUG org.springframework.beans.factory.support.DefaultListableBeanFactory - Returning cached instance of singleton bean 'org.springframework.boot.autoconfigure.web.WebMvcAutoConfiguration$EnableWebMvcConfiguration'
 2017-11-16 20:33:17.854 DEBUG org.springframework.beans.factory.support.DefaultListableBeanFactory - Returning cached instance of singleton bean 'mvcContentNegotiationManager'
 2017-11-16 20:33:17.855 DEBUG org.springframework.web.servlet.mvc.method.annotation.ExceptionHandlerExceptionResolver - Looking for exception mappings: org.springframework.web.context.support.GenericWebApplicationContext@4d518b32: startup date [Thu Nov 16 20:33:10 CST 2017]; root of context hierarchy
 2017-11-16 20:33:17.886 DEBUG org.springframework.beans.factory.support.DefaultListableBeanFactory - Eagerly caching bean 'handlerExceptionResolver' to allow for resolving potential circular references
 2017-11-16 20:33:17.909 DEBUG org.springframework.beans.factory.support.DefaultListableBeanFactory - Returning cached instance of singleton bean 'org.springframework.transaction.config.internalTransactionAdvisor'
 2017-11-16 20:33:17.910 DEBUG org.springframework.beans.factory.support.DefaultListableBeanFactory - Finished creating instance of bean 'handlerExceptionResolver'
 2017-11-16 20:33:17.910 DEBUG org.springframework.beans.factory.support.DefaultListableBeanFactory - Creating shared instance of singleton bean 'mvcViewResolver'
 2017-11-16 20:33:17.910 DEBUG org.springframework.beans.factory.support.DefaultListableBeanFactory - Creating instance of bean 'mvcViewResolver'
 2017-11-16 20:33:17.910 DEBUG org.springframework.beans.factory.support.DefaultListableBeanFactory - Returning cached instance of singleton bean 'org.springframework.boot.autoconfigure.web.WebMvcAutoConfiguration$EnableWebMvcConfiguration'
 2017-11-16 20:33:17.918 DEBUG org.springframework.beans.factory.support.DefaultListableBeanFactory - Returning cached instance of singleton bean 'mvcContentNegotiationManager'
 2017-11-16 20:33:17.923 DEBUG org.springframework.beans.factory.support.DefaultListableBeanFactory - Eagerly caching bean 'mvcViewResolver' to allow for resolving potential circular references
 2017-11-16 20:33:17.953 DEBUG org.springframework.beans.factory.support.DefaultListableBeanFactory - Invoking afterPropertiesSet() on bean with name 'mvcViewResolver'
 2017-11-16 20:33:17.953 DEBUG org.springframework.beans.factory.support.DefaultListableBeanFactory - Returning cached instance of singleton bean 'org.springframework.transaction.config.internalTransactionAdvisor'
 2017-11-16 20:33:17.954 DEBUG org.springframework.beans.factory.support.DefaultListableBeanFactory - Finished creating instance of bean 'mvcViewResolver'
 2017-11-16 20:33:17.954 DEBUG org.springframework.beans.factory.support.DefaultListableBeanFactory - Creating shared instance of singleton bean 'org.springframework.boot.autoconfigure.web.WebMvcAutoConfiguration$WebMvcAutoConfigurationAdapter$FaviconConfiguration'
 2017-11-16 20:33:17.954 DEBUG org.springframework.beans.factory.support.DefaultListableBeanFactory - Creating instance of bean 'org.springframework.boot.autoconfigure.web.WebMvcAutoConfiguration$WebMvcAutoConfigurationAdapter$FaviconConfiguration'
 2017-11-16 20:33:17.955 DEBUG org.springframework.core.LocalVariableTableParameterNameDiscoverer - Cannot find '.class' file for class [class org.springframework.boot.autoconfigure.web.WebMvcAutoConfiguration$WebMvcAutoConfigurationAdapter$FaviconConfiguration$$EnhancerBySpringCGLIB$$8793eb8] - unable to determine constructor/method parameter names
 2017-11-16 20:33:17.957 DEBUG org.springframework.beans.factory.support.DefaultListableBeanFactory - Returning cached instance of singleton bean 'spring.resources-org.springframework.boot.autoconfigure.web.ResourceProperties'
 2017-11-16 20:33:17.958 DEBUG org.springframework.beans.factory.support.DefaultListableBeanFactory - Autowiring by type from bean name 'org.springframework.boot.autoconfigure.web.WebMvcAutoConfiguration$WebMvcAutoConfigurationAdapter$FaviconConfiguration' via constructor to bean named 'spring.resources-org.springframework.boot.autoconfigure.web.ResourceProperties'
 2017-11-16 20:33:17.965 DEBUG org.springframework.beans.factory.support.DefaultListableBeanFactory - Eagerly caching bean 'org.springframework.boot.autoconfigure.web.WebMvcAutoConfiguration$WebMvcAutoConfigurationAdapter$FaviconConfiguration' to allow for resolving potential circular references
 2017-11-16 20:33:17.980 DEBUG org.springframework.beans.factory.support.DefaultListableBeanFactory - Returning cached instance of singleton bean 'org.springframework.transaction.config.internalTransactionAdvisor'
 2017-11-16 20:33:17.983 DEBUG org.springframework.beans.factory.support.DefaultListableBeanFactory - Finished creating instance of bean 'org.springframework.boot.autoconfigure.web.WebMvcAutoConfiguration$WebMvcAutoConfigurationAdapter$FaviconConfiguration'
 2017-11-16 20:33:17.983 DEBUG org.springframework.beans.factory.support.DefaultListableBeanFactory - Creating shared instance of singleton bean 'faviconHandlerMapping'
 2017-11-16 20:33:17.983 DEBUG org.springframework.beans.factory.support.DefaultListableBeanFactory - Creating instance of bean 'faviconHandlerMapping'
 2017-11-16 20:33:17.983 DEBUG org.springframework.beans.factory.support.DefaultListableBeanFactory - Returning cached instance of singleton bean 'org.springframework.boot.autoconfigure.web.WebMvcAutoConfiguration$WebMvcAutoConfigurationAdapter$FaviconConfiguration'
 2017-11-16 20:33:17.994 DEBUG org.springframework.beans.factory.support.DefaultListableBeanFactory - Creating shared instance of singleton bean 'faviconRequestHandler'
 2017-11-16 20:33:17.998 DEBUG org.springframework.beans.factory.support.DefaultListableBeanFactory - Creating instance of bean 'faviconRequestHandler'
 2017-11-16 20:33:18.006 DEBUG org.springframework.beans.factory.support.DefaultListableBeanFactory - Returning cached instance of singleton bean 'org.springframework.boot.autoconfigure.web.WebMvcAutoConfiguration$WebMvcAutoConfigurationAdapter$FaviconConfiguration'
 2017-11-16 20:33:18.009 DEBUG org.springframework.beans.factory.support.DefaultListableBeanFactory - Eagerly caching bean 'faviconRequestHandler' to allow for resolving potential circular references
 2017-11-16 20:33:18.036 DEBUG org.springframework.beans.factory.support.DefaultListableBeanFactory - Invoking afterPropertiesSet() on bean with name 'faviconRequestHandler'
 2017-11-16 20:33:18.036 DEBUG org.springframework.beans.factory.support.DefaultListableBeanFactory - Returning cached instance of singleton bean 'org.springframework.transaction.config.internalTransactionAdvisor'
 2017-11-16 20:33:18.037 DEBUG org.springframework.beans.factory.support.DefaultListableBeanFactory - Finished creating instance of bean 'faviconRequestHandler'
 2017-11-16 20:33:18.038 DEBUG org.springframework.beans.factory.support.DefaultListableBeanFactory - Eagerly caching bean 'faviconHandlerMapping' to allow for resolving potential circular references
 2017-11-16 20:33:18.039 INFO  org.springframework.web.servlet.handler.SimpleUrlHandlerMapping - Mapped URL path [/**/favicon.ico] onto handler of type [class org.springframework.web.servlet.resource.ResourceHttpRequestHandler]
 2017-11-16 20:33:18.040 DEBUG org.springframework.beans.factory.support.DefaultListableBeanFactory - Returning cached instance of singleton bean 'org.springframework.transaction.config.internalTransactionAdvisor'
 2017-11-16 20:33:18.043 DEBUG org.springframework.beans.factory.support.DefaultListableBeanFactory - Finished creating instance of bean 'faviconHandlerMapping'
 2017-11-16 20:33:18.043 DEBUG org.springframework.beans.factory.support.DefaultListableBeanFactory - Returning cached instance of singleton bean 'faviconRequestHandler'
 2017-11-16 20:33:18.043 DEBUG org.springframework.beans.factory.support.DefaultListableBeanFactory - Returning cached instance of singleton bean 'org.springframework.boot.autoconfigure.web.WebMvcAutoConfiguration$WebMvcAutoConfigurationAdapter'
 2017-11-16 20:33:18.044 DEBUG org.springframework.beans.factory.support.DefaultListableBeanFactory - Creating shared instance of singleton bean 'defaultViewResolver'
 2017-11-16 20:33:18.044 DEBUG org.springframework.beans.factory.support.DefaultListableBeanFactory - Creating instance of bean 'defaultViewResolver'
 2017-11-16 20:33:18.044 DEBUG org.springframework.beans.factory.support.DefaultListableBeanFactory - Returning cached instance of singleton bean 'org.springframework.boot.autoconfigure.web.WebMvcAutoConfiguration$WebMvcAutoConfigurationAdapter'
 2017-11-16 20:33:18.100 DEBUG org.springframework.beans.factory.support.DefaultListableBeanFactory - Eagerly caching bean 'defaultViewResolver' to allow for resolving potential circular references
 2017-11-16 20:33:18.164 DEBUG org.springframework.beans.factory.support.DefaultListableBeanFactory - Returning cached instance of singleton bean 'org.springframework.transaction.config.internalTransactionAdvisor'
 2017-11-16 20:33:18.165 DEBUG org.springframework.beans.factory.support.DefaultListableBeanFactory - Finished creating instance of bean 'defaultViewResolver'
 2017-11-16 20:33:18.165 DEBUG org.springframework.beans.factory.support.DefaultListableBeanFactory - Creating shared instance of singleton bean 'viewResolver'
 2017-11-16 20:33:18.165 DEBUG org.springframework.beans.factory.support.DefaultListableBeanFactory - Creating instance of bean 'viewResolver'
 2017-11-16 20:33:18.166 DEBUG org.springframework.beans.factory.support.DefaultListableBeanFactory - Returning cached instance of singleton bean 'org.springframework.boot.autoconfigure.web.WebMvcAutoConfiguration$WebMvcAutoConfigurationAdapter'
 2017-11-16 20:33:18.185 DEBUG org.springframework.beans.factory.support.DefaultListableBeanFactory - Autowiring by type from bean name 'viewResolver' via factory method to bean named 'org.springframework.beans.factory.support.DefaultListableBeanFactory@17d88132'
 2017-11-16 20:33:18.197 DEBUG org.springframework.beans.factory.support.DefaultListableBeanFactory - Returning cached instance of singleton bean 'mvcContentNegotiationManager'
 2017-11-16 20:33:18.199 DEBUG org.springframework.beans.factory.support.DefaultListableBeanFactory - Eagerly caching bean 'viewResolver' to allow for resolving potential circular references
 2017-11-16 20:33:18.216 DEBUG org.springframework.beans.factory.support.DefaultListableBeanFactory - Returning cached instance of singleton bean 'beanNameViewResolver'
 2017-11-16 20:33:18.216 DEBUG org.springframework.beans.factory.support.DefaultListableBeanFactory - Returning cached instance of singleton bean 'mvcViewResolver'
 2017-11-16 20:33:18.216 DEBUG org.springframework.beans.factory.support.DefaultListableBeanFactory - Returning cached instance of singleton bean 'defaultViewResolver'
 2017-11-16 20:33:18.216 DEBUG org.springframework.beans.factory.support.DefaultListableBeanFactory - Returning cached instance of singleton bean 'org.springframework.transaction.config.internalTransactionAdvisor'
 2017-11-16 20:33:18.217 DEBUG org.springframework.beans.factory.support.DefaultListableBeanFactory - Returning eagerly cached instance of singleton bean 'viewResolver' that is not fully initialized yet - a consequence of a circular reference
 2017-11-16 20:33:18.217 DEBUG org.springframework.beans.factory.support.DefaultListableBeanFactory - Invoking afterPropertiesSet() on bean with name 'viewResolver'
 2017-11-16 20:33:18.218 DEBUG org.springframework.beans.factory.support.DefaultListableBeanFactory - Finished creating instance of bean 'viewResolver'
 2017-11-16 20:33:18.221 DEBUG org.springframework.beans.factory.support.DefaultListableBeanFactory - Creating shared instance of singleton bean 'welcomePageHandlerMapping'
 2017-11-16 20:33:18.221 DEBUG org.springframework.beans.factory.support.DefaultListableBeanFactory - Creating instance of bean 'welcomePageHandlerMapping'
 2017-11-16 20:33:18.227 DEBUG org.springframework.beans.factory.support.DefaultListableBeanFactory - Returning cached instance of singleton bean 'org.springframework.boot.autoconfigure.web.WebMvcAutoConfiguration$WebMvcAutoConfigurationAdapter'
 2017-11-16 20:33:18.229 DEBUG org.springframework.beans.factory.support.DefaultListableBeanFactory - Returning cached instance of singleton bean 'spring.resources-org.springframework.boot.autoconfigure.web.ResourceProperties'
 2017-11-16 20:33:18.229 DEBUG org.springframework.beans.factory.support.DefaultListableBeanFactory - Autowiring by type from bean name 'welcomePageHandlerMapping' via factory method to bean named 'spring.resources-org.springframework.boot.autoconfigure.web.ResourceProperties'
 2017-11-16 20:33:18.254 DEBUG org.springframework.beans.factory.support.DefaultListableBeanFactory - Eagerly caching bean 'welcomePageHandlerMapping' to allow for resolving potential circular references
 2017-11-16 20:33:18.286 DEBUG org.springframework.beans.factory.support.DefaultListableBeanFactory - Returning cached instance of singleton bean 'org.springframework.transaction.config.internalTransactionAdvisor'
 2017-11-16 20:33:18.288 DEBUG org.springframework.beans.factory.support.DefaultListableBeanFactory - Finished creating instance of bean 'welcomePageHandlerMapping'
 2017-11-16 20:33:18.288 DEBUG org.springframework.beans.factory.support.DefaultListableBeanFactory - Creating shared instance of singleton bean 'requestContextFilter'
 2017-11-16 20:33:18.288 DEBUG org.springframework.beans.factory.support.DefaultListableBeanFactory - Creating instance of bean 'requestContextFilter'
 2017-11-16 20:33:18.302 DEBUG org.springframework.web.context.support.StandardServletEnvironment - Adding [servletConfigInitParams] PropertySource with lowest search precedence
 2017-11-16 20:33:18.303 DEBUG org.springframework.web.context.support.StandardServletEnvironment - Adding [servletContextInitParams] PropertySource with lowest search precedence
 2017-11-16 20:33:18.329 DEBUG org.springframework.web.context.support.StandardServletEnvironment - Adding [systemProperties] PropertySource with lowest search precedence
 2017-11-16 20:33:18.329 DEBUG org.springframework.web.context.support.StandardServletEnvironment - Adding [systemEnvironment] PropertySource with lowest search precedence
 2017-11-16 20:33:18.329 DEBUG org.springframework.web.context.support.StandardServletEnvironment - Initialized StandardServletEnvironment with PropertySources [servletConfigInitParams,servletContextInitParams,systemProperties,systemEnvironment]
 2017-11-16 20:33:18.335 DEBUG org.springframework.beans.factory.support.DefaultListableBeanFactory - Eagerly caching bean 'requestContextFilter' to allow for resolving potential circular references
 2017-11-16 20:33:18.385 DEBUG org.springframework.beans.factory.support.DefaultListableBeanFactory - Invoking afterPropertiesSet() on bean with name 'requestContextFilter'
 2017-11-16 20:33:18.385 DEBUG org.springframework.beans.factory.support.DefaultListableBeanFactory - Returning cached instance of singleton bean 'org.springframework.transaction.config.internalTransactionAdvisor'
 2017-11-16 20:33:18.386 DEBUG org.springframework.beans.factory.support.DefaultListableBeanFactory - Finished creating instance of bean 'requestContextFilter'
 2017-11-16 20:33:18.386 DEBUG org.springframework.beans.factory.support.DefaultListableBeanFactory - Creating shared instance of singleton bean 'org.springframework.boot.autoconfigure.web.WebMvcAutoConfiguration'
 2017-11-16 20:33:18.386 DEBUG org.springframework.beans.factory.support.DefaultListableBeanFactory - Creating instance of bean 'org.springframework.boot.autoconfigure.web.WebMvcAutoConfiguration'
 2017-11-16 20:33:18.388 DEBUG org.springframework.beans.factory.support.DefaultListableBeanFactory - Eagerly caching bean 'org.springframework.boot.autoconfigure.web.WebMvcAutoConfiguration' to allow for resolving potential circular references
 2017-11-16 20:33:18.412 DEBUG org.springframework.beans.factory.support.DefaultListableBeanFactory - Returning cached instance of singleton bean 'org.springframework.transaction.config.internalTransactionAdvisor'
 2017-11-16 20:33:18.414 DEBUG org.springframework.beans.factory.support.DefaultListableBeanFactory - Finished creating instance of bean 'org.springframework.boot.autoconfigure.web.WebMvcAutoConfiguration'
 2017-11-16 20:33:18.415 DEBUG org.springframework.beans.factory.support.DefaultListableBeanFactory - Creating shared instance of singleton bean 'hiddenHttpMethodFilter'
 2017-11-16 20:33:18.415 DEBUG org.springframework.beans.factory.support.DefaultListableBeanFactory - Creating instance of bean 'hiddenHttpMethodFilter'
 2017-11-16 20:33:18.415 DEBUG org.springframework.beans.factory.support.DefaultListableBeanFactory - Returning cached instance of singleton bean 'org.springframework.boot.autoconfigure.web.WebMvcAutoConfiguration'
 2017-11-16 20:33:18.420 DEBUG org.springframework.web.context.support.StandardServletEnvironment - Adding [servletConfigInitParams] PropertySource with lowest search precedence
 2017-11-16 20:33:18.420 DEBUG org.springframework.web.context.support.StandardServletEnvironment - Adding [servletContextInitParams] PropertySource with lowest search precedence
 2017-11-16 20:33:18.421 DEBUG org.springframework.web.context.support.StandardServletEnvironment - Adding [systemProperties] PropertySource with lowest search precedence
 2017-11-16 20:33:18.421 DEBUG org.springframework.web.context.support.StandardServletEnvironment - Adding [systemEnvironment] PropertySource with lowest search precedence
 2017-11-16 20:33:18.421 DEBUG org.springframework.web.context.support.StandardServletEnvironment - Initialized StandardServletEnvironment with PropertySources [servletConfigInitParams,servletContextInitParams,systemProperties,systemEnvironment]
 2017-11-16 20:33:18.422 DEBUG org.springframework.beans.factory.support.DefaultListableBeanFactory - Eagerly caching bean 'hiddenHttpMethodFilter' to allow for resolving potential circular references
 2017-11-16 20:33:18.475 DEBUG org.springframework.beans.factory.support.DefaultListableBeanFactory - Invoking afterPropertiesSet() on bean with name 'hiddenHttpMethodFilter'
 2017-11-16 20:33:18.475 DEBUG org.springframework.beans.factory.support.DefaultListableBeanFactory - Returning cached instance of singleton bean 'org.springframework.transaction.config.internalTransactionAdvisor'
 2017-11-16 20:33:18.476 DEBUG org.springframework.beans.factory.support.DefaultListableBeanFactory - Finished creating instance of bean 'hiddenHttpMethodFilter'
 2017-11-16 20:33:18.477 DEBUG org.springframework.beans.factory.support.DefaultListableBeanFactory - Creating shared instance of singleton bean 'httpPutFormContentFilter'
 2017-11-16 20:33:18.478 DEBUG org.springframework.beans.factory.support.DefaultListableBeanFactory - Creating instance of bean 'httpPutFormContentFilter'
 2017-11-16 20:33:18.479 DEBUG org.springframework.beans.factory.support.DefaultListableBeanFactory - Returning cached instance of singleton bean 'org.springframework.boot.autoconfigure.web.WebMvcAutoConfiguration'
 2017-11-16 20:33:18.482 DEBUG org.springframework.web.context.support.StandardServletEnvironment - Adding [servletConfigInitParams] PropertySource with lowest search precedence
 2017-11-16 20:33:18.482 DEBUG org.springframework.web.context.support.StandardServletEnvironment - Adding [servletContextInitParams] PropertySource with lowest search precedence
 2017-11-16 20:33:18.484 DEBUG org.springframework.web.context.support.StandardServletEnvironment - Adding [systemProperties] PropertySource with lowest search precedence
 2017-11-16 20:33:18.485 DEBUG org.springframework.web.context.support.StandardServletEnvironment - Adding [systemEnvironment] PropertySource with lowest search precedence
 2017-11-16 20:33:18.486 DEBUG org.springframework.web.context.support.StandardServletEnvironment - Initialized StandardServletEnvironment with PropertySources [servletConfigInitParams,servletContextInitParams,systemProperties,systemEnvironment]
 2017-11-16 20:33:18.499 DEBUG org.springframework.beans.factory.support.DefaultListableBeanFactory - Eagerly caching bean 'httpPutFormContentFilter' to allow for resolving potential circular references
 2017-11-16 20:33:18.507 DEBUG org.springframework.beans.factory.support.DefaultListableBeanFactory - Invoking afterPropertiesSet() on bean with name 'httpPutFormContentFilter'
 2017-11-16 20:33:18.507 DEBUG org.springframework.beans.factory.support.DefaultListableBeanFactory - Returning cached instance of singleton bean 'org.springframework.transaction.config.internalTransactionAdvisor'
 2017-11-16 20:33:18.508 DEBUG org.springframework.beans.factory.support.DefaultListableBeanFactory - Finished creating instance of bean 'httpPutFormContentFilter'
 2017-11-16 20:33:18.508 DEBUG org.springframework.beans.factory.support.DefaultListableBeanFactory - Creating shared instance of singleton bean 'org.springframework.boot.autoconfigure.jdbc.DataSourceConfiguration$Generic'
 2017-11-16 20:33:18.508 DEBUG org.springframework.beans.factory.support.DefaultListableBeanFactory - Creating instance of bean 'org.springframework.boot.autoconfigure.jdbc.DataSourceConfiguration$Generic'
 2017-11-16 20:33:18.509 DEBUG org.springframework.beans.factory.support.DefaultListableBeanFactory - Eagerly caching bean 'org.springframework.boot.autoconfigure.jdbc.DataSourceConfiguration$Generic' to allow for resolving potential circular references
 2017-11-16 20:33:18.513 DEBUG org.springframework.beans.factory.support.DefaultListableBeanFactory - Returning cached instance of singleton bean 'org.springframework.transaction.config.internalTransactionAdvisor'
 2017-11-16 20:33:18.514 DEBUG org.springframework.beans.factory.support.DefaultListableBeanFactory - Finished creating instance of bean 'org.springframework.boot.autoconfigure.jdbc.DataSourceConfiguration$Generic'
 2017-11-16 20:33:18.514 DEBUG org.springframework.beans.factory.support.DefaultListableBeanFactory - Returning cached instance of singleton bean 'dataSource'
 2017-11-16 20:33:18.514 DEBUG org.springframework.beans.factory.support.DefaultListableBeanFactory - Returning cached instance of singleton bean 'org.springframework.boot.autoconfigure.jdbc.DataSourceConfiguration$Hikari'
 2017-11-16 20:33:18.514 DEBUG org.springframework.beans.factory.support.DefaultListableBeanFactory - Creating shared instance of singleton bean 'org.springframework.boot.autoconfigure.jdbc.DataSourceAutoConfiguration$PooledDataSourceConfiguration'
 2017-11-16 20:33:18.514 DEBUG org.springframework.beans.factory.support.DefaultListableBeanFactory - Creating instance of bean 'org.springframework.boot.autoconfigure.jdbc.DataSourceAutoConfiguration$PooledDataSourceConfiguration'
 2017-11-16 20:33:18.515 DEBUG org.springframework.beans.factory.support.DefaultListableBeanFactory - Eagerly caching bean 'org.springframework.boot.autoconfigure.jdbc.DataSourceAutoConfiguration$PooledDataSourceConfiguration' to allow for resolving potential circular references
 2017-11-16 20:33:18.538 DEBUG org.springframework.beans.factory.support.DefaultListableBeanFactory - Returning cached instance of singleton bean 'org.springframework.transaction.config.internalTransactionAdvisor'
 2017-11-16 20:33:18.539 DEBUG org.springframework.beans.factory.support.DefaultListableBeanFactory - Finished creating instance of bean 'org.springframework.boot.autoconfigure.jdbc.DataSourceAutoConfiguration$PooledDataSourceConfiguration'
 2017-11-16 20:33:18.541 DEBUG org.springframework.beans.factory.support.DefaultListableBeanFactory - Creating shared instance of singleton bean 'org.springframework.boot.autoconfigure.jdbc.metadata.DataSourcePoolMetadataProvidersConfiguration$HikariPoolDataSourceMetadataProviderConfiguration'
 2017-11-16 20:33:18.542 DEBUG org.springframework.beans.factory.support.DefaultListableBeanFactory - Creating instance of bean 'org.springframework.boot.autoconfigure.jdbc.metadata.DataSourcePoolMetadataProvidersConfiguration$HikariPoolDataSourceMetadataProviderConfiguration'
 2017-11-16 20:33:18.543 DEBUG org.springframework.beans.factory.support.DefaultListableBeanFactory - Eagerly caching bean 'org.springframework.boot.autoconfigure.jdbc.metadata.DataSourcePoolMetadataProvidersConfiguration$HikariPoolDataSourceMetadataProviderConfiguration' to allow for resolving potential circular references
 2017-11-16 20:33:18.557 DEBUG org.springframework.beans.factory.support.DefaultListableBeanFactory - Returning cached instance of singleton bean 'org.springframework.transaction.config.internalTransactionAdvisor'
 2017-11-16 20:33:18.558 DEBUG org.springframework.beans.factory.support.DefaultListableBeanFactory - Finished creating instance of bean 'org.springframework.boot.autoconfigure.jdbc.metadata.DataSourcePoolMetadataProvidersConfiguration$HikariPoolDataSourceMetadataProviderConfiguration'
 2017-11-16 20:33:18.558 DEBUG org.springframework.beans.factory.support.DefaultListableBeanFactory - Creating shared instance of singleton bean 'hikariPoolDataSourceMetadataProvider'
 2017-11-16 20:33:18.558 DEBUG org.springframework.beans.factory.support.DefaultListableBeanFactory - Creating instance of bean 'hikariPoolDataSourceMetadataProvider'
 2017-11-16 20:33:18.559 DEBUG org.springframework.beans.factory.support.DefaultListableBeanFactory - Returning cached instance of singleton bean 'org.springframework.boot.autoconfigure.jdbc.metadata.DataSourcePoolMetadataProvidersConfiguration$HikariPoolDataSourceMetadataProviderConfiguration'
 2017-11-16 20:33:18.576 DEBUG org.springframework.beans.factory.support.DefaultListableBeanFactory - Eagerly caching bean 'hikariPoolDataSourceMetadataProvider' to allow for resolving potential circular references
 2017-11-16 20:33:18.586 DEBUG org.springframework.beans.factory.support.DefaultListableBeanFactory - Returning cached instance of singleton bean 'org.springframework.transaction.config.internalTransactionAdvisor'
 2017-11-16 20:33:18.586 DEBUG org.springframework.beans.factory.support.DefaultListableBeanFactory - Finished creating instance of bean 'hikariPoolDataSourceMetadataProvider'
 2017-11-16 20:33:18.586 DEBUG org.springframework.beans.factory.support.DefaultListableBeanFactory - Creating shared instance of singleton bean 'org.springframework.boot.autoconfigure.jdbc.metadata.DataSourcePoolMetadataProvidersConfiguration$TomcatDataSourcePoolMetadataProviderConfiguration'
 2017-11-16 20:33:18.587 DEBUG org.springframework.beans.factory.support.DefaultListableBeanFactory - Creating instance of bean 'org.springframework.boot.autoconfigure.jdbc.metadata.DataSourcePoolMetadataProvidersConfiguration$TomcatDataSourcePoolMetadataProviderConfiguration'
 2017-11-16 20:33:18.588 DEBUG org.springframework.beans.factory.support.DefaultListableBeanFactory - Eagerly caching bean 'org.springframework.boot.autoconfigure.jdbc.metadata.DataSourcePoolMetadataProvidersConfiguration$TomcatDataSourcePoolMetadataProviderConfiguration' to allow for resolving potential circular references
 2017-11-16 20:33:18.601 DEBUG org.springframework.beans.factory.support.DefaultListableBeanFactory - Returning cached instance of singleton bean 'org.springframework.transaction.config.internalTransactionAdvisor'
 2017-11-16 20:33:18.602 DEBUG org.springframework.beans.factory.support.DefaultListableBeanFactory - Finished creating instance of bean 'org.springframework.boot.autoconfigure.jdbc.metadata.DataSourcePoolMetadataProvidersConfiguration$TomcatDataSourcePoolMetadataProviderConfiguration'
 2017-11-16 20:33:18.602 DEBUG org.springframework.beans.factory.support.DefaultListableBeanFactory - Creating shared instance of singleton bean 'tomcatPoolDataSourceMetadataProvider'
 2017-11-16 20:33:18.602 DEBUG org.springframework.beans.factory.support.DefaultListableBeanFactory - Creating instance of bean 'tomcatPoolDataSourceMetadataProvider'
 2017-11-16 20:33:18.603 DEBUG org.springframework.beans.factory.support.DefaultListableBeanFactory - Returning cached instance of singleton bean 'org.springframework.boot.autoconfigure.jdbc.metadata.DataSourcePoolMetadataProvidersConfiguration$TomcatDataSourcePoolMetadataProviderConfiguration'
 2017-11-16 20:33:18.607 DEBUG org.springframework.beans.factory.support.DefaultListableBeanFactory - Eagerly caching bean 'tomcatPoolDataSourceMetadataProvider' to allow for resolving potential circular references
 2017-11-16 20:33:18.615 DEBUG org.springframework.beans.factory.support.DefaultListableBeanFactory - Returning cached instance of singleton bean 'org.springframework.transaction.config.internalTransactionAdvisor'
 2017-11-16 20:33:18.616 DEBUG org.springframework.beans.factory.support.DefaultListableBeanFactory - Finished creating instance of bean 'tomcatPoolDataSourceMetadataProvider'
 2017-11-16 20:33:18.617 DEBUG org.springframework.beans.factory.support.DefaultListableBeanFactory - Creating shared instance of singleton bean 'org.springframework.boot.autoconfigure.jdbc.metadata.DataSourcePoolMetadataProvidersConfiguration'
 2017-11-16 20:33:18.617 DEBUG org.springframework.beans.factory.support.DefaultListableBeanFactory - Creating instance of bean 'org.springframework.boot.autoconfigure.jdbc.metadata.DataSourcePoolMetadataProvidersConfiguration'
 2017-11-16 20:33:18.622 DEBUG org.springframework.beans.factory.support.DefaultListableBeanFactory - Eagerly caching bean 'org.springframework.boot.autoconfigure.jdbc.metadata.DataSourcePoolMetadataProvidersConfiguration' to allow for resolving potential circular references
 2017-11-16 20:33:18.633 DEBUG org.springframework.beans.factory.support.DefaultListableBeanFactory - Returning cached instance of singleton bean 'org.springframework.transaction.config.internalTransactionAdvisor'
 2017-11-16 20:33:18.634 DEBUG org.springframework.beans.factory.support.DefaultListableBeanFactory - Finished creating instance of bean 'org.springframework.boot.autoconfigure.jdbc.metadata.DataSourcePoolMetadataProvidersConfiguration'
 2017-11-16 20:33:18.634 DEBUG org.springframework.beans.factory.support.DefaultListableBeanFactory - Returning cached instance of singleton bean 'org.springframework.boot.autoconfigure.jdbc.DataSourceAutoConfiguration'
 2017-11-16 20:33:18.634 DEBUG org.springframework.beans.factory.support.DefaultListableBeanFactory - Returning cached instance of singleton bean 'dataSourceInitializer'
 2017-11-16 20:33:18.634 DEBUG org.springframework.beans.factory.support.DefaultListableBeanFactory - Returning cached instance of singleton bean 'spring.datasource-org.springframework.boot.autoconfigure.jdbc.DataSourceProperties'
 2017-11-16 20:33:18.634 DEBUG org.springframework.beans.factory.support.DefaultListableBeanFactory - Returning cached instance of singleton bean 'dataSourceInitializerPostProcessor'
 2017-11-16 20:33:18.634 DEBUG org.springframework.beans.factory.support.DefaultListableBeanFactory - Creating shared instance of singleton bean 'org.springframework.boot.autoconfigure.context.ConfigurationPropertiesAutoConfiguration'
 2017-11-16 20:33:18.634 DEBUG org.springframework.beans.factory.support.DefaultListableBeanFactory - Creating instance of bean 'org.springframework.boot.autoconfigure.context.ConfigurationPropertiesAutoConfiguration'
 2017-11-16 20:33:18.635 DEBUG org.springframework.beans.factory.support.DefaultListableBeanFactory - Eagerly caching bean 'org.springframework.boot.autoconfigure.context.ConfigurationPropertiesAutoConfiguration' to allow for resolving potential circular references
 2017-11-16 20:33:18.641 DEBUG org.springframework.beans.factory.support.DefaultListableBeanFactory - Returning cached instance of singleton bean 'org.springframework.transaction.config.internalTransactionAdvisor'
 2017-11-16 20:33:18.641 DEBUG org.springframework.beans.factory.support.DefaultListableBeanFactory - Finished creating instance of bean 'org.springframework.boot.autoconfigure.context.ConfigurationPropertiesAutoConfiguration'
 2017-11-16 20:33:18.642 DEBUG org.springframework.beans.factory.support.DefaultListableBeanFactory - Creating shared instance of singleton bean 'org.springframework.boot.autoconfigure.dao.PersistenceExceptionTranslationAutoConfiguration'
 2017-11-16 20:33:18.642 DEBUG org.springframework.beans.factory.support.DefaultListableBeanFactory - Creating instance of bean 'org.springframework.boot.autoconfigure.dao.PersistenceExceptionTranslationAutoConfiguration'
 2017-11-16 20:33:18.642 DEBUG org.springframework.beans.factory.support.DefaultListableBeanFactory - Eagerly caching bean 'org.springframework.boot.autoconfigure.dao.PersistenceExceptionTranslationAutoConfiguration' to allow for resolving potential circular references
 2017-11-16 20:33:18.653 DEBUG org.springframework.beans.factory.support.DefaultListableBeanFactory - Returning cached instance of singleton bean 'org.springframework.transaction.config.internalTransactionAdvisor'
 2017-11-16 20:33:18.654 DEBUG org.springframework.beans.factory.support.DefaultListableBeanFactory - Finished creating instance of bean 'org.springframework.boot.autoconfigure.dao.PersistenceExceptionTranslationAutoConfiguration'
 2017-11-16 20:33:18.654 DEBUG org.springframework.beans.factory.support.DefaultListableBeanFactory - Returning cached instance of singleton bean 'persistenceExceptionTranslationPostProcessor'
 2017-11-16 20:33:18.654 DEBUG org.springframework.beans.factory.support.DefaultListableBeanFactory - Returning cached instance of singleton bean 'org.springframework.boot.autoconfigure.web.HttpMessageConvertersAutoConfiguration$StringHttpMessageConverterConfiguration'
 2017-11-16 20:33:18.654 DEBUG org.springframework.beans.factory.support.DefaultListableBeanFactory - Returning cached instance of singleton bean 'stringHttpMessageConverter'
 2017-11-16 20:33:18.654 DEBUG org.springframework.beans.factory.support.DefaultListableBeanFactory - Returning cached instance of singleton bean 'spring.http.encoding-org.springframework.boot.autoconfigure.web.HttpEncodingProperties'
 2017-11-16 20:33:18.654 DEBUG org.springframework.beans.factory.support.DefaultListableBeanFactory - Returning cached instance of singleton bean 'org.springframework.boot.autoconfigure.web.JacksonHttpMessageConvertersConfiguration$MappingJackson2HttpMessageConverterConfiguration'
 2017-11-16 20:33:18.654 DEBUG org.springframework.beans.factory.support.DefaultListableBeanFactory - Returning cached instance of singleton bean 'mappingJackson2HttpMessageConverter'
 2017-11-16 20:33:18.654 DEBUG org.springframework.beans.factory.support.DefaultListableBeanFactory - Creating shared instance of singleton bean 'org.springframework.boot.autoconfigure.web.JacksonHttpMessageConvertersConfiguration'
 2017-11-16 20:33:18.654 DEBUG org.springframework.beans.factory.support.DefaultListableBeanFactory - Creating instance of bean 'org.springframework.boot.autoconfigure.web.JacksonHttpMessageConvertersConfiguration'
 2017-11-16 20:33:18.655 DEBUG org.springframework.beans.factory.support.DefaultListableBeanFactory - Eagerly caching bean 'org.springframework.boot.autoconfigure.web.JacksonHttpMessageConvertersConfiguration' to allow for resolving potential circular references
 2017-11-16 20:33:18.668 DEBUG org.springframework.beans.factory.support.DefaultListableBeanFactory - Returning cached instance of singleton bean 'org.springframework.transaction.config.internalTransactionAdvisor'
 2017-11-16 20:33:18.668 DEBUG org.springframework.beans.factory.support.DefaultListableBeanFactory - Finished creating instance of bean 'org.springframework.boot.autoconfigure.web.JacksonHttpMessageConvertersConfiguration'
 2017-11-16 20:33:18.668 DEBUG org.springframework.beans.factory.support.DefaultListableBeanFactory - Returning cached instance of singleton bean 'org.springframework.boot.autoconfigure.web.HttpMessageConvertersAutoConfiguration'
 2017-11-16 20:33:18.668 DEBUG org.springframework.beans.factory.support.DefaultListableBeanFactory - Returning cached instance of singleton bean 'messageConverters'
 2017-11-16 20:33:18.668 DEBUG org.springframework.beans.factory.support.DefaultListableBeanFactory - Creating shared instance of singleton bean 'org.springframework.boot.autoconfigure.h2.H2ConsoleAutoConfiguration'
 2017-11-16 20:33:18.668 DEBUG org.springframework.beans.factory.support.DefaultListableBeanFactory - Creating instance of bean 'org.springframework.boot.autoconfigure.h2.H2ConsoleAutoConfiguration'
 2017-11-16 20:33:18.669 DEBUG org.springframework.core.LocalVariableTableParameterNameDiscoverer - Cannot find '.class' file for class [class org.springframework.boot.autoconfigure.h2.H2ConsoleAutoConfiguration$$EnhancerBySpringCGLIB$$9ff498fb] - unable to determine constructor/method parameter names
 2017-11-16 20:33:18.671 DEBUG org.springframework.beans.factory.support.DefaultListableBeanFactory - Creating shared instance of singleton bean 'spring.h2.console-org.springframework.boot.autoconfigure.h2.H2ConsoleProperties'
 2017-11-16 20:33:18.671 DEBUG org.springframework.beans.factory.support.DefaultListableBeanFactory - Creating instance of bean 'spring.h2.console-org.springframework.boot.autoconfigure.h2.H2ConsoleProperties'
 2017-11-16 20:33:18.671 DEBUG org.springframework.beans.factory.support.DefaultListableBeanFactory - Eagerly caching bean 'spring.h2.console-org.springframework.boot.autoconfigure.h2.H2ConsoleProperties' to allow for resolving potential circular references
 2017-11-16 20:33:18.674 DEBUG org.springframework.core.env.MutablePropertySources - Adding [Inlined Test Properties] PropertySource with lowest search precedence
 2017-11-16 20:33:18.674 DEBUG org.springframework.core.env.MutablePropertySources - Adding [systemProperties] PropertySource with lowest search precedence
 2017-11-16 20:33:18.674 DEBUG org.springframework.core.env.MutablePropertySources - Adding [systemEnvironment] PropertySource with lowest search precedence
 2017-11-16 20:33:18.674 DEBUG org.springframework.core.env.MutablePropertySources - Adding [random] PropertySource with lowest search precedence
 2017-11-16 20:33:18.674 DEBUG org.springframework.core.env.MutablePropertySources - Adding [applicationConfig: [classpath:/application-dev.yml]] PropertySource with lowest search precedence
 2017-11-16 20:33:18.674 DEBUG org.springframework.core.env.MutablePropertySources - Adding [applicationConfig: [classpath:/application.properties]] PropertySource with lowest search precedence
 2017-11-16 20:33:18.674 DEBUG org.springframework.core.env.MutablePropertySources - Adding [localProperties] PropertySource with lowest search precedence
 2017-11-16 20:33:18.677 DEBUG org.springframework.core.env.MutablePropertySources - Adding [Inlined Test Properties] PropertySource with lowest search precedence
 2017-11-16 20:33:18.677 DEBUG org.springframework.core.env.MutablePropertySources - Adding [systemProperties] PropertySource with lowest search precedence
 2017-11-16 20:33:18.677 DEBUG org.springframework.core.env.MutablePropertySources - Adding [systemEnvironment] PropertySource with lowest search precedence
 2017-11-16 20:33:18.677 DEBUG org.springframework.core.env.MutablePropertySources - Adding [random] PropertySource with lowest search precedence
 2017-11-16 20:33:18.677 DEBUG org.springframework.core.env.MutablePropertySources - Adding [applicationConfig: [classpath:/application-dev.yml]] PropertySource with lowest search precedence
 2017-11-16 20:33:18.677 DEBUG org.springframework.core.env.MutablePropertySources - Adding [applicationConfig: [classpath:/application.properties]] PropertySource with lowest search precedence
 2017-11-16 20:33:18.677 DEBUG org.springframework.core.env.MutablePropertySources - Adding [localProperties] PropertySource with lowest search precedence
 2017-11-16 20:33:18.677 DEBUG org.springframework.core.env.PropertySourcesPropertyResolver - Found key 'spring.h2.console.enabled' in [applicationConfig: [classpath:/application-dev.yml]] with type [Boolean]
 2017-11-16 20:33:18.678 DEBUG org.springframework.beans.factory.support.DefaultListableBeanFactory - Returning cached instance of singleton bean 'org.springframework.transaction.config.internalTransactionAdvisor'
 2017-11-16 20:33:18.679 DEBUG org.springframework.beans.factory.support.DefaultListableBeanFactory - Finished creating instance of bean 'spring.h2.console-org.springframework.boot.autoconfigure.h2.H2ConsoleProperties'
 2017-11-16 20:33:18.679 DEBUG org.springframework.beans.factory.support.DefaultListableBeanFactory - Autowiring by type from bean name 'org.springframework.boot.autoconfigure.h2.H2ConsoleAutoConfiguration' via constructor to bean named 'spring.h2.console-org.springframework.boot.autoconfigure.h2.H2ConsoleProperties'
 2017-11-16 20:33:18.680 DEBUG org.springframework.beans.factory.support.DefaultListableBeanFactory - Eagerly caching bean 'org.springframework.boot.autoconfigure.h2.H2ConsoleAutoConfiguration' to allow for resolving potential circular references
 2017-11-16 20:33:18.701 DEBUG org.springframework.beans.factory.support.DefaultListableBeanFactory - Returning cached instance of singleton bean 'org.springframework.transaction.config.internalTransactionAdvisor'
 2017-11-16 20:33:18.703 DEBUG org.springframework.beans.factory.support.DefaultListableBeanFactory - Finished creating instance of bean 'org.springframework.boot.autoconfigure.h2.H2ConsoleAutoConfiguration'
 2017-11-16 20:33:18.703 DEBUG org.springframework.beans.factory.support.DefaultListableBeanFactory - Creating shared instance of singleton bean 'h2Console'
 2017-11-16 20:33:18.703 DEBUG org.springframework.beans.factory.support.DefaultListableBeanFactory - Creating instance of bean 'h2Console'
 2017-11-16 20:33:18.704 DEBUG org.springframework.beans.factory.support.DefaultListableBeanFactory - Returning cached instance of singleton bean 'org.springframework.boot.autoconfigure.h2.H2ConsoleAutoConfiguration'
 2017-11-16 20:33:18.719 DEBUG org.springframework.beans.factory.support.DefaultListableBeanFactory - Eagerly caching bean 'h2Console' to allow for resolving potential circular references
 2017-11-16 20:33:18.719 DEBUG org.springframework.beans.factory.support.DefaultListableBeanFactory - Returning cached instance of singleton bean 'org.springframework.transaction.config.internalTransactionAdvisor'
 2017-11-16 20:33:18.720 DEBUG org.springframework.beans.factory.support.DefaultListableBeanFactory - Finished creating instance of bean 'h2Console'
 2017-11-16 20:33:18.721 DEBUG org.springframework.beans.factory.support.DefaultListableBeanFactory - Returning cached instance of singleton bean 'spring.h2.console-org.springframework.boot.autoconfigure.h2.H2ConsoleProperties'
 2017-11-16 20:33:18.721 DEBUG org.springframework.beans.factory.support.DefaultListableBeanFactory - Creating shared instance of singleton bean 'org.springframework.boot.autoconfigure.info.ProjectInfoAutoConfiguration'
 2017-11-16 20:33:18.721 DEBUG org.springframework.beans.factory.support.DefaultListableBeanFactory - Creating instance of bean 'org.springframework.boot.autoconfigure.info.ProjectInfoAutoConfiguration'
 2017-11-16 20:33:18.722 DEBUG org.springframework.core.LocalVariableTableParameterNameDiscoverer - Cannot find '.class' file for class [class org.springframework.boot.autoconfigure.info.ProjectInfoAutoConfiguration$$EnhancerBySpringCGLIB$$c561fdd] - unable to determine constructor/method parameter names
 2017-11-16 20:33:18.725 DEBUG org.springframework.beans.factory.support.DefaultListableBeanFactory - Creating shared instance of singleton bean 'spring.info-org.springframework.boot.autoconfigure.info.ProjectInfoProperties'
 2017-11-16 20:33:18.725 DEBUG org.springframework.beans.factory.support.DefaultListableBeanFactory - Creating instance of bean 'spring.info-org.springframework.boot.autoconfigure.info.ProjectInfoProperties'
 2017-11-16 20:33:18.737 DEBUG org.springframework.beans.factory.annotation.InjectionMetadata - Registered injected element on class [org.springframework.boot.autoconfigure.info.ProjectInfoProperties]: AutowiredMethodElement for void org.springframework.boot.autoconfigure.info.ProjectInfoProperties.setDefaultGitLocation(org.springframework.core.io.Resource)
 2017-11-16 20:33:18.738 DEBUG org.springframework.beans.factory.support.DefaultListableBeanFactory - Eagerly caching bean 'spring.info-org.springframework.boot.autoconfigure.info.ProjectInfoProperties' to allow for resolving potential circular references
 2017-11-16 20:33:18.739 DEBUG org.springframework.beans.factory.annotation.InjectionMetadata - Processing injected element of bean 'spring.info-org.springframework.boot.autoconfigure.info.ProjectInfoProperties': AutowiredMethodElement for void org.springframework.boot.autoconfigure.info.ProjectInfoProperties.setDefaultGitLocation(org.springframework.core.io.Resource)
 2017-11-16 20:33:18.742 DEBUG org.springframework.core.env.PropertySourcesPropertyResolver - Could not find key 'spring.git.properties:classpath:git.properties' in any property source
 2017-11-16 20:33:18.742 DEBUG org.springframework.core.env.PropertySourcesPropertyResolver - Could not find key 'spring.git.properties:classpath:git.properties' in any property source
 2017-11-16 20:33:18.742 DEBUG org.springframework.core.env.PropertySourcesPropertyResolver - Could not find key 'spring.git.properties' in any property source
 2017-11-16 20:33:18.742 DEBUG org.springframework.core.env.PropertySourcesPropertyResolver - Could not find key 'spring.git.properties' in any property source
 2017-11-16 20:33:18.744 DEBUG org.springframework.core.env.MutablePropertySources - Adding [Inlined Test Properties] PropertySource with lowest search precedence
 2017-11-16 20:33:18.745 DEBUG org.springframework.core.env.MutablePropertySources - Adding [systemProperties] PropertySource with lowest search precedence
 2017-11-16 20:33:18.745 DEBUG org.springframework.core.env.MutablePropertySources - Adding [systemEnvironment] PropertySource with lowest search precedence
 2017-11-16 20:33:18.745 DEBUG org.springframework.core.env.MutablePropertySources - Adding [random] PropertySource with lowest search precedence
 2017-11-16 20:33:18.745 DEBUG org.springframework.core.env.MutablePropertySources - Adding [applicationConfig: [classpath:/application-dev.yml]] PropertySource with lowest search precedence
 2017-11-16 20:33:18.745 DEBUG org.springframework.core.env.MutablePropertySources - Adding [applicationConfig: [classpath:/application.properties]] PropertySource with lowest search precedence
 2017-11-16 20:33:18.745 DEBUG org.springframework.core.env.MutablePropertySources - Adding [localProperties] PropertySource with lowest search precedence
 2017-11-16 20:33:18.747 DEBUG org.springframework.beans.factory.support.DefaultListableBeanFactory - Returning cached instance of singleton bean 'org.springframework.transaction.config.internalTransactionAdvisor'
 2017-11-16 20:33:18.747 DEBUG org.springframework.beans.factory.support.DefaultListableBeanFactory - Finished creating instance of bean 'spring.info-org.springframework.boot.autoconfigure.info.ProjectInfoProperties'
 2017-11-16 20:33:18.748 DEBUG org.springframework.beans.factory.support.DefaultListableBeanFactory - Autowiring by type from bean name 'org.springframework.boot.autoconfigure.info.ProjectInfoAutoConfiguration' via constructor to bean named 'spring.info-org.springframework.boot.autoconfigure.info.ProjectInfoProperties'
 2017-11-16 20:33:18.749 DEBUG org.springframework.beans.factory.support.DefaultListableBeanFactory - Eagerly caching bean 'org.springframework.boot.autoconfigure.info.ProjectInfoAutoConfiguration' to allow for resolving potential circular references
 2017-11-16 20:33:18.759 DEBUG org.springframework.beans.factory.support.DefaultListableBeanFactory - Returning cached instance of singleton bean 'org.springframework.transaction.config.internalTransactionAdvisor'
 2017-11-16 20:33:18.761 DEBUG org.springframework.beans.factory.support.DefaultListableBeanFactory - Finished creating instance of bean 'org.springframework.boot.autoconfigure.info.ProjectInfoAutoConfiguration'
 2017-11-16 20:33:18.762 DEBUG org.springframework.beans.factory.support.DefaultListableBeanFactory - Returning cached instance of singleton bean 'spring.info-org.springframework.boot.autoconfigure.info.ProjectInfoProperties'
 2017-11-16 20:33:18.762 DEBUG org.springframework.beans.factory.support.DefaultListableBeanFactory - Returning cached instance of singleton bean 'org.springframework.boot.autoconfigure.jdbc.DataSourceTransactionManagerAutoConfiguration$DataSourceTransactionManagerConfiguration'
 2017-11-16 20:33:18.762 DEBUG org.springframework.beans.factory.support.DefaultListableBeanFactory - Returning cached instance of singleton bean 'transactionManager'
 2017-11-16 20:33:18.762 DEBUG org.springframework.beans.factory.support.DefaultListableBeanFactory - Creating shared instance of singleton bean 'org.springframework.boot.autoconfigure.jdbc.DataSourceTransactionManagerAutoConfiguration'
 2017-11-16 20:33:18.762 DEBUG org.springframework.beans.factory.support.DefaultListableBeanFactory - Creating instance of bean 'org.springframework.boot.autoconfigure.jdbc.DataSourceTransactionManagerAutoConfiguration'
 2017-11-16 20:33:18.763 DEBUG org.springframework.beans.factory.support.DefaultListableBeanFactory - Eagerly caching bean 'org.springframework.boot.autoconfigure.jdbc.DataSourceTransactionManagerAutoConfiguration' to allow for resolving potential circular references
 2017-11-16 20:33:18.776 DEBUG org.springframework.beans.factory.support.DefaultListableBeanFactory - Returning cached instance of singleton bean 'org.springframework.transaction.config.internalTransactionAdvisor'
 2017-11-16 20:33:18.778 DEBUG org.springframework.beans.factory.support.DefaultListableBeanFactory - Finished creating instance of bean 'org.springframework.boot.autoconfigure.jdbc.DataSourceTransactionManagerAutoConfiguration'
 2017-11-16 20:33:18.778 DEBUG org.springframework.beans.factory.support.DefaultListableBeanFactory - Creating shared instance of singleton bean 'org.springframework.boot.autoconfigure.jdbc.JdbcTemplateAutoConfiguration'
 2017-11-16 20:33:18.779 DEBUG org.springframework.beans.factory.support.DefaultListableBeanFactory - Creating instance of bean 'org.springframework.boot.autoconfigure.jdbc.JdbcTemplateAutoConfiguration'
 2017-11-16 20:33:18.781 DEBUG org.springframework.core.LocalVariableTableParameterNameDiscoverer - Cannot find '.class' file for class [class org.springframework.boot.autoconfigure.jdbc.JdbcTemplateAutoConfiguration$$EnhancerBySpringCGLIB$$f04047b4] - unable to determine constructor/method parameter names
 2017-11-16 20:33:18.782 DEBUG org.springframework.beans.factory.support.DefaultListableBeanFactory - Returning cached instance of singleton bean 'dataSource'
 2017-11-16 20:33:18.782 DEBUG org.springframework.beans.factory.support.DefaultListableBeanFactory - Autowiring by type from bean name 'org.springframework.boot.autoconfigure.jdbc.JdbcTemplateAutoConfiguration' via constructor to bean named 'dataSource'
 2017-11-16 20:33:18.783 DEBUG org.springframework.beans.factory.support.DefaultListableBeanFactory - Eagerly caching bean 'org.springframework.boot.autoconfigure.jdbc.JdbcTemplateAutoConfiguration' to allow for resolving potential circular references
 2017-11-16 20:33:18.804 DEBUG org.springframework.beans.factory.support.DefaultListableBeanFactory - Returning cached instance of singleton bean 'org.springframework.transaction.config.internalTransactionAdvisor'
 2017-11-16 20:33:18.806 DEBUG org.springframework.beans.factory.support.DefaultListableBeanFactory - Finished creating instance of bean 'org.springframework.boot.autoconfigure.jdbc.JdbcTemplateAutoConfiguration'
 2017-11-16 20:33:18.806 DEBUG org.springframework.beans.factory.support.DefaultListableBeanFactory - Creating shared instance of singleton bean 'jdbcTemplate'
 2017-11-16 20:33:18.806 DEBUG org.springframework.beans.factory.support.DefaultListableBeanFactory - Creating instance of bean 'jdbcTemplate'
 2017-11-16 20:33:18.806 DEBUG org.springframework.beans.factory.support.DefaultListableBeanFactory - Returning cached instance of singleton bean 'org.springframework.boot.autoconfigure.jdbc.JdbcTemplateAutoConfiguration'
 2017-11-16 20:33:18.861 DEBUG org.springframework.beans.factory.support.DefaultListableBeanFactory - Eagerly caching bean 'jdbcTemplate' to allow for resolving potential circular references
 2017-11-16 20:33:18.884 DEBUG org.springframework.beans.factory.support.DefaultListableBeanFactory - Invoking afterPropertiesSet() on bean with name 'jdbcTemplate'
 2017-11-16 20:33:18.886 DEBUG org.springframework.beans.factory.support.DefaultListableBeanFactory - Returning cached instance of singleton bean 'org.springframework.transaction.config.internalTransactionAdvisor'
 2017-11-16 20:33:18.897 DEBUG org.springframework.beans.factory.support.DefaultListableBeanFactory - Finished creating instance of bean 'jdbcTemplate'
 2017-11-16 20:33:18.897 DEBUG org.springframework.beans.factory.support.DefaultListableBeanFactory - Creating shared instance of singleton bean 'namedParameterJdbcTemplate'
 2017-11-16 20:33:18.897 DEBUG org.springframework.beans.factory.support.DefaultListableBeanFactory - Creating instance of bean 'namedParameterJdbcTemplate'
 2017-11-16 20:33:18.897 DEBUG org.springframework.beans.factory.support.DefaultListableBeanFactory - Returning cached instance of singleton bean 'org.springframework.boot.autoconfigure.jdbc.JdbcTemplateAutoConfiguration'
 2017-11-16 20:33:18.907 DEBUG org.springframework.beans.factory.support.DefaultListableBeanFactory - Eagerly caching bean 'namedParameterJdbcTemplate' to allow for resolving potential circular references
 2017-11-16 20:33:18.918 DEBUG org.springframework.beans.factory.support.DefaultListableBeanFactory - Returning cached instance of singleton bean 'org.springframework.transaction.config.internalTransactionAdvisor'
 2017-11-16 20:33:18.921 DEBUG org.springframework.beans.factory.support.DefaultListableBeanFactory - Finished creating instance of bean 'namedParameterJdbcTemplate'
 2017-11-16 20:33:18.921 DEBUG org.springframework.beans.factory.support.DefaultListableBeanFactory - Returning cached instance of singleton bean 'org.springframework.boot.autoconfigure.jooq.JooqAutoConfiguration$DslContextConfiguration'
 2017-11-16 20:33:18.921 DEBUG org.springframework.beans.factory.support.DefaultListableBeanFactory - Returning cached instance of singleton bean 'dslContext'
 2017-11-16 20:33:18.921 DEBUG org.springframework.beans.factory.support.DefaultListableBeanFactory - Returning cached instance of singleton bean 'jooqConfiguration'
 2017-11-16 20:33:18.921 DEBUG org.springframework.beans.factory.support.DefaultListableBeanFactory - Returning cached instance of singleton bean 'spring.jooq-org.springframework.boot.autoconfigure.jooq.JooqProperties'
 2017-11-16 20:33:18.921 DEBUG org.springframework.beans.factory.support.DefaultListableBeanFactory - Returning cached instance of singleton bean 'org.springframework.boot.autoconfigure.jooq.JooqAutoConfiguration'
 2017-11-16 20:33:18.922 DEBUG org.springframework.beans.factory.support.DefaultListableBeanFactory - Returning cached instance of singleton bean 'dataSourceConnectionProvider'
 2017-11-16 20:33:18.923 DEBUG org.springframework.beans.factory.support.DefaultListableBeanFactory - Returning cached instance of singleton bean 'transactionProvider'
 2017-11-16 20:33:18.923 DEBUG org.springframework.beans.factory.support.DefaultListableBeanFactory - Returning cached instance of singleton bean 'jooqExceptionTranslatorExecuteListenerProvider'
 2017-11-16 20:33:18.923 DEBUG org.springframework.beans.factory.support.DefaultListableBeanFactory - Returning cached instance of singleton bean 'org.springframework.transaction.annotation.ProxyTransactionManagementConfiguration'
 2017-11-16 20:33:18.923 DEBUG org.springframework.beans.factory.support.DefaultListableBeanFactory - Returning cached instance of singleton bean 'org.springframework.transaction.config.internalTransactionAdvisor'
 2017-11-16 20:33:18.923 DEBUG org.springframework.beans.factory.support.DefaultListableBeanFactory - Returning cached instance of singleton bean 'transactionAttributeSource'
 2017-11-16 20:33:18.923 DEBUG org.springframework.beans.factory.support.DefaultListableBeanFactory - Returning cached instance of singleton bean 'transactionInterceptor'
 2017-11-16 20:33:18.923 DEBUG org.springframework.beans.factory.support.DefaultListableBeanFactory - Creating shared instance of singleton bean 'org.springframework.transaction.config.internalTransactionalEventListenerFactory'
 2017-11-16 20:33:18.924 DEBUG org.springframework.beans.factory.support.DefaultListableBeanFactory - Creating instance of bean 'org.springframework.transaction.config.internalTransactionalEventListenerFactory'
 2017-11-16 20:33:18.925 DEBUG org.springframework.beans.factory.support.DefaultListableBeanFactory - Returning cached instance of singleton bean 'org.springframework.transaction.annotation.ProxyTransactionManagementConfiguration'
 2017-11-16 20:33:18.938 DEBUG org.springframework.beans.factory.support.DefaultListableBeanFactory - Eagerly caching bean 'org.springframework.transaction.config.internalTransactionalEventListenerFactory' to allow for resolving potential circular references
 2017-11-16 20:33:18.961 DEBUG org.springframework.beans.factory.support.DefaultListableBeanFactory - Returning cached instance of singleton bean 'org.springframework.transaction.config.internalTransactionAdvisor'
 2017-11-16 20:33:18.962 DEBUG org.springframework.beans.factory.support.DefaultListableBeanFactory - Finished creating instance of bean 'org.springframework.transaction.config.internalTransactionalEventListenerFactory'
 2017-11-16 20:33:18.962 DEBUG org.springframework.beans.factory.support.DefaultListableBeanFactory - Creating shared instance of singleton bean 'org.springframework.boot.autoconfigure.transaction.TransactionAutoConfiguration$EnableTransactionManagementConfiguration$CglibAutoProxyConfiguration'
 2017-11-16 20:33:18.962 DEBUG org.springframework.beans.factory.support.DefaultListableBeanFactory - Creating instance of bean 'org.springframework.boot.autoconfigure.transaction.TransactionAutoConfiguration$EnableTransactionManagementConfiguration$CglibAutoProxyConfiguration'
 2017-11-16 20:33:18.962 DEBUG org.springframework.beans.factory.support.DefaultListableBeanFactory - Eagerly caching bean 'org.springframework.boot.autoconfigure.transaction.TransactionAutoConfiguration$EnableTransactionManagementConfiguration$CglibAutoProxyConfiguration' to allow for resolving potential circular references
 2017-11-16 20:33:18.982 DEBUG org.springframework.beans.factory.support.DefaultListableBeanFactory - Returning cached instance of singleton bean 'org.springframework.transaction.config.internalTransactionAdvisor'
 2017-11-16 20:33:18.983 DEBUG org.springframework.beans.factory.support.DefaultListableBeanFactory - Finished creating instance of bean 'org.springframework.boot.autoconfigure.transaction.TransactionAutoConfiguration$EnableTransactionManagementConfiguration$CglibAutoProxyConfiguration'
 2017-11-16 20:33:18.984 DEBUG org.springframework.beans.factory.support.DefaultListableBeanFactory - Returning cached instance of singleton bean 'org.springframework.aop.config.internalAutoProxyCreator'
 2017-11-16 20:33:18.985 DEBUG org.springframework.beans.factory.support.DefaultListableBeanFactory - Creating shared instance of singleton bean 'org.springframework.boot.autoconfigure.transaction.TransactionAutoConfiguration$EnableTransactionManagementConfiguration'
 2017-11-16 20:33:18.985 DEBUG org.springframework.beans.factory.support.DefaultListableBeanFactory - Creating instance of bean 'org.springframework.boot.autoconfigure.transaction.TransactionAutoConfiguration$EnableTransactionManagementConfiguration'
 2017-11-16 20:33:18.987 DEBUG org.springframework.beans.factory.support.DefaultListableBeanFactory - Eagerly caching bean 'org.springframework.boot.autoconfigure.transaction.TransactionAutoConfiguration$EnableTransactionManagementConfiguration' to allow for resolving potential circular references
 2017-11-16 20:33:19.015 DEBUG org.springframework.beans.factory.support.DefaultListableBeanFactory - Returning cached instance of singleton bean 'org.springframework.transaction.config.internalTransactionAdvisor'
 2017-11-16 20:33:19.017 DEBUG org.springframework.beans.factory.support.DefaultListableBeanFactory - Finished creating instance of bean 'org.springframework.boot.autoconfigure.transaction.TransactionAutoConfiguration$EnableTransactionManagementConfiguration'
 2017-11-16 20:33:19.017 DEBUG org.springframework.beans.factory.support.DefaultListableBeanFactory - Creating shared instance of singleton bean 'org.springframework.boot.autoconfigure.transaction.TransactionAutoConfiguration$TransactionTemplateConfiguration'
 2017-11-16 20:33:19.019 DEBUG org.springframework.beans.factory.support.DefaultListableBeanFactory - Creating instance of bean 'org.springframework.boot.autoconfigure.transaction.TransactionAutoConfiguration$TransactionTemplateConfiguration'
 2017-11-16 20:33:19.021 DEBUG org.springframework.core.LocalVariableTableParameterNameDiscoverer - Cannot find '.class' file for class [class org.springframework.boot.autoconfigure.transaction.TransactionAutoConfiguration$TransactionTemplateConfiguration$$EnhancerBySpringCGLIB$$cee67006] - unable to determine constructor/method parameter names
 2017-11-16 20:33:19.024 DEBUG org.springframework.beans.factory.support.DefaultListableBeanFactory - Returning cached instance of singleton bean 'transactionManager'
 2017-11-16 20:33:19.025 DEBUG org.springframework.beans.factory.support.DefaultListableBeanFactory - Autowiring by type from bean name 'org.springframework.boot.autoconfigure.transaction.TransactionAutoConfiguration$TransactionTemplateConfiguration' via constructor to bean named 'transactionManager'
 2017-11-16 20:33:19.033 DEBUG org.springframework.beans.factory.support.DefaultListableBeanFactory - Eagerly caching bean 'org.springframework.boot.autoconfigure.transaction.TransactionAutoConfiguration$TransactionTemplateConfiguration' to allow for resolving potential circular references
 2017-11-16 20:33:19.062 DEBUG org.springframework.beans.factory.support.DefaultListableBeanFactory - Returning cached instance of singleton bean 'org.springframework.transaction.config.internalTransactionAdvisor'
 2017-11-16 20:33:19.065 DEBUG org.springframework.beans.factory.support.DefaultListableBeanFactory - Finished creating instance of bean 'org.springframework.boot.autoconfigure.transaction.TransactionAutoConfiguration$TransactionTemplateConfiguration'
 2017-11-16 20:33:19.066 DEBUG org.springframework.beans.factory.support.DefaultListableBeanFactory - Creating shared instance of singleton bean 'transactionTemplate'
 2017-11-16 20:33:19.066 DEBUG org.springframework.beans.factory.support.DefaultListableBeanFactory - Creating instance of bean 'transactionTemplate'
 2017-11-16 20:33:19.067 DEBUG org.springframework.beans.factory.support.DefaultListableBeanFactory - Returning cached instance of singleton bean 'org.springframework.boot.autoconfigure.transaction.TransactionAutoConfiguration$TransactionTemplateConfiguration'
 2017-11-16 20:33:19.086 DEBUG org.springframework.beans.factory.support.DefaultListableBeanFactory - Eagerly caching bean 'transactionTemplate' to allow for resolving potential circular references
 2017-11-16 20:33:19.108 DEBUG org.springframework.beans.factory.support.DefaultListableBeanFactory - Invoking afterPropertiesSet() on bean with name 'transactionTemplate'
 2017-11-16 20:33:19.108 DEBUG org.springframework.beans.factory.support.DefaultListableBeanFactory - Returning cached instance of singleton bean 'org.springframework.transaction.config.internalTransactionAdvisor'
 2017-11-16 20:33:19.109 DEBUG org.springframework.beans.factory.support.DefaultListableBeanFactory - Finished creating instance of bean 'transactionTemplate'
 2017-11-16 20:33:19.112 DEBUG org.springframework.beans.factory.support.DefaultListableBeanFactory - Returning cached instance of singleton bean 'org.springframework.boot.autoconfigure.transaction.TransactionAutoConfiguration'
 2017-11-16 20:33:19.114 DEBUG org.springframework.beans.factory.support.DefaultListableBeanFactory - Returning cached instance of singleton bean 'platformTransactionManagerCustomizers'
 2017-11-16 20:33:19.115 DEBUG org.springframework.beans.factory.support.DefaultListableBeanFactory - Returning cached instance of singleton bean 'spring.transaction-org.springframework.boot.autoconfigure.transaction.TransactionProperties'
 2017-11-16 20:33:19.115 DEBUG org.springframework.beans.factory.support.DefaultListableBeanFactory - Returning cached instance of singleton bean 'org.springframework.boot.autoconfigure.web.HttpEncodingAutoConfiguration'
 2017-11-16 20:33:19.115 DEBUG org.springframework.beans.factory.support.DefaultListableBeanFactory - Creating shared instance of singleton bean 'characterEncodingFilter'
 2017-11-16 20:33:19.115 DEBUG org.springframework.beans.factory.support.DefaultListableBeanFactory - Creating instance of bean 'characterEncodingFilter'
 2017-11-16 20:33:19.118 DEBUG org.springframework.beans.factory.support.DefaultListableBeanFactory - Returning cached instance of singleton bean 'org.springframework.boot.autoconfigure.web.HttpEncodingAutoConfiguration'
 2017-11-16 20:33:19.125 DEBUG org.springframework.web.context.support.StandardServletEnvironment - Adding [servletConfigInitParams] PropertySource with lowest search precedence
 2017-11-16 20:33:19.127 DEBUG org.springframework.web.context.support.StandardServletEnvironment - Adding [servletContextInitParams] PropertySource with lowest search precedence
 2017-11-16 20:33:19.128 DEBUG org.springframework.web.context.support.StandardServletEnvironment - Adding [systemProperties] PropertySource with lowest search precedence
 2017-11-16 20:33:19.128 DEBUG org.springframework.web.context.support.StandardServletEnvironment - Adding [systemEnvironment] PropertySource with lowest search precedence
 2017-11-16 20:33:19.128 DEBUG org.springframework.web.context.support.StandardServletEnvironment - Initialized StandardServletEnvironment with PropertySources [servletConfigInitParams,servletContextInitParams,systemProperties,systemEnvironment]
 2017-11-16 20:33:19.129 DEBUG org.springframework.beans.factory.support.DefaultListableBeanFactory - Eagerly caching bean 'characterEncodingFilter' to allow for resolving potential circular references
 2017-11-16 20:33:19.145 DEBUG org.springframework.beans.factory.support.DefaultListableBeanFactory - Invoking afterPropertiesSet() on bean with name 'characterEncodingFilter'
 2017-11-16 20:33:19.146 DEBUG org.springframework.beans.factory.support.DefaultListableBeanFactory - Returning cached instance of singleton bean 'org.springframework.transaction.config.internalTransactionAdvisor'
 2017-11-16 20:33:19.148 DEBUG org.springframework.beans.factory.support.DefaultListableBeanFactory - Finished creating instance of bean 'characterEncodingFilter'
 2017-11-16 20:33:19.148 DEBUG org.springframework.beans.factory.support.DefaultListableBeanFactory - Returning cached instance of singleton bean 'localeCharsetMappingsCustomizer'
 2017-11-16 20:33:19.149 DEBUG org.springframework.beans.factory.support.DefaultListableBeanFactory - Returning cached instance of singleton bean 'org.springframework.boot.autoconfigure.web.MultipartAutoConfiguration'
 2017-11-16 20:33:19.149 DEBUG org.springframework.beans.factory.support.DefaultListableBeanFactory - Returning cached instance of singleton bean 'multipartConfigElement'
 2017-11-16 20:33:19.149 DEBUG org.springframework.beans.factory.support.DefaultListableBeanFactory - Creating shared instance of singleton bean 'multipartResolver'
 2017-11-16 20:33:19.150 DEBUG org.springframework.beans.factory.support.DefaultListableBeanFactory - Creating instance of bean 'multipartResolver'
 2017-11-16 20:33:19.151 DEBUG org.springframework.beans.factory.support.DefaultListableBeanFactory - Returning cached instance of singleton bean 'org.springframework.boot.autoconfigure.web.MultipartAutoConfiguration'
 2017-11-16 20:33:19.157 DEBUG org.springframework.beans.factory.support.DefaultListableBeanFactory - Eagerly caching bean 'multipartResolver' to allow for resolving potential circular references
 2017-11-16 20:33:19.181 DEBUG org.springframework.beans.factory.support.DefaultListableBeanFactory - Returning cached instance of singleton bean 'org.springframework.transaction.config.internalTransactionAdvisor'
 2017-11-16 20:33:19.185 DEBUG org.springframework.beans.factory.support.DefaultListableBeanFactory - Finished creating instance of bean 'multipartResolver'
 2017-11-16 20:33:19.185 DEBUG org.springframework.beans.factory.support.DefaultListableBeanFactory - Returning cached instance of singleton bean 'spring.http.multipart-org.springframework.boot.autoconfigure.web.MultipartProperties'
 2017-11-16 20:33:19.187 DEBUG org.springframework.beans.factory.support.DefaultListableBeanFactory - Returning cached instance of singleton bean 'org.springframework.boot.autoconfigure.web.ServerPropertiesAutoConfiguration'
 2017-11-16 20:33:19.187 DEBUG org.springframework.beans.factory.support.DefaultListableBeanFactory - Returning cached instance of singleton bean 'serverProperties'
 2017-11-16 20:33:19.190 DEBUG org.springframework.beans.factory.support.DefaultListableBeanFactory - Returning cached instance of singleton bean 'duplicateServerPropertiesDetector'
 2017-11-16 20:33:19.190 DEBUG org.springframework.beans.factory.support.DefaultListableBeanFactory - Creating shared instance of singleton bean 'org.springframework.boot.autoconfigure.web.WebClientAutoConfiguration$RestTemplateConfiguration'
 2017-11-16 20:33:19.190 DEBUG org.springframework.beans.factory.support.DefaultListableBeanFactory - Creating instance of bean 'org.springframework.boot.autoconfigure.web.WebClientAutoConfiguration$RestTemplateConfiguration'
 2017-11-16 20:33:19.194 DEBUG org.springframework.core.LocalVariableTableParameterNameDiscoverer - Cannot find '.class' file for class [class org.springframework.boot.autoconfigure.web.WebClientAutoConfiguration$RestTemplateConfiguration$$EnhancerBySpringCGLIB$$d78b89db] - unable to determine constructor/method parameter names
 2017-11-16 20:33:19.203 DEBUG org.springframework.beans.factory.support.DefaultListableBeanFactory - Eagerly caching bean 'org.springframework.boot.autoconfigure.web.WebClientAutoConfiguration$RestTemplateConfiguration' to allow for resolving potential circular references
 2017-11-16 20:33:19.233 DEBUG org.springframework.beans.factory.support.DefaultListableBeanFactory - Returning cached instance of singleton bean 'org.springframework.transaction.config.internalTransactionAdvisor'
 2017-11-16 20:33:19.235 DEBUG org.springframework.beans.factory.support.DefaultListableBeanFactory - Finished creating instance of bean 'org.springframework.boot.autoconfigure.web.WebClientAutoConfiguration$RestTemplateConfiguration'
 2017-11-16 20:33:19.236 DEBUG org.springframework.beans.factory.support.DefaultListableBeanFactory - Creating shared instance of singleton bean 'restTemplateBuilder'
 2017-11-16 20:33:19.236 DEBUG org.springframework.beans.factory.support.DefaultListableBeanFactory - Creating instance of bean 'restTemplateBuilder'
 2017-11-16 20:33:19.236 DEBUG org.springframework.beans.factory.support.DefaultListableBeanFactory - Returning cached instance of singleton bean 'org.springframework.boot.autoconfigure.web.WebClientAutoConfiguration$RestTemplateConfiguration'
 2017-11-16 20:33:19.258 DEBUG org.springframework.beans.factory.support.DefaultListableBeanFactory - Returning cached instance of singleton bean 'messageConverters'
 2017-11-16 20:33:19.279 DEBUG org.springframework.beans.factory.support.DefaultListableBeanFactory - Eagerly caching bean 'restTemplateBuilder' to allow for resolving potential circular references
 2017-11-16 20:33:19.285 DEBUG org.springframework.beans.factory.support.DefaultListableBeanFactory - Returning cached instance of singleton bean 'org.springframework.transaction.config.internalTransactionAdvisor'
 2017-11-16 20:33:19.294 DEBUG org.springframework.beans.factory.support.DefaultListableBeanFactory - Finished creating instance of bean 'restTemplateBuilder'
 2017-11-16 20:33:19.295 DEBUG org.springframework.beans.factory.support.DefaultListableBeanFactory - Creating shared instance of singleton bean 'org.springframework.boot.autoconfigure.web.WebClientAutoConfiguration'
 2017-11-16 20:33:19.295 DEBUG org.springframework.beans.factory.support.DefaultListableBeanFactory - Creating instance of bean 'org.springframework.boot.autoconfigure.web.WebClientAutoConfiguration'
 2017-11-16 20:33:19.296 DEBUG org.springframework.beans.factory.support.DefaultListableBeanFactory - Eagerly caching bean 'org.springframework.boot.autoconfigure.web.WebClientAutoConfiguration' to allow for resolving potential circular references
 2017-11-16 20:33:19.321 DEBUG org.springframework.beans.factory.support.DefaultListableBeanFactory - Returning cached instance of singleton bean 'org.springframework.transaction.config.internalTransactionAdvisor'
 2017-11-16 20:33:19.322 DEBUG org.springframework.beans.factory.support.DefaultListableBeanFactory - Finished creating instance of bean 'org.springframework.boot.autoconfigure.web.WebClientAutoConfiguration'
 2017-11-16 20:33:19.331 DEBUG org.springframework.beans.factory.support.DefaultListableBeanFactory - Creating shared instance of singleton bean 'org.springframework.boot.devtools.autoconfigure.DevToolsDataSourceAutoConfiguration'
 2017-11-16 20:33:19.332 DEBUG org.springframework.beans.factory.support.DefaultListableBeanFactory - Creating instance of bean 'org.springframework.boot.devtools.autoconfigure.DevToolsDataSourceAutoConfiguration'
 2017-11-16 20:33:19.333 DEBUG org.springframework.beans.factory.support.DefaultListableBeanFactory - Eagerly caching bean 'org.springframework.boot.devtools.autoconfigure.DevToolsDataSourceAutoConfiguration' to allow for resolving potential circular references
 2017-11-16 20:33:19.355 DEBUG org.springframework.beans.factory.support.DefaultListableBeanFactory - Returning cached instance of singleton bean 'org.springframework.transaction.config.internalTransactionAdvisor'
 2017-11-16 20:33:19.358 DEBUG org.springframework.beans.factory.support.DefaultListableBeanFactory - Finished creating instance of bean 'org.springframework.boot.devtools.autoconfigure.DevToolsDataSourceAutoConfiguration'
 2017-11-16 20:33:19.359 DEBUG org.springframework.beans.factory.support.DefaultListableBeanFactory - Creating shared instance of singleton bean 'inMemoryDatabaseShutdownExecutor'
 2017-11-16 20:33:19.359 DEBUG org.springframework.beans.factory.support.DefaultListableBeanFactory - Creating instance of bean 'inMemoryDatabaseShutdownExecutor'
 2017-11-16 20:33:19.362 DEBUG org.springframework.beans.factory.support.DefaultListableBeanFactory - Returning cached instance of singleton bean 'org.springframework.boot.devtools.autoconfigure.DevToolsDataSourceAutoConfiguration'
 2017-11-16 20:33:19.370 DEBUG org.springframework.beans.factory.support.DefaultListableBeanFactory - Returning cached instance of singleton bean 'dataSource'
 2017-11-16 20:33:19.371 DEBUG org.springframework.beans.factory.support.DefaultListableBeanFactory - Returning cached instance of singleton bean 'spring.datasource-org.springframework.boot.autoconfigure.jdbc.DataSourceProperties'
 2017-11-16 20:33:19.371 DEBUG org.springframework.beans.factory.support.DefaultListableBeanFactory - Autowiring by type from bean name 'inMemoryDatabaseShutdownExecutor' via factory method to bean named 'dataSource'
 2017-11-16 20:33:19.371 DEBUG org.springframework.beans.factory.support.DefaultListableBeanFactory - Autowiring by type from bean name 'inMemoryDatabaseShutdownExecutor' via factory method to bean named 'spring.datasource-org.springframework.boot.autoconfigure.jdbc.DataSourceProperties'
 2017-11-16 20:33:19.383 DEBUG org.springframework.beans.factory.support.DefaultListableBeanFactory - Eagerly caching bean 'inMemoryDatabaseShutdownExecutor' to allow for resolving potential circular references
 2017-11-16 20:33:19.392 DEBUG org.springframework.beans.factory.support.DefaultListableBeanFactory - Returning cached instance of singleton bean 'org.springframework.transaction.config.internalTransactionAdvisor'
 2017-11-16 20:33:19.397 DEBUG org.springframework.beans.factory.support.DefaultListableBeanFactory - Finished creating instance of bean 'inMemoryDatabaseShutdownExecutor'
 2017-11-16 20:33:19.397 DEBUG org.springframework.beans.factory.support.DefaultListableBeanFactory - Returning cached instance of singleton bean 'forTestServiceImpl'
 2017-11-16 20:33:19.399 DEBUG org.springframework.beans.factory.support.DefaultListableBeanFactory - Returning cached instance of singleton bean 'org.springframework.context.event.internalEventListenerFactory'
 2017-11-16 20:33:19.399 DEBUG org.springframework.beans.factory.support.DefaultListableBeanFactory - Returning cached instance of singleton bean 'org.springframework.transaction.config.internalTransactionalEventListenerFactory'
 2017-11-16 20:33:19.505 DEBUG org.springframework.web.context.support.GenericWebApplicationContext - Unable to locate LifecycleProcessor with name 'lifecycleProcessor': using default [org.springframework.context.support.DefaultLifecycleProcessor@e57e5d6]
 2017-11-16 20:33:19.510 DEBUG org.springframework.beans.factory.support.DefaultListableBeanFactory - Returning cached instance of singleton bean 'lifecycleProcessor'
 2017-11-16 20:33:19.515 DEBUG org.springframework.beans.factory.support.DefaultListableBeanFactory - Returning cached instance of singleton bean 'org.springframework.boot.autoconfigure.internalCachingMetadataReaderFactory'
 2017-11-16 20:33:19.515 DEBUG org.springframework.beans.factory.support.DefaultListableBeanFactory - Returning cached instance of singleton bean 'org.springframework.boot.context.properties.ConfigurationPropertiesBindingPostProcessor'
 2017-11-16 20:33:19.515 DEBUG org.springframework.beans.factory.support.DefaultListableBeanFactory - Returning cached instance of singleton bean 'mvcResourceUrlProvider'
 2017-11-16 20:33:19.534 DEBUG org.springframework.boot.autoconfigure.logging.AutoConfigurationReportLoggingInitializer - 


=========================
AUTO-CONFIGURATION REPORT
=========================


Positive matches:
-----------------

   DataSourceAutoConfiguration matched:
      - @ConditionalOnClass found required classes 'javax.sql.DataSource', 'org.springframework.jdbc.datasource.embedded.EmbeddedDatabaseType'; @ConditionalOnMissingClass did not find unwanted class (OnClassCondition)

   DataSourceAutoConfiguration#dataSourceInitializer matched:
      - @ConditionalOnMissingBean (types: org.springframework.boot.autoconfigure.jdbc.DataSourceInitializer; SearchStrategy: all) did not find any beans (OnBeanCondition)

   DataSourceAutoConfiguration.PooledDataSourceConfiguration matched:
      - AnyNestedCondition 2 matched 0 did not; NestedCondition on DataSourceAutoConfiguration.PooledDataSourceCondition.PooledDataSourceAvailable PooledDataSource found supported DataSource; NestedCondition on DataSourceAutoConfiguration.PooledDataSourceCondition.ExplicitType @ConditionalOnProperty (spring.datasource.type) matched (DataSourceAutoConfiguration.PooledDataSourceCondition)
      - @ConditionalOnMissingBean (types: javax.sql.DataSource,javax.sql.XADataSource; SearchStrategy: all) did not find any beans (OnBeanCondition)

   DataSourceConfiguration.Generic matched:
      - @ConditionalOnProperty (spring.datasource.type) matched (OnPropertyCondition)
      - @ConditionalOnMissingBean (types: javax.sql.DataSource; SearchStrategy: all) did not find any beans (OnBeanCondition)

   DataSourceConfiguration.Hikari matched:
      - @ConditionalOnClass found required class 'com.zaxxer.hikari.HikariDataSource'; @ConditionalOnMissingClass did not find unwanted class (OnClassCondition)
      - @ConditionalOnProperty (spring.datasource.type=com.zaxxer.hikari.HikariDataSource) matched (OnPropertyCondition)

   DataSourcePoolMetadataProvidersConfiguration.HikariPoolDataSourceMetadataProviderConfiguration matched:
      - @ConditionalOnClass found required class 'com.zaxxer.hikari.HikariDataSource'; @ConditionalOnMissingClass did not find unwanted class (OnClassCondition)

   DataSourcePoolMetadataProvidersConfiguration.TomcatDataSourcePoolMetadataProviderConfiguration matched:
      - @ConditionalOnClass found required class 'org.apache.tomcat.jdbc.pool.DataSource'; @ConditionalOnMissingClass did not find unwanted class (OnClassCondition)

   DataSourceTransactionManagerAutoConfiguration matched:
      - @ConditionalOnClass found required classes 'org.springframework.jdbc.core.JdbcTemplate', 'org.springframework.transaction.PlatformTransactionManager'; @ConditionalOnMissingClass did not find unwanted class (OnClassCondition)

   DataSourceTransactionManagerAutoConfiguration.DataSourceTransactionManagerConfiguration matched:
      - @ConditionalOnSingleCandidate (types: javax.sql.DataSource; SearchStrategy: all) found a primary bean from beans 'dataSource' (OnBeanCondition)

   DataSourceTransactionManagerAutoConfiguration.DataSourceTransactionManagerConfiguration#transactionManager matched:
      - @ConditionalOnMissingBean (types: org.springframework.transaction.PlatformTransactionManager; SearchStrategy: all) did not find any beans (OnBeanCondition)

   DefaultValidatorConfiguration#defaultValidator matched:
      - @ConditionalOnMissingBean (types: javax.validation.Validator,org.springframework.validation.Validator; SearchStrategy: all) did not find any beans (OnBeanCondition)

   DevToolsDataSourceAutoConfiguration matched:
      - DevTools DataSource Condition found auto-configured DataSource (DevToolsDataSourceAutoConfiguration.DevToolsDataSourceCondition)

   DispatcherServletAutoConfiguration matched:
      - @ConditionalOnClass found required class 'org.springframework.web.servlet.DispatcherServlet'; @ConditionalOnMissingClass did not find unwanted class (OnClassCondition)
      - @ConditionalOnWebApplication (required) found 'session' scope (OnWebApplicationCondition)

   DispatcherServletAutoConfiguration.DispatcherServletConfiguration matched:
      - @ConditionalOnClass found required class 'javax.servlet.ServletRegistration'; @ConditionalOnMissingClass did not find unwanted class (OnClassCondition)
      - Default DispatcherServlet did not find dispatcher servlet beans (DispatcherServletAutoConfiguration.DefaultDispatcherServletCondition)

   DispatcherServletAutoConfiguration.DispatcherServletRegistrationConfiguration matched:
      - @ConditionalOnClass found required class 'javax.servlet.ServletRegistration'; @ConditionalOnMissingClass did not find unwanted class (OnClassCondition)
      - DispatcherServlet Registration did not find servlet registration bean (DispatcherServletAutoConfiguration.DispatcherServletRegistrationCondition)

   DispatcherServletAutoConfiguration.DispatcherServletRegistrationConfiguration#dispatcherServletRegistration matched:
      - @ConditionalOnBean (names: dispatcherServlet; types: org.springframework.web.servlet.DispatcherServlet; SearchStrategy: all) found beans 'dispatcherServlet', 'dispatcherServlet' (OnBeanCondition)

   EmbeddedServletContainerAutoConfiguration matched:
      - @ConditionalOnWebApplication (required) found 'session' scope (OnWebApplicationCondition)

   EmbeddedServletContainerAutoConfiguration.EmbeddedTomcat matched:
      - @ConditionalOnClass found required classes 'javax.servlet.Servlet', 'org.apache.catalina.startup.Tomcat'; @ConditionalOnMissingClass did not find unwanted class (OnClassCondition)
      - @ConditionalOnMissingBean (types: org.springframework.boot.context.embedded.EmbeddedServletContainerFactory; SearchStrategy: current) did not find any beans (OnBeanCondition)

   ErrorMvcAutoConfiguration matched:
      - @ConditionalOnClass found required classes 'javax.servlet.Servlet', 'org.springframework.web.servlet.DispatcherServlet'; @ConditionalOnMissingClass did not find unwanted class (OnClassCondition)
      - @ConditionalOnWebApplication (required) found 'session' scope (OnWebApplicationCondition)

   ErrorMvcAutoConfiguration#basicErrorController matched:
      - @ConditionalOnMissingBean (types: org.springframework.boot.autoconfigure.web.ErrorController; SearchStrategy: current) did not find any beans (OnBeanCondition)

   ErrorMvcAutoConfiguration#errorAttributes matched:
      - @ConditionalOnMissingBean (types: org.springframework.boot.autoconfigure.web.ErrorAttributes; SearchStrategy: current) did not find any beans (OnBeanCondition)

   ErrorMvcAutoConfiguration.DefaultErrorViewResolverConfiguration#conventionErrorViewResolver matched:
      - @ConditionalOnBean (types: org.springframework.web.servlet.DispatcherServlet; SearchStrategy: all) found bean 'dispatcherServlet'; @ConditionalOnMissingBean (types: org.springframework.boot.autoconfigure.web.DefaultErrorViewResolver; SearchStrategy: all) did not find any beans (OnBeanCondition)

   ErrorMvcAutoConfiguration.WhitelabelErrorViewConfiguration matched:
      - @ConditionalOnProperty (server.error.whitelabel.enabled) matched (OnPropertyCondition)
      - ErrorTemplate Missing did not find error template view (ErrorMvcAutoConfiguration.ErrorTemplateMissingCondition)

   ErrorMvcAutoConfiguration.WhitelabelErrorViewConfiguration#beanNameViewResolver matched:
      - @ConditionalOnMissingBean (types: org.springframework.web.servlet.view.BeanNameViewResolver; SearchStrategy: all) did not find any beans (OnBeanCondition)

   ErrorMvcAutoConfiguration.WhitelabelErrorViewConfiguration#defaultErrorView matched:
      - @ConditionalOnMissingBean (names: error; SearchStrategy: all) did not find any beans (OnBeanCondition)

   GenericCacheConfiguration matched:
      - Cache org.springframework.boot.autoconfigure.cache.GenericCacheConfiguration automatic cache type (CacheCondition)

   H2ConsoleAutoConfiguration matched:
      - @ConditionalOnClass found required class 'org.h2.server.web.WebServlet'; @ConditionalOnMissingClass did not find unwanted class (OnClassCondition)
      - @ConditionalOnWebApplication (required) found 'session' scope (OnWebApplicationCondition)
      - @ConditionalOnProperty (spring.h2.console.enabled=true) matched (OnPropertyCondition)

   HttpEncodingAutoConfiguration matched:
      - @ConditionalOnClass found required class 'org.springframework.web.filter.CharacterEncodingFilter'; @ConditionalOnMissingClass did not find unwanted class (OnClassCondition)
      - @ConditionalOnWebApplication (required) found 'session' scope (OnWebApplicationCondition)
      - @ConditionalOnProperty (spring.http.encoding.enabled) matched (OnPropertyCondition)

   HttpEncodingAutoConfiguration#characterEncodingFilter matched:
      - @ConditionalOnMissingBean (types: org.springframework.web.filter.CharacterEncodingFilter; SearchStrategy: all) did not find any beans (OnBeanCondition)

   HttpMessageConvertersAutoConfiguration matched:
      - @ConditionalOnClass found required class 'org.springframework.http.converter.HttpMessageConverter'; @ConditionalOnMissingClass did not find unwanted class (OnClassCondition)

   HttpMessageConvertersAutoConfiguration#messageConverters matched:
      - @ConditionalOnMissingBean (types: org.springframework.boot.autoconfigure.web.HttpMessageConverters; SearchStrategy: all) did not find any beans (OnBeanCondition)

   HttpMessageConvertersAutoConfiguration.StringHttpMessageConverterConfiguration matched:
      - @ConditionalOnClass found required class 'org.springframework.http.converter.StringHttpMessageConverter'; @ConditionalOnMissingClass did not find unwanted class (OnClassCondition)

   HttpMessageConvertersAutoConfiguration.StringHttpMessageConverterConfiguration#stringHttpMessageConverter matched:
      - @ConditionalOnMissingBean (types: org.springframework.http.converter.StringHttpMessageConverter; SearchStrategy: all) did not find any beans (OnBeanCondition)

   JacksonAutoConfiguration matched:
      - @ConditionalOnClass found required class 'com.fasterxml.jackson.databind.ObjectMapper'; @ConditionalOnMissingClass did not find unwanted class (OnClassCondition)

   JacksonAutoConfiguration.Jackson2ObjectMapperBuilderCustomizerConfiguration matched:
      - @ConditionalOnClass found required classes 'com.fasterxml.jackson.databind.ObjectMapper', 'org.springframework.http.converter.json.Jackson2ObjectMapperBuilder'; @ConditionalOnMissingClass did not find unwanted class (OnClassCondition)

   JacksonAutoConfiguration.JacksonObjectMapperBuilderConfiguration matched:
      - @ConditionalOnClass found required classes 'com.fasterxml.jackson.databind.ObjectMapper', 'org.springframework.http.converter.json.Jackson2ObjectMapperBuilder'; @ConditionalOnMissingClass did not find unwanted class (OnClassCondition)

   JacksonAutoConfiguration.JacksonObjectMapperBuilderConfiguration#jacksonObjectMapperBuilder matched:
      - @ConditionalOnMissingBean (types: org.springframework.http.converter.json.Jackson2ObjectMapperBuilder; SearchStrategy: all) did not find any beans (OnBeanCondition)

   JacksonAutoConfiguration.JacksonObjectMapperConfiguration matched:
      - @ConditionalOnClass found required classes 'com.fasterxml.jackson.databind.ObjectMapper', 'org.springframework.http.converter.json.Jackson2ObjectMapperBuilder'; @ConditionalOnMissingClass did not find unwanted class (OnClassCondition)

   JacksonAutoConfiguration.JacksonObjectMapperConfiguration#jacksonObjectMapper matched:
      - @ConditionalOnMissingBean (types: com.fasterxml.jackson.databind.ObjectMapper; SearchStrategy: all) did not find any beans (OnBeanCondition)

   JacksonHttpMessageConvertersConfiguration.MappingJackson2HttpMessageConverterConfiguration matched:
      - @ConditionalOnClass found required class 'com.fasterxml.jackson.databind.ObjectMapper'; @ConditionalOnMissingClass did not find unwanted class (OnClassCondition)
      - @ConditionalOnProperty (spring.http.converters.preferred-json-mapper=jackson) matched (OnPropertyCondition)
      - @ConditionalOnBean (types: com.fasterxml.jackson.databind.ObjectMapper; SearchStrategy: all) found bean 'jacksonObjectMapper' (OnBeanCondition)

   JacksonHttpMessageConvertersConfiguration.MappingJackson2HttpMessageConverterConfiguration#mappingJackson2HttpMessageConverter matched:
      - @ConditionalOnMissingBean (types: org.springframework.http.converter.json.MappingJackson2HttpMessageConverter; SearchStrategy: all) did not find any beans (OnBeanCondition)

   JdbcTemplateAutoConfiguration matched:
      - @ConditionalOnClass found required classes 'javax.sql.DataSource', 'org.springframework.jdbc.core.JdbcTemplate'; @ConditionalOnMissingClass did not find unwanted class (OnClassCondition)
      - @ConditionalOnSingleCandidate (types: javax.sql.DataSource; SearchStrategy: all) found a primary bean from beans 'dataSource' (OnBeanCondition)

   JdbcTemplateAutoConfiguration#jdbcTemplate matched:
      - @ConditionalOnMissingBean (types: org.springframework.jdbc.core.JdbcOperations; SearchStrategy: all) did not find any beans (OnBeanCondition)

   JdbcTemplateAutoConfiguration#namedParameterJdbcTemplate matched:
      - @ConditionalOnMissingBean (types: org.springframework.jdbc.core.namedparam.NamedParameterJdbcOperations; SearchStrategy: all) did not find any beans (OnBeanCondition)

   JooqAutoConfiguration matched:
      - @ConditionalOnClass found required class 'org.jooq.DSLContext'; @ConditionalOnMissingClass did not find unwanted class (OnClassCondition)
      - @ConditionalOnBean (types: javax.sql.DataSource; SearchStrategy: all) found bean 'dataSource' (OnBeanCondition)

   JooqAutoConfiguration#dataSourceConnectionProvider matched:
      - @ConditionalOnMissingBean (types: org.jooq.impl.DataSourceConnectionProvider; SearchStrategy: all) did not find any beans (OnBeanCondition)

   JooqAutoConfiguration#transactionProvider matched:
      - @ConditionalOnBean (types: org.springframework.transaction.PlatformTransactionManager; SearchStrategy: all) found bean 'transactionManager' (OnBeanCondition)

   JooqAutoConfiguration.DslContextConfiguration matched:
      - @ConditionalOnMissingBean (types: org.jooq.DSLContext; SearchStrategy: all) did not find any beans (OnBeanCondition)

   JooqAutoConfiguration.DslContextConfiguration#jooqConfiguration matched:
      - @ConditionalOnMissingBean (types: org.jooq.Configuration; SearchStrategy: all) did not find any beans (OnBeanCondition)

   MultipartAutoConfiguration matched:
      - @ConditionalOnClass found required classes 'javax.servlet.Servlet', 'org.springframework.web.multipart.support.StandardServletMultipartResolver', 'javax.servlet.MultipartConfigElement'; @ConditionalOnMissingClass did not find unwanted class (OnClassCondition)
      - @ConditionalOnProperty (spring.http.multipart.enabled) matched (OnPropertyCondition)

   MultipartAutoConfiguration#multipartConfigElement matched:
      - @ConditionalOnMissingBean (types: javax.servlet.MultipartConfigElement; SearchStrategy: all) did not find any beans (OnBeanCondition)

   MultipartAutoConfiguration#multipartResolver matched:
      - @ConditionalOnMissingBean (types: org.springframework.web.multipart.MultipartResolver; SearchStrategy: all) did not find any beans (OnBeanCondition)

   NoOpCacheConfiguration matched:
      - Cache org.springframework.boot.autoconfigure.cache.NoOpCacheConfiguration automatic cache type (CacheCondition)

   PersistenceExceptionTranslationAutoConfiguration matched:
      - @ConditionalOnClass found required class 'org.springframework.dao.annotation.PersistenceExceptionTranslationPostProcessor'; @ConditionalOnMissingClass did not find unwanted class (OnClassCondition)

   PersistenceExceptionTranslationAutoConfiguration#persistenceExceptionTranslationPostProcessor matched:
      - @ConditionalOnProperty (spring.dao.exceptiontranslation.enabled) matched (OnPropertyCondition)
      - @ConditionalOnMissingBean (types: org.springframework.dao.annotation.PersistenceExceptionTranslationPostProcessor; SearchStrategy: all) did not find any beans (OnBeanCondition)

   PropertyPlaceholderAutoConfiguration#propertySourcesPlaceholderConfigurer matched:
      - @ConditionalOnMissingBean (types: org.springframework.context.support.PropertySourcesPlaceholderConfigurer; SearchStrategy: current) did not find any beans (OnBeanCondition)

   RedisCacheConfiguration matched:
      - Cache org.springframework.boot.autoconfigure.cache.RedisCacheConfiguration automatic cache type (CacheCondition)

   ServerPropertiesAutoConfiguration matched:
      - @ConditionalOnWebApplication (required) found 'session' scope (OnWebApplicationCondition)

   ServerPropertiesAutoConfiguration#serverProperties matched:
      - @ConditionalOnMissingBean (types: org.springframework.boot.autoconfigure.web.ServerProperties; SearchStrategy: current) did not find any beans (OnBeanCondition)

   SimpleCacheConfiguration matched:
      - Cache org.springframework.boot.autoconfigure.cache.SimpleCacheConfiguration automatic cache type (CacheCondition)

   TransactionAutoConfiguration matched:
      - @ConditionalOnClass found required class 'org.springframework.transaction.PlatformTransactionManager'; @ConditionalOnMissingClass did not find unwanted class (OnClassCondition)

   TransactionAutoConfiguration#platformTransactionManagerCustomizers matched:
      - @ConditionalOnMissingBean (types: org.springframework.boot.autoconfigure.transaction.TransactionManagerCustomizers; SearchStrategy: all) did not find any beans (OnBeanCondition)

   TransactionAutoConfiguration.EnableTransactionManagementConfiguration matched:
      - @ConditionalOnBean (types: org.springframework.transaction.PlatformTransactionManager; SearchStrategy: all) found bean 'transactionManager'; @ConditionalOnMissingBean (types: org.springframework.transaction.annotation.AbstractTransactionManagementConfiguration; SearchStrategy: all) did not find any beans (OnBeanCondition)

   TransactionAutoConfiguration.EnableTransactionManagementConfiguration.CglibAutoProxyConfiguration matched:
      - @ConditionalOnProperty (spring.aop.proxy-target-class=true) matched (OnPropertyCondition)

   TransactionAutoConfiguration.TransactionTemplateConfiguration matched:
      - @ConditionalOnSingleCandidate (types: org.springframework.transaction.PlatformTransactionManager; SearchStrategy: all) found a primary bean from beans 'transactionManager' (OnBeanCondition)

   TransactionAutoConfiguration.TransactionTemplateConfiguration#transactionTemplate matched:
      - @ConditionalOnMissingBean (types: org.springframework.transaction.support.TransactionTemplate; SearchStrategy: all) did not find any beans (OnBeanCondition)

   ValidationAutoConfiguration matched:
      - @ConditionalOnClass found required class 'javax.validation.executable.ExecutableValidator'; @ConditionalOnMissingClass did not find unwanted class (OnClassCondition)
      - @ConditionalOnResource found location classpath:META-INF/services/javax.validation.spi.ValidationProvider (OnResourceCondition)

   ValidationAutoConfiguration#methodValidationPostProcessor matched:
      - @ConditionalOnBean (types: javax.validation.Validator; SearchStrategy: all) found bean 'defaultValidator'; @ConditionalOnMissingBean (types: org.springframework.validation.beanvalidation.MethodValidationPostProcessor; SearchStrategy: all) did not find any beans (OnBeanCondition)

   WebClientAutoConfiguration.RestTemplateConfiguration matched:
      - @ConditionalOnClass found required class 'org.springframework.web.client.RestTemplate'; @ConditionalOnMissingClass did not find unwanted class (OnClassCondition)

   WebClientAutoConfiguration.RestTemplateConfiguration#restTemplateBuilder matched:
      - @ConditionalOnMissingBean (types: org.springframework.boot.web.client.RestTemplateBuilder; SearchStrategy: all) did not find any beans (OnBeanCondition)

   WebMvcAutoConfiguration matched:
      - @ConditionalOnClass found required classes 'javax.servlet.Servlet', 'org.springframework.web.servlet.DispatcherServlet', 'org.springframework.web.servlet.config.annotation.WebMvcConfigurerAdapter'; @ConditionalOnMissingClass did not find unwanted class (OnClassCondition)
      - @ConditionalOnWebApplication (required) found 'session' scope (OnWebApplicationCondition)
      - @ConditionalOnMissingBean (types: org.springframework.web.servlet.config.annotation.WebMvcConfigurationSupport; SearchStrategy: all) did not find any beans (OnBeanCondition)

   WebMvcAutoConfiguration#hiddenHttpMethodFilter matched:
      - @ConditionalOnMissingBean (types: org.springframework.web.filter.HiddenHttpMethodFilter; SearchStrategy: all) did not find any beans (OnBeanCondition)

   WebMvcAutoConfiguration#httpPutFormContentFilter matched:
      - @ConditionalOnProperty (spring.mvc.formcontent.putfilter.enabled) matched (OnPropertyCondition)
      - @ConditionalOnMissingBean (types: org.springframework.web.filter.HttpPutFormContentFilter; SearchStrategy: all) did not find any beans (OnBeanCondition)

   WebMvcAutoConfiguration.WebMvcAutoConfigurationAdapter#defaultViewResolver matched:
      - @ConditionalOnMissingBean (types: org.springframework.web.servlet.view.InternalResourceViewResolver; SearchStrategy: all) did not find any beans (OnBeanCondition)

   WebMvcAutoConfiguration.WebMvcAutoConfigurationAdapter#requestContextFilter matched:
      - @ConditionalOnMissingBean (types: org.springframework.web.context.request.RequestContextListener,org.springframework.web.filter.RequestContextFilter; SearchStrategy: all) did not find any beans (OnBeanCondition)

   WebMvcAutoConfiguration.WebMvcAutoConfigurationAdapter#viewResolver matched:
      - @ConditionalOnBean (types: org.springframework.web.servlet.ViewResolver; SearchStrategy: all) found beans 'defaultViewResolver', 'beanNameViewResolver', 'mvcViewResolver'; @ConditionalOnMissingBean (names: viewResolver; types: org.springframework.web.servlet.view.ContentNegotiatingViewResolver; SearchStrategy: all) did not find any beans (OnBeanCondition)

   WebMvcAutoConfiguration.WebMvcAutoConfigurationAdapter.FaviconConfiguration matched:
      - @ConditionalOnProperty (spring.mvc.favicon.enabled) matched (OnPropertyCondition)

   WebSocketAutoConfiguration matched:
      - @ConditionalOnClass found required classes 'javax.servlet.Servlet', 'javax.websocket.server.ServerContainer'; @ConditionalOnMissingClass did not find unwanted class (OnClassCondition)
      - @ConditionalOnWebApplication (required) found 'session' scope (OnWebApplicationCondition)

   WebSocketAutoConfiguration.TomcatWebSocketConfiguration matched:
      - @ConditionalOnClass found required classes 'org.apache.catalina.startup.Tomcat', 'org.apache.tomcat.websocket.server.WsSci'; @ConditionalOnMissingClass did not find unwanted class (OnClassCondition)

   WebSocketAutoConfiguration.TomcatWebSocketConfiguration#websocketContainerCustomizer matched:
      - @ConditionalOnJava (1.7 or newer) found 1.8 (OnJavaCondition)
      - @ConditionalOnMissingBean (names: websocketContainerCustomizer; SearchStrategy: all) did not find any beans (OnBeanCondition)


Negative matches:
-----------------

   ActiveMQAutoConfiguration:
      Did not match:
         - @ConditionalOnClass did not find required classes 'javax.jms.ConnectionFactory', 'org.apache.activemq.ActiveMQConnectionFactory' (OnClassCondition)

   AopAutoConfiguration:
      Did not match:
         - @ConditionalOnClass did not find required classes 'org.aspectj.lang.annotation.Aspect', 'org.aspectj.lang.reflect.Advice' (OnClassCondition)

   ArtemisAutoConfiguration:
      Did not match:
         - @ConditionalOnClass did not find required classes 'javax.jms.ConnectionFactory', 'org.apache.activemq.artemis.jms.client.ActiveMQConnectionFactory' (OnClassCondition)

   BatchAutoConfiguration:
      Did not match:
         - @ConditionalOnClass did not find required class 'org.springframework.batch.core.launch.JobLauncher' (OnClassCondition)

   CacheAutoConfiguration:
      Did not match:
         - @ConditionalOnBean (types: org.springframework.cache.interceptor.CacheAspectSupport; SearchStrategy: all) did not find any beans (OnBeanCondition)
      Matched:
         - @ConditionalOnClass found required class 'org.springframework.cache.CacheManager'; @ConditionalOnMissingClass did not find unwanted class (OnClassCondition)

   CacheAutoConfiguration.CacheManagerJpaDependencyConfiguration:
      Did not match:
         - @ConditionalOnClass did not find required class 'org.springframework.orm.jpa.LocalContainerEntityManagerFactoryBean' (OnClassCondition)
         - Ancestor org.springframework.boot.autoconfigure.cache.CacheAutoConfiguration did not match (ConditionEvaluationReport.AncestorsMatchedCondition)

   CaffeineCacheConfiguration:
      Did not match:
         - @ConditionalOnClass did not find required classes 'com.github.benmanes.caffeine.cache.Caffeine', 'org.springframework.cache.caffeine.CaffeineCacheManager' (OnClassCondition)

   CassandraAutoConfiguration:
      Did not match:
         - @ConditionalOnClass did not find required class 'com.datastax.driver.core.Cluster' (OnClassCondition)

   CassandraDataAutoConfiguration:
      Did not match:
         - @ConditionalOnClass did not find required classes 'com.datastax.driver.core.Cluster', 'org.springframework.data.cassandra.core.CassandraAdminOperations' (OnClassCondition)

   CassandraRepositoriesAutoConfiguration:
      Did not match:
         - @ConditionalOnClass did not find required classes 'com.datastax.driver.core.Session', 'org.springframework.data.cassandra.repository.CassandraRepository' (OnClassCondition)

   CloudAutoConfiguration:
      Did not match:
         - @ConditionalOnClass did not find required class 'org.springframework.cloud.config.java.CloudScanConfiguration' (OnClassCondition)

   CouchbaseAutoConfiguration:
      Did not match:
         - @ConditionalOnClass did not find required classes 'com.couchbase.client.java.CouchbaseBucket', 'com.couchbase.client.java.Cluster' (OnClassCondition)

   CouchbaseCacheConfiguration:
      Did not match:
         - @ConditionalOnClass did not find required classes 'com.couchbase.client.java.Bucket', 'com.couchbase.client.spring.cache.CouchbaseCacheManager' (OnClassCondition)

   CouchbaseDataAutoConfiguration:
      Did not match:
         - @ConditionalOnClass did not find required classes 'com.couchbase.client.java.Bucket', 'org.springframework.data.couchbase.repository.CouchbaseRepository' (OnClassCondition)

   CouchbaseRepositoriesAutoConfiguration:
      Did not match:
         - @ConditionalOnClass did not find required classes 'com.couchbase.client.java.Bucket', 'org.springframework.data.couchbase.repository.CouchbaseRepository' (OnClassCondition)

   DataSourceAutoConfiguration.EmbeddedDatabaseConfiguration:
      Did not match:
         - EmbeddedDataSource found supported pooled data source (DataSourceAutoConfiguration.EmbeddedDatabaseCondition)

   DataSourceAutoConfiguration.TomcatDataSourceJmxConfiguration:
      Did not match:
         - @ConditionalOnProperty (spring.datasource.jmx-enabled) did not find property 'jmx-enabled' (OnPropertyCondition)
      Matched:
         - @ConditionalOnClass found required class 'org.apache.tomcat.jdbc.pool.DataSourceProxy'; @ConditionalOnMissingClass did not find unwanted class (OnClassCondition)

   DataSourceConfiguration.Dbcp:
      Did not match:
         - @ConditionalOnClass did not find required class 'org.apache.commons.dbcp.BasicDataSource' (OnClassCondition)

   DataSourceConfiguration.Dbcp2:
      Did not match:
         - @ConditionalOnClass did not find required class 'org.apache.commons.dbcp2.BasicDataSource' (OnClassCondition)

   DataSourceConfiguration.Tomcat:
      Did not match:
         - @ConditionalOnProperty (spring.datasource.type=org.apache.tomcat.jdbc.pool.DataSource) found different value in property 'spring.datasource.type' (OnPropertyCondition)
      Matched:
         - @ConditionalOnClass found required class 'org.apache.tomcat.jdbc.pool.DataSource'; @ConditionalOnMissingClass did not find unwanted class (OnClassCondition)

   DataSourcePoolMetadataProvidersConfiguration.CommonsDbcp2PoolDataSourceMetadataProviderConfiguration:
      Did not match:
         - @ConditionalOnClass did not find required class 'org.apache.commons.dbcp2.BasicDataSource' (OnClassCondition)

   DataSourcePoolMetadataProvidersConfiguration.CommonsDbcpPoolDataSourceMetadataProviderConfiguration:
      Did not match:
         - @ConditionalOnClass did not find required class 'org.apache.commons.dbcp.BasicDataSource' (OnClassCondition)

   DevToolsDataSourceAutoConfiguration.DatabaseShutdownExecutorJpaDependencyConfiguration:
      Did not match:
         - @ConditionalOnClass did not find required class 'org.springframework.orm.jpa.LocalContainerEntityManagerFactoryBean' (OnClassCondition)

   DeviceDelegatingViewResolverAutoConfiguration:
      Did not match:
         - @ConditionalOnClass did not find required class 'org.springframework.mobile.device.view.LiteDeviceDelegatingViewResolver' (OnClassCondition)

   DeviceResolverAutoConfiguration:
      Did not match:
         - @ConditionalOnClass did not find required classes 'org.springframework.mobile.device.DeviceResolverHandlerInterceptor', 'org.springframework.mobile.device.DeviceHandlerMethodArgumentResolver' (OnClassCondition)

   DispatcherServletAutoConfiguration.DispatcherServletConfiguration#multipartResolver:
      Did not match:
         - @ConditionalOnBean (types: org.springframework.web.multipart.MultipartResolver; SearchStrategy: all) did not find any beans (OnBeanCondition)

   EhCacheCacheConfiguration:
      Did not match:
         - @ConditionalOnClass did not find required classes 'net.sf.ehcache.Cache', 'org.springframework.cache.ehcache.EhCacheCacheManager' (OnClassCondition)

   ElasticsearchAutoConfiguration:
      Did not match:
         - @ConditionalOnClass did not find required classes 'org.elasticsearch.client.Client', 'org.springframework.data.elasticsearch.client.TransportClientFactoryBean', 'org.springframework.data.elasticsearch.client.NodeClientFactoryBean' (OnClassCondition)

   ElasticsearchDataAutoConfiguration:
      Did not match:
         - @ConditionalOnClass did not find required classes 'org.elasticsearch.client.Client', 'org.springframework.data.elasticsearch.core.ElasticsearchTemplate' (OnClassCondition)

   ElasticsearchRepositoriesAutoConfiguration:
      Did not match:
         - @ConditionalOnClass did not find required classes 'org.elasticsearch.client.Client', 'org.springframework.data.elasticsearch.repository.ElasticsearchRepository' (OnClassCondition)

   EmbeddedLdapAutoConfiguration:
      Did not match:
         - @ConditionalOnClass did not find required class 'com.unboundid.ldap.listener.InMemoryDirectoryServer' (OnClassCondition)

   EmbeddedMongoAutoConfiguration:
      Did not match:
         - @ConditionalOnClass did not find required classes 'com.mongodb.Mongo', 'de.flapdoodle.embed.mongo.MongodStarter' (OnClassCondition)

   EmbeddedServletContainerAutoConfiguration.EmbeddedJetty:
      Did not match:
         - @ConditionalOnClass did not find required classes 'org.eclipse.jetty.server.Server', 'org.eclipse.jetty.util.Loader', 'org.eclipse.jetty.webapp.WebAppContext' (OnClassCondition)

   EmbeddedServletContainerAutoConfiguration.EmbeddedUndertow:
      Did not match:
         - @ConditionalOnClass did not find required classes 'io.undertow.Undertow', 'org.xnio.SslClientAuthMode' (OnClassCondition)

   FacebookAutoConfiguration:
      Did not match:
         - @ConditionalOnClass did not find required classes 'org.springframework.social.config.annotation.SocialConfigurerAdapter', 'org.springframework.social.facebook.connect.FacebookConnectionFactory' (OnClassCondition)

   FallbackWebSecurityAutoConfiguration:
      Did not match:
         - @ConditionalOnClass did not find required class 'org.springframework.security.config.annotation.web.configuration.EnableWebSecurity' (OnClassCondition)

   FlywayAutoConfiguration:
      Did not match:
         - @ConditionalOnClass did not find required class 'org.flywaydb.core.Flyway' (OnClassCondition)

   FreeMarkerAutoConfiguration:
      Did not match:
         - @ConditionalOnClass did not find required classes 'freemarker.template.Configuration', 'org.springframework.ui.freemarker.FreeMarkerConfigurationFactory' (OnClassCondition)

   GroovyTemplateAutoConfiguration:
      Did not match:
         - @ConditionalOnClass did not find required class 'groovy.text.markup.MarkupTemplateEngine' (OnClassCondition)

   GsonAutoConfiguration:
      Did not match:
         - @ConditionalOnClass did not find required class 'com.google.gson.Gson' (OnClassCondition)

   GsonHttpMessageConvertersConfiguration:
      Did not match:
         - @ConditionalOnClass did not find required class 'com.google.gson.Gson' (OnClassCondition)

   GuavaCacheConfiguration:
      Did not match:
         - @ConditionalOnClass did not find required classes 'com.google.common.cache.CacheBuilder', 'org.springframework.cache.guava.GuavaCacheManager' (OnClassCondition)

   H2ConsoleAutoConfiguration.H2ConsoleSecurityConfiguration:
      Did not match:
         - @ConditionalOnClass did not find required class 'org.springframework.security.config.annotation.web.configuration.WebSecurityConfigurerAdapter' (OnClassCondition)

   HazelcastAutoConfiguration:
      Did not match:
         - @ConditionalOnClass did not find required class 'com.hazelcast.core.HazelcastInstance' (OnClassCondition)

   HazelcastCacheConfiguration:
      Did not match:
         - @ConditionalOnClass did not find required classes 'com.hazelcast.core.HazelcastInstance', 'com.hazelcast.spring.cache.HazelcastCacheManager' (OnClassCondition)

   HazelcastJpaDependencyAutoConfiguration:
      Did not match:
         - @ConditionalOnClass did not find required classes 'com.hazelcast.core.HazelcastInstance', 'org.springframework.orm.jpa.LocalContainerEntityManagerFactoryBean' (OnClassCondition)

   HibernateJpaAutoConfiguration:
      Did not match:
         - @ConditionalOnClass did not find required classes 'org.springframework.orm.jpa.LocalContainerEntityManagerFactoryBean', 'javax.persistence.EntityManager' (OnClassCondition)

   HypermediaAutoConfiguration:
      Did not match:
         - @ConditionalOnClass did not find required classes 'org.springframework.hateoas.Resource', 'org.springframework.plugin.core.Plugin' (OnClassCondition)

   InfinispanCacheConfiguration:
      Did not match:
         - @ConditionalOnClass did not find required class 'org.infinispan.spring.provider.SpringEmbeddedCacheManager' (OnClassCondition)

   IntegrationAutoConfiguration:
      Did not match:
         - @ConditionalOnClass did not find required class 'org.springframework.integration.config.EnableIntegration' (OnClassCondition)

   JCacheCacheConfiguration:
      Did not match:
         - @ConditionalOnClass did not find required classes 'javax.cache.Caching', 'org.springframework.cache.jcache.JCacheCacheManager' (OnClassCondition)

   JacksonAutoConfiguration.JodaDateTimeJacksonConfiguration:
      Did not match:
         - @ConditionalOnClass did not find required classes 'org.joda.time.DateTime', 'com.fasterxml.jackson.datatype.joda.ser.DateTimeSerializer', 'com.fasterxml.jackson.datatype.joda.cfg.JacksonJodaDateFormat' (OnClassCondition)

   JacksonAutoConfiguration.ParameterNamesModuleConfiguration:
      Did not match:
         - @ConditionalOnClass did not find required class 'com.fasterxml.jackson.module.paramnames.ParameterNamesModule' (OnClassCondition)

   JacksonHttpMessageConvertersConfiguration.MappingJackson2XmlHttpMessageConverterConfiguration:
      Did not match:
         - @ConditionalOnClass did not find required class 'com.fasterxml.jackson.dataformat.xml.XmlMapper' (OnClassCondition)

   JerseyAutoConfiguration:
      Did not match:
         - @ConditionalOnClass did not find required class 'org.glassfish.jersey.server.spring.SpringComponentProvider' (OnClassCondition)

   JestAutoConfiguration:
      Did not match:
         - @ConditionalOnClass did not find required class 'io.searchbox.client.JestClient' (OnClassCondition)

   JmsAutoConfiguration:
      Did not match:
         - @ConditionalOnClass did not find required classes 'javax.jms.Message', 'org.springframework.jms.core.JmsTemplate' (OnClassCondition)

   JmxAutoConfiguration:
      Did not match:
         - @ConditionalOnProperty (spring.jmx.enabled=true) found different value in property 'enabled' (OnPropertyCondition)
      Matched:
         - @ConditionalOnClass found required class 'org.springframework.jmx.export.MBeanExporter'; @ConditionalOnMissingClass did not find unwanted class (OnClassCondition)

   JndiConnectionFactoryAutoConfiguration:
      Did not match:
         - @ConditionalOnClass did not find required class 'org.springframework.jms.core.JmsTemplate' (OnClassCondition)

   JndiDataSourceAutoConfiguration:
      Did not match:
         - @ConditionalOnProperty (spring.datasource.jndi-name) did not find property 'jndi-name' (OnPropertyCondition)
      Matched:
         - @ConditionalOnClass found required classes 'javax.sql.DataSource', 'org.springframework.jdbc.datasource.embedded.EmbeddedDatabaseType'; @ConditionalOnMissingClass did not find unwanted class (OnClassCondition)

   JpaRepositoriesAutoConfiguration:
      Did not match:
         - @ConditionalOnClass did not find required class 'org.springframework.data.jpa.repository.JpaRepository' (OnClassCondition)

   Jsr303ValidatorAdapterConfiguration#jsr303ValidatorAdapter:
      Did not match:
         - @ConditionalOnMissingBean (types: org.springframework.validation.Validator; SearchStrategy: all) found bean 'defaultValidator' (OnBeanCondition)

   JtaAutoConfiguration:
      Did not match:
         - @ConditionalOnClass did not find required class 'javax.transaction.Transaction' (OnClassCondition)

   KafkaAutoConfiguration:
      Did not match:
         - @ConditionalOnClass did not find required class 'org.springframework.kafka.core.KafkaTemplate' (OnClassCondition)

   LdapAutoConfiguration:
      Did not match:
         - @ConditionalOnClass did not find required class 'org.springframework.ldap.core.ContextSource' (OnClassCondition)

   LdapDataAutoConfiguration:
      Did not match:
         - @ConditionalOnClass did not find required class 'org.springframework.data.ldap.repository.LdapRepository' (OnClassCondition)

   LdapRepositoriesAutoConfiguration:
      Did not match:
         - @ConditionalOnClass did not find required class 'org.springframework.data.ldap.repository.LdapRepository' (OnClassCondition)

   LinkedInAutoConfiguration:
      Did not match:
         - @ConditionalOnClass did not find required classes 'org.springframework.social.config.annotation.SocialConfigurerAdapter', 'org.springframework.social.linkedin.connect.LinkedInConnectionFactory' (OnClassCondition)

   LiquibaseAutoConfiguration:
      Did not match:
         - @ConditionalOnClass did not find required class 'liquibase.integration.spring.SpringLiquibase' (OnClassCondition)

   LocalDevToolsAutoConfiguration:
      Did not match:
         - Initialized Restarter Condition initialized without URLs (OnInitializedRestarterCondition)

   MailSenderAutoConfiguration:
      Did not match:
         - @ConditionalOnClass did not find required class 'javax.mail.internet.MimeMessage' (OnClassCondition)

   MailSenderValidatorAutoConfiguration:
      Did not match:
         - @ConditionalOnProperty (spring.mail.test-connection) did not find property 'test-connection' (OnPropertyCondition)

   MessageSourceAutoConfiguration:
      Did not match:
         - ResourceBundle did not find bundle with basename messages (MessageSourceAutoConfiguration.ResourceBundleCondition)

   MongoAutoConfiguration:
      Did not match:
         - @ConditionalOnClass did not find required class 'com.mongodb.MongoClient' (OnClassCondition)

   MongoDataAutoConfiguration:
      Did not match:
         - @ConditionalOnClass did not find required classes 'com.mongodb.Mongo', 'org.springframework.data.mongodb.core.MongoTemplate' (OnClassCondition)

   MongoRepositoriesAutoConfiguration:
      Did not match:
         - @ConditionalOnClass did not find required classes 'com.mongodb.Mongo', 'org.springframework.data.mongodb.repository.MongoRepository' (OnClassCondition)

   MustacheAutoConfiguration:
      Did not match:
         - @ConditionalOnClass did not find required class 'com.samskivert.mustache.Mustache' (OnClassCondition)

   Neo4jDataAutoConfiguration:
      Did not match:
         - @ConditionalOnClass did not find required class 'org.neo4j.ogm.session.SessionFactory' (OnClassCondition)

   Neo4jRepositoriesAutoConfiguration:
      Did not match:
         - @ConditionalOnClass did not find required classes 'org.neo4j.ogm.session.Neo4jSession', 'org.springframework.data.neo4j.repository.GraphRepository' (OnClassCondition)

   OAuth2AutoConfiguration:
      Did not match:
         - @ConditionalOnClass did not find required class 'org.springframework.security.oauth2.common.OAuth2AccessToken' (OnClassCondition)

   ProjectInfoAutoConfiguration#buildProperties:
      Did not match:
         - @ConditionalOnResource did not find resource '${spring.info.build.location:classpath:META-INF/build-info.properties}' (OnResourceCondition)

   ProjectInfoAutoConfiguration#gitProperties:
      Did not match:
         - GitResource did not find git info at classpath:git.properties (ProjectInfoAutoConfiguration.GitResourceAvailableCondition)

   RabbitAutoConfiguration:
      Did not match:
         - @ConditionalOnClass did not find required classes 'org.springframework.amqp.rabbit.core.RabbitTemplate', 'com.rabbitmq.client.Channel' (OnClassCondition)

   ReactorAutoConfiguration:
      Did not match:
         - @ConditionalOnClass did not find required classes 'reactor.spring.context.config.EnableReactor', 'reactor.Environment' (OnClassCondition)

   RedisAutoConfiguration:
      Did not match:
         - @ConditionalOnClass did not find required classes 'org.springframework.data.redis.connection.jedis.JedisConnection', 'org.springframework.data.redis.core.RedisOperations', 'redis.clients.jedis.Jedis' (OnClassCondition)

   RedisRepositoriesAutoConfiguration:
      Did not match:
         - @ConditionalOnClass did not find required classes 'redis.clients.jedis.Jedis', 'org.springframework.data.redis.repository.configuration.EnableRedisRepositories' (OnClassCondition)

   RemoteDevToolsAutoConfiguration:
      Did not match:
         - @ConditionalOnProperty (spring.devtools.remote.secret) did not find property 'secret' (OnPropertyCondition)
      Matched:
         - @ConditionalOnClass found required classes 'javax.servlet.Filter', 'org.springframework.http.server.ServerHttpRequest'; @ConditionalOnMissingClass did not find unwanted class (OnClassCondition)

   RepositoryRestMvcAutoConfiguration:
      Did not match:
         - @ConditionalOnClass did not find required class 'org.springframework.data.rest.webmvc.config.RepositoryRestMvcConfiguration' (OnClassCondition)

   SecurityAutoConfiguration:
      Did not match:
         - @ConditionalOnClass did not find required classes 'org.springframework.security.authentication.AuthenticationManager', 'org.springframework.security.config.annotation.authentication.configurers.GlobalAuthenticationConfigurerAdapter' (OnClassCondition)

   SecurityFilterAutoConfiguration:
      Did not match:
         - @ConditionalOnClass did not find required classes 'org.springframework.security.web.context.AbstractSecurityWebApplicationInitializer', 'org.springframework.security.config.http.SessionCreationPolicy' (OnClassCondition)

   SendGridAutoConfiguration:
      Did not match:
         - @ConditionalOnClass did not find required class 'com.sendgrid.SendGrid' (OnClassCondition)

   SessionAutoConfiguration:
      Did not match:
         - @ConditionalOnClass did not find required class 'org.springframework.session.Session' (OnClassCondition)

   SitePreferenceAutoConfiguration:
      Did not match:
         - @ConditionalOnClass did not find required classes 'org.springframework.mobile.device.site.SitePreferenceHandlerInterceptor', 'org.springframework.mobile.device.site.SitePreferenceHandlerMethodArgumentResolver' (OnClassCondition)

   SocialWebAutoConfiguration:
      Did not match:
         - @ConditionalOnClass did not find required classes 'org.springframework.social.connect.web.ConnectController', 'org.springframework.social.config.annotation.SocialConfigurerAdapter' (OnClassCondition)

   SolrAutoConfiguration:
      Did not match:
         - @ConditionalOnClass did not find required classes 'org.apache.solr.client.solrj.impl.HttpSolrClient', 'org.apache.solr.client.solrj.impl.CloudSolrClient' (OnClassCondition)

   SolrRepositoriesAutoConfiguration:
      Did not match:
         - @ConditionalOnClass did not find required classes 'org.apache.solr.client.solrj.SolrClient', 'org.springframework.data.solr.repository.SolrRepository' (OnClassCondition)

   SpringApplicationAdminJmxAutoConfiguration:
      Did not match:
         - @ConditionalOnProperty (spring.application.admin.enabled=true) did not find property 'enabled' (OnPropertyCondition)

   SpringDataWebAutoConfiguration:
      Did not match:
         - @ConditionalOnClass did not find required class 'org.springframework.data.web.PageableHandlerMethodArgumentResolver' (OnClassCondition)

   ThymeleafAutoConfiguration:
      Did not match:
         - @ConditionalOnClass did not find required class 'org.thymeleaf.spring4.SpringTemplateEngine' (OnClassCondition)

   TransactionAutoConfiguration.EnableTransactionManagementConfiguration.JdkDynamicAutoProxyConfiguration:
      Did not match:
         - @ConditionalOnProperty (spring.aop.proxy-target-class=false) did not find property 'proxy-target-class' (OnPropertyCondition)

   TwitterAutoConfiguration:
      Did not match:
         - @ConditionalOnClass did not find required classes 'org.springframework.social.config.annotation.SocialConfigurerAdapter', 'org.springframework.social.twitter.connect.TwitterConnectionFactory' (OnClassCondition)

   WebMvcAutoConfiguration.ResourceChainCustomizerConfiguration:
      Did not match:
         - @ConditionalOnEnabledResourceChain did not find class org.webjars.WebJarAssetLocator (OnEnabledResourceChainCondition)

   WebMvcAutoConfiguration.WebMvcAutoConfigurationAdapter#beanNameViewResolver:
      Did not match:
         - @ConditionalOnMissingBean (types: org.springframework.web.servlet.view.BeanNameViewResolver; SearchStrategy: all) found bean 'beanNameViewResolver' (OnBeanCondition)

   WebMvcAutoConfiguration.WebMvcAutoConfigurationAdapter#dateFormatter:
      Did not match:
         - @ConditionalOnProperty (spring.mvc.date-format) did not find property 'date-format' (OnPropertyCondition)

   WebMvcAutoConfiguration.WebMvcAutoConfigurationAdapter#localeResolver:
      Did not match:
         - @ConditionalOnProperty (spring.mvc.locale) did not find property 'locale' (OnPropertyCondition)

   WebServicesAutoConfiguration:
      Did not match:
         - @ConditionalOnClass did not find required class 'org.springframework.ws.transport.http.MessageDispatcherServlet' (OnClassCondition)

   WebSocketAutoConfiguration.JettyWebSocketConfiguration:
      Did not match:
         - @ConditionalOnClass did not find required class 'org.eclipse.jetty.websocket.jsr356.server.deploy.WebSocketServerContainerInitializer' (OnClassCondition)

   WebSocketAutoConfiguration.UndertowWebSocketConfiguration:
      Did not match:
         - @ConditionalOnClass did not find required class 'io.undertow.websockets.jsr.Bootstrap' (OnClassCondition)

   WebSocketMessagingAutoConfiguration:
      Did not match:
         - @ConditionalOnClass did not find required class 'org.springframework.web.socket.config.annotation.WebSocketMessageBrokerConfigurer' (OnClassCondition)

   XADataSourceAutoConfiguration:
      Did not match:
         - @ConditionalOnClass did not find required class 'javax.transaction.TransactionManager' (OnClassCondition)


Exclusions:
-----------

    None


Unconditional classes:
----------------------

    org.springframework.boot.autoconfigure.web.WebClientAutoConfiguration

    org.springframework.boot.autoconfigure.context.PropertyPlaceholderAutoConfiguration

    org.springframework.boot.autoconfigure.context.ConfigurationPropertiesAutoConfiguration

    org.springframework.boot.autoconfigure.info.ProjectInfoAutoConfiguration



 2017-11-16 20:33:19.539 DEBUG org.springframework.web.servlet.resource.ResourceUrlProvider - Looking for resource handler mappings
 2017-11-16 20:33:19.539 DEBUG org.springframework.beans.factory.support.DefaultListableBeanFactory - Returning cached instance of singleton bean 'resourceHandlerMapping'
 2017-11-16 20:33:19.539 DEBUG org.springframework.beans.factory.support.DefaultListableBeanFactory - Returning cached instance of singleton bean 'faviconHandlerMapping'
 2017-11-16 20:33:19.540 DEBUG org.springframework.web.servlet.resource.ResourceUrlProvider - Found resource handler mapping: URL pattern="/**/favicon.ico", locations=[ServletContext resource [/], class path resource [META-INF/resources/], class path resource [resources/], class path resource [static/], class path resource [public/], class path resource []], resolvers=[org.springframework.web.servlet.resource.PathResourceResolver@1e7ab390]
 2017-11-16 20:33:19.540 DEBUG org.springframework.web.servlet.resource.ResourceUrlProvider - Found resource handler mapping: URL pattern="/webjars/**", locations=[class path resource [META-INF/resources/webjars/]], resolvers=[org.springframework.web.servlet.resource.PathResourceResolver@625d9132]
 2017-11-16 20:33:19.540 DEBUG org.springframework.web.servlet.resource.ResourceUrlProvider - Found resource handler mapping: URL pattern="/**", locations=[ServletContext resource [/], class path resource [META-INF/resources/], class path resource [resources/], class path resource [static/], class path resource [public/]], resolvers=[org.springframework.web.servlet.resource.PathResourceResolver@77774571]
 2017-11-16 20:33:19.541 DEBUG org.springframework.core.env.PropertySourcesPropertyResolver - Could not find key 'spring.liveBeansView.mbeanDomain' in any property source
 2017-11-16 20:33:19.548 DEBUG org.springframework.boot.devtools.restart.Restarter - Creating new Restarter for thread Thread[main,5,main]
 2017-11-16 20:33:19.552 INFO  test.boot.MockTest - Started MockTest in 9.337 seconds (JVM running for 10.687)
 2017-11-16 20:33:19.553 DEBUG org.springframework.test.context.cache.DefaultCacheAwareContextLoaderDelegate - Storing ApplicationContext in cache under key [[WebMergedContextConfiguration@44c03695 testClass = MockTest, locations = '{}', classes = '{class test.boot.Example}', contextInitializerClasses = '[]', activeProfiles = '{}', propertySourceLocations = '{}', propertySourceProperties = '{org.springframework.boot.test.context.SpringBootTestContextBootstrapper=true}', contextCustomizers = set[org.springframework.boot.test.context.SpringBootTestContextCustomizer@40e6dfe1, org.springframework.boot.test.context.filter.ExcludeFilterContextCustomizer@3ec300f1, org.springframework.boot.test.mock.mockito.MockitoContextCustomizer@4eef9f3e, org.springframework.boot.test.autoconfigure.properties.PropertyMappingContextCustomizer@0, org.springframework.boot.test.autoconfigure.web.servlet.WebDriverContextCustomizerFactory$Customizer@13acb0d1], resourceBasePath = 'src/main/webapp', contextLoader = 'org.springframework.boot.test.context.SpringBootContextLoader', parent = [null]]]
 2017-11-16 20:33:19.553 DEBUG org.springframework.test.context.cache - Spring test ApplicationContext cache statistics: [DefaultContextCache@79b84841 size = 1, maxSize = 32, parentContextCount = 0, hitCount = 0, missCount = 1]
 2017-11-16 20:33:19.554 DEBUG org.springframework.test.context.web.ServletTestExecutionListener - Setting up MockHttpServletRequest, MockHttpServletResponse, ServletWebRequest, and RequestContextHolder for test context [DefaultTestContext@6150c3ec testClass = MockTest, testInstance = test.boot.MockTest@4d41ba0f, testMethod = [null], testException = [null], mergedContextConfiguration = [WebMergedContextConfiguration@44c03695 testClass = MockTest, locations = '{}', classes = '{class test.boot.Example}', contextInitializerClasses = '[]', activeProfiles = '{}', propertySourceLocations = '{}', propertySourceProperties = '{org.springframework.boot.test.context.SpringBootTestContextBootstrapper=true}', contextCustomizers = set[org.springframework.boot.test.context.SpringBootTestContextCustomizer@40e6dfe1, org.springframework.boot.test.context.filter.ExcludeFilterContextCustomizer@3ec300f1, org.springframework.boot.test.mock.mockito.MockitoContextCustomizer@4eef9f3e, org.springframework.boot.test.autoconfigure.properties.PropertyMappingContextCustomizer@0, org.springframework.boot.test.autoconfigure.web.servlet.WebDriverContextCustomizerFactory$Customizer@13acb0d1], resourceBasePath = 'src/main/webapp', contextLoader = 'org.springframework.boot.test.context.SpringBootContextLoader', parent = [null]]].
 2017-11-16 20:33:19.597 DEBUG org.springframework.test.context.support.DependencyInjectionTestExecutionListener - Performing dependency injection for test context [[DefaultTestContext@6150c3ec testClass = MockTest, testInstance = test.boot.MockTest@4d41ba0f, testMethod = [null], testException = [null], mergedContextConfiguration = [WebMergedContextConfiguration@44c03695 testClass = MockTest, locations = '{}', classes = '{class test.boot.Example}', contextInitializerClasses = '[]', activeProfiles = '{}', propertySourceLocations = '{}', propertySourceProperties = '{org.springframework.boot.test.context.SpringBootTestContextBootstrapper=true}', contextCustomizers = set[org.springframework.boot.test.context.SpringBootTestContextCustomizer@40e6dfe1, org.springframework.boot.test.context.filter.ExcludeFilterContextCustomizer@3ec300f1, org.springframework.boot.test.mock.mockito.MockitoContextCustomizer@4eef9f3e, org.springframework.boot.test.autoconfigure.properties.PropertyMappingContextCustomizer@0, org.springframework.boot.test.autoconfigure.web.servlet.WebDriverContextCustomizerFactory$Customizer@13acb0d1], resourceBasePath = 'src/main/webapp', contextLoader = 'org.springframework.boot.test.context.SpringBootContextLoader', parent = [null]]]].
 2017-11-16 20:33:19.597 DEBUG org.springframework.test.context.cache.DefaultCacheAwareContextLoaderDelegate - Retrieved ApplicationContext from cache with key [[WebMergedContextConfiguration@44c03695 testClass = MockTest, locations = '{}', classes = '{class test.boot.Example}', contextInitializerClasses = '[]', activeProfiles = '{}', propertySourceLocations = '{}', propertySourceProperties = '{org.springframework.boot.test.context.SpringBootTestContextBootstrapper=true}', contextCustomizers = set[org.springframework.boot.test.context.SpringBootTestContextCustomizer@40e6dfe1, org.springframework.boot.test.context.filter.ExcludeFilterContextCustomizer@3ec300f1, org.springframework.boot.test.mock.mockito.MockitoContextCustomizer@4eef9f3e, org.springframework.boot.test.autoconfigure.properties.PropertyMappingContextCustomizer@0, org.springframework.boot.test.autoconfigure.web.servlet.WebDriverContextCustomizerFactory$Customizer@13acb0d1], resourceBasePath = 'src/main/webapp', contextLoader = 'org.springframework.boot.test.context.SpringBootContextLoader', parent = [null]]]
 2017-11-16 20:33:19.597 DEBUG org.springframework.test.context.cache - Spring test ApplicationContext cache statistics: [DefaultContextCache@79b84841 size = 1, maxSize = 32, parentContextCount = 0, hitCount = 1, missCount = 1]
 2017-11-16 20:33:19.599 DEBUG org.springframework.beans.factory.support.DefaultListableBeanFactory - Returning cached instance of singleton bean 'org.springframework.transaction.config.internalTransactionAdvisor'
 2017-11-16 20:33:19.601 DEBUG org.springframework.test.context.cache.DefaultCacheAwareContextLoaderDelegate - Retrieved ApplicationContext from cache with key [[WebMergedContextConfiguration@44c03695 testClass = MockTest, locations = '{}', classes = '{class test.boot.Example}', contextInitializerClasses = '[]', activeProfiles = '{}', propertySourceLocations = '{}', propertySourceProperties = '{org.springframework.boot.test.context.SpringBootTestContextBootstrapper=true}', contextCustomizers = set[org.springframework.boot.test.context.SpringBootTestContextCustomizer@40e6dfe1, org.springframework.boot.test.context.filter.ExcludeFilterContextCustomizer@3ec300f1, org.springframework.boot.test.mock.mockito.MockitoContextCustomizer@4eef9f3e, org.springframework.boot.test.autoconfigure.properties.PropertyMappingContextCustomizer@0, org.springframework.boot.test.autoconfigure.web.servlet.WebDriverContextCustomizerFactory$Customizer@13acb0d1], resourceBasePath = 'src/main/webapp', contextLoader = 'org.springframework.boot.test.context.SpringBootContextLoader', parent = [null]]]
 2017-11-16 20:33:19.601 DEBUG org.springframework.test.context.cache - Spring test ApplicationContext cache statistics: [DefaultContextCache@79b84841 size = 1, maxSize = 32, parentContextCount = 0, hitCount = 2, missCount = 1]
 2017-11-16 20:33:19.603 DEBUG org.springframework.beans.factory.support.DefaultListableBeanFactory - Returning cached instance of singleton bean 'org.springframework.boot.test.mock.mockito.MockitoPostProcessor'
 2017-11-16 20:33:19.603 DEBUG org.springframework.beans.factory.support.DefaultListableBeanFactory - Returning cached instance of singleton bean 'forTestServiceImpl'
 2017-11-16 20:33:19.615 DEBUG org.springframework.test.context.support.AbstractDirtiesContextTestExecutionListener - Before test method: context [DefaultTestContext@6150c3ec testClass = MockTest, testInstance = test.boot.MockTest@4d41ba0f, testMethod = f1Test@MockTest, testException = [null], mergedContextConfiguration = [WebMergedContextConfiguration@44c03695 testClass = MockTest, locations = '{}', classes = '{class test.boot.Example}', contextInitializerClasses = '[]', activeProfiles = '{}', propertySourceLocations = '{}', propertySourceProperties = '{org.springframework.boot.test.context.SpringBootTestContextBootstrapper=true}', contextCustomizers = set[org.springframework.boot.test.context.SpringBootTestContextCustomizer@40e6dfe1, org.springframework.boot.test.context.filter.ExcludeFilterContextCustomizer@3ec300f1, org.springframework.boot.test.mock.mockito.MockitoContextCustomizer@4eef9f3e, org.springframework.boot.test.autoconfigure.properties.PropertyMappingContextCustomizer@0, org.springframework.boot.test.autoconfigure.web.servlet.WebDriverContextCustomizerFactory$Customizer@13acb0d1], resourceBasePath = 'src/main/webapp', contextLoader = 'org.springframework.boot.test.context.SpringBootContextLoader', parent = [null]]], class annotated with @DirtiesContext [false] with mode [null], method annotated with @DirtiesContext [false] with mode [null].
 2017-11-16 20:33:19.618 DEBUG org.springframework.test.context.cache.DefaultCacheAwareContextLoaderDelegate - Retrieved ApplicationContext from cache with key [[WebMergedContextConfiguration@44c03695 testClass = MockTest, locations = '{}', classes = '{class test.boot.Example}', contextInitializerClasses = '[]', activeProfiles = '{}', propertySourceLocations = '{}', propertySourceProperties = '{org.springframework.boot.test.context.SpringBootTestContextBootstrapper=true}', contextCustomizers = set[org.springframework.boot.test.context.SpringBootTestContextCustomizer@40e6dfe1, org.springframework.boot.test.context.filter.ExcludeFilterContextCustomizer@3ec300f1, org.springframework.boot.test.mock.mockito.MockitoContextCustomizer@4eef9f3e, org.springframework.boot.test.autoconfigure.properties.PropertyMappingContextCustomizer@0, org.springframework.boot.test.autoconfigure.web.servlet.WebDriverContextCustomizerFactory$Customizer@13acb0d1], resourceBasePath = 'src/main/webapp', contextLoader = 'org.springframework.boot.test.context.SpringBootContextLoader', parent = [null]]]
 2017-11-16 20:33:19.618 DEBUG org.springframework.test.context.cache - Spring test ApplicationContext cache statistics: [DefaultContextCache@79b84841 size = 1, maxSize = 32, parentContextCount = 0, hitCount = 3, missCount = 1]
 2017-11-16 20:33:19.628 DEBUG org.springframework.beans.factory.support.DefaultListableBeanFactory - Returning cached instance of singleton bean 'org.springframework.boot.test.mock.mockito.MockitoBeans'
 2017-11-16 20:33:19.881 DEBUG org.springframework.test.context.cache.DefaultCacheAwareContextLoaderDelegate - Retrieved ApplicationContext from cache with key [[WebMergedContextConfiguration@44c03695 testClass = MockTest, locations = '{}', classes = '{class test.boot.Example}', contextInitializerClasses = '[]', activeProfiles = '{}', propertySourceLocations = '{}', propertySourceProperties = '{org.springframework.boot.test.context.SpringBootTestContextBootstrapper=true}', contextCustomizers = set[org.springframework.boot.test.context.SpringBootTestContextCustomizer@40e6dfe1, org.springframework.boot.test.context.filter.ExcludeFilterContextCustomizer@3ec300f1, org.springframework.boot.test.mock.mockito.MockitoContextCustomizer@4eef9f3e, org.springframework.boot.test.autoconfigure.properties.PropertyMappingContextCustomizer@0, org.springframework.boot.test.autoconfigure.web.servlet.WebDriverContextCustomizerFactory$Customizer@13acb0d1], resourceBasePath = 'src/main/webapp', contextLoader = 'org.springframework.boot.test.context.SpringBootContextLoader', parent = [null]]]
 2017-11-16 20:33:19.881 DEBUG org.springframework.test.context.cache - Spring test ApplicationContext cache statistics: [DefaultContextCache@79b84841 size = 1, maxSize = 32, parentContextCount = 0, hitCount = 4, missCount = 1]
 2017-11-16 20:33:19.883 DEBUG org.springframework.test.context.cache.DefaultCacheAwareContextLoaderDelegate - Retrieved ApplicationContext from cache with key [[WebMergedContextConfiguration@44c03695 testClass = MockTest, locations = '{}', classes = '{class test.boot.Example}', contextInitializerClasses = '[]', activeProfiles = '{}', propertySourceLocations = '{}', propertySourceProperties = '{org.springframework.boot.test.context.SpringBootTestContextBootstrapper=true}', contextCustomizers = set[org.springframework.boot.test.context.SpringBootTestContextCustomizer@40e6dfe1, org.springframework.boot.test.context.filter.ExcludeFilterContextCustomizer@3ec300f1, org.springframework.boot.test.mock.mockito.MockitoContextCustomizer@4eef9f3e, org.springframework.boot.test.autoconfigure.properties.PropertyMappingContextCustomizer@0, org.springframework.boot.test.autoconfigure.web.servlet.WebDriverContextCustomizerFactory$Customizer@13acb0d1], resourceBasePath = 'src/main/webapp', contextLoader = 'org.springframework.boot.test.context.SpringBootContextLoader', parent = [null]]]
 2017-11-16 20:33:19.883 DEBUG org.springframework.test.context.cache - Spring test ApplicationContext cache statistics: [DefaultContextCache@79b84841 size = 1, maxSize = 32, parentContextCount = 0, hitCount = 5, missCount = 1]
 2017-11-16 20:33:19.886 DEBUG org.springframework.test.context.cache.DefaultCacheAwareContextLoaderDelegate - Retrieved ApplicationContext from cache with key [[WebMergedContextConfiguration@44c03695 testClass = MockTest, locations = '{}', classes = '{class test.boot.Example}', contextInitializerClasses = '[]', activeProfiles = '{}', propertySourceLocations = '{}', propertySourceProperties = '{org.springframework.boot.test.context.SpringBootTestContextBootstrapper=true}', contextCustomizers = set[org.springframework.boot.test.context.SpringBootTestContextCustomizer@40e6dfe1, org.springframework.boot.test.context.filter.ExcludeFilterContextCustomizer@3ec300f1, org.springframework.boot.test.mock.mockito.MockitoContextCustomizer@4eef9f3e, org.springframework.boot.test.autoconfigure.properties.PropertyMappingContextCustomizer@0, org.springframework.boot.test.autoconfigure.web.servlet.WebDriverContextCustomizerFactory$Customizer@13acb0d1], resourceBasePath = 'src/main/webapp', contextLoader = 'org.springframework.boot.test.context.SpringBootContextLoader', parent = [null]]]
 2017-11-16 20:33:19.887 DEBUG org.springframework.test.context.cache - Spring test ApplicationContext cache statistics: [DefaultContextCache@79b84841 size = 1, maxSize = 32, parentContextCount = 0, hitCount = 6, missCount = 1]
 2017-11-16 20:33:19.887 DEBUG org.springframework.test.context.cache.DefaultCacheAwareContextLoaderDelegate - Retrieved ApplicationContext from cache with key [[WebMergedContextConfiguration@44c03695 testClass = MockTest, locations = '{}', classes = '{class test.boot.Example}', contextInitializerClasses = '[]', activeProfiles = '{}', propertySourceLocations = '{}', propertySourceProperties = '{org.springframework.boot.test.context.SpringBootTestContextBootstrapper=true}', contextCustomizers = set[org.springframework.boot.test.context.SpringBootTestContextCustomizer@40e6dfe1, org.springframework.boot.test.context.filter.ExcludeFilterContextCustomizer@3ec300f1, org.springframework.boot.test.mock.mockito.MockitoContextCustomizer@4eef9f3e, org.springframework.boot.test.autoconfigure.properties.PropertyMappingContextCustomizer@0, org.springframework.boot.test.autoconfigure.web.servlet.WebDriverContextCustomizerFactory$Customizer@13acb0d1], resourceBasePath = 'src/main/webapp', contextLoader = 'org.springframework.boot.test.context.SpringBootContextLoader', parent = [null]]]
 2017-11-16 20:33:19.887 DEBUG org.springframework.test.context.cache - Spring test ApplicationContext cache statistics: [DefaultContextCache@79b84841 size = 1, maxSize = 32, parentContextCount = 0, hitCount = 7, missCount = 1]
 2017-11-16 20:33:19.888 DEBUG org.springframework.beans.factory.support.DefaultListableBeanFactory - Returning cached instance of singleton bean 'org.springframework.boot.test.mock.mockito.MockitoBeans'
 2017-11-16 20:33:19.893 DEBUG org.springframework.test.context.support.AbstractDirtiesContextTestExecutionListener - After test method: context [DefaultTestContext@6150c3ec testClass = MockTest, testInstance = test.boot.MockTest@4d41ba0f, testMethod = f1Test@MockTest, testException = org.junit.ComparisonFailure: expected:<"f[2]"> but was:<"f[1]">, mergedContextConfiguration = [WebMergedContextConfiguration@44c03695 testClass = MockTest, locations = '{}', classes = '{class test.boot.Example}', contextInitializerClasses = '[]', activeProfiles = '{}', propertySourceLocations = '{}', propertySourceProperties = '{org.springframework.boot.test.context.SpringBootTestContextBootstrapper=true}', contextCustomizers = set[org.springframework.boot.test.context.SpringBootTestContextCustomizer@40e6dfe1, org.springframework.boot.test.context.filter.ExcludeFilterContextCustomizer@3ec300f1, org.springframework.boot.test.mock.mockito.MockitoContextCustomizer@4eef9f3e, org.springframework.boot.test.autoconfigure.properties.PropertyMappingContextCustomizer@0, org.springframework.boot.test.autoconfigure.web.servlet.WebDriverContextCustomizerFactory$Customizer@13acb0d1], resourceBasePath = 'src/main/webapp', contextLoader = 'org.springframework.boot.test.context.SpringBootContextLoader', parent = [null]]], class annotated with @DirtiesContext [false] with mode [null], method annotated with @DirtiesContext [false] with mode [null].
 2017-11-16 20:33:19.894 DEBUG org.springframework.test.context.web.ServletTestExecutionListener - Resetting RequestContextHolder for test context [DefaultTestContext@6150c3ec testClass = MockTest, testInstance = test.boot.MockTest@4d41ba0f, testMethod = f1Test@MockTest, testException = org.junit.ComparisonFailure: expected:<"f[2]"> but was:<"f[1]">, mergedContextConfiguration = [WebMergedContextConfiguration@44c03695 testClass = MockTest, locations = '{}', classes = '{class test.boot.Example}', contextInitializerClasses = '[]', activeProfiles = '{}', propertySourceLocations = '{}', propertySourceProperties = '{org.springframework.boot.test.context.SpringBootTestContextBootstrapper=true}', contextCustomizers = set[org.springframework.boot.test.context.SpringBootTestContextCustomizer@40e6dfe1, org.springframework.boot.test.context.filter.ExcludeFilterContextCustomizer@3ec300f1, org.springframework.boot.test.mock.mockito.MockitoContextCustomizer@4eef9f3e, org.springframework.boot.test.autoconfigure.properties.PropertyMappingContextCustomizer@0, org.springframework.boot.test.autoconfigure.web.servlet.WebDriverContextCustomizerFactory$Customizer@13acb0d1], resourceBasePath = 'src/main/webapp', contextLoader = 'org.springframework.boot.test.context.SpringBootContextLoader', parent = [null]]].
]]></system-out>
  </testcase>
</testsuite>